1726859722
About to load modules
created virtual environment CPython3.11.5.final.0-64 in 6640ms
  creator CPython3Posix(dest=/local/b8armstr.25030239.0/env, clear=False, no_vcs_ignore=False, global=False)
  seeder FromAppData(download=False, pip=bundle, setuptools=bundle, wheel=bundle, via=copy, app_data_dir=/home/b8armstr/.local/share/virtualenv)
    added seed packages: pip==24.2, setuptools==73.0.1, wheel==0.44.0
  activators BashActivator,CShellActivator,FishActivator,NushellActivator,PowerShellActivator,PythonActivator
1726859731
About to install requirements
Looking in links: /cvmfs/soft.computecanada.ca/custom/python/wheelhouse/gentoo2023/x86-64-v3, /cvmfs/soft.computecanada.ca/custom/python/wheelhouse/gentoo2023/generic, /cvmfs/soft.computecanada.ca/custom/python/wheelhouse/generic
Processing /cvmfs/soft.computecanada.ca/custom/python/wheelhouse/generic/Deprecated-1.2.14+computecanada-py2.py3-none-any.whl
Processing /cvmfs/soft.computecanada.ca/custom/python/wheelhouse/generic/wrapt-1.16.0+computecanada-cp311-cp311-linux_x86_64.whl (from deprecated)
Installing collected packages: wrapt, deprecated
Successfully installed deprecated-1.2.14+computecanada wrapt-1.16.0+computecanada
Looking in links: /cvmfs/soft.computecanada.ca/custom/python/wheelhouse/gentoo2023/x86-64-v3, /cvmfs/soft.computecanada.ca/custom/python/wheelhouse/gentoo2023/generic, /cvmfs/soft.computecanada.ca/custom/python/wheelhouse/generic
Processing ./cc_libs/abcvoting-2.10.0-py3-none-any.whl
Processing ./cc_libs/absl_py-2.1.0+computecanada-py3-none-any.whl
Processing ./cc_libs/appnope-0.1.4-py2.py3-none-any.whl
Processing ./cc_libs/asttokens-2.4.1+computecanada-py2.py3-none-any.whl
Processing ./cc_libs/astunparse-1.6.3+computecanada-py2.py3-none-any.whl
Processing ./cc_libs/attrs-24.2.0+computecanada-py3-none-any.whl
Processing ./cc_libs/backcall-0.2.0+computecanada-py3-none-any.whl
Processing ./cc_libs/beautifulsoup4-4.12.3+computecanada-py3-none-any.whl
Processing ./cc_libs/bleach-6.1.0+computecanada-py3-none-any.whl
Processing ./cc_libs/certifi-2024.6.2-py3-none-any.whl
Processing ./cc_libs/cffi-1.15.1+computecanada-cp311-cp311-linux_x86_64.whl
Processing ./cc_libs/charset_normalizer-3.3.2-py3-none-any.whl
Processing ./cc_libs/contourpy-1.2.1+computecanada-cp311-cp311-linux_x86_64.whl
Processing ./cc_libs/cycler-0.12.1+computecanada-py3-none-any.whl
Processing ./cc_libs/decorator-5.1.1+computecanada-py3-none-any.whl
Processing ./cc_libs/defusedxml-0.7.1+computecanada-py2.py3-none-any.whl
Processing ./cc_libs/Deprecated-1.2.14+computecanada-py2.py3-none-any.whl
Processing ./cc_libs/docopt-0.6.2+computecanada-py2.py3-none-any.whl
Processing ./cc_libs/executing-2.1.0-py2.py3-none-any.whl
Processing ./cc_libs/fastjsonschema-2.20.0+computecanada-py3-none-any.whl
Processing ./cc_libs/filelock-3.14.0-py3-none-any.whl
Processing ./cc_libs/flatbuffers-24.3.25+computecanada-py2.py3-none-any.whl
Processing ./cc_libs/fonttools-4.53.0+computecanada-cp311-cp311-linux_x86_64.whl
Processing ./cc_libs/fsspec-2024.6.0+computecanada-py3-none-any.whl
Processing ./cc_libs/gast-0.5.4+computecanada-py3-none-any.whl
Processing ./cc_libs/google_pasta-0.2.0+computecanada-py3-none-any.whl
Processing ./cc_libs/gurobipy-11.0.1-cp311-cp311-linux_x86_64.whl
Processing ./cc_libs/h5py-3.11.0+computecanada-cp311-cp311-linux_x86_64.whl
Processing ./cc_libs/idna-3.7-py3-none-any.whl
Processing ./cc_libs/immutabledict-4.2.0-py3-none-any.whl
Processing ./cc_libs/ipython-8.12.3-py3-none-any.whl
Processing ./cc_libs/jedi-0.19.1+computecanada-py2.py3-none-any.whl
Processing ./cc_libs/jinja2-3.1.4+computecanada-py3-none-any.whl
Processing ./cc_libs/joblib-1.4.2+computecanada-py3-none-any.whl
Processing ./cc_libs/jsonschema-4.23.0+computecanada-py3-none-any.whl
Processing ./cc_libs/jsonschema_specifications-2023.12.1+computecanada-py3-none-any.whl
Processing ./cc_libs/jupyter_client-8.6.2+computecanada-py3-none-any.whl
Processing ./cc_libs/jupyter_core-5.7.2+computecanada-py3-none-any.whl
Processing ./cc_libs/jupyterlab_pygments-0.3.0+computecanada-py3-none-any.whl
Processing ./cc_libs/kiwisolver-1.4.5+computecanada-cp311-cp311-linux_x86_64.whl
Processing ./cc_libs/llvmlite-0.41.1+computecanada-cp311-cp311-linux_x86_64.whl
Processing ./cc_libs/Markdown-3.6-py3-none-any.whl
Processing ./cc_libs/markdown_it_py-3.0.0+computecanada-py3-none-any.whl
Processing ./cc_libs/MarkupSafe-2.1.5+computecanada-cp311-cp311-linux_x86_64.whl
Processing ./cc_libs/matplotlib-3.9.0+computecanada-cp311-cp311-linux_x86_64.whl
Processing ./cc_libs/matplotlib_inline-0.1.7+computecanada-py3-none-any.whl
Processing ./cc_libs/mdurl-0.1.2+computecanada-py3-none-any.whl
Processing ./cc_libs/mip-1.15.0-py3-none-any.whl
Processing ./cc_libs/mistune-3.0.2+computecanada-py3-none-any.whl
Processing ./cc_libs/ml_dtypes-0.3.2-cp311-cp311-linux_x86_64.whl
Processing ./cc_libs/mpmath-1.3.0+computecanada-py3-none-any.whl
Processing ./cc_libs/namex-0.0.8+computecanada-py3-none-any.whl
Processing ./cc_libs/nashpy-0.0.40-py3-none-any.whl
Processing ./cc_libs/nbclient-0.10.0+computecanada-py3-none-any.whl
Processing ./cc_libs/nbconvert-7.16.4+computecanada-py3-none-any.whl
Processing ./cc_libs/nbformat-5.10.4+computecanada-py3-none-any.whl
Processing ./cc_libs/networkx-3.3+computecanada-py3-none-any.whl
Processing ./cc_libs/numba-0.58.1+computecanada-cp311-cp311-linux_x86_64.whl
Processing ./cc_libs/numpy-1.26.4+computecanada-cp311-cp311-linux_x86_64.whl
Processing ./cc_libs/opt_einsum-3.3.0+computecanada-py3-none-any.whl
Processing ./cc_libs/ortools-9.10.4067+computecanada-cp311-cp311-linux_x86_64.whl
Processing ./cc_libs/packaging-24.0-py3-none-any.whl
Processing ./cc_libs/pandocfilters-1.5.1+computecanada-py2.py3-none-any.whl
Processing ./cc_libs/parso-0.8.4+computecanada-py2.py3-none-any.whl
Processing ./cc_libs/pexpect-4.9.0+computecanada-py2.py3-none-any.whl
Processing ./cc_libs/pickleshare-0.7.5+computecanada-py2.py3-none-any.whl
Processing ./cc_libs/pillow-10.3.0+computecanada-cp311-cp311-linux_x86_64.whl
Processing ./cc_libs/pipdeptree-2.23.1-py3-none-any.whl
Processing ./cc_libs/pipreqs-0.5.0-py3-none-any.whl
Processing ./cc_libs/platformdirs-4.3.3-py3-none-any.whl
Processing ./cc_libs/preflibtools-2.0.22-py3-none-any.whl
Processing ./cc_libs/prefsampling-0.1.20-py3-none-any.whl
Processing ./cc_libs/pref_voting-1.13.18-py3-none-any.whl
Processing ./cc_libs/prompt_toolkit-3.0.47+computecanada-py3-none-any.whl
Processing ./cc_libs/protobuf-4.25.3+computecanada-cp311-cp311-linux_x86_64.whl
Processing ./cc_libs/ptyprocess-0.7.0+computecanada-py2.py3-none-any.whl
Processing ./cc_libs/pure_eval-0.2.3+computecanada-py3-none-any.whl
Processing ./cc_libs/pycparser-2.22-py3-none-any.whl
Processing ./cc_libs/Pygments-2.0-py3-none-any.whl
Processing ./cc_libs/pyrankvote-2.0.6-py3-none-any.whl
Processing ./cc_libs/python_dateutil-2.9.0.post0+computecanada-py2.py3-none-any.whl
Processing ./cc_libs/pytz-2024.1+computecanada-py2.py3-none-any.whl
Processing ./cc_libs/referencing-0.35.1+computecanada-py3-none-any.whl
Processing ./cc_libs/rich-13.7.1+computecanada-py3-none-any.whl
Processing ./cc_libs/ruamel.yaml.clib-0.2.8+computecanada-cp311-cp311-linux_x86_64.whl
Processing ./cc_libs/scikit_learn-1.5.0+computecanada-cp311-cp311-linux_x86_64.whl
Processing ./cc_libs/seaborn-0.13.2+computecanada-py3-none-any.whl
Processing ./cc_libs/six-1.16.0+computecanada-py2.py3-none-any.whl
Processing ./cc_libs/soupsieve-2.6-py3-none-any.whl
Processing ./cc_libs/sympy-1.12.1+computecanada-py3-none-any.whl
Processing ./cc_libs/tabulate-0.9.0+computecanada-py3-none-any.whl
Processing ./cc_libs/termcolor-2.4.0+computecanada-py3-none-any.whl
Processing ./cc_libs/tzdata-2024.1+computecanada-py2.py3-none-any.whl
Processing ./cc_libs/wcwidth-0.2.13+computecanada-py2.py3-none-any.whl
Processing ./cc_libs/werkzeug-3.0.3+computecanada-py3-none-any.whl
Processing ./cc_libs/yarg-0.1.9-py2.py3-none-any.whl
asttokens is already installed with the same version as the provided wheel. Use --force-reinstall to force an installation of the wheel.
contourpy is already installed with the same version as the provided wheel. Use --force-reinstall to force an installation of the wheel.
cycler is already installed with the same version as the provided wheel. Use --force-reinstall to force an installation of the wheel.
decorator is already installed with the same version as the provided wheel. Use --force-reinstall to force an installation of the wheel.
Deprecated is already installed with the same version as the provided wheel. Use --force-reinstall to force an installation of the wheel.
fonttools is already installed with the same version as the provided wheel. Use --force-reinstall to force an installation of the wheel.
jedi is already installed with the same version as the provided wheel. Use --force-reinstall to force an installation of the wheel.
jupyter-client is already installed with the same version as the provided wheel. Use --force-reinstall to force an installation of the wheel.
jupyter-core is already installed with the same version as the provided wheel. Use --force-reinstall to force an installation of the wheel.
kiwisolver is already installed with the same version as the provided wheel. Use --force-reinstall to force an installation of the wheel.
matplotlib is already installed with the same version as the provided wheel. Use --force-reinstall to force an installation of the wheel.
matplotlib-inline is already installed with the same version as the provided wheel. Use --force-reinstall to force an installation of the wheel.
mpmath is already installed with the same version as the provided wheel. Use --force-reinstall to force an installation of the wheel.
numpy is already installed with the same version as the provided wheel. Use --force-reinstall to force an installation of the wheel.
parso is already installed with the same version as the provided wheel. Use --force-reinstall to force an installation of the wheel.
pexpect is already installed with the same version as the provided wheel. Use --force-reinstall to force an installation of the wheel.
pillow is already installed with the same version as the provided wheel. Use --force-reinstall to force an installation of the wheel.
prompt-toolkit is already installed with the same version as the provided wheel. Use --force-reinstall to force an installation of the wheel.
ptyprocess is already installed with the same version as the provided wheel. Use --force-reinstall to force an installation of the wheel.
python-dateutil is already installed with the same version as the provided wheel. Use --force-reinstall to force an installation of the wheel.
pytz is already installed with the same version as the provided wheel. Use --force-reinstall to force an installation of the wheel.
six is already installed with the same version as the provided wheel. Use --force-reinstall to force an installation of the wheel.
sympy is already installed with the same version as the provided wheel. Use --force-reinstall to force an installation of the wheel.
tzdata is already installed with the same version as the provided wheel. Use --force-reinstall to force an installation of the wheel.
wcwidth is already installed with the same version as the provided wheel. Use --force-reinstall to force an installation of the wheel.
Installing collected packages: yarg, pyrankvote, Pygments, pure-eval, pickleshare, namex, gurobipy, google-pasta, flatbuffers, fastjsonschema, docopt, cffi, backcall, astunparse, werkzeug, termcolor, tabulate, soupsieve, seaborn, scikit-learn, ruamel.yaml.clib, rich, referencing, pycparser, protobuf, prefsampling, preflibtools, pref-voting, platformdirs, pipreqs, pipdeptree, pandocfilters, packaging, ortools, opt-einsum, numba, networkx, nbformat, nbconvert, nbclient, nashpy, ml-dtypes, mistune, mip, mdurl, MarkupSafe, markdown-it-py, Markdown, llvmlite, jupyterlab-pygments, jsonschema-specifications, jsonschema, joblib, jinja2, ipython, immutabledict, idna, h5py, gast, fsspec, filelock, executing, defusedxml, charset-normalizer, certifi, bleach, beautifulsoup4, attrs, appnope, absl-py, abcvoting
  Attempting uninstall: Pygments
    Found existing installation: pygments 2.18.0+computecanada
    Not uninstalling pygments at /cvmfs/soft.computecanada.ca/easybuild/software/2023/x86-64-v3/Compiler/gcccore/ipykernel/2024a/lib/python3.11/site-packages, outside environment /local/b8armstr.25030239.0/env
    Can't uninstall 'pygments'. No files were found to uninstall.
  Attempting uninstall: pure-eval
    Found existing installation: pure_eval 0.2.2+computecanada
    Not uninstalling pure-eval at /cvmfs/soft.computecanada.ca/easybuild/software/2023/x86-64-v3/Compiler/gcccore/ipykernel/2024a/lib/python3.11/site-packages, outside environment /local/b8armstr.25030239.0/env
    Can't uninstall 'pure_eval'. No files were found to uninstall.
  Attempting uninstall: platformdirs
    Found existing installation: platformdirs 3.9.1+computecanada
    Not uninstalling platformdirs at /cvmfs/soft.computecanada.ca/easybuild/software/2023/x86-64-v3/Compiler/gcccore/ipykernel/2024a/lib/python3.11/site-packages, outside environment /local/b8armstr.25030239.0/env
    Can't uninstall 'platformdirs'. No files were found to uninstall.
  Attempting uninstall: packaging
    Found existing installation: packaging 24.1+computecanada
    Not uninstalling packaging at /cvmfs/soft.computecanada.ca/easybuild/software/2023/x86-64-v3/Compiler/gcccore/scipy-stack/2024a/lib/python3.11/site-packages, outside environment /local/b8armstr.25030239.0/env
    Can't uninstall 'packaging'. No files were found to uninstall.
  Attempting uninstall: ipython
    Found existing installation: ipython 8.25.0+computecanada
    Not uninstalling ipython at /cvmfs/soft.computecanada.ca/easybuild/software/2023/x86-64-v3/Compiler/gcccore/ipykernel/2024a/lib/python3.11/site-packages, outside environment /local/b8armstr.25030239.0/env
    Can't uninstall 'ipython'. No files were found to uninstall.
  Attempting uninstall: executing
    Found existing installation: executing 2.0.1+computecanada
    Not uninstalling executing at /cvmfs/soft.computecanada.ca/easybuild/software/2023/x86-64-v3/Compiler/gcccore/ipykernel/2024a/lib/python3.11/site-packages, outside environment /local/b8armstr.25030239.0/env
    Can't uninstall 'executing'. No files were found to uninstall.
Successfully installed Markdown-3.6 MarkupSafe-2.1.5+computecanada Pygments-2.0 abcvoting-2.10.0 absl-py-2.1.0+computecanada appnope-0.1.4 astunparse-1.6.3+computecanada attrs-24.2.0+computecanada backcall-0.2.0+computecanada beautifulsoup4-4.12.3+computecanada bleach-6.1.0+computecanada certifi-2024.6.2 cffi-1.15.1+computecanada charset-normalizer-3.3.2 defusedxml-0.7.1+computecanada docopt-0.6.2+computecanada executing-2.1.0 fastjsonschema-2.20.0+computecanada filelock-3.14.0 flatbuffers-24.3.25+computecanada fsspec-2024.6.0+computecanada gast-0.5.4+computecanada google-pasta-0.2.0+computecanada gurobipy-11.0.1 h5py-3.11.0+computecanada idna-3.7 immutabledict-4.2.0 ipython-8.12.3 jinja2-3.1.4+computecanada joblib-1.4.2+computecanada jsonschema-4.23.0+computecanada jsonschema-specifications-2023.12.1+computecanada jupyterlab-pygments-0.3.0+computecanada llvmlite-0.41.1+computecanada markdown-it-py-3.0.0+computecanada mdurl-0.1.2+computecanada mip-1.15.0 mistune-3.0.2+computecanada ml-dtypes-0.3.2 namex-0.0.8+computecanada nashpy-0.0.40 nbclient-0.10.0+computecanada nbconvert-7.16.4+computecanada nbformat-5.10.4+computecanada networkx-3.3+computecanada numba-0.58.1+computecanada opt-einsum-3.3.0+computecanada ortools-9.10.4067+computecanada packaging-24.0 pandocfilters-1.5.1+computecanada pickleshare-0.7.5+computecanada pipdeptree-2.23.1 pipreqs-0.5.0 platformdirs-4.3.3 pref-voting-1.13.18 preflibtools-2.0.22 prefsampling-0.1.20 protobuf-4.25.3+computecanada pure-eval-0.2.3+computecanada pycparser-2.22 pyrankvote-2.0.6 referencing-0.35.1+computecanada rich-13.7.1+computecanada ruamel.yaml.clib-0.2.8+computecanada scikit-learn-1.5.0+computecanada seaborn-0.13.2+computecanada soupsieve-2.6 tabulate-0.9.0+computecanada termcolor-2.4.0+computecanada werkzeug-3.0.3+computecanada yarg-0.1.9
Looking in links: /cvmfs/soft.computecanada.ca/custom/python/wheelhouse/gentoo2023/x86-64-v3, /cvmfs/soft.computecanada.ca/custom/python/wheelhouse/gentoo2023/generic, /cvmfs/soft.computecanada.ca/custom/python/wheelhouse/generic
Requirement already satisfied: scikit_learn in /local/b8armstr.25030239.0/env/lib/python3.11/site-packages (1.5.0+computecanada)
Requirement already satisfied: llvmlite in /local/b8armstr.25030239.0/env/lib/python3.11/site-packages (0.41.1+computecanada)
Processing /cvmfs/soft.computecanada.ca/custom/python/wheelhouse/gentoo2023/x86-64-v3/llvmlite-0.43.0+computecanada-cp311-cp311-linux_x86_64.whl
Requirement already satisfied: ortools in /local/b8armstr.25030239.0/env/lib/python3.11/site-packages (9.10.4067+computecanada)
Requirement already satisfied: numpy>=1.26 in /cvmfs/soft.computecanada.ca/easybuild/software/2023/x86-64-v3/Compiler/gcccore/scipy-stack/2024a/lib/python3.11/site-packages (from scikit_learn) (1.26.4+computecanada)
Requirement already satisfied: scipy>=1.6.0 in /cvmfs/soft.computecanada.ca/easybuild/software/2023/x86-64-v3/Compiler/gcccore/scipy-stack/2024a/lib/python3.11/site-packages (from scikit_learn) (1.13.1+computecanada)
Requirement already satisfied: joblib>=1.2.0 in /local/b8armstr.25030239.0/env/lib/python3.11/site-packages (from scikit_learn) (1.4.2+computecanada)
Processing /cvmfs/soft.computecanada.ca/custom/python/wheelhouse/generic/threadpoolctl-3.5.0+computecanada-py3-none-any.whl (from scikit_learn)
Requirement already satisfied: absl-py>=2.0.0 in /local/b8armstr.25030239.0/env/lib/python3.11/site-packages (from ortools) (2.1.0+computecanada)
Requirement already satisfied: pandas>=2.0.0 in /cvmfs/soft.computecanada.ca/easybuild/software/2023/x86-64-v3/Compiler/gcccore/scipy-stack/2024a/lib/python3.11/site-packages (from ortools) (2.2.1+computecanada)
Processing /cvmfs/soft.computecanada.ca/custom/python/wheelhouse/gentoo2023/x86-64-v3/protobuf-5.28.0+computecanada-cp311-cp311-linux_x86_64.whl (from ortools)
Requirement already satisfied: immutabledict>=3.0.0 in /local/b8armstr.25030239.0/env/lib/python3.11/site-packages (from ortools) (4.2.0)
Requirement already satisfied: python-dateutil>=2.8.2 in /cvmfs/soft.computecanada.ca/easybuild/software/2023/x86-64-v3/Compiler/gcccore/scipy-stack/2024a/lib/python3.11/site-packages (from pandas>=2.0.0->ortools) (2.9.0.post0+computecanada)
Requirement already satisfied: pytz>=2020.1 in /cvmfs/soft.computecanada.ca/easybuild/software/2023/x86-64-v3/Compiler/gcccore/scipy-stack/2024a/lib/python3.11/site-packages (from pandas>=2.0.0->ortools) (2024.1+computecanada)
Requirement already satisfied: tzdata>=2022.7 in /cvmfs/soft.computecanada.ca/easybuild/software/2023/x86-64-v3/Compiler/gcccore/scipy-stack/2024a/lib/python3.11/site-packages (from pandas>=2.0.0->ortools) (2024.1+computecanada)
Requirement already satisfied: six>=1.5 in /cvmfs/soft.computecanada.ca/easybuild/software/2023/x86-64-v3/Compiler/gcccore/scipy-stack/2024a/lib/python3.11/site-packages (from python-dateutil>=2.8.2->pandas>=2.0.0->ortools) (1.16.0+computecanada)
Installing collected packages: threadpoolctl, protobuf, llvmlite
  Attempting uninstall: protobuf
    Found existing installation: protobuf 4.25.3+computecanada
    Uninstalling protobuf-4.25.3+computecanada:
      Successfully uninstalled protobuf-4.25.3+computecanada
  Attempting uninstall: llvmlite
    Found existing installation: llvmlite 0.41.1+computecanada
    Uninstalling llvmlite-0.41.1+computecanada:
      Successfully uninstalled llvmlite-0.41.1+computecanada
ERROR: pip's dependency resolver does not currently take into account all the packages that are installed. This behaviour is the source of the following dependency conflicts.
pref-voting 1.13.18 requires random2<2.0.0,>=1.0.1, which is not installed.
numba 0.58.1+computecanada requires llvmlite<0.42,>=0.41.0dev0, but you have llvmlite 0.43.0+computecanada which is incompatible.
Successfully installed llvmlite-0.43.0+computecanada protobuf-5.28.0+computecanada threadpoolctl-3.5.0+computecanada
About to start experiments
['/home/b8armstr/MultiwinnerVoting/network_ops/generate_data.py', 'n_profiles=25000', 'prefs_per_profile=50', 'm=6', 'num_winners=1', "learned_pref_model='stratification__args__weight=0.5'", "axioms='all'", "out_folder='data'"]
Making a TRAIN dataset with 25000 profiles, 50 voters per profiles, 6 candidates, and 1 winners, using a stratification__args__weight=0.5 distribution.
Set parameter TokenServer to value "license1.computecanada.ca"
Saving partial dataset to: data/n_profiles=25000-num_voters=50-m=6-committee_size=1-pref_dist=stratification__args__weight=0.5-axioms=all-TRAIN.csv
Saving partial dataset to: data/n_profiles=25000-num_voters=50-m=6-committee_size=1-pref_dist=stratification__args__weight=0.5-axioms=all-TRAIN.csv
Saving partial dataset to: data/n_profiles=25000-num_voters=50-m=6-committee_size=1-pref_dist=stratification__args__weight=0.5-axioms=all-TRAIN.csv
Saving partial dataset to: data/n_profiles=25000-num_voters=50-m=6-committee_size=1-pref_dist=stratification__args__weight=0.5-axioms=all-TRAIN.csv
Saving partial dataset to: data/n_profiles=25000-num_voters=50-m=6-committee_size=1-pref_dist=stratification__args__weight=0.5-axioms=all-TRAIN.csv
Saving partial dataset to: data/n_profiles=25000-num_voters=50-m=6-committee_size=1-pref_dist=stratification__args__weight=0.5-axioms=all-TRAIN.csv
Saving partial dataset to: data/n_profiles=25000-num_voters=50-m=6-committee_size=1-pref_dist=stratification__args__weight=0.5-axioms=all-TRAIN.csv
Saving partial dataset to: data/n_profiles=25000-num_voters=50-m=6-committee_size=1-pref_dist=stratification__args__weight=0.5-axioms=all-TRAIN.csv
Saving partial dataset to: data/n_profiles=25000-num_voters=50-m=6-committee_size=1-pref_dist=stratification__args__weight=0.5-axioms=all-TRAIN.csv
Saving partial dataset to: data/n_profiles=25000-num_voters=50-m=6-committee_size=1-pref_dist=stratification__args__weight=0.5-axioms=all-TRAIN.csv
Saving partial dataset to: data/n_profiles=25000-num_voters=50-m=6-committee_size=1-pref_dist=stratification__args__weight=0.5-axioms=all-TRAIN.csv
Saving partial dataset to: data/n_profiles=25000-num_voters=50-m=6-committee_size=1-pref_dist=stratification__args__weight=0.5-axioms=all-TRAIN.csv
Saving partial dataset to: data/n_profiles=25000-num_voters=50-m=6-committee_size=1-pref_dist=stratification__args__weight=0.5-axioms=all-TRAIN.csv
Saving partial dataset to: data/n_profiles=25000-num_voters=50-m=6-committee_size=1-pref_dist=stratification__args__weight=0.5-axioms=all-TRAIN.csv
Saving partial dataset to: data/n_profiles=25000-num_voters=50-m=6-committee_size=1-pref_dist=stratification__args__weight=0.5-axioms=all-TRAIN.csv
Saving partial dataset to: data/n_profiles=25000-num_voters=50-m=6-committee_size=1-pref_dist=stratification__args__weight=0.5-axioms=all-TRAIN.csv
Saving partial dataset to: data/n_profiles=25000-num_voters=50-m=6-committee_size=1-pref_dist=stratification__args__weight=0.5-axioms=all-TRAIN.csv
Saving partial dataset to: data/n_profiles=25000-num_voters=50-m=6-committee_size=1-pref_dist=stratification__args__weight=0.5-axioms=all-TRAIN.csv
Saving partial dataset to: data/n_profiles=25000-num_voters=50-m=6-committee_size=1-pref_dist=stratification__args__weight=0.5-axioms=all-TRAIN.csv
Saving partial dataset to: data/n_profiles=25000-num_voters=50-m=6-committee_size=1-pref_dist=stratification__args__weight=0.5-axioms=all-TRAIN.csv
Saving partial dataset to: data/n_profiles=25000-num_voters=50-m=6-committee_size=1-pref_dist=stratification__args__weight=0.5-axioms=all-TRAIN.csv
Saving partial dataset to: data/n_profiles=25000-num_voters=50-m=6-committee_size=1-pref_dist=stratification__args__weight=0.5-axioms=all-TRAIN.csv
Saving partial dataset to: data/n_profiles=25000-num_voters=50-m=6-committee_size=1-pref_dist=stratification__args__weight=0.5-axioms=all-TRAIN.csv
Saving partial dataset to: data/n_profiles=25000-num_voters=50-m=6-committee_size=1-pref_dist=stratification__args__weight=0.5-axioms=all-TRAIN.csv
Saving complete dataset to: data/n_profiles=25000-num_voters=50-m=6-committee_size=1-pref_dist=stratification__args__weight=0.5-axioms=all-TRAIN.csv
['/home/b8armstr/MultiwinnerVoting/network_ops/generate_data.py', 'n_profiles=25000', 'prefs_per_profile=50', 'm=6', 'num_winners=1', "learned_pref_model='stratification__args__weight=0.5'", "axioms='all'", "out_folder='data'"]
Making a TEST dataset with 25000 profiles, 50 voters per profiles, 6 candidates, and 1 winners, using a stratification__args__weight=0.5 distribution.
Saving partial dataset to: data/n_profiles=25000-num_voters=50-m=6-committee_size=1-pref_dist=stratification__args__weight=0.5-axioms=all-TEST.csv
Saving partial dataset to: data/n_profiles=25000-num_voters=50-m=6-committee_size=1-pref_dist=stratification__args__weight=0.5-axioms=all-TEST.csv
Saving partial dataset to: data/n_profiles=25000-num_voters=50-m=6-committee_size=1-pref_dist=stratification__args__weight=0.5-axioms=all-TEST.csv
Saving partial dataset to: data/n_profiles=25000-num_voters=50-m=6-committee_size=1-pref_dist=stratification__args__weight=0.5-axioms=all-TEST.csv
Saving partial dataset to: data/n_profiles=25000-num_voters=50-m=6-committee_size=1-pref_dist=stratification__args__weight=0.5-axioms=all-TEST.csv
Saving partial dataset to: data/n_profiles=25000-num_voters=50-m=6-committee_size=1-pref_dist=stratification__args__weight=0.5-axioms=all-TEST.csv
Saving partial dataset to: data/n_profiles=25000-num_voters=50-m=6-committee_size=1-pref_dist=stratification__args__weight=0.5-axioms=all-TEST.csv
Saving partial dataset to: data/n_profiles=25000-num_voters=50-m=6-committee_size=1-pref_dist=stratification__args__weight=0.5-axioms=all-TEST.csv
Saving partial dataset to: data/n_profiles=25000-num_voters=50-m=6-committee_size=1-pref_dist=stratification__args__weight=0.5-axioms=all-TEST.csv
Saving partial dataset to: data/n_profiles=25000-num_voters=50-m=6-committee_size=1-pref_dist=stratification__args__weight=0.5-axioms=all-TEST.csv
Saving partial dataset to: data/n_profiles=25000-num_voters=50-m=6-committee_size=1-pref_dist=stratification__args__weight=0.5-axioms=all-TEST.csv
Saving partial dataset to: data/n_profiles=25000-num_voters=50-m=6-committee_size=1-pref_dist=stratification__args__weight=0.5-axioms=all-TEST.csv
Saving partial dataset to: data/n_profiles=25000-num_voters=50-m=6-committee_size=1-pref_dist=stratification__args__weight=0.5-axioms=all-TEST.csv
Saving partial dataset to: data/n_profiles=25000-num_voters=50-m=6-committee_size=1-pref_dist=stratification__args__weight=0.5-axioms=all-TEST.csv
Saving partial dataset to: data/n_profiles=25000-num_voters=50-m=6-committee_size=1-pref_dist=stratification__args__weight=0.5-axioms=all-TEST.csv
Saving partial dataset to: data/n_profiles=25000-num_voters=50-m=6-committee_size=1-pref_dist=stratification__args__weight=0.5-axioms=all-TEST.csv
Saving partial dataset to: data/n_profiles=25000-num_voters=50-m=6-committee_size=1-pref_dist=stratification__args__weight=0.5-axioms=all-TEST.csv
Saving partial dataset to: data/n_profiles=25000-num_voters=50-m=6-committee_size=1-pref_dist=stratification__args__weight=0.5-axioms=all-TEST.csv
Saving partial dataset to: data/n_profiles=25000-num_voters=50-m=6-committee_size=1-pref_dist=stratification__args__weight=0.5-axioms=all-TEST.csv
Saving partial dataset to: data/n_profiles=25000-num_voters=50-m=6-committee_size=1-pref_dist=stratification__args__weight=0.5-axioms=all-TEST.csv
Saving partial dataset to: data/n_profiles=25000-num_voters=50-m=6-committee_size=1-pref_dist=stratification__args__weight=0.5-axioms=all-TEST.csv
Saving partial dataset to: data/n_profiles=25000-num_voters=50-m=6-committee_size=1-pref_dist=stratification__args__weight=0.5-axioms=all-TEST.csv
Saving partial dataset to: data/n_profiles=25000-num_voters=50-m=6-committee_size=1-pref_dist=stratification__args__weight=0.5-axioms=all-TEST.csv
Saving partial dataset to: data/n_profiles=25000-num_voters=50-m=6-committee_size=1-pref_dist=stratification__args__weight=0.5-axioms=all-TEST.csv
Saving complete dataset to: data/n_profiles=25000-num_voters=50-m=6-committee_size=1-pref_dist=stratification__args__weight=0.5-axioms=all-TEST.csv
