1731172586
About to load modules
created virtual environment CPython3.11.5.final.0-64 in 917ms
  creator CPython3Posix(dest=/local/b8armstr.26771925.0/env, clear=False, no_vcs_ignore=False, global=False)
  seeder FromAppData(download=False, pip=bundle, setuptools=bundle, wheel=bundle, via=copy, app_data_dir=/home/b8armstr/.local/share/virtualenv)
    added seed packages: pip==24.2, setuptools==68.0.0, wheel==0.44.0
  activators BashActivator,CShellActivator,FishActivator,NushellActivator,PowerShellActivator,PythonActivator
1731172589
About to install requirements
Looking in links: /cvmfs/soft.computecanada.ca/custom/python/wheelhouse/gentoo2023/x86-64-v3, /cvmfs/soft.computecanada.ca/custom/python/wheelhouse/gentoo2023/generic, /cvmfs/soft.computecanada.ca/custom/python/wheelhouse/generic
Processing /cvmfs/soft.computecanada.ca/custom/python/wheelhouse/generic/Deprecated-1.2.14+computecanada-py2.py3-none-any.whl
Processing /cvmfs/soft.computecanada.ca/custom/python/wheelhouse/generic/wrapt-1.16.0+computecanada-cp311-cp311-linux_x86_64.whl (from deprecated)
Installing collected packages: wrapt, deprecated
Successfully installed deprecated-1.2.14+computecanada wrapt-1.16.0+computecanada
Looking in links: /cvmfs/soft.computecanada.ca/custom/python/wheelhouse/gentoo2023/x86-64-v3, /cvmfs/soft.computecanada.ca/custom/python/wheelhouse/gentoo2023/generic, /cvmfs/soft.computecanada.ca/custom/python/wheelhouse/generic
Processing ./cc_libs/abcvoting-2.10.0-py3-none-any.whl
Processing ./cc_libs/absl_py-2.1.0+computecanada-py3-none-any.whl
Processing ./cc_libs/appnope-0.1.4-py2.py3-none-any.whl
Processing ./cc_libs/asttokens-2.4.1+computecanada-py2.py3-none-any.whl
Processing ./cc_libs/astunparse-1.6.3+computecanada-py2.py3-none-any.whl
Processing ./cc_libs/attrs-24.2.0+computecanada-py3-none-any.whl
Processing ./cc_libs/backcall-0.2.0+computecanada-py3-none-any.whl
Processing ./cc_libs/beautifulsoup4-4.12.3+computecanada-py3-none-any.whl
Processing ./cc_libs/bleach-6.1.0+computecanada-py3-none-any.whl
Processing ./cc_libs/certifi-2024.6.2-py3-none-any.whl
Processing ./cc_libs/cffi-1.15.1+computecanada-cp311-cp311-linux_x86_64.whl
Processing ./cc_libs/charset_normalizer-3.3.2-py3-none-any.whl
Processing ./cc_libs/contourpy-1.2.1+computecanada-cp311-cp311-linux_x86_64.whl
Processing ./cc_libs/cycler-0.12.1+computecanada-py3-none-any.whl
Processing ./cc_libs/decorator-5.1.1+computecanada-py3-none-any.whl
Processing ./cc_libs/defusedxml-0.7.1+computecanada-py2.py3-none-any.whl
Processing ./cc_libs/Deprecated-1.2.14+computecanada-py2.py3-none-any.whl
Processing ./cc_libs/docopt-0.6.2+computecanada-py2.py3-none-any.whl
Processing ./cc_libs/executing-2.1.0-py2.py3-none-any.whl
Processing ./cc_libs/fastjsonschema-2.20.0+computecanada-py3-none-any.whl
Processing ./cc_libs/filelock-3.14.0-py3-none-any.whl
Processing ./cc_libs/flatbuffers-24.3.25+computecanada-py2.py3-none-any.whl
Processing ./cc_libs/fonttools-4.53.0+computecanada-cp311-cp311-linux_x86_64.whl
Processing ./cc_libs/fsspec-2024.6.0+computecanada-py3-none-any.whl
Processing ./cc_libs/gast-0.5.4+computecanada-py3-none-any.whl
Processing ./cc_libs/google_pasta-0.2.0+computecanada-py3-none-any.whl
Processing ./cc_libs/gurobipy-11.0.1-cp311-cp311-linux_x86_64.whl
Processing ./cc_libs/h5py-3.11.0+computecanada-cp311-cp311-linux_x86_64.whl
Processing ./cc_libs/idna-3.7-py3-none-any.whl
Processing ./cc_libs/immutabledict-4.2.0-py3-none-any.whl
Processing ./cc_libs/ipython-8.12.3-py3-none-any.whl
Processing ./cc_libs/jedi-0.19.1+computecanada-py2.py3-none-any.whl
Processing ./cc_libs/jinja2-3.1.4+computecanada-py3-none-any.whl
Processing ./cc_libs/joblib-1.4.2+computecanada-py3-none-any.whl
Processing ./cc_libs/jsonschema-4.23.0+computecanada-py3-none-any.whl
Processing ./cc_libs/jsonschema_specifications-2023.12.1+computecanada-py3-none-any.whl
Processing ./cc_libs/jupyter_client-8.6.2+computecanada-py3-none-any.whl
Processing ./cc_libs/jupyter_core-5.7.2+computecanada-py3-none-any.whl
Processing ./cc_libs/jupyterlab_pygments-0.3.0+computecanada-py3-none-any.whl
Processing ./cc_libs/kiwisolver-1.4.5+computecanada-cp311-cp311-linux_x86_64.whl
Processing ./cc_libs/llvmlite-0.41.1+computecanada-cp311-cp311-linux_x86_64.whl
Processing ./cc_libs/Markdown-3.6-py3-none-any.whl
Processing ./cc_libs/markdown_it_py-3.0.0+computecanada-py3-none-any.whl
Processing ./cc_libs/MarkupSafe-2.1.5+computecanada-cp311-cp311-linux_x86_64.whl
Processing ./cc_libs/matplotlib-3.9.0+computecanada-cp311-cp311-linux_x86_64.whl
Processing ./cc_libs/matplotlib_inline-0.1.7+computecanada-py3-none-any.whl
Processing ./cc_libs/mdurl-0.1.2+computecanada-py3-none-any.whl
Processing ./cc_libs/mip-1.15.0-py3-none-any.whl
Processing ./cc_libs/mistune-3.0.2+computecanada-py3-none-any.whl
Processing ./cc_libs/ml_dtypes-0.3.2-cp311-cp311-linux_x86_64.whl
Processing ./cc_libs/mpmath-1.3.0+computecanada-py3-none-any.whl
Processing ./cc_libs/namex-0.0.8+computecanada-py3-none-any.whl
Processing ./cc_libs/nashpy-0.0.40-py3-none-any.whl
Processing ./cc_libs/nbclient-0.10.0+computecanada-py3-none-any.whl
Processing ./cc_libs/nbconvert-7.16.4+computecanada-py3-none-any.whl
Processing ./cc_libs/nbformat-5.10.4+computecanada-py3-none-any.whl
Processing ./cc_libs/networkx-3.3+computecanada-py3-none-any.whl
Processing ./cc_libs/numba-0.58.1+computecanada-cp311-cp311-linux_x86_64.whl
Processing ./cc_libs/numpy-1.26.4+computecanada-cp311-cp311-linux_x86_64.whl
Processing ./cc_libs/opt_einsum-3.3.0+computecanada-py3-none-any.whl
Processing ./cc_libs/optree-0.11.0+computecanada-cp311-cp311-linux_x86_64.whl
Processing ./cc_libs/ortools-9.10.4067+computecanada-cp311-cp311-linux_x86_64.whl
Processing ./cc_libs/packaging-24.0-py3-none-any.whl
Processing ./cc_libs/pandas-2.2.2+computecanada-cp311-cp311-linux_x86_64.whl
Processing ./cc_libs/pandocfilters-1.5.1+computecanada-py2.py3-none-any.whl
Processing ./cc_libs/parso-0.8.4+computecanada-py2.py3-none-any.whl
Processing ./cc_libs/pexpect-4.9.0+computecanada-py2.py3-none-any.whl
Processing ./cc_libs/pickleshare-0.7.5+computecanada-py2.py3-none-any.whl
Processing ./cc_libs/pillow-10.3.0+computecanada-cp311-cp311-linux_x86_64.whl
Processing ./cc_libs/pipdeptree-2.23.1-py3-none-any.whl
Processing ./cc_libs/pipreqs-0.5.0-py3-none-any.whl
Processing ./cc_libs/platformdirs-4.3.3-py3-none-any.whl
Processing ./cc_libs/preflibtools-2.0.22-py3-none-any.whl
Processing ./cc_libs/prefsampling-0.1.20-py3-none-any.whl
Processing ./cc_libs/pref_voting-1.13.18-py3-none-any.whl
Processing ./cc_libs/prompt_toolkit-3.0.47+computecanada-py3-none-any.whl
Processing ./cc_libs/protobuf-4.25.3+computecanada-cp311-cp311-linux_x86_64.whl
Processing ./cc_libs/ptyprocess-0.7.0+computecanada-py2.py3-none-any.whl
Processing ./cc_libs/pure_eval-0.2.3+computecanada-py3-none-any.whl
Processing ./cc_libs/pycparser-2.22-py3-none-any.whl
Processing ./cc_libs/pygments-2.18.0+computecanada-py3-none-any.whl
Processing ./cc_libs/pyparsing-3.1.2+computecanada-py3-none-any.whl
Processing ./cc_libs/pyrankvote-2.0.6-py3-none-any.whl
Processing ./cc_libs/python_dateutil-2.9.0.post0+computecanada-py2.py3-none-any.whl
Processing ./cc_libs/pytorch_ignite-0.5.1-py3-none-any.whl
Processing ./cc_libs/pytz-2024.1+computecanada-py2.py3-none-any.whl
Processing ./cc_libs/random2-1.0.2-py3-none-any.whl
Processing ./cc_libs/referencing-0.35.1+computecanada-py3-none-any.whl
Processing ./cc_libs/requests-2.32.3-py3-none-any.whl
Processing ./cc_libs/rich-13.7.1+computecanada-py3-none-any.whl
Processing ./cc_libs/ruamel.yaml-0.18.6+computecanada-py3-none-any.whl
Processing ./cc_libs/ruamel.yaml.clib-0.2.8+computecanada-cp311-cp311-linux_x86_64.whl
Processing ./cc_libs/scikit_learn-1.5.0+computecanada-cp311-cp311-linux_x86_64.whl
Processing ./cc_libs/scipy-1.13.1+computecanada-cp311-cp311-linux_x86_64.whl
Processing ./cc_libs/seaborn-0.13.2+computecanada-py3-none-any.whl
Processing ./cc_libs/six-1.16.0+computecanada-py2.py3-none-any.whl
Processing ./cc_libs/snakeviz-2.2.0-py2.py3-none-any.whl
Processing ./cc_libs/soupsieve-2.6+computecanada-py3-none-any.whl
Processing ./cc_libs/stack_data-0.6.3+computecanada-py3-none-any.whl
Processing ./cc_libs/sympy-1.12.1+computecanada-py3-none-any.whl
Processing ./cc_libs/tabulate-0.9.0+computecanada-py3-none-any.whl
Processing ./cc_libs/termcolor-2.4.0+computecanada-py3-none-any.whl
Processing ./cc_libs/threadpoolctl-3.5.0+computecanada-py3-none-any.whl
Processing ./cc_libs/tinycss2-1.3.0+computecanada-py3-none-any.whl
Processing ./cc_libs/traitlets-5.14.3+computecanada-py3-none-any.whl
Processing ./cc_libs/typing_extensions-4.12.1-py3-none-any.whl
Processing ./cc_libs/tzdata-2024.1+computecanada-py2.py3-none-any.whl
Processing ./cc_libs/urllib3-2.2.1-py3-none-any.whl
Processing ./cc_libs/wcwidth-0.2.13+computecanada-py2.py3-none-any.whl
Processing ./cc_libs/webencodings-0.5.1+computecanada-py2.py3-none-any.whl
Processing ./cc_libs/werkzeug-3.0.3+computecanada-py3-none-any.whl
Processing ./cc_libs/wrapt-1.16.0+computecanada-cp311-cp311-linux_x86_64.whl
Processing ./cc_libs/yarg-0.1.9-py2.py3-none-any.whl
asttokens is already installed with the same version as the provided wheel. Use --force-reinstall to force an installation of the wheel.
cycler is already installed with the same version as the provided wheel. Use --force-reinstall to force an installation of the wheel.
decorator is already installed with the same version as the provided wheel. Use --force-reinstall to force an installation of the wheel.
Deprecated is already installed with the same version as the provided wheel. Use --force-reinstall to force an installation of the wheel.
jedi is already installed with the same version as the provided wheel. Use --force-reinstall to force an installation of the wheel.
jupyter-client is already installed with the same version as the provided wheel. Use --force-reinstall to force an installation of the wheel.
jupyter-core is already installed with the same version as the provided wheel. Use --force-reinstall to force an installation of the wheel.
matplotlib-inline is already installed with the same version as the provided wheel. Use --force-reinstall to force an installation of the wheel.
mpmath is already installed with the same version as the provided wheel. Use --force-reinstall to force an installation of the wheel.
pandas is already installed with the same version as the provided wheel. Use --force-reinstall to force an installation of the wheel.
parso is already installed with the same version as the provided wheel. Use --force-reinstall to force an installation of the wheel.
pexpect is already installed with the same version as the provided wheel. Use --force-reinstall to force an installation of the wheel.
prompt-toolkit is already installed with the same version as the provided wheel. Use --force-reinstall to force an installation of the wheel.
ptyprocess is already installed with the same version as the provided wheel. Use --force-reinstall to force an installation of the wheel.
pygments is already installed with the same version as the provided wheel. Use --force-reinstall to force an installation of the wheel.
python-dateutil is already installed with the same version as the provided wheel. Use --force-reinstall to force an installation of the wheel.
six is already installed with the same version as the provided wheel. Use --force-reinstall to force an installation of the wheel.
stack-data is already installed with the same version as the provided wheel. Use --force-reinstall to force an installation of the wheel.
traitlets is already installed with the same version as the provided wheel. Use --force-reinstall to force an installation of the wheel.
tzdata is already installed with the same version as the provided wheel. Use --force-reinstall to force an installation of the wheel.
wcwidth is already installed with the same version as the provided wheel. Use --force-reinstall to force an installation of the wheel.
wrapt is already installed with the same version as the provided wheel. Use --force-reinstall to force an installation of the wheel.
Installing collected packages: yarg, webencodings, random2, pytz, pytorch-ignite, pyrankvote, pure-eval, pickleshare, namex, gurobipy, google-pasta, flatbuffers, fastjsonschema, docopt, cffi, backcall, astunparse, werkzeug, urllib3, typing-extensions, tinycss2, threadpoolctl, termcolor, tabulate, sympy, soupsieve, snakeviz, seaborn, scipy, scikit-learn, ruamel.yaml.clib, ruamel.yaml, rich, requests, referencing, pyparsing, pycparser, protobuf, prefsampling, preflibtools, pref-voting, platformdirs, pipreqs, pipdeptree, pillow, pandocfilters, packaging, ortools, optree, opt-einsum, numpy, numba, networkx, nbformat, nbconvert, nbclient, nashpy, ml-dtypes, mistune, mip, mdurl, matplotlib, MarkupSafe, markdown-it-py, Markdown, llvmlite, kiwisolver, jupyterlab-pygments, jsonschema-specifications, jsonschema, joblib, jinja2, ipython, immutabledict, idna, h5py, gast, fsspec, fonttools, filelock, executing, defusedxml, contourpy, charset-normalizer, certifi, bleach, beautifulsoup4, attrs, appnope, absl-py, abcvoting
  Attempting uninstall: pytz
    Found existing installation: pytz 2024.2+computecanada
    Not uninstalling pytz at /cvmfs/soft.computecanada.ca/easybuild/software/2023/x86-64-v3/Compiler/gcccore/scipy-stack/2024b/lib/python3.11/site-packages, outside environment /local/b8armstr.26771925.0/env
    Can't uninstall 'pytz'. No files were found to uninstall.
  Attempting uninstall: pure-eval
    Found existing installation: pure_eval 0.2.2+computecanada
    Not uninstalling pure-eval at /cvmfs/soft.computecanada.ca/easybuild/software/2023/x86-64-v3/Compiler/gcccore/ipykernel/2024b/lib/python3.11/site-packages, outside environment /local/b8armstr.26771925.0/env
    Can't uninstall 'pure_eval'. No files were found to uninstall.
  Attempting uninstall: typing-extensions
    Found existing installation: typing_extensions 4.12.2+computecanada
    Not uninstalling typing-extensions at /cvmfs/soft.computecanada.ca/easybuild/software/2023/x86-64-v3/Compiler/gcccore/ipykernel/2024b/lib/python3.11/site-packages, outside environment /local/b8armstr.26771925.0/env
    Can't uninstall 'typing_extensions'. No files were found to uninstall.
  Attempting uninstall: sympy
    Found existing installation: sympy 1.13.3+computecanada
    Not uninstalling sympy at /cvmfs/soft.computecanada.ca/easybuild/software/2023/x86-64-v3/Compiler/gcccore/scipy-stack/2024b/lib/python3.11/site-packages, outside environment /local/b8armstr.26771925.0/env
    Can't uninstall 'sympy'. No files were found to uninstall.
  Attempting uninstall: scipy
    Found existing installation: scipy 1.14.1+computecanada
    Not uninstalling scipy at /cvmfs/soft.computecanada.ca/easybuild/software/2023/x86-64-v3/Compiler/gcccore/scipy-stack/2024b/lib/python3.11/site-packages, outside environment /local/b8armstr.26771925.0/env
    Can't uninstall 'scipy'. No files were found to uninstall.
  Attempting uninstall: pyparsing
    Found existing installation: pyparsing 3.1.4+computecanada
    Not uninstalling pyparsing at /cvmfs/soft.computecanada.ca/easybuild/software/2023/x86-64-v3/Compiler/gcccore/scipy-stack/2024b/lib/python3.11/site-packages, outside environment /local/b8armstr.26771925.0/env
    Can't uninstall 'pyparsing'. No files were found to uninstall.
  Attempting uninstall: platformdirs
    Found existing installation: platformdirs 3.9.1+computecanada
    Not uninstalling platformdirs at /cvmfs/soft.computecanada.ca/easybuild/software/2023/x86-64-v3/Compiler/gcccore/ipykernel/2024b/lib/python3.11/site-packages, outside environment /local/b8armstr.26771925.0/env
    Can't uninstall 'platformdirs'. No files were found to uninstall.
  Attempting uninstall: pillow
    Found existing installation: pillow 10.4.0+computecanada
    Not uninstalling pillow at /cvmfs/soft.computecanada.ca/easybuild/software/2023/x86-64-v3/Compiler/gcccore/scipy-stack/2024b/lib/python3.11/site-packages, outside environment /local/b8armstr.26771925.0/env
    Can't uninstall 'pillow'. No files were found to uninstall.
  Attempting uninstall: packaging
    Found existing installation: packaging 24.1+computecanada
    Not uninstalling packaging at /cvmfs/soft.computecanada.ca/easybuild/software/2023/x86-64-v3/Compiler/gcccore/scipy-stack/2024b/lib/python3.11/site-packages, outside environment /local/b8armstr.26771925.0/env
    Can't uninstall 'packaging'. No files were found to uninstall.
  Attempting uninstall: numpy
    Found existing installation: numpy 2.1.1+computecanada
    Not uninstalling numpy at /cvmfs/soft.computecanada.ca/easybuild/software/2023/x86-64-v3/Compiler/gcccore/scipy-stack/2024b/lib/python3.11/site-packages, outside environment /local/b8armstr.26771925.0/env
    Can't uninstall 'numpy'. No files were found to uninstall.
  Attempting uninstall: matplotlib
    Found existing installation: matplotlib 3.9.2+computecanada
    Not uninstalling matplotlib at /cvmfs/soft.computecanada.ca/easybuild/software/2023/x86-64-v3/Compiler/gcccore/scipy-stack/2024b/lib/python3.11/site-packages, outside environment /local/b8armstr.26771925.0/env
    Can't uninstall 'matplotlib'. No files were found to uninstall.
  Attempting uninstall: kiwisolver
    Found existing installation: kiwisolver 1.4.7+computecanada
    Not uninstalling kiwisolver at /cvmfs/soft.computecanada.ca/easybuild/software/2023/x86-64-v3/Compiler/gcccore/scipy-stack/2024b/lib/python3.11/site-packages, outside environment /local/b8armstr.26771925.0/env
    Can't uninstall 'kiwisolver'. No files were found to uninstall.
  Attempting uninstall: ipython
    Found existing installation: ipython 8.25.0+computecanada
    Not uninstalling ipython at /cvmfs/soft.computecanada.ca/easybuild/software/2023/x86-64-v3/Compiler/gcccore/ipykernel/2024b/lib/python3.11/site-packages, outside environment /local/b8armstr.26771925.0/env
    Can't uninstall 'ipython'. No files were found to uninstall.
  Attempting uninstall: fonttools
    Found existing installation: fonttools 4.53.1+computecanada
    Not uninstalling fonttools at /cvmfs/soft.computecanada.ca/easybuild/software/2023/x86-64-v3/Compiler/gcccore/scipy-stack/2024b/lib/python3.11/site-packages, outside environment /local/b8armstr.26771925.0/env
    Can't uninstall 'fonttools'. No files were found to uninstall.
  Attempting uninstall: executing
    Found existing installation: executing 2.0.1+computecanada
    Not uninstalling executing at /cvmfs/soft.computecanada.ca/easybuild/software/2023/x86-64-v3/Compiler/gcccore/ipykernel/2024b/lib/python3.11/site-packages, outside environment /local/b8armstr.26771925.0/env
    Can't uninstall 'executing'. No files were found to uninstall.
  Attempting uninstall: contourpy
    Found existing installation: contourpy 1.3.0+computecanada
    Not uninstalling contourpy at /cvmfs/soft.computecanada.ca/easybuild/software/2023/x86-64-v3/Compiler/gcccore/scipy-stack/2024b/lib/python3.11/site-packages, outside environment /local/b8armstr.26771925.0/env
    Can't uninstall 'contourpy'. No files were found to uninstall.
Successfully installed Markdown-3.6 MarkupSafe-2.1.5+computecanada abcvoting-2.10.0 absl-py-2.1.0+computecanada appnope-0.1.4 astunparse-1.6.3+computecanada attrs-24.2.0+computecanada backcall-0.2.0+computecanada beautifulsoup4-4.12.3+computecanada bleach-6.1.0+computecanada certifi-2024.6.2 cffi-1.15.1+computecanada charset-normalizer-3.3.2 contourpy-1.2.1+computecanada defusedxml-0.7.1+computecanada docopt-0.6.2+computecanada executing-2.1.0 fastjsonschema-2.20.0+computecanada filelock-3.14.0 flatbuffers-24.3.25+computecanada fonttools-4.53.0+computecanada fsspec-2024.6.0+computecanada gast-0.5.4+computecanada google-pasta-0.2.0+computecanada gurobipy-11.0.1 h5py-3.11.0+computecanada idna-3.7 immutabledict-4.2.0 ipython-8.12.3 jinja2-3.1.4+computecanada joblib-1.4.2+computecanada jsonschema-4.23.0+computecanada jsonschema-specifications-2023.12.1+computecanada jupyterlab-pygments-0.3.0+computecanada kiwisolver-1.4.5+computecanada llvmlite-0.41.1+computecanada markdown-it-py-3.0.0+computecanada matplotlib-3.9.0+computecanada mdurl-0.1.2+computecanada mip-1.15.0 mistune-3.0.2+computecanada ml-dtypes-0.3.2 namex-0.0.8+computecanada nashpy-0.0.40 nbclient-0.10.0+computecanada nbconvert-7.16.4+computecanada nbformat-5.10.4+computecanada networkx-3.3+computecanada numba-0.58.1+computecanada numpy-1.26.4+computecanada opt-einsum-3.3.0+computecanada optree-0.11.0+computecanada ortools-9.10.4067+computecanada packaging-24.0 pandocfilters-1.5.1+computecanada pickleshare-0.7.5+computecanada pillow-10.3.0+computecanada pipdeptree-2.23.1 pipreqs-0.5.0 platformdirs-4.3.3 pref-voting-1.13.18 preflibtools-2.0.22 prefsampling-0.1.20 protobuf-4.25.3+computecanada pure-eval-0.2.3+computecanada pycparser-2.22 pyparsing-3.1.2+computecanada pyrankvote-2.0.6 pytorch-ignite-0.5.1 pytz-2024.1+computecanada random2-1.0.2 referencing-0.35.1+computecanada requests-2.32.3 rich-13.7.1+computecanada ruamel.yaml-0.18.6+computecanada ruamel.yaml.clib-0.2.8+computecanada scikit-learn-1.5.0+computecanada scipy-1.13.1+computecanada seaborn-0.13.2+computecanada snakeviz-2.2.0 soupsieve-2.6+computecanada sympy-1.12.1+computecanada tabulate-0.9.0+computecanada termcolor-2.4.0+computecanada threadpoolctl-3.5.0+computecanada tinycss2-1.3.0+computecanada typing-extensions-4.12.1 urllib3-2.2.1 webencodings-0.5.1+computecanada werkzeug-3.0.3+computecanada yarg-0.1.9
Looking in links: /cvmfs/soft.computecanada.ca/custom/python/wheelhouse/gentoo2023/x86-64-v3, /cvmfs/soft.computecanada.ca/custom/python/wheelhouse/gentoo2023/generic, /cvmfs/soft.computecanada.ca/custom/python/wheelhouse/generic
Requirement already satisfied: scikit_learn in /local/b8armstr.26771925.0/env/lib/python3.11/site-packages (1.5.0+computecanada)
Processing /cvmfs/soft.computecanada.ca/custom/python/wheelhouse/gentoo2023/generic/scikit_learn-1.5.2+computecanada-cp311-cp311-linux_x86_64.whl
Requirement already satisfied: llvmlite in /local/b8armstr.26771925.0/env/lib/python3.11/site-packages (0.41.1+computecanada)
Processing /cvmfs/soft.computecanada.ca/custom/python/wheelhouse/gentoo2023/x86-64-v3/llvmlite-0.43.0+computecanada-cp311-cp311-linux_x86_64.whl
Requirement already satisfied: ortools in /local/b8armstr.26771925.0/env/lib/python3.11/site-packages (9.10.4067+computecanada)
Requirement already satisfied: numpy>=1.19.5 in /local/b8armstr.26771925.0/env/lib/python3.11/site-packages (from scikit_learn) (1.26.4+computecanada)
Requirement already satisfied: scipy>=1.6.0 in /local/b8armstr.26771925.0/env/lib/python3.11/site-packages (from scikit_learn) (1.13.1+computecanada)
Requirement already satisfied: joblib>=1.2.0 in /local/b8armstr.26771925.0/env/lib/python3.11/site-packages (from scikit_learn) (1.4.2+computecanada)
Requirement already satisfied: threadpoolctl>=3.1.0 in /local/b8armstr.26771925.0/env/lib/python3.11/site-packages (from scikit_learn) (3.5.0+computecanada)
Requirement already satisfied: absl-py>=2.0.0 in /local/b8armstr.26771925.0/env/lib/python3.11/site-packages (from ortools) (2.1.0+computecanada)
Requirement already satisfied: pandas>=2.0.0 in /cvmfs/soft.computecanada.ca/easybuild/software/2023/x86-64-v3/Compiler/gcccore/scipy-stack/2024b/lib/python3.11/site-packages (from ortools) (2.2.2+computecanada)
Processing /cvmfs/soft.computecanada.ca/custom/python/wheelhouse/gentoo2023/x86-64-v3/protobuf-5.28.0+computecanada-cp311-cp311-linux_x86_64.whl (from ortools)
Requirement already satisfied: immutabledict>=3.0.0 in /local/b8armstr.26771925.0/env/lib/python3.11/site-packages (from ortools) (4.2.0)
Requirement already satisfied: python-dateutil>=2.8.2 in /cvmfs/soft.computecanada.ca/easybuild/software/2023/x86-64-v3/Compiler/gcccore/scipy-stack/2024b/lib/python3.11/site-packages (from pandas>=2.0.0->ortools) (2.9.0.post0+computecanada)
Requirement already satisfied: pytz>=2020.1 in /local/b8armstr.26771925.0/env/lib/python3.11/site-packages (from pandas>=2.0.0->ortools) (2024.1+computecanada)
Requirement already satisfied: tzdata>=2022.7 in /cvmfs/soft.computecanada.ca/easybuild/software/2023/x86-64-v3/Compiler/gcccore/scipy-stack/2024b/lib/python3.11/site-packages (from pandas>=2.0.0->ortools) (2024.1+computecanada)
Requirement already satisfied: six>=1.5 in /cvmfs/soft.computecanada.ca/easybuild/software/2023/x86-64-v3/Compiler/gcccore/scipy-stack/2024b/lib/python3.11/site-packages (from python-dateutil>=2.8.2->pandas>=2.0.0->ortools) (1.16.0+computecanada)
Installing collected packages: protobuf, llvmlite, scikit_learn
  Attempting uninstall: protobuf
    Found existing installation: protobuf 4.25.3+computecanada
    Uninstalling protobuf-4.25.3+computecanada:
      Successfully uninstalled protobuf-4.25.3+computecanada
  Attempting uninstall: llvmlite
    Found existing installation: llvmlite 0.41.1+computecanada
    Uninstalling llvmlite-0.41.1+computecanada:
      Successfully uninstalled llvmlite-0.41.1+computecanada
  Attempting uninstall: scikit_learn
    Found existing installation: scikit_learn 1.5.0+computecanada
    Uninstalling scikit_learn-1.5.0+computecanada:
      Successfully uninstalled scikit_learn-1.5.0+computecanada
ERROR: pip's dependency resolver does not currently take into account all the packages that are installed. This behaviour is the source of the following dependency conflicts.
numba 0.58.1+computecanada requires llvmlite<0.42,>=0.41.0dev0, but you have llvmlite 0.43.0+computecanada which is incompatible.
Successfully installed llvmlite-0.43.0+computecanada protobuf-5.28.0+computecanada scikit_learn-1.5.2+computecanada
Looking in links: /cvmfs/soft.computecanada.ca/custom/python/wheelhouse/gentoo2023/x86-64-v3, /cvmfs/soft.computecanada.ca/custom/python/wheelhouse/gentoo2023/generic, /cvmfs/soft.computecanada.ca/custom/python/wheelhouse/generic
Processing /cvmfs/soft.computecanada.ca/custom/python/wheelhouse/gentoo2023/x86-64-v3/torch-2.5.1+computecanada-cp311-cp311-linux_x86_64.whl
Requirement already satisfied: filelock in /local/b8armstr.26771925.0/env/lib/python3.11/site-packages (from torch) (3.14.0)
Requirement already satisfied: typing-extensions>=4.8.0 in /local/b8armstr.26771925.0/env/lib/python3.11/site-packages (from torch) (4.12.1)
Requirement already satisfied: networkx in /local/b8armstr.26771925.0/env/lib/python3.11/site-packages (from torch) (3.3+computecanada)
Requirement already satisfied: jinja2 in /local/b8armstr.26771925.0/env/lib/python3.11/site-packages (from torch) (3.1.4+computecanada)
Requirement already satisfied: fsspec in /local/b8armstr.26771925.0/env/lib/python3.11/site-packages (from torch) (2024.6.0+computecanada)
Processing /cvmfs/soft.computecanada.ca/custom/python/wheelhouse/generic/sympy-1.13.1+computecanada-py3-none-any.whl (from torch)
Requirement already satisfied: mpmath<1.4,>=1.1.0 in /cvmfs/soft.computecanada.ca/easybuild/software/2023/x86-64-v3/Compiler/gcccore/scipy-stack/2024b/lib/python3.11/site-packages (from sympy==1.13.1->torch) (1.3.0+computecanada)
Requirement already satisfied: MarkupSafe>=2.0 in /local/b8armstr.26771925.0/env/lib/python3.11/site-packages (from jinja2->torch) (2.1.5+computecanada)
Installing collected packages: sympy, torch
  Attempting uninstall: sympy
    Found existing installation: sympy 1.12.1+computecanada
    Uninstalling sympy-1.12.1+computecanada:
      Successfully uninstalled sympy-1.12.1+computecanada
Successfully installed sympy-1.13.1+computecanada torch-2.5.1+computecanada
About to start experiments
/local/b8armstr.26771925.0/env/lib/python3.11/site-packages/ignite/handlers/checkpoint.py:16: DeprecationWarning: `TorchScript` support for functional optimizers is deprecated and will be removed in a future PyTorch release. Consider using the `torch.compile` optimizer instead.
  from torch.distributed.optim import ZeroRedundancyOptimizer

DATA LOADED

Network count: 1
Finished making config for num_voters=50-m=7-num_winners=2-pref_dist=mixed-axioms=all-features=bcr-loss=L1Loss()-idx=0
Beginning to train num_voters=50-m=7-num_winners=2-pref_dist=mixed-axioms=all-features=bcr-loss=L1Loss()-idx=0
LOAD MODEL PATH: /scratch/b8armstr/thesis_results/trained_networks/NN-num_voters=50-m=7-num_winners=2-pref_dist=mixed-axioms=all-features=bcr-loss=L1Loss()-idx=0-.pt
Saved network not found. Beginning training. Caught exception: [Errno 2] No such file or directory: '/scratch/b8armstr/thesis_results/trained_networks/NN-num_voters=50-m=7-num_winners=2-pref_dist=mixed-axioms=all-features=bcr-loss=L1Loss()-idx=0-.pt'
Epoch 1, Training loss: 0.2492, 
Epoch 2, Training loss: 0.1380, 
Epoch 3, Training loss: 0.0921, 
Epoch 4, Training loss: 0.0654, 
Epoch 5, Training loss: 0.0529, 
Epoch 6, Training loss: 0.0455, 
Epoch 7, Training loss: 0.0410, 
Epoch 8, Training loss: 0.0374, 
Epoch 9, Training loss: 0.0347, 
Epoch 10, Training loss: 0.0323, 
Epoch 11, Training loss: 0.0302, 
Epoch 12, Training loss: 0.0284, 
Epoch 13, Training loss: 0.0269, 
Epoch 14, Training loss: 0.0254, 
Epoch 15, Training loss: 0.0244, 
Epoch 16, Training loss: 0.0233, 
Epoch 17, Training loss: 0.0224, 
Epoch 18, Training loss: 0.0214, 
Epoch 19, Training loss: 0.0207, 
Epoch 20, Training loss: 0.0201, 
Epoch 21, Training loss: 0.0195, 
Epoch 22, Training loss: 0.0188, 
Epoch 23, Training loss: 0.0184, 
Epoch 24, Training loss: 0.0177, 
Epoch 25, Training loss: 0.0173, 
Epoch 26, Training loss: 0.0170, 
Epoch 27, Training loss: 0.0166, 
Epoch 28, Training loss: 0.0159, 
Epoch 29, Training loss: 0.0155, 
Epoch 30, Training loss: 0.0154, 
Epoch 31, Training loss: 0.0151, 
Epoch 32, Training loss: 0.0145, 
Epoch 33, Training loss: 0.0146, 
Epoch 34, Training loss: 0.0140, 
Epoch 35, Training loss: 0.0134, 
Epoch 36, Training loss: 0.0132, 
Epoch 37, Training loss: 0.0131, 
Epoch 38, Training loss: 0.0125, 
Epoch 39, Training loss: 0.0125, 
Epoch 40, Training loss: 0.0123, 
Epoch 41, Training loss: 0.0119, 
Epoch 42, Training loss: 0.0117, 
Epoch 43, Training loss: 0.0113, 
Epoch 44, Training loss: 0.0114, 
Epoch 45, Training loss: 0.0112, 
Epoch 46, Training loss: 0.0113, 
Epoch 47, Training loss: 0.0105, 
Epoch 48, Training loss: 0.0102, 
Epoch 49, Training loss: 0.0099, 
Epoch 50, Training loss: 0.0100, 
Network count: 2
Finished making config for num_voters=50-m=7-num_winners=2-pref_dist=mixed-axioms=all-features=bcr-loss=L1Loss()-idx=1
Beginning to train num_voters=50-m=7-num_winners=2-pref_dist=mixed-axioms=all-features=bcr-loss=L1Loss()-idx=1
LOAD MODEL PATH: /scratch/b8armstr/thesis_results/trained_networks/NN-num_voters=50-m=7-num_winners=2-pref_dist=mixed-axioms=all-features=bcr-loss=L1Loss()-idx=1-.pt
Saved network not found. Beginning training. Caught exception: [Errno 2] No such file or directory: '/scratch/b8armstr/thesis_results/trained_networks/NN-num_voters=50-m=7-num_winners=2-pref_dist=mixed-axioms=all-features=bcr-loss=L1Loss()-idx=1-.pt'
Epoch 1, Training loss: 0.2536, 
Epoch 2, Training loss: 0.1277, 
Epoch 3, Training loss: 0.0858, 
Epoch 4, Training loss: 0.0695, 
Epoch 5, Training loss: 0.0544, 
Epoch 6, Training loss: 0.0448, 
Epoch 7, Training loss: 0.0392, 
Epoch 8, Training loss: 0.0356, 
Epoch 9, Training loss: 0.0330, 
Epoch 10, Training loss: 0.0312, 
Epoch 11, Training loss: 0.0295, 
Epoch 12, Training loss: 0.0281, 
Epoch 13, Training loss: 0.0267, 
Epoch 14, Training loss: 0.0256, 
Epoch 15, Training loss: 0.0247, 
Epoch 16, Training loss: 0.0237, 
Epoch 17, Training loss: 0.0230, 
Epoch 18, Training loss: 0.0218, 
Epoch 19, Training loss: 0.0215, 
Epoch 20, Training loss: 0.0208, 
Epoch 21, Training loss: 0.0202, 
Epoch 22, Training loss: 0.0195, 
Epoch 23, Training loss: 0.0192, 
Epoch 24, Training loss: 0.0184, 
Epoch 25, Training loss: 0.0179, 
Epoch 26, Training loss: 0.0177, 
Epoch 27, Training loss: 0.0171, 
Epoch 28, Training loss: 0.0166, 
Epoch 29, Training loss: 0.0161, 
Epoch 30, Training loss: 0.0159, 
Epoch 31, Training loss: 0.0153, 
Epoch 32, Training loss: 0.0153, 
Epoch 33, Training loss: 0.0149, 
Epoch 34, Training loss: 0.0145, 
Epoch 35, Training loss: 0.0138, 
Epoch 36, Training loss: 0.0137, 
Epoch 37, Training loss: 0.0134, 
Epoch 38, Training loss: 0.0133, 
Epoch 39, Training loss: 0.0128, 
Epoch 40, Training loss: 0.0131, 
Epoch 41, Training loss: 0.0123, 
Epoch 42, Training loss: 0.0121, 
Epoch 43, Training loss: 0.0129, 
Epoch 44, Training loss: 0.0119, 
Epoch 45, Training loss: 0.0117, 
Epoch 46, Training loss: 0.0113, 
Epoch 47, Training loss: 0.0117, 
Epoch 48, Training loss: 0.0112, 
Epoch 49, Training loss: 0.0112, 
Epoch 50, Training loss: 0.0106, 
Network count: 3
Finished making config for num_voters=50-m=7-num_winners=2-pref_dist=mixed-axioms=all-features=bcr-loss=L1Loss()-idx=2
Beginning to train num_voters=50-m=7-num_winners=2-pref_dist=mixed-axioms=all-features=bcr-loss=L1Loss()-idx=2
LOAD MODEL PATH: /scratch/b8armstr/thesis_results/trained_networks/NN-num_voters=50-m=7-num_winners=2-pref_dist=mixed-axioms=all-features=bcr-loss=L1Loss()-idx=2-.pt
Saved network not found. Beginning training. Caught exception: [Errno 2] No such file or directory: '/scratch/b8armstr/thesis_results/trained_networks/NN-num_voters=50-m=7-num_winners=2-pref_dist=mixed-axioms=all-features=bcr-loss=L1Loss()-idx=2-.pt'
Epoch 1, Training loss: 0.2373, 
Epoch 2, Training loss: 0.1182, 
Epoch 3, Training loss: 0.0789, 
Epoch 4, Training loss: 0.0612, 
Epoch 5, Training loss: 0.0516, 
Epoch 6, Training loss: 0.0452, 
Epoch 7, Training loss: 0.0404, 
Epoch 8, Training loss: 0.0369, 
Epoch 9, Training loss: 0.0344, 
Epoch 10, Training loss: 0.0325, 
Epoch 11, Training loss: 0.0307, 
Epoch 12, Training loss: 0.0292, 
Epoch 13, Training loss: 0.0280, 
Epoch 14, Training loss: 0.0268, 
Epoch 15, Training loss: 0.0255, 
Epoch 16, Training loss: 0.0245, 
Epoch 17, Training loss: 0.0236, 
Epoch 18, Training loss: 0.0226, 
Epoch 19, Training loss: 0.0219, 
Epoch 20, Training loss: 0.0212, 
Epoch 21, Training loss: 0.0209, 
Epoch 22, Training loss: 0.0200, 
Epoch 23, Training loss: 0.0196, 
Epoch 24, Training loss: 0.0190, 
Epoch 25, Training loss: 0.0185, 
Epoch 26, Training loss: 0.0179, 
Epoch 27, Training loss: 0.0177, 
Epoch 28, Training loss: 0.0171, 
Epoch 29, Training loss: 0.0166, 
Epoch 30, Training loss: 0.0161, 
Epoch 31, Training loss: 0.0158, 
Epoch 32, Training loss: 0.0155, 
Epoch 33, Training loss: 0.0151, 
Epoch 34, Training loss: 0.0148, 
Epoch 35, Training loss: 0.0143, 
Epoch 36, Training loss: 0.0142, 
Epoch 37, Training loss: 0.0138, 
Epoch 38, Training loss: 0.0134, 
Epoch 39, Training loss: 0.0130, 
Epoch 40, Training loss: 0.0129, 
Epoch 41, Training loss: 0.0129, 
Epoch 42, Training loss: 0.0125, 
Epoch 43, Training loss: 0.0120, 
Epoch 44, Training loss: 0.0117, 
Epoch 45, Training loss: 0.0115, 
Epoch 46, Training loss: 0.0113, 
Epoch 47, Training loss: 0.0112, 
Epoch 48, Training loss: 0.0109, 
Epoch 49, Training loss: 0.0110, 
Epoch 50, Training loss: 0.0106, 
Network count: 4
Finished making config for num_voters=50-m=7-num_winners=2-pref_dist=mixed-axioms=all-features=bcr-loss=L1Loss()-idx=3
Beginning to train num_voters=50-m=7-num_winners=2-pref_dist=mixed-axioms=all-features=bcr-loss=L1Loss()-idx=3
LOAD MODEL PATH: /scratch/b8armstr/thesis_results/trained_networks/NN-num_voters=50-m=7-num_winners=2-pref_dist=mixed-axioms=all-features=bcr-loss=L1Loss()-idx=3-.pt
Saved network not found. Beginning training. Caught exception: [Errno 2] No such file or directory: '/scratch/b8armstr/thesis_results/trained_networks/NN-num_voters=50-m=7-num_winners=2-pref_dist=mixed-axioms=all-features=bcr-loss=L1Loss()-idx=3-.pt'
Epoch 1, Training loss: 0.2520, 
Epoch 2, Training loss: 0.1308, 
Epoch 3, Training loss: 0.0832, 
Epoch 4, Training loss: 0.0629, 
Epoch 5, Training loss: 0.0517, 
Epoch 6, Training loss: 0.0456, 
Epoch 7, Training loss: 0.0408, 
Epoch 8, Training loss: 0.0373, 
Epoch 9, Training loss: 0.0347, 
Epoch 10, Training loss: 0.0328, 
Epoch 11, Training loss: 0.0308, 
Epoch 12, Training loss: 0.0295, 
Epoch 13, Training loss: 0.0280, 
Epoch 14, Training loss: 0.0269, 
Epoch 15, Training loss: 0.0259, 
Epoch 16, Training loss: 0.0249, 
Epoch 17, Training loss: 0.0241, 
Epoch 18, Training loss: 0.0232, 
Epoch 19, Training loss: 0.0221, 
Epoch 20, Training loss: 0.0219, 
Epoch 21, Training loss: 0.0208, 
Epoch 22, Training loss: 0.0204, 
Epoch 23, Training loss: 0.0199, 
Epoch 24, Training loss: 0.0195, 
Epoch 25, Training loss: 0.0187, 
Epoch 26, Training loss: 0.0183, 
Epoch 27, Training loss: 0.0180, 
Epoch 28, Training loss: 0.0179, 
Epoch 29, Training loss: 0.0170, 
Epoch 30, Training loss: 0.0166, 
Epoch 31, Training loss: 0.0165, 
Epoch 32, Training loss: 0.0158, 
Epoch 33, Training loss: 0.0154, 
Epoch 34, Training loss: 0.0150, 
Epoch 35, Training loss: 0.0147, 
Epoch 36, Training loss: 0.0145, 
Epoch 37, Training loss: 0.0142, 
Epoch 38, Training loss: 0.0136, 
Epoch 39, Training loss: 0.0134, 
Epoch 40, Training loss: 0.0132, 
Epoch 41, Training loss: 0.0131, 
Epoch 42, Training loss: 0.0129, 
Epoch 43, Training loss: 0.0122, 
Epoch 44, Training loss: 0.0121, 
Epoch 45, Training loss: 0.0120, 
Epoch 46, Training loss: 0.0119, 
Epoch 47, Training loss: 0.0115, 
Epoch 48, Training loss: 0.0110, 
Epoch 49, Training loss: 0.0109, 
Epoch 50, Training loss: 0.0107, 
Network count: 5
Finished making config for num_voters=50-m=7-num_winners=2-pref_dist=mixed-axioms=all-features=bcr-loss=L1Loss()-idx=4
Beginning to train num_voters=50-m=7-num_winners=2-pref_dist=mixed-axioms=all-features=bcr-loss=L1Loss()-idx=4
LOAD MODEL PATH: /scratch/b8armstr/thesis_results/trained_networks/NN-num_voters=50-m=7-num_winners=2-pref_dist=mixed-axioms=all-features=bcr-loss=L1Loss()-idx=4-.pt
Saved network not found. Beginning training. Caught exception: [Errno 2] No such file or directory: '/scratch/b8armstr/thesis_results/trained_networks/NN-num_voters=50-m=7-num_winners=2-pref_dist=mixed-axioms=all-features=bcr-loss=L1Loss()-idx=4-.pt'
Epoch 1, Training loss: 0.2407, 
Epoch 2, Training loss: 0.1157, 
Epoch 3, Training loss: 0.0784, 
Epoch 4, Training loss: 0.0582, 
Epoch 5, Training loss: 0.0474, 
Epoch 6, Training loss: 0.0416, 
Epoch 7, Training loss: 0.0381, 
Epoch 8, Training loss: 0.0354, 
Epoch 9, Training loss: 0.0334, 
Epoch 10, Training loss: 0.0316, 
Epoch 11, Training loss: 0.0299, 
Epoch 12, Training loss: 0.0284, 
Epoch 13, Training loss: 0.0267, 
Epoch 14, Training loss: 0.0256, 
Epoch 15, Training loss: 0.0241, 
Epoch 16, Training loss: 0.0229, 
Epoch 17, Training loss: 0.0220, 
Epoch 18, Training loss: 0.0212, 
Epoch 19, Training loss: 0.0204, 
Epoch 20, Training loss: 0.0196, 
Epoch 21, Training loss: 0.0193, 
Epoch 22, Training loss: 0.0185, 
Epoch 23, Training loss: 0.0178, 
Epoch 24, Training loss: 0.0174, 
Epoch 25, Training loss: 0.0168, 
Epoch 26, Training loss: 0.0161, 
Epoch 27, Training loss: 0.0157, 
Epoch 28, Training loss: 0.0154, 
Epoch 29, Training loss: 0.0149, 
Epoch 30, Training loss: 0.0144, 
Epoch 31, Training loss: 0.0139, 
Epoch 32, Training loss: 0.0134, 
Epoch 33, Training loss: 0.0134, 
Epoch 34, Training loss: 0.0128, 
Epoch 35, Training loss: 0.0123, 
Epoch 36, Training loss: 0.0121, 
Epoch 37, Training loss: 0.0119, 
Epoch 38, Training loss: 0.0113, 
Epoch 39, Training loss: 0.0114, 
Epoch 40, Training loss: 0.0110, 
Epoch 41, Training loss: 0.0109, 
Epoch 42, Training loss: 0.0104, 
Epoch 43, Training loss: 0.0108, 
Epoch 44, Training loss: 0.0104, 
Epoch 45, Training loss: 0.0100, 
Epoch 46, Training loss: 0.0101, 
Epoch 47, Training loss: 0.0097, 
Epoch 48, Training loss: 0.0094, 
Epoch 49, Training loss: 0.0093, 
Epoch 50, Training loss: 0.0097, 
Network count: 6
Finished making config for num_voters=50-m=7-num_winners=2-pref_dist=mixed-axioms=all-features=bcr-loss=L1Loss()-idx=5
Beginning to train num_voters=50-m=7-num_winners=2-pref_dist=mixed-axioms=all-features=bcr-loss=L1Loss()-idx=5
LOAD MODEL PATH: /scratch/b8armstr/thesis_results/trained_networks/NN-num_voters=50-m=7-num_winners=2-pref_dist=mixed-axioms=all-features=bcr-loss=L1Loss()-idx=5-.pt
Saved network not found. Beginning training. Caught exception: [Errno 2] No such file or directory: '/scratch/b8armstr/thesis_results/trained_networks/NN-num_voters=50-m=7-num_winners=2-pref_dist=mixed-axioms=all-features=bcr-loss=L1Loss()-idx=5-.pt'
Epoch 1, Training loss: 0.2321, 
Epoch 2, Training loss: 0.1092, 
Epoch 3, Training loss: 0.0811, 
Epoch 4, Training loss: 0.0620, 
Epoch 5, Training loss: 0.0498, 
Epoch 6, Training loss: 0.0430, 
Epoch 7, Training loss: 0.0390, 
Epoch 8, Training loss: 0.0366, 
Epoch 9, Training loss: 0.0346, 
Epoch 10, Training loss: 0.0331, 
Epoch 11, Training loss: 0.0317, 
Epoch 12, Training loss: 0.0306, 
Epoch 13, Training loss: 0.0292, 
Epoch 14, Training loss: 0.0282, 
Epoch 15, Training loss: 0.0270, 
Epoch 16, Training loss: 0.0260, 
Epoch 17, Training loss: 0.0252, 
Epoch 18, Training loss: 0.0244, 
Epoch 19, Training loss: 0.0234, 
Epoch 20, Training loss: 0.0227, 
Epoch 21, Training loss: 0.0220, 
Epoch 22, Training loss: 0.0215, 
Epoch 23, Training loss: 0.0205, 
Epoch 24, Training loss: 0.0203, 
Epoch 25, Training loss: 0.0196, 
Epoch 26, Training loss: 0.0192, 
Epoch 27, Training loss: 0.0185, 
Epoch 28, Training loss: 0.0179, 
Epoch 29, Training loss: 0.0172, 
Epoch 30, Training loss: 0.0168, 
Epoch 31, Training loss: 0.0165, 
Epoch 32, Training loss: 0.0159, 
Epoch 33, Training loss: 0.0155, 
Epoch 34, Training loss: 0.0154, 
Epoch 35, Training loss: 0.0151, 
Epoch 36, Training loss: 0.0146, 
Epoch 37, Training loss: 0.0142, 
Epoch 38, Training loss: 0.0134, 
Epoch 39, Training loss: 0.0135, 
Epoch 40, Training loss: 0.0131, 
Epoch 41, Training loss: 0.0128, 
Epoch 42, Training loss: 0.0131, 
Epoch 43, Training loss: 0.0124, 
Epoch 44, Training loss: 0.0121, 
Epoch 45, Training loss: 0.0123, 
Epoch 46, Training loss: 0.0116, 
Epoch 47, Training loss: 0.0116, 
Epoch 48, Training loss: 0.0115, 
Epoch 49, Training loss: 0.0112, 
Epoch 50, Training loss: 0.0109, 
Network count: 7
Finished making config for num_voters=50-m=7-num_winners=2-pref_dist=mixed-axioms=all-features=bcr-loss=L1Loss()-idx=6
Beginning to train num_voters=50-m=7-num_winners=2-pref_dist=mixed-axioms=all-features=bcr-loss=L1Loss()-idx=6
LOAD MODEL PATH: /scratch/b8armstr/thesis_results/trained_networks/NN-num_voters=50-m=7-num_winners=2-pref_dist=mixed-axioms=all-features=bcr-loss=L1Loss()-idx=6-.pt
Saved network not found. Beginning training. Caught exception: [Errno 2] No such file or directory: '/scratch/b8armstr/thesis_results/trained_networks/NN-num_voters=50-m=7-num_winners=2-pref_dist=mixed-axioms=all-features=bcr-loss=L1Loss()-idx=6-.pt'
Epoch 1, Training loss: 0.2508, 
Epoch 2, Training loss: 0.1213, 
Epoch 3, Training loss: 0.0829, 
Epoch 4, Training loss: 0.0645, 
Epoch 5, Training loss: 0.0500, 
Epoch 6, Training loss: 0.0431, 
Epoch 7, Training loss: 0.0395, 
Epoch 8, Training loss: 0.0366, 
Epoch 9, Training loss: 0.0341, 
Epoch 10, Training loss: 0.0324, 
Epoch 11, Training loss: 0.0308, 
Epoch 12, Training loss: 0.0294, 
Epoch 13, Training loss: 0.0282, 
Epoch 14, Training loss: 0.0271, 
Epoch 15, Training loss: 0.0260, 
Epoch 16, Training loss: 0.0248, 
Epoch 17, Training loss: 0.0240, 
Epoch 18, Training loss: 0.0232, 
Epoch 19, Training loss: 0.0223, 
Epoch 20, Training loss: 0.0214, 
Epoch 21, Training loss: 0.0207, 
Epoch 22, Training loss: 0.0203, 
Epoch 23, Training loss: 0.0195, 
Epoch 24, Training loss: 0.0193, 
Epoch 25, Training loss: 0.0186, 
Epoch 26, Training loss: 0.0181, 
Epoch 27, Training loss: 0.0175, 
Epoch 28, Training loss: 0.0171, 
Epoch 29, Training loss: 0.0165, 
Epoch 30, Training loss: 0.0163, 
Epoch 31, Training loss: 0.0159, 
Epoch 32, Training loss: 0.0154, 
Epoch 33, Training loss: 0.0151, 
Epoch 34, Training loss: 0.0149, 
Epoch 35, Training loss: 0.0144, 
Epoch 36, Training loss: 0.0141, 
Epoch 37, Training loss: 0.0142, 
Epoch 38, Training loss: 0.0137, 
Epoch 39, Training loss: 0.0133, 
Epoch 40, Training loss: 0.0133, 
Epoch 41, Training loss: 0.0130, 
Epoch 42, Training loss: 0.0125, 
Epoch 43, Training loss: 0.0124, 
Epoch 44, Training loss: 0.0121, 
Epoch 45, Training loss: 0.0119, 
Epoch 46, Training loss: 0.0121, 
Epoch 47, Training loss: 0.0117, 
Epoch 48, Training loss: 0.0113, 
Epoch 49, Training loss: 0.0115, 
Epoch 50, Training loss: 0.0110, 
Network count: 8
Finished making config for num_voters=50-m=7-num_winners=2-pref_dist=mixed-axioms=all-features=bcr-loss=L1Loss()-idx=7
Beginning to train num_voters=50-m=7-num_winners=2-pref_dist=mixed-axioms=all-features=bcr-loss=L1Loss()-idx=7
LOAD MODEL PATH: /scratch/b8armstr/thesis_results/trained_networks/NN-num_voters=50-m=7-num_winners=2-pref_dist=mixed-axioms=all-features=bcr-loss=L1Loss()-idx=7-.pt
Saved network not found. Beginning training. Caught exception: [Errno 2] No such file or directory: '/scratch/b8armstr/thesis_results/trained_networks/NN-num_voters=50-m=7-num_winners=2-pref_dist=mixed-axioms=all-features=bcr-loss=L1Loss()-idx=7-.pt'
Epoch 1, Training loss: 0.2459, 
Epoch 2, Training loss: 0.1414, 
Epoch 3, Training loss: 0.0869, 
Epoch 4, Training loss: 0.0595, 
Epoch 5, Training loss: 0.0474, 
Epoch 6, Training loss: 0.0419, 
Epoch 7, Training loss: 0.0385, 
Epoch 8, Training loss: 0.0362, 
Epoch 9, Training loss: 0.0340, 
Epoch 10, Training loss: 0.0329, 
Epoch 11, Training loss: 0.0314, 
Epoch 12, Training loss: 0.0301, 
Epoch 13, Training loss: 0.0289, 
Epoch 14, Training loss: 0.0279, 
Epoch 15, Training loss: 0.0269, 
Epoch 16, Training loss: 0.0257, 
Epoch 17, Training loss: 0.0248, 
Epoch 18, Training loss: 0.0241, 
Epoch 19, Training loss: 0.0228, 
Epoch 20, Training loss: 0.0221, 
Epoch 21, Training loss: 0.0215, 
Epoch 22, Training loss: 0.0210, 
Epoch 23, Training loss: 0.0203, 
Epoch 24, Training loss: 0.0196, 
Epoch 25, Training loss: 0.0191, 
Epoch 26, Training loss: 0.0187, 
Epoch 27, Training loss: 0.0179, 
Epoch 28, Training loss: 0.0175, 
Epoch 29, Training loss: 0.0173, 
Epoch 30, Training loss: 0.0168, 
Epoch 31, Training loss: 0.0164, 
Epoch 32, Training loss: 0.0162, 
Epoch 33, Training loss: 0.0158, 
Epoch 34, Training loss: 0.0153, 
Epoch 35, Training loss: 0.0148, 
Epoch 36, Training loss: 0.0146, 
Epoch 37, Training loss: 0.0142, 
Epoch 38, Training loss: 0.0138, 
Epoch 39, Training loss: 0.0137, 
Epoch 40, Training loss: 0.0132, 
Epoch 41, Training loss: 0.0127, 
Epoch 42, Training loss: 0.0127, 
Epoch 43, Training loss: 0.0125, 
Epoch 44, Training loss: 0.0119, 
Epoch 45, Training loss: 0.0117, 
Epoch 46, Training loss: 0.0119, 
Epoch 47, Training loss: 0.0115, 
Epoch 48, Training loss: 0.0113, 
Epoch 49, Training loss: 0.0108, 
Epoch 50, Training loss: 0.0106, 
Network count: 9
Finished making config for num_voters=50-m=7-num_winners=2-pref_dist=mixed-axioms=all-features=bcr-loss=L1Loss()-idx=8
Beginning to train num_voters=50-m=7-num_winners=2-pref_dist=mixed-axioms=all-features=bcr-loss=L1Loss()-idx=8
LOAD MODEL PATH: /scratch/b8armstr/thesis_results/trained_networks/NN-num_voters=50-m=7-num_winners=2-pref_dist=mixed-axioms=all-features=bcr-loss=L1Loss()-idx=8-.pt
Saved network not found. Beginning training. Caught exception: [Errno 2] No such file or directory: '/scratch/b8armstr/thesis_results/trained_networks/NN-num_voters=50-m=7-num_winners=2-pref_dist=mixed-axioms=all-features=bcr-loss=L1Loss()-idx=8-.pt'
Epoch 1, Training loss: 0.2473, 
Epoch 2, Training loss: 0.1225, 
Epoch 3, Training loss: 0.0810, 
Epoch 4, Training loss: 0.0621, 
Epoch 5, Training loss: 0.0500, 
Epoch 6, Training loss: 0.0429, 
Epoch 7, Training loss: 0.0383, 
Epoch 8, Training loss: 0.0351, 
Epoch 9, Training loss: 0.0327, 
Epoch 10, Training loss: 0.0311, 
Epoch 11, Training loss: 0.0294, 
Epoch 12, Training loss: 0.0281, 
Epoch 13, Training loss: 0.0270, 
Epoch 14, Training loss: 0.0258, 
Epoch 15, Training loss: 0.0248, 
Epoch 16, Training loss: 0.0239, 
Epoch 17, Training loss: 0.0231, 
Epoch 18, Training loss: 0.0224, 
Epoch 19, Training loss: 0.0215, 
Epoch 20, Training loss: 0.0208, 
Epoch 21, Training loss: 0.0202, 
Epoch 22, Training loss: 0.0194, 
Epoch 23, Training loss: 0.0189, 
Epoch 24, Training loss: 0.0184, 
Epoch 25, Training loss: 0.0178, 
Epoch 26, Training loss: 0.0177, 
Epoch 27, Training loss: 0.0169, 
Epoch 28, Training loss: 0.0164, 
Epoch 29, Training loss: 0.0164, 
Epoch 30, Training loss: 0.0156, 
Epoch 31, Training loss: 0.0151, 
Epoch 32, Training loss: 0.0148, 
Epoch 33, Training loss: 0.0147, 
Epoch 34, Training loss: 0.0144, 
Epoch 35, Training loss: 0.0139, 
Epoch 36, Training loss: 0.0137, 
Epoch 37, Training loss: 0.0133, 
Epoch 38, Training loss: 0.0128, 
Epoch 39, Training loss: 0.0126, 
Epoch 40, Training loss: 0.0125, 
Epoch 41, Training loss: 0.0123, 
Epoch 42, Training loss: 0.0121, 
Epoch 43, Training loss: 0.0121, 
Epoch 44, Training loss: 0.0116, 
Epoch 45, Training loss: 0.0112, 
Epoch 46, Training loss: 0.0115, 
Epoch 47, Training loss: 0.0111, 
Epoch 48, Training loss: 0.0108, 
Epoch 49, Training loss: 0.0107, 
Epoch 50, Training loss: 0.0110, 
Network count: 10
Finished making config for num_voters=50-m=7-num_winners=2-pref_dist=mixed-axioms=all-features=bcr-loss=L1Loss()-idx=9
Beginning to train num_voters=50-m=7-num_winners=2-pref_dist=mixed-axioms=all-features=bcr-loss=L1Loss()-idx=9
LOAD MODEL PATH: /scratch/b8armstr/thesis_results/trained_networks/NN-num_voters=50-m=7-num_winners=2-pref_dist=mixed-axioms=all-features=bcr-loss=L1Loss()-idx=9-.pt
Saved network not found. Beginning training. Caught exception: [Errno 2] No such file or directory: '/scratch/b8armstr/thesis_results/trained_networks/NN-num_voters=50-m=7-num_winners=2-pref_dist=mixed-axioms=all-features=bcr-loss=L1Loss()-idx=9-.pt'
Epoch 1, Training loss: 0.2444, 
Epoch 2, Training loss: 0.1134, 
Epoch 3, Training loss: 0.0830, 
Epoch 4, Training loss: 0.0668, 
Epoch 5, Training loss: 0.0523, 
Epoch 6, Training loss: 0.0435, 
Epoch 7, Training loss: 0.0383, 
Epoch 8, Training loss: 0.0346, 
Epoch 9, Training loss: 0.0321, 
Epoch 10, Training loss: 0.0303, 
Epoch 11, Training loss: 0.0285, 
Epoch 12, Training loss: 0.0269, 
Epoch 13, Training loss: 0.0257, 
Epoch 14, Training loss: 0.0244, 
Epoch 15, Training loss: 0.0236, 
Epoch 16, Training loss: 0.0227, 
Epoch 17, Training loss: 0.0218, 
Epoch 18, Training loss: 0.0210, 
Epoch 19, Training loss: 0.0202, 
Epoch 20, Training loss: 0.0196, 
Epoch 21, Training loss: 0.0190, 
Epoch 22, Training loss: 0.0183, 
Epoch 23, Training loss: 0.0180, 
Epoch 24, Training loss: 0.0173, 
Epoch 25, Training loss: 0.0171, 
Epoch 26, Training loss: 0.0163, 
Epoch 27, Training loss: 0.0158, 
Epoch 28, Training loss: 0.0159, 
Epoch 29, Training loss: 0.0151, 
Epoch 30, Training loss: 0.0147, 
Epoch 31, Training loss: 0.0144, 
Epoch 32, Training loss: 0.0138, 
Epoch 33, Training loss: 0.0133, 
Epoch 34, Training loss: 0.0132, 
Epoch 35, Training loss: 0.0135, 
Epoch 36, Training loss: 0.0130, 
Epoch 37, Training loss: 0.0124, 
Epoch 38, Training loss: 0.0121, 
Epoch 39, Training loss: 0.0118, 
Epoch 40, Training loss: 0.0118, 
Epoch 41, Training loss: 0.0114, 
Epoch 42, Training loss: 0.0112, 
Epoch 43, Training loss: 0.0111, 
Epoch 44, Training loss: 0.0107, 
Epoch 45, Training loss: 0.0105, 
Epoch 46, Training loss: 0.0107, 
Epoch 47, Training loss: 0.0101, 
Epoch 48, Training loss: 0.0102, 
Epoch 49, Training loss: 0.0101, 
Epoch 50, Training loss: 0.0096, 
Network count: 11
Finished making config for num_voters=50-m=7-num_winners=2-pref_dist=mixed-axioms=all-features=bcr-loss=L1Loss()-idx=10
Beginning to train num_voters=50-m=7-num_winners=2-pref_dist=mixed-axioms=all-features=bcr-loss=L1Loss()-idx=10
LOAD MODEL PATH: /scratch/b8armstr/thesis_results/trained_networks/NN-num_voters=50-m=7-num_winners=2-pref_dist=mixed-axioms=all-features=bcr-loss=L1Loss()-idx=10-.pt
Saved network not found. Beginning training. Caught exception: [Errno 2] No such file or directory: '/scratch/b8armstr/thesis_results/trained_networks/NN-num_voters=50-m=7-num_winners=2-pref_dist=mixed-axioms=all-features=bcr-loss=L1Loss()-idx=10-.pt'
Epoch 1, Training loss: 0.2372, 
Epoch 2, Training loss: 0.1097, 
Epoch 3, Training loss: 0.0799, 
Epoch 4, Training loss: 0.0632, 
Epoch 5, Training loss: 0.0504, 
Epoch 6, Training loss: 0.0423, 
Epoch 7, Training loss: 0.0371, 
Epoch 8, Training loss: 0.0336, 
Epoch 9, Training loss: 0.0312, 
Epoch 10, Training loss: 0.0291, 
Epoch 11, Training loss: 0.0273, 
Epoch 12, Training loss: 0.0258, 
Epoch 13, Training loss: 0.0245, 
Epoch 14, Training loss: 0.0236, 
Epoch 15, Training loss: 0.0227, 
Epoch 16, Training loss: 0.0216, 
Epoch 17, Training loss: 0.0208, 
Epoch 18, Training loss: 0.0199, 
Epoch 19, Training loss: 0.0192, 
Epoch 20, Training loss: 0.0191, 
Epoch 21, Training loss: 0.0180, 
Epoch 22, Training loss: 0.0176, 
Epoch 23, Training loss: 0.0171, 
Epoch 24, Training loss: 0.0166, 
Epoch 25, Training loss: 0.0161, 
Epoch 26, Training loss: 0.0159, 
Epoch 27, Training loss: 0.0154, 
Epoch 28, Training loss: 0.0152, 
Epoch 29, Training loss: 0.0148, 
Epoch 30, Training loss: 0.0141, 
Epoch 31, Training loss: 0.0140, 
Epoch 32, Training loss: 0.0134, 
Epoch 33, Training loss: 0.0134, 
Epoch 34, Training loss: 0.0129, 
Epoch 35, Training loss: 0.0124, 
Epoch 36, Training loss: 0.0121, 
Epoch 37, Training loss: 0.0124, 
Epoch 38, Training loss: 0.0118, 
Epoch 39, Training loss: 0.0119, 
Epoch 40, Training loss: 0.0114, 
Epoch 41, Training loss: 0.0110, 
Epoch 42, Training loss: 0.0111, 
Epoch 43, Training loss: 0.0112, 
Epoch 44, Training loss: 0.0105, 
Epoch 45, Training loss: 0.0103, 
Epoch 46, Training loss: 0.0107, 
Epoch 47, Training loss: 0.0105, 
Epoch 48, Training loss: 0.0100, 
Epoch 49, Training loss: 0.0096, 
Epoch 50, Training loss: 0.0095, 
Network count: 12
Finished making config for num_voters=50-m=7-num_winners=2-pref_dist=mixed-axioms=all-features=bcr-loss=L1Loss()-idx=11
Beginning to train num_voters=50-m=7-num_winners=2-pref_dist=mixed-axioms=all-features=bcr-loss=L1Loss()-idx=11
LOAD MODEL PATH: /scratch/b8armstr/thesis_results/trained_networks/NN-num_voters=50-m=7-num_winners=2-pref_dist=mixed-axioms=all-features=bcr-loss=L1Loss()-idx=11-.pt
Saved network not found. Beginning training. Caught exception: [Errno 2] No such file or directory: '/scratch/b8armstr/thesis_results/trained_networks/NN-num_voters=50-m=7-num_winners=2-pref_dist=mixed-axioms=all-features=bcr-loss=L1Loss()-idx=11-.pt'
Epoch 1, Training loss: 0.2447, 
Epoch 2, Training loss: 0.1195, 
Epoch 3, Training loss: 0.0846, 
Epoch 4, Training loss: 0.0616, 
Epoch 5, Training loss: 0.0473, 
Epoch 6, Training loss: 0.0413, 
Epoch 7, Training loss: 0.0377, 
Epoch 8, Training loss: 0.0342, 
Epoch 9, Training loss: 0.0314, 
Epoch 10, Training loss: 0.0294, 
Epoch 11, Training loss: 0.0274, 
Epoch 12, Training loss: 0.0257, 
Epoch 13, Training loss: 0.0241, 
Epoch 14, Training loss: 0.0229, 
Epoch 15, Training loss: 0.0219, 
Epoch 16, Training loss: 0.0209, 
Epoch 17, Training loss: 0.0202, 
Epoch 18, Training loss: 0.0195, 
Epoch 19, Training loss: 0.0188, 
Epoch 20, Training loss: 0.0180, 
Epoch 21, Training loss: 0.0174, 
Epoch 22, Training loss: 0.0170, 
Epoch 23, Training loss: 0.0165, 
Epoch 24, Training loss: 0.0162, 
Epoch 25, Training loss: 0.0156, 
Epoch 26, Training loss: 0.0151, 
Epoch 27, Training loss: 0.0145, 
Epoch 28, Training loss: 0.0143, 
Epoch 29, Training loss: 0.0140, 
Epoch 30, Training loss: 0.0137, 
Epoch 31, Training loss: 0.0135, 
Epoch 32, Training loss: 0.0128, 
Epoch 33, Training loss: 0.0126, 
Epoch 34, Training loss: 0.0124, 
Epoch 35, Training loss: 0.0122, 
Epoch 36, Training loss: 0.0123, 
Epoch 37, Training loss: 0.0117, 
Epoch 38, Training loss: 0.0113, 
Epoch 39, Training loss: 0.0116, 
Epoch 40, Training loss: 0.0107, 
Epoch 41, Training loss: 0.0106, 
Epoch 42, Training loss: 0.0105, 
Epoch 43, Training loss: 0.0107, 
Epoch 44, Training loss: 0.0100, 
Epoch 45, Training loss: 0.0099, 
Epoch 46, Training loss: 0.0100, 
Epoch 47, Training loss: 0.0097, 
Epoch 48, Training loss: 0.0094, 
Epoch 49, Training loss: 0.0095, 
Epoch 50, Training loss: 0.0094, 
Network count: 13
Finished making config for num_voters=50-m=7-num_winners=2-pref_dist=mixed-axioms=all-features=bcr-loss=L1Loss()-idx=12
Beginning to train num_voters=50-m=7-num_winners=2-pref_dist=mixed-axioms=all-features=bcr-loss=L1Loss()-idx=12
LOAD MODEL PATH: /scratch/b8armstr/thesis_results/trained_networks/NN-num_voters=50-m=7-num_winners=2-pref_dist=mixed-axioms=all-features=bcr-loss=L1Loss()-idx=12-.pt
Saved network not found. Beginning training. Caught exception: [Errno 2] No such file or directory: '/scratch/b8armstr/thesis_results/trained_networks/NN-num_voters=50-m=7-num_winners=2-pref_dist=mixed-axioms=all-features=bcr-loss=L1Loss()-idx=12-.pt'
Epoch 1, Training loss: 0.2393, 
Epoch 2, Training loss: 0.1221, 
Epoch 3, Training loss: 0.0774, 
Epoch 4, Training loss: 0.0578, 
Epoch 5, Training loss: 0.0467, 
Epoch 6, Training loss: 0.0403, 
Epoch 7, Training loss: 0.0366, 
Epoch 8, Training loss: 0.0335, 
Epoch 9, Training loss: 0.0315, 
Epoch 10, Training loss: 0.0302, 
Epoch 11, Training loss: 0.0285, 
Epoch 12, Training loss: 0.0271, 
Epoch 13, Training loss: 0.0260, 
Epoch 14, Training loss: 0.0251, 
Epoch 15, Training loss: 0.0242, 
Epoch 16, Training loss: 0.0232, 
Epoch 17, Training loss: 0.0223, 
Epoch 18, Training loss: 0.0217, 
Epoch 19, Training loss: 0.0208, 
Epoch 20, Training loss: 0.0200, 
Epoch 21, Training loss: 0.0196, 
Epoch 22, Training loss: 0.0191, 
Epoch 23, Training loss: 0.0185, 
Epoch 24, Training loss: 0.0179, 
Epoch 25, Training loss: 0.0174, 
Epoch 26, Training loss: 0.0170, 
Epoch 27, Training loss: 0.0166, 
Epoch 28, Training loss: 0.0161, 
Epoch 29, Training loss: 0.0160, 
Epoch 30, Training loss: 0.0158, 
Epoch 31, Training loss: 0.0150, 
Epoch 32, Training loss: 0.0149, 
Epoch 33, Training loss: 0.0141, 
Epoch 34, Training loss: 0.0139, 
Epoch 35, Training loss: 0.0138, 
Epoch 36, Training loss: 0.0133, 
Epoch 37, Training loss: 0.0134, 
Epoch 38, Training loss: 0.0129, 
Epoch 39, Training loss: 0.0126, 
Epoch 40, Training loss: 0.0126, 
Epoch 41, Training loss: 0.0123, 
Epoch 42, Training loss: 0.0120, 
Epoch 43, Training loss: 0.0116, 
Epoch 44, Training loss: 0.0115, 
Epoch 45, Training loss: 0.0113, 
Epoch 46, Training loss: 0.0111, 
Epoch 47, Training loss: 0.0109, 
Epoch 48, Training loss: 0.0107, 
Epoch 49, Training loss: 0.0105, 
Epoch 50, Training loss: 0.0110, 
Network count: 14
Finished making config for num_voters=50-m=7-num_winners=2-pref_dist=mixed-axioms=all-features=bcr-loss=L1Loss()-idx=13
Beginning to train num_voters=50-m=7-num_winners=2-pref_dist=mixed-axioms=all-features=bcr-loss=L1Loss()-idx=13
LOAD MODEL PATH: /scratch/b8armstr/thesis_results/trained_networks/NN-num_voters=50-m=7-num_winners=2-pref_dist=mixed-axioms=all-features=bcr-loss=L1Loss()-idx=13-.pt
Saved network not found. Beginning training. Caught exception: [Errno 2] No such file or directory: '/scratch/b8armstr/thesis_results/trained_networks/NN-num_voters=50-m=7-num_winners=2-pref_dist=mixed-axioms=all-features=bcr-loss=L1Loss()-idx=13-.pt'
Epoch 1, Training loss: 0.2417, 
Epoch 2, Training loss: 0.1248, 
Epoch 3, Training loss: 0.0760, 
Epoch 4, Training loss: 0.0542, 
Epoch 5, Training loss: 0.0451, 
Epoch 6, Training loss: 0.0406, 
Epoch 7, Training loss: 0.0374, 
Epoch 8, Training loss: 0.0350, 
Epoch 9, Training loss: 0.0334, 
Epoch 10, Training loss: 0.0318, 
Epoch 11, Training loss: 0.0304, 
Epoch 12, Training loss: 0.0292, 
Epoch 13, Training loss: 0.0276, 
Epoch 14, Training loss: 0.0266, 
Epoch 15, Training loss: 0.0255, 
Epoch 16, Training loss: 0.0248, 
Epoch 17, Training loss: 0.0234, 
Epoch 18, Training loss: 0.0225, 
Epoch 19, Training loss: 0.0219, 
Epoch 20, Training loss: 0.0208, 
Epoch 21, Training loss: 0.0202, 
Epoch 22, Training loss: 0.0197, 
Epoch 23, Training loss: 0.0191, 
Epoch 24, Training loss: 0.0185, 
Epoch 25, Training loss: 0.0180, 
Epoch 26, Training loss: 0.0176, 
Epoch 27, Training loss: 0.0170, 
Epoch 28, Training loss: 0.0169, 
Epoch 29, Training loss: 0.0162, 
Epoch 30, Training loss: 0.0160, 
Epoch 31, Training loss: 0.0154, 
Epoch 32, Training loss: 0.0152, 
Epoch 33, Training loss: 0.0148, 
Epoch 34, Training loss: 0.0146, 
Epoch 35, Training loss: 0.0142, 
Epoch 36, Training loss: 0.0141, 
Epoch 37, Training loss: 0.0137, 
Epoch 38, Training loss: 0.0136, 
Epoch 39, Training loss: 0.0129, 
Epoch 40, Training loss: 0.0128, 
Epoch 41, Training loss: 0.0127, 
Epoch 42, Training loss: 0.0124, 
Epoch 43, Training loss: 0.0123, 
Epoch 44, Training loss: 0.0118, 
Epoch 45, Training loss: 0.0115, 
Epoch 46, Training loss: 0.0114, 
Epoch 47, Training loss: 0.0117, 
Epoch 48, Training loss: 0.0115, 
Epoch 49, Training loss: 0.0111, 
Epoch 50, Training loss: 0.0107, 
Network count: 15
Finished making config for num_voters=50-m=7-num_winners=2-pref_dist=mixed-axioms=all-features=bcr-loss=L1Loss()-idx=14
Beginning to train num_voters=50-m=7-num_winners=2-pref_dist=mixed-axioms=all-features=bcr-loss=L1Loss()-idx=14
LOAD MODEL PATH: /scratch/b8armstr/thesis_results/trained_networks/NN-num_voters=50-m=7-num_winners=2-pref_dist=mixed-axioms=all-features=bcr-loss=L1Loss()-idx=14-.pt
Saved network not found. Beginning training. Caught exception: [Errno 2] No such file or directory: '/scratch/b8armstr/thesis_results/trained_networks/NN-num_voters=50-m=7-num_winners=2-pref_dist=mixed-axioms=all-features=bcr-loss=L1Loss()-idx=14-.pt'
Epoch 1, Training loss: 0.2402, 
Epoch 2, Training loss: 0.1282, 
Epoch 3, Training loss: 0.0736, 
Epoch 4, Training loss: 0.0581, 
Epoch 5, Training loss: 0.0495, 
Epoch 6, Training loss: 0.0430, 
Epoch 7, Training loss: 0.0388, 
Epoch 8, Training loss: 0.0357, 
Epoch 9, Training loss: 0.0335, 
Epoch 10, Training loss: 0.0319, 
Epoch 11, Training loss: 0.0301, 
Epoch 12, Training loss: 0.0286, 
Epoch 13, Training loss: 0.0277, 
Epoch 14, Training loss: 0.0265, 
Epoch 15, Training loss: 0.0253, 
Epoch 16, Training loss: 0.0245, 
Epoch 17, Training loss: 0.0238, 
Epoch 18, Training loss: 0.0227, 
Epoch 19, Training loss: 0.0220, 
Epoch 20, Training loss: 0.0215, 
Epoch 21, Training loss: 0.0208, 
Epoch 22, Training loss: 0.0202, 
Epoch 23, Training loss: 0.0199, 
Epoch 24, Training loss: 0.0190, 
Epoch 25, Training loss: 0.0188, 
Epoch 26, Training loss: 0.0183, 
Epoch 27, Training loss: 0.0178, 
Epoch 28, Training loss: 0.0174, 
Epoch 29, Training loss: 0.0169, 
Epoch 30, Training loss: 0.0168, 
Epoch 31, Training loss: 0.0162, 
Epoch 32, Training loss: 0.0161, 
Epoch 33, Training loss: 0.0157, 
Epoch 34, Training loss: 0.0151, 
Epoch 35, Training loss: 0.0150, 
Epoch 36, Training loss: 0.0144, 
Epoch 37, Training loss: 0.0144, 
Epoch 38, Training loss: 0.0140, 
Epoch 39, Training loss: 0.0136, 
Epoch 40, Training loss: 0.0138, 
Epoch 41, Training loss: 0.0130, 
Epoch 42, Training loss: 0.0132, 
Epoch 43, Training loss: 0.0133, 
Epoch 44, Training loss: 0.0127, 
Epoch 45, Training loss: 0.0124, 
Epoch 46, Training loss: 0.0121, 
Epoch 47, Training loss: 0.0120, 
Epoch 48, Training loss: 0.0118, 
Epoch 49, Training loss: 0.0116, 
Epoch 50, Training loss: 0.0116, 
Network count: 16
Finished making config for num_voters=50-m=7-num_winners=2-pref_dist=mixed-axioms=all-features=bcr-loss=L1Loss()-idx=15
Beginning to train num_voters=50-m=7-num_winners=2-pref_dist=mixed-axioms=all-features=bcr-loss=L1Loss()-idx=15
LOAD MODEL PATH: /scratch/b8armstr/thesis_results/trained_networks/NN-num_voters=50-m=7-num_winners=2-pref_dist=mixed-axioms=all-features=bcr-loss=L1Loss()-idx=15-.pt
Saved network not found. Beginning training. Caught exception: [Errno 2] No such file or directory: '/scratch/b8armstr/thesis_results/trained_networks/NN-num_voters=50-m=7-num_winners=2-pref_dist=mixed-axioms=all-features=bcr-loss=L1Loss()-idx=15-.pt'
Epoch 1, Training loss: 0.2448, 
Epoch 2, Training loss: 0.1365, 
Epoch 3, Training loss: 0.0810, 
Epoch 4, Training loss: 0.0644, 
Epoch 5, Training loss: 0.0521, 
Epoch 6, Training loss: 0.0433, 
Epoch 7, Training loss: 0.0372, 
Epoch 8, Training loss: 0.0339, 
Epoch 9, Training loss: 0.0312, 
Epoch 10, Training loss: 0.0291, 
Epoch 11, Training loss: 0.0276, 
Epoch 12, Training loss: 0.0258, 
Epoch 13, Training loss: 0.0248, 
Epoch 14, Training loss: 0.0236, 
Epoch 15, Training loss: 0.0227, 
Epoch 16, Training loss: 0.0217, 
Epoch 17, Training loss: 0.0209, 
Epoch 18, Training loss: 0.0202, 
Epoch 19, Training loss: 0.0194, 
Epoch 20, Training loss: 0.0189, 
Epoch 21, Training loss: 0.0184, 
Epoch 22, Training loss: 0.0182, 
Epoch 23, Training loss: 0.0174, 
Epoch 24, Training loss: 0.0169, 
Epoch 25, Training loss: 0.0163, 
Epoch 26, Training loss: 0.0161, 
Epoch 27, Training loss: 0.0156, 
Epoch 28, Training loss: 0.0151, 
Epoch 29, Training loss: 0.0146, 
Epoch 30, Training loss: 0.0141, 
Epoch 31, Training loss: 0.0142, 
Epoch 32, Training loss: 0.0136, 
Epoch 33, Training loss: 0.0130, 
Epoch 34, Training loss: 0.0128, 
Epoch 35, Training loss: 0.0124, 
Epoch 36, Training loss: 0.0121, 
Epoch 37, Training loss: 0.0122, 
Epoch 38, Training loss: 0.0119, 
Epoch 39, Training loss: 0.0117, 
Epoch 40, Training loss: 0.0114, 
Epoch 41, Training loss: 0.0110, 
Epoch 42, Training loss: 0.0113, 
Epoch 43, Training loss: 0.0106, 
Epoch 44, Training loss: 0.0105, 
Epoch 45, Training loss: 0.0107, 
Epoch 46, Training loss: 0.0103, 
Epoch 47, Training loss: 0.0101, 
Epoch 48, Training loss: 0.0096, 
Epoch 49, Training loss: 0.0101, 
Epoch 50, Training loss: 0.0095, 
Network count: 17
Finished making config for num_voters=50-m=7-num_winners=2-pref_dist=mixed-axioms=all-features=bcr-loss=L1Loss()-idx=16
Beginning to train num_voters=50-m=7-num_winners=2-pref_dist=mixed-axioms=all-features=bcr-loss=L1Loss()-idx=16
LOAD MODEL PATH: /scratch/b8armstr/thesis_results/trained_networks/NN-num_voters=50-m=7-num_winners=2-pref_dist=mixed-axioms=all-features=bcr-loss=L1Loss()-idx=16-.pt
Saved network not found. Beginning training. Caught exception: [Errno 2] No such file or directory: '/scratch/b8armstr/thesis_results/trained_networks/NN-num_voters=50-m=7-num_winners=2-pref_dist=mixed-axioms=all-features=bcr-loss=L1Loss()-idx=16-.pt'
Epoch 1, Training loss: 0.2329, 
Epoch 2, Training loss: 0.1268, 
Epoch 3, Training loss: 0.0804, 
Epoch 4, Training loss: 0.0589, 
Epoch 5, Training loss: 0.0470, 
Epoch 6, Training loss: 0.0403, 
Epoch 7, Training loss: 0.0364, 
Epoch 8, Training loss: 0.0337, 
Epoch 9, Training loss: 0.0319, 
Epoch 10, Training loss: 0.0300, 
Epoch 11, Training loss: 0.0289, 
Epoch 12, Training loss: 0.0272, 
Epoch 13, Training loss: 0.0263, 
Epoch 14, Training loss: 0.0251, 
Epoch 15, Training loss: 0.0241, 
Epoch 16, Training loss: 0.0231, 
Epoch 17, Training loss: 0.0222, 
Epoch 18, Training loss: 0.0217, 
Epoch 19, Training loss: 0.0212, 
Epoch 20, Training loss: 0.0201, 
Epoch 21, Training loss: 0.0196, 
Epoch 22, Training loss: 0.0192, 
Epoch 23, Training loss: 0.0189, 
Epoch 24, Training loss: 0.0180, 
Epoch 25, Training loss: 0.0180, 
Epoch 26, Training loss: 0.0173, 
Epoch 27, Training loss: 0.0168, 
Epoch 28, Training loss: 0.0165, 
Epoch 29, Training loss: 0.0161, 
Epoch 30, Training loss: 0.0157, 
Epoch 31, Training loss: 0.0153, 
Epoch 32, Training loss: 0.0152, 
Epoch 33, Training loss: 0.0146, 
Epoch 34, Training loss: 0.0140, 
Epoch 35, Training loss: 0.0140, 
Epoch 36, Training loss: 0.0139, 
Epoch 37, Training loss: 0.0134, 
Epoch 38, Training loss: 0.0132, 
Epoch 39, Training loss: 0.0128, 
Epoch 40, Training loss: 0.0127, 
Epoch 41, Training loss: 0.0123, 
Epoch 42, Training loss: 0.0120, 
Epoch 43, Training loss: 0.0117, 
Epoch 44, Training loss: 0.0119, 
Epoch 45, Training loss: 0.0118, 
Epoch 46, Training loss: 0.0115, 
Epoch 47, Training loss: 0.0111, 
Epoch 48, Training loss: 0.0106, 
Epoch 49, Training loss: 0.0106, 
Epoch 50, Training loss: 0.0103, 
Network count: 18
Finished making config for num_voters=50-m=7-num_winners=2-pref_dist=mixed-axioms=all-features=bcr-loss=L1Loss()-idx=17
Beginning to train num_voters=50-m=7-num_winners=2-pref_dist=mixed-axioms=all-features=bcr-loss=L1Loss()-idx=17
LOAD MODEL PATH: /scratch/b8armstr/thesis_results/trained_networks/NN-num_voters=50-m=7-num_winners=2-pref_dist=mixed-axioms=all-features=bcr-loss=L1Loss()-idx=17-.pt
Saved network not found. Beginning training. Caught exception: [Errno 2] No such file or directory: '/scratch/b8armstr/thesis_results/trained_networks/NN-num_voters=50-m=7-num_winners=2-pref_dist=mixed-axioms=all-features=bcr-loss=L1Loss()-idx=17-.pt'
Epoch 1, Training loss: 0.2421, 
Epoch 2, Training loss: 0.1399, 
Epoch 3, Training loss: 0.0864, 
Epoch 4, Training loss: 0.0667, 
Epoch 5, Training loss: 0.0544, 
Epoch 6, Training loss: 0.0445, 
Epoch 7, Training loss: 0.0384, 
Epoch 8, Training loss: 0.0346, 
Epoch 9, Training loss: 0.0318, 
Epoch 10, Training loss: 0.0298, 
Epoch 11, Training loss: 0.0280, 
Epoch 12, Training loss: 0.0263, 
Epoch 13, Training loss: 0.0250, 
Epoch 14, Training loss: 0.0238, 
Epoch 15, Training loss: 0.0228, 
Epoch 16, Training loss: 0.0218, 
Epoch 17, Training loss: 0.0210, 
Epoch 18, Training loss: 0.0203, 
Epoch 19, Training loss: 0.0196, 
Epoch 20, Training loss: 0.0188, 
Epoch 21, Training loss: 0.0184, 
Epoch 22, Training loss: 0.0179, 
Epoch 23, Training loss: 0.0173, 
Epoch 24, Training loss: 0.0170, 
Epoch 25, Training loss: 0.0165, 
Epoch 26, Training loss: 0.0162, 
Epoch 27, Training loss: 0.0155, 
Epoch 28, Training loss: 0.0151, 
Epoch 29, Training loss: 0.0150, 
Epoch 30, Training loss: 0.0148, 
Epoch 31, Training loss: 0.0142, 
Epoch 32, Training loss: 0.0141, 
Epoch 33, Training loss: 0.0135, 
Epoch 34, Training loss: 0.0131, 
Epoch 35, Training loss: 0.0134, 
Epoch 36, Training loss: 0.0130, 
Epoch 37, Training loss: 0.0128, 
Epoch 38, Training loss: 0.0122, 
Epoch 39, Training loss: 0.0126, 
Epoch 40, Training loss: 0.0123, 
Epoch 41, Training loss: 0.0117, 
Epoch 42, Training loss: 0.0113, 
Epoch 43, Training loss: 0.0117, 
Epoch 44, Training loss: 0.0110, 
Epoch 45, Training loss: 0.0109, 
Epoch 46, Training loss: 0.0111, 
Epoch 47, Training loss: 0.0106, 
Epoch 48, Training loss: 0.0107, 
Epoch 49, Training loss: 0.0104, 
Epoch 50, Training loss: 0.0103, 
Network count: 19
Finished making config for num_voters=50-m=7-num_winners=2-pref_dist=mixed-axioms=all-features=bcr-loss=L1Loss()-idx=18
Beginning to train num_voters=50-m=7-num_winners=2-pref_dist=mixed-axioms=all-features=bcr-loss=L1Loss()-idx=18
LOAD MODEL PATH: /scratch/b8armstr/thesis_results/trained_networks/NN-num_voters=50-m=7-num_winners=2-pref_dist=mixed-axioms=all-features=bcr-loss=L1Loss()-idx=18-.pt
Saved network not found. Beginning training. Caught exception: [Errno 2] No such file or directory: '/scratch/b8armstr/thesis_results/trained_networks/NN-num_voters=50-m=7-num_winners=2-pref_dist=mixed-axioms=all-features=bcr-loss=L1Loss()-idx=18-.pt'
Epoch 1, Training loss: 0.2448, 
Epoch 2, Training loss: 0.1130, 
Epoch 3, Training loss: 0.0852, 
Epoch 4, Training loss: 0.0617, 
Epoch 5, Training loss: 0.0486, 
Epoch 6, Training loss: 0.0427, 
Epoch 7, Training loss: 0.0393, 
Epoch 8, Training loss: 0.0366, 
Epoch 9, Training loss: 0.0339, 
Epoch 10, Training loss: 0.0321, 
Epoch 11, Training loss: 0.0302, 
Epoch 12, Training loss: 0.0287, 
Epoch 13, Training loss: 0.0275, 
Epoch 14, Training loss: 0.0263, 
Epoch 15, Training loss: 0.0248, 
Epoch 16, Training loss: 0.0239, 
Epoch 17, Training loss: 0.0226, 
Epoch 18, Training loss: 0.0220, 
Epoch 19, Training loss: 0.0211, 
Epoch 20, Training loss: 0.0201, 
Epoch 21, Training loss: 0.0196, 
Epoch 22, Training loss: 0.0188, 
Epoch 23, Training loss: 0.0184, 
Epoch 24, Training loss: 0.0181, 
Epoch 25, Training loss: 0.0175, 
Epoch 26, Training loss: 0.0170, 
Epoch 27, Training loss: 0.0165, 
Epoch 28, Training loss: 0.0164, 
Epoch 29, Training loss: 0.0156, 
Epoch 30, Training loss: 0.0153, 
Epoch 31, Training loss: 0.0150, 
Epoch 32, Training loss: 0.0147, 
Epoch 33, Training loss: 0.0142, 
Epoch 34, Training loss: 0.0141, 
Epoch 35, Training loss: 0.0136, 
Epoch 36, Training loss: 0.0131, 
Epoch 37, Training loss: 0.0128, 
Epoch 38, Training loss: 0.0129, 
Epoch 39, Training loss: 0.0129, 
Epoch 40, Training loss: 0.0121, 
Epoch 41, Training loss: 0.0120, 
Epoch 42, Training loss: 0.0116, 
Epoch 43, Training loss: 0.0113, 
Epoch 44, Training loss: 0.0112, 
Epoch 45, Training loss: 0.0109, 
Epoch 46, Training loss: 0.0107, 
Epoch 47, Training loss: 0.0106, 
Epoch 48, Training loss: 0.0107, 
Epoch 49, Training loss: 0.0104, 
Epoch 50, Training loss: 0.0106, 
Network count: 20
Finished making config for num_voters=50-m=7-num_winners=2-pref_dist=mixed-axioms=all-features=bcr-loss=L1Loss()-idx=19
Beginning to train num_voters=50-m=7-num_winners=2-pref_dist=mixed-axioms=all-features=bcr-loss=L1Loss()-idx=19
LOAD MODEL PATH: /scratch/b8armstr/thesis_results/trained_networks/NN-num_voters=50-m=7-num_winners=2-pref_dist=mixed-axioms=all-features=bcr-loss=L1Loss()-idx=19-.pt
Saved network not found. Beginning training. Caught exception: [Errno 2] No such file or directory: '/scratch/b8armstr/thesis_results/trained_networks/NN-num_voters=50-m=7-num_winners=2-pref_dist=mixed-axioms=all-features=bcr-loss=L1Loss()-idx=19-.pt'
Epoch 1, Training loss: 0.2421, 
Epoch 2, Training loss: 0.1070, 
Epoch 3, Training loss: 0.0834, 
Epoch 4, Training loss: 0.0684, 
Epoch 5, Training loss: 0.0561, 
Epoch 6, Training loss: 0.0462, 
Epoch 7, Training loss: 0.0391, 
Epoch 8, Training loss: 0.0349, 
Epoch 9, Training loss: 0.0321, 
Epoch 10, Training loss: 0.0300, 
Epoch 11, Training loss: 0.0287, 
Epoch 12, Training loss: 0.0271, 
Epoch 13, Training loss: 0.0260, 
Epoch 14, Training loss: 0.0249, 
Epoch 15, Training loss: 0.0241, 
Epoch 16, Training loss: 0.0231, 
Epoch 17, Training loss: 0.0221, 
Epoch 18, Training loss: 0.0215, 
Epoch 19, Training loss: 0.0209, 
Epoch 20, Training loss: 0.0204, 
Epoch 21, Training loss: 0.0198, 
Epoch 22, Training loss: 0.0190, 
Epoch 23, Training loss: 0.0187, 
Epoch 24, Training loss: 0.0181, 
Epoch 25, Training loss: 0.0176, 
Epoch 26, Training loss: 0.0172, 
Epoch 27, Training loss: 0.0170, 
Epoch 28, Training loss: 0.0165, 
Epoch 29, Training loss: 0.0159, 
Epoch 30, Training loss: 0.0158, 
Epoch 31, Training loss: 0.0154, 
Epoch 32, Training loss: 0.0153, 
Epoch 33, Training loss: 0.0147, 
Epoch 34, Training loss: 0.0143, 
Epoch 35, Training loss: 0.0141, 
Epoch 36, Training loss: 0.0140, 
Epoch 37, Training loss: 0.0136, 
Epoch 38, Training loss: 0.0132, 
Epoch 39, Training loss: 0.0128, 
Epoch 40, Training loss: 0.0128, 
Epoch 41, Training loss: 0.0129, 
Epoch 42, Training loss: 0.0122, 
Epoch 43, Training loss: 0.0122, 
Epoch 44, Training loss: 0.0117, 
Epoch 45, Training loss: 0.0116, 
Epoch 46, Training loss: 0.0115, 
Epoch 47, Training loss: 0.0109, 
Epoch 48, Training loss: 0.0115, 
Epoch 49, Training loss: 0.0110, 
Epoch 50, Training loss: 0.0107, 
