1731181932
About to load modules
created virtual environment CPython3.11.5.final.0-64 in 1015ms
  creator CPython3Posix(dest=/local/b8armstr.26771992.0/env, clear=False, no_vcs_ignore=False, global=False)
  seeder FromAppData(download=False, pip=bundle, setuptools=bundle, wheel=bundle, via=copy, app_data_dir=/home/b8armstr/.local/share/virtualenv)
    added seed packages: pip==24.2, setuptools==68.0.0, wheel==0.44.0
  activators BashActivator,CShellActivator,FishActivator,NushellActivator,PowerShellActivator,PythonActivator
1731181935
About to install requirements
Looking in links: /cvmfs/soft.computecanada.ca/custom/python/wheelhouse/gentoo2023/x86-64-v3, /cvmfs/soft.computecanada.ca/custom/python/wheelhouse/gentoo2023/generic, /cvmfs/soft.computecanada.ca/custom/python/wheelhouse/generic
Processing /cvmfs/soft.computecanada.ca/custom/python/wheelhouse/generic/Deprecated-1.2.14+computecanada-py2.py3-none-any.whl
Processing /cvmfs/soft.computecanada.ca/custom/python/wheelhouse/generic/wrapt-1.16.0+computecanada-cp311-cp311-linux_x86_64.whl (from deprecated)
Installing collected packages: wrapt, deprecated
Successfully installed deprecated-1.2.14+computecanada wrapt-1.16.0+computecanada
Looking in links: /cvmfs/soft.computecanada.ca/custom/python/wheelhouse/gentoo2023/x86-64-v3, /cvmfs/soft.computecanada.ca/custom/python/wheelhouse/gentoo2023/generic, /cvmfs/soft.computecanada.ca/custom/python/wheelhouse/generic
Processing ./cc_libs/abcvoting-2.10.0-py3-none-any.whl
Processing ./cc_libs/absl_py-2.1.0+computecanada-py3-none-any.whl
Processing ./cc_libs/appnope-0.1.4-py2.py3-none-any.whl
Processing ./cc_libs/asttokens-2.4.1+computecanada-py2.py3-none-any.whl
Processing ./cc_libs/astunparse-1.6.3+computecanada-py2.py3-none-any.whl
Processing ./cc_libs/attrs-24.2.0+computecanada-py3-none-any.whl
Processing ./cc_libs/backcall-0.2.0+computecanada-py3-none-any.whl
Processing ./cc_libs/beautifulsoup4-4.12.3+computecanada-py3-none-any.whl
Processing ./cc_libs/bleach-6.1.0+computecanada-py3-none-any.whl
Processing ./cc_libs/certifi-2024.6.2-py3-none-any.whl
Processing ./cc_libs/cffi-1.15.1+computecanada-cp311-cp311-linux_x86_64.whl
Processing ./cc_libs/charset_normalizer-3.3.2-py3-none-any.whl
Processing ./cc_libs/contourpy-1.2.1+computecanada-cp311-cp311-linux_x86_64.whl
Processing ./cc_libs/cycler-0.12.1+computecanada-py3-none-any.whl
Processing ./cc_libs/decorator-5.1.1+computecanada-py3-none-any.whl
Processing ./cc_libs/defusedxml-0.7.1+computecanada-py2.py3-none-any.whl
Processing ./cc_libs/Deprecated-1.2.14+computecanada-py2.py3-none-any.whl
Processing ./cc_libs/docopt-0.6.2+computecanada-py2.py3-none-any.whl
Processing ./cc_libs/executing-2.1.0-py2.py3-none-any.whl
Processing ./cc_libs/fastjsonschema-2.20.0+computecanada-py3-none-any.whl
Processing ./cc_libs/filelock-3.14.0-py3-none-any.whl
Processing ./cc_libs/flatbuffers-24.3.25+computecanada-py2.py3-none-any.whl
Processing ./cc_libs/fonttools-4.53.0+computecanada-cp311-cp311-linux_x86_64.whl
Processing ./cc_libs/fsspec-2024.6.0+computecanada-py3-none-any.whl
Processing ./cc_libs/gast-0.5.4+computecanada-py3-none-any.whl
Processing ./cc_libs/google_pasta-0.2.0+computecanada-py3-none-any.whl
Processing ./cc_libs/gurobipy-11.0.1-cp311-cp311-linux_x86_64.whl
Processing ./cc_libs/h5py-3.11.0+computecanada-cp311-cp311-linux_x86_64.whl
Processing ./cc_libs/idna-3.7-py3-none-any.whl
Processing ./cc_libs/immutabledict-4.2.0-py3-none-any.whl
Processing ./cc_libs/ipython-8.12.3-py3-none-any.whl
Processing ./cc_libs/jedi-0.19.1+computecanada-py2.py3-none-any.whl
Processing ./cc_libs/jinja2-3.1.4+computecanada-py3-none-any.whl
Processing ./cc_libs/joblib-1.4.2+computecanada-py3-none-any.whl
Processing ./cc_libs/jsonschema-4.23.0+computecanada-py3-none-any.whl
Processing ./cc_libs/jsonschema_specifications-2023.12.1+computecanada-py3-none-any.whl
Processing ./cc_libs/jupyter_client-8.6.2+computecanada-py3-none-any.whl
Processing ./cc_libs/jupyter_core-5.7.2+computecanada-py3-none-any.whl
Processing ./cc_libs/jupyterlab_pygments-0.3.0+computecanada-py3-none-any.whl
Processing ./cc_libs/kiwisolver-1.4.5+computecanada-cp311-cp311-linux_x86_64.whl
Processing ./cc_libs/llvmlite-0.41.1+computecanada-cp311-cp311-linux_x86_64.whl
Processing ./cc_libs/Markdown-3.6-py3-none-any.whl
Processing ./cc_libs/markdown_it_py-3.0.0+computecanada-py3-none-any.whl
Processing ./cc_libs/MarkupSafe-2.1.5+computecanada-cp311-cp311-linux_x86_64.whl
Processing ./cc_libs/matplotlib-3.9.0+computecanada-cp311-cp311-linux_x86_64.whl
Processing ./cc_libs/matplotlib_inline-0.1.7+computecanada-py3-none-any.whl
Processing ./cc_libs/mdurl-0.1.2+computecanada-py3-none-any.whl
Processing ./cc_libs/mip-1.15.0-py3-none-any.whl
Processing ./cc_libs/mistune-3.0.2+computecanada-py3-none-any.whl
Processing ./cc_libs/ml_dtypes-0.3.2-cp311-cp311-linux_x86_64.whl
Processing ./cc_libs/mpmath-1.3.0+computecanada-py3-none-any.whl
Processing ./cc_libs/namex-0.0.8+computecanada-py3-none-any.whl
Processing ./cc_libs/nashpy-0.0.40-py3-none-any.whl
Processing ./cc_libs/nbclient-0.10.0+computecanada-py3-none-any.whl
Processing ./cc_libs/nbconvert-7.16.4+computecanada-py3-none-any.whl
Processing ./cc_libs/nbformat-5.10.4+computecanada-py3-none-any.whl
Processing ./cc_libs/networkx-3.3+computecanada-py3-none-any.whl
Processing ./cc_libs/numba-0.58.1+computecanada-cp311-cp311-linux_x86_64.whl
Processing ./cc_libs/numpy-1.26.4+computecanada-cp311-cp311-linux_x86_64.whl
Processing ./cc_libs/opt_einsum-3.3.0+computecanada-py3-none-any.whl
Processing ./cc_libs/optree-0.11.0+computecanada-cp311-cp311-linux_x86_64.whl
Processing ./cc_libs/ortools-9.10.4067+computecanada-cp311-cp311-linux_x86_64.whl
Processing ./cc_libs/packaging-24.0-py3-none-any.whl
Processing ./cc_libs/pandas-2.2.2+computecanada-cp311-cp311-linux_x86_64.whl
Processing ./cc_libs/pandocfilters-1.5.1+computecanada-py2.py3-none-any.whl
Processing ./cc_libs/parso-0.8.4+computecanada-py2.py3-none-any.whl
Processing ./cc_libs/pexpect-4.9.0+computecanada-py2.py3-none-any.whl
Processing ./cc_libs/pickleshare-0.7.5+computecanada-py2.py3-none-any.whl
Processing ./cc_libs/pillow-10.3.0+computecanada-cp311-cp311-linux_x86_64.whl
Processing ./cc_libs/pipdeptree-2.23.1-py3-none-any.whl
Processing ./cc_libs/pipreqs-0.5.0-py3-none-any.whl
Processing ./cc_libs/platformdirs-4.3.3-py3-none-any.whl
Processing ./cc_libs/preflibtools-2.0.22-py3-none-any.whl
Processing ./cc_libs/prefsampling-0.1.20-py3-none-any.whl
Processing ./cc_libs/pref_voting-1.13.18-py3-none-any.whl
Processing ./cc_libs/prompt_toolkit-3.0.47+computecanada-py3-none-any.whl
Processing ./cc_libs/protobuf-4.25.3+computecanada-cp311-cp311-linux_x86_64.whl
Processing ./cc_libs/ptyprocess-0.7.0+computecanada-py2.py3-none-any.whl
Processing ./cc_libs/pure_eval-0.2.3+computecanada-py3-none-any.whl
Processing ./cc_libs/pycparser-2.22-py3-none-any.whl
Processing ./cc_libs/pygments-2.18.0+computecanada-py3-none-any.whl
Processing ./cc_libs/pyparsing-3.1.2+computecanada-py3-none-any.whl
Processing ./cc_libs/pyrankvote-2.0.6-py3-none-any.whl
Processing ./cc_libs/python_dateutil-2.9.0.post0+computecanada-py2.py3-none-any.whl
Processing ./cc_libs/pytorch_ignite-0.5.1-py3-none-any.whl
Processing ./cc_libs/pytz-2024.1+computecanada-py2.py3-none-any.whl
Processing ./cc_libs/random2-1.0.2-py3-none-any.whl
Processing ./cc_libs/referencing-0.35.1+computecanada-py3-none-any.whl
Processing ./cc_libs/requests-2.32.3-py3-none-any.whl
Processing ./cc_libs/rich-13.7.1+computecanada-py3-none-any.whl
Processing ./cc_libs/ruamel.yaml-0.18.6+computecanada-py3-none-any.whl
Processing ./cc_libs/ruamel.yaml.clib-0.2.8+computecanada-cp311-cp311-linux_x86_64.whl
Processing ./cc_libs/scikit_learn-1.5.0+computecanada-cp311-cp311-linux_x86_64.whl
Processing ./cc_libs/scipy-1.13.1+computecanada-cp311-cp311-linux_x86_64.whl
Processing ./cc_libs/seaborn-0.13.2+computecanada-py3-none-any.whl
Processing ./cc_libs/six-1.16.0+computecanada-py2.py3-none-any.whl
Processing ./cc_libs/snakeviz-2.2.0-py2.py3-none-any.whl
Processing ./cc_libs/soupsieve-2.6+computecanada-py3-none-any.whl
Processing ./cc_libs/stack_data-0.6.3+computecanada-py3-none-any.whl
Processing ./cc_libs/sympy-1.12.1+computecanada-py3-none-any.whl
Processing ./cc_libs/tabulate-0.9.0+computecanada-py3-none-any.whl
Processing ./cc_libs/termcolor-2.4.0+computecanada-py3-none-any.whl
Processing ./cc_libs/threadpoolctl-3.5.0+computecanada-py3-none-any.whl
Processing ./cc_libs/tinycss2-1.3.0+computecanada-py3-none-any.whl
Processing ./cc_libs/traitlets-5.14.3+computecanada-py3-none-any.whl
Processing ./cc_libs/typing_extensions-4.12.1-py3-none-any.whl
Processing ./cc_libs/tzdata-2024.1+computecanada-py2.py3-none-any.whl
Processing ./cc_libs/urllib3-2.2.1-py3-none-any.whl
Processing ./cc_libs/wcwidth-0.2.13+computecanada-py2.py3-none-any.whl
Processing ./cc_libs/webencodings-0.5.1+computecanada-py2.py3-none-any.whl
Processing ./cc_libs/werkzeug-3.0.3+computecanada-py3-none-any.whl
Processing ./cc_libs/wrapt-1.16.0+computecanada-cp311-cp311-linux_x86_64.whl
Processing ./cc_libs/yarg-0.1.9-py2.py3-none-any.whl
asttokens is already installed with the same version as the provided wheel. Use --force-reinstall to force an installation of the wheel.
cycler is already installed with the same version as the provided wheel. Use --force-reinstall to force an installation of the wheel.
decorator is already installed with the same version as the provided wheel. Use --force-reinstall to force an installation of the wheel.
Deprecated is already installed with the same version as the provided wheel. Use --force-reinstall to force an installation of the wheel.
jedi is already installed with the same version as the provided wheel. Use --force-reinstall to force an installation of the wheel.
jupyter-client is already installed with the same version as the provided wheel. Use --force-reinstall to force an installation of the wheel.
jupyter-core is already installed with the same version as the provided wheel. Use --force-reinstall to force an installation of the wheel.
matplotlib-inline is already installed with the same version as the provided wheel. Use --force-reinstall to force an installation of the wheel.
mpmath is already installed with the same version as the provided wheel. Use --force-reinstall to force an installation of the wheel.
pandas is already installed with the same version as the provided wheel. Use --force-reinstall to force an installation of the wheel.
parso is already installed with the same version as the provided wheel. Use --force-reinstall to force an installation of the wheel.
pexpect is already installed with the same version as the provided wheel. Use --force-reinstall to force an installation of the wheel.
prompt-toolkit is already installed with the same version as the provided wheel. Use --force-reinstall to force an installation of the wheel.
ptyprocess is already installed with the same version as the provided wheel. Use --force-reinstall to force an installation of the wheel.
pygments is already installed with the same version as the provided wheel. Use --force-reinstall to force an installation of the wheel.
python-dateutil is already installed with the same version as the provided wheel. Use --force-reinstall to force an installation of the wheel.
six is already installed with the same version as the provided wheel. Use --force-reinstall to force an installation of the wheel.
stack-data is already installed with the same version as the provided wheel. Use --force-reinstall to force an installation of the wheel.
traitlets is already installed with the same version as the provided wheel. Use --force-reinstall to force an installation of the wheel.
tzdata is already installed with the same version as the provided wheel. Use --force-reinstall to force an installation of the wheel.
wcwidth is already installed with the same version as the provided wheel. Use --force-reinstall to force an installation of the wheel.
wrapt is already installed with the same version as the provided wheel. Use --force-reinstall to force an installation of the wheel.
Installing collected packages: yarg, webencodings, random2, pytz, pytorch-ignite, pyrankvote, pure-eval, pickleshare, namex, gurobipy, google-pasta, flatbuffers, fastjsonschema, docopt, cffi, backcall, astunparse, werkzeug, urllib3, typing-extensions, tinycss2, threadpoolctl, termcolor, tabulate, sympy, soupsieve, snakeviz, seaborn, scipy, scikit-learn, ruamel.yaml.clib, ruamel.yaml, rich, requests, referencing, pyparsing, pycparser, protobuf, prefsampling, preflibtools, pref-voting, platformdirs, pipreqs, pipdeptree, pillow, pandocfilters, packaging, ortools, optree, opt-einsum, numpy, numba, networkx, nbformat, nbconvert, nbclient, nashpy, ml-dtypes, mistune, mip, mdurl, matplotlib, MarkupSafe, markdown-it-py, Markdown, llvmlite, kiwisolver, jupyterlab-pygments, jsonschema-specifications, jsonschema, joblib, jinja2, ipython, immutabledict, idna, h5py, gast, fsspec, fonttools, filelock, executing, defusedxml, contourpy, charset-normalizer, certifi, bleach, beautifulsoup4, attrs, appnope, absl-py, abcvoting
  Attempting uninstall: pytz
    Found existing installation: pytz 2024.2+computecanada
    Not uninstalling pytz at /cvmfs/soft.computecanada.ca/easybuild/software/2023/x86-64-v3/Compiler/gcccore/scipy-stack/2024b/lib/python3.11/site-packages, outside environment /local/b8armstr.26771992.0/env
    Can't uninstall 'pytz'. No files were found to uninstall.
  Attempting uninstall: pure-eval
    Found existing installation: pure_eval 0.2.2+computecanada
    Not uninstalling pure-eval at /cvmfs/soft.computecanada.ca/easybuild/software/2023/x86-64-v3/Compiler/gcccore/ipykernel/2024b/lib/python3.11/site-packages, outside environment /local/b8armstr.26771992.0/env
    Can't uninstall 'pure_eval'. No files were found to uninstall.
  Attempting uninstall: typing-extensions
    Found existing installation: typing_extensions 4.12.2+computecanada
    Not uninstalling typing-extensions at /cvmfs/soft.computecanada.ca/easybuild/software/2023/x86-64-v3/Compiler/gcccore/ipykernel/2024b/lib/python3.11/site-packages, outside environment /local/b8armstr.26771992.0/env
    Can't uninstall 'typing_extensions'. No files were found to uninstall.
  Attempting uninstall: sympy
    Found existing installation: sympy 1.13.3+computecanada
    Not uninstalling sympy at /cvmfs/soft.computecanada.ca/easybuild/software/2023/x86-64-v3/Compiler/gcccore/scipy-stack/2024b/lib/python3.11/site-packages, outside environment /local/b8armstr.26771992.0/env
    Can't uninstall 'sympy'. No files were found to uninstall.
  Attempting uninstall: scipy
    Found existing installation: scipy 1.14.1+computecanada
    Not uninstalling scipy at /cvmfs/soft.computecanada.ca/easybuild/software/2023/x86-64-v3/Compiler/gcccore/scipy-stack/2024b/lib/python3.11/site-packages, outside environment /local/b8armstr.26771992.0/env
    Can't uninstall 'scipy'. No files were found to uninstall.
  Attempting uninstall: pyparsing
    Found existing installation: pyparsing 3.1.4+computecanada
    Not uninstalling pyparsing at /cvmfs/soft.computecanada.ca/easybuild/software/2023/x86-64-v3/Compiler/gcccore/scipy-stack/2024b/lib/python3.11/site-packages, outside environment /local/b8armstr.26771992.0/env
    Can't uninstall 'pyparsing'. No files were found to uninstall.
  Attempting uninstall: platformdirs
    Found existing installation: platformdirs 3.9.1+computecanada
    Not uninstalling platformdirs at /cvmfs/soft.computecanada.ca/easybuild/software/2023/x86-64-v3/Compiler/gcccore/ipykernel/2024b/lib/python3.11/site-packages, outside environment /local/b8armstr.26771992.0/env
    Can't uninstall 'platformdirs'. No files were found to uninstall.
  Attempting uninstall: pillow
    Found existing installation: pillow 10.4.0+computecanada
    Not uninstalling pillow at /cvmfs/soft.computecanada.ca/easybuild/software/2023/x86-64-v3/Compiler/gcccore/scipy-stack/2024b/lib/python3.11/site-packages, outside environment /local/b8armstr.26771992.0/env
    Can't uninstall 'pillow'. No files were found to uninstall.
  Attempting uninstall: packaging
    Found existing installation: packaging 24.1+computecanada
    Not uninstalling packaging at /cvmfs/soft.computecanada.ca/easybuild/software/2023/x86-64-v3/Compiler/gcccore/scipy-stack/2024b/lib/python3.11/site-packages, outside environment /local/b8armstr.26771992.0/env
    Can't uninstall 'packaging'. No files were found to uninstall.
  Attempting uninstall: numpy
    Found existing installation: numpy 2.1.1+computecanada
    Not uninstalling numpy at /cvmfs/soft.computecanada.ca/easybuild/software/2023/x86-64-v3/Compiler/gcccore/scipy-stack/2024b/lib/python3.11/site-packages, outside environment /local/b8armstr.26771992.0/env
    Can't uninstall 'numpy'. No files were found to uninstall.
  Attempting uninstall: matplotlib
    Found existing installation: matplotlib 3.9.2+computecanada
    Not uninstalling matplotlib at /cvmfs/soft.computecanada.ca/easybuild/software/2023/x86-64-v3/Compiler/gcccore/scipy-stack/2024b/lib/python3.11/site-packages, outside environment /local/b8armstr.26771992.0/env
    Can't uninstall 'matplotlib'. No files were found to uninstall.
  Attempting uninstall: kiwisolver
    Found existing installation: kiwisolver 1.4.7+computecanada
    Not uninstalling kiwisolver at /cvmfs/soft.computecanada.ca/easybuild/software/2023/x86-64-v3/Compiler/gcccore/scipy-stack/2024b/lib/python3.11/site-packages, outside environment /local/b8armstr.26771992.0/env
    Can't uninstall 'kiwisolver'. No files were found to uninstall.
  Attempting uninstall: ipython
    Found existing installation: ipython 8.25.0+computecanada
    Not uninstalling ipython at /cvmfs/soft.computecanada.ca/easybuild/software/2023/x86-64-v3/Compiler/gcccore/ipykernel/2024b/lib/python3.11/site-packages, outside environment /local/b8armstr.26771992.0/env
    Can't uninstall 'ipython'. No files were found to uninstall.
  Attempting uninstall: fonttools
    Found existing installation: fonttools 4.53.1+computecanada
    Not uninstalling fonttools at /cvmfs/soft.computecanada.ca/easybuild/software/2023/x86-64-v3/Compiler/gcccore/scipy-stack/2024b/lib/python3.11/site-packages, outside environment /local/b8armstr.26771992.0/env
    Can't uninstall 'fonttools'. No files were found to uninstall.
  Attempting uninstall: executing
    Found existing installation: executing 2.0.1+computecanada
    Not uninstalling executing at /cvmfs/soft.computecanada.ca/easybuild/software/2023/x86-64-v3/Compiler/gcccore/ipykernel/2024b/lib/python3.11/site-packages, outside environment /local/b8armstr.26771992.0/env
    Can't uninstall 'executing'. No files were found to uninstall.
  Attempting uninstall: contourpy
    Found existing installation: contourpy 1.3.0+computecanada
    Not uninstalling contourpy at /cvmfs/soft.computecanada.ca/easybuild/software/2023/x86-64-v3/Compiler/gcccore/scipy-stack/2024b/lib/python3.11/site-packages, outside environment /local/b8armstr.26771992.0/env
    Can't uninstall 'contourpy'. No files were found to uninstall.
Successfully installed Markdown-3.6 MarkupSafe-2.1.5+computecanada abcvoting-2.10.0 absl-py-2.1.0+computecanada appnope-0.1.4 astunparse-1.6.3+computecanada attrs-24.2.0+computecanada backcall-0.2.0+computecanada beautifulsoup4-4.12.3+computecanada bleach-6.1.0+computecanada certifi-2024.6.2 cffi-1.15.1+computecanada charset-normalizer-3.3.2 contourpy-1.2.1+computecanada defusedxml-0.7.1+computecanada docopt-0.6.2+computecanada executing-2.1.0 fastjsonschema-2.20.0+computecanada filelock-3.14.0 flatbuffers-24.3.25+computecanada fonttools-4.53.0+computecanada fsspec-2024.6.0+computecanada gast-0.5.4+computecanada google-pasta-0.2.0+computecanada gurobipy-11.0.1 h5py-3.11.0+computecanada idna-3.7 immutabledict-4.2.0 ipython-8.12.3 jinja2-3.1.4+computecanada joblib-1.4.2+computecanada jsonschema-4.23.0+computecanada jsonschema-specifications-2023.12.1+computecanada jupyterlab-pygments-0.3.0+computecanada kiwisolver-1.4.5+computecanada llvmlite-0.41.1+computecanada markdown-it-py-3.0.0+computecanada matplotlib-3.9.0+computecanada mdurl-0.1.2+computecanada mip-1.15.0 mistune-3.0.2+computecanada ml-dtypes-0.3.2 namex-0.0.8+computecanada nashpy-0.0.40 nbclient-0.10.0+computecanada nbconvert-7.16.4+computecanada nbformat-5.10.4+computecanada networkx-3.3+computecanada numba-0.58.1+computecanada numpy-1.26.4+computecanada opt-einsum-3.3.0+computecanada optree-0.11.0+computecanada ortools-9.10.4067+computecanada packaging-24.0 pandocfilters-1.5.1+computecanada pickleshare-0.7.5+computecanada pillow-10.3.0+computecanada pipdeptree-2.23.1 pipreqs-0.5.0 platformdirs-4.3.3 pref-voting-1.13.18 preflibtools-2.0.22 prefsampling-0.1.20 protobuf-4.25.3+computecanada pure-eval-0.2.3+computecanada pycparser-2.22 pyparsing-3.1.2+computecanada pyrankvote-2.0.6 pytorch-ignite-0.5.1 pytz-2024.1+computecanada random2-1.0.2 referencing-0.35.1+computecanada requests-2.32.3 rich-13.7.1+computecanada ruamel.yaml-0.18.6+computecanada ruamel.yaml.clib-0.2.8+computecanada scikit-learn-1.5.0+computecanada scipy-1.13.1+computecanada seaborn-0.13.2+computecanada snakeviz-2.2.0 soupsieve-2.6+computecanada sympy-1.12.1+computecanada tabulate-0.9.0+computecanada termcolor-2.4.0+computecanada threadpoolctl-3.5.0+computecanada tinycss2-1.3.0+computecanada typing-extensions-4.12.1 urllib3-2.2.1 webencodings-0.5.1+computecanada werkzeug-3.0.3+computecanada yarg-0.1.9
Looking in links: /cvmfs/soft.computecanada.ca/custom/python/wheelhouse/gentoo2023/x86-64-v3, /cvmfs/soft.computecanada.ca/custom/python/wheelhouse/gentoo2023/generic, /cvmfs/soft.computecanada.ca/custom/python/wheelhouse/generic
Requirement already satisfied: scikit_learn in /local/b8armstr.26771992.0/env/lib/python3.11/site-packages (1.5.0+computecanada)
Processing /cvmfs/soft.computecanada.ca/custom/python/wheelhouse/gentoo2023/generic/scikit_learn-1.5.2+computecanada-cp311-cp311-linux_x86_64.whl
Requirement already satisfied: llvmlite in /local/b8armstr.26771992.0/env/lib/python3.11/site-packages (0.41.1+computecanada)
Processing /cvmfs/soft.computecanada.ca/custom/python/wheelhouse/gentoo2023/x86-64-v3/llvmlite-0.43.0+computecanada-cp311-cp311-linux_x86_64.whl
Requirement already satisfied: ortools in /local/b8armstr.26771992.0/env/lib/python3.11/site-packages (9.10.4067+computecanada)
Requirement already satisfied: numpy>=1.19.5 in /local/b8armstr.26771992.0/env/lib/python3.11/site-packages (from scikit_learn) (1.26.4+computecanada)
Requirement already satisfied: scipy>=1.6.0 in /local/b8armstr.26771992.0/env/lib/python3.11/site-packages (from scikit_learn) (1.13.1+computecanada)
Requirement already satisfied: joblib>=1.2.0 in /local/b8armstr.26771992.0/env/lib/python3.11/site-packages (from scikit_learn) (1.4.2+computecanada)
Requirement already satisfied: threadpoolctl>=3.1.0 in /local/b8armstr.26771992.0/env/lib/python3.11/site-packages (from scikit_learn) (3.5.0+computecanada)
Requirement already satisfied: absl-py>=2.0.0 in /local/b8armstr.26771992.0/env/lib/python3.11/site-packages (from ortools) (2.1.0+computecanada)
Requirement already satisfied: pandas>=2.0.0 in /cvmfs/soft.computecanada.ca/easybuild/software/2023/x86-64-v3/Compiler/gcccore/scipy-stack/2024b/lib/python3.11/site-packages (from ortools) (2.2.2+computecanada)
Processing /cvmfs/soft.computecanada.ca/custom/python/wheelhouse/gentoo2023/x86-64-v3/protobuf-5.28.0+computecanada-cp311-cp311-linux_x86_64.whl (from ortools)
Requirement already satisfied: immutabledict>=3.0.0 in /local/b8armstr.26771992.0/env/lib/python3.11/site-packages (from ortools) (4.2.0)
Requirement already satisfied: python-dateutil>=2.8.2 in /cvmfs/soft.computecanada.ca/easybuild/software/2023/x86-64-v3/Compiler/gcccore/scipy-stack/2024b/lib/python3.11/site-packages (from pandas>=2.0.0->ortools) (2.9.0.post0+computecanada)
Requirement already satisfied: pytz>=2020.1 in /local/b8armstr.26771992.0/env/lib/python3.11/site-packages (from pandas>=2.0.0->ortools) (2024.1+computecanada)
Requirement already satisfied: tzdata>=2022.7 in /cvmfs/soft.computecanada.ca/easybuild/software/2023/x86-64-v3/Compiler/gcccore/scipy-stack/2024b/lib/python3.11/site-packages (from pandas>=2.0.0->ortools) (2024.1+computecanada)
Requirement already satisfied: six>=1.5 in /cvmfs/soft.computecanada.ca/easybuild/software/2023/x86-64-v3/Compiler/gcccore/scipy-stack/2024b/lib/python3.11/site-packages (from python-dateutil>=2.8.2->pandas>=2.0.0->ortools) (1.16.0+computecanada)
Installing collected packages: protobuf, llvmlite, scikit_learn
  Attempting uninstall: protobuf
    Found existing installation: protobuf 4.25.3+computecanada
    Uninstalling protobuf-4.25.3+computecanada:
      Successfully uninstalled protobuf-4.25.3+computecanada
  Attempting uninstall: llvmlite
    Found existing installation: llvmlite 0.41.1+computecanada
    Uninstalling llvmlite-0.41.1+computecanada:
      Successfully uninstalled llvmlite-0.41.1+computecanada
  Attempting uninstall: scikit_learn
    Found existing installation: scikit_learn 1.5.0+computecanada
    Uninstalling scikit_learn-1.5.0+computecanada:
      Successfully uninstalled scikit_learn-1.5.0+computecanada
ERROR: pip's dependency resolver does not currently take into account all the packages that are installed. This behaviour is the source of the following dependency conflicts.
numba 0.58.1+computecanada requires llvmlite<0.42,>=0.41.0dev0, but you have llvmlite 0.43.0+computecanada which is incompatible.
Successfully installed llvmlite-0.43.0+computecanada protobuf-5.28.0+computecanada scikit_learn-1.5.2+computecanada
Looking in links: /cvmfs/soft.computecanada.ca/custom/python/wheelhouse/gentoo2023/x86-64-v3, /cvmfs/soft.computecanada.ca/custom/python/wheelhouse/gentoo2023/generic, /cvmfs/soft.computecanada.ca/custom/python/wheelhouse/generic
Processing /cvmfs/soft.computecanada.ca/custom/python/wheelhouse/gentoo2023/x86-64-v3/torch-2.5.1+computecanada-cp311-cp311-linux_x86_64.whl
Requirement already satisfied: filelock in /local/b8armstr.26771992.0/env/lib/python3.11/site-packages (from torch) (3.14.0)
Requirement already satisfied: typing-extensions>=4.8.0 in /local/b8armstr.26771992.0/env/lib/python3.11/site-packages (from torch) (4.12.1)
Requirement already satisfied: networkx in /local/b8armstr.26771992.0/env/lib/python3.11/site-packages (from torch) (3.3+computecanada)
Requirement already satisfied: jinja2 in /local/b8armstr.26771992.0/env/lib/python3.11/site-packages (from torch) (3.1.4+computecanada)
Requirement already satisfied: fsspec in /local/b8armstr.26771992.0/env/lib/python3.11/site-packages (from torch) (2024.6.0+computecanada)
Processing /cvmfs/soft.computecanada.ca/custom/python/wheelhouse/generic/sympy-1.13.1+computecanada-py3-none-any.whl (from torch)
Requirement already satisfied: mpmath<1.4,>=1.1.0 in /cvmfs/soft.computecanada.ca/easybuild/software/2023/x86-64-v3/Compiler/gcccore/scipy-stack/2024b/lib/python3.11/site-packages (from sympy==1.13.1->torch) (1.3.0+computecanada)
Requirement already satisfied: MarkupSafe>=2.0 in /local/b8armstr.26771992.0/env/lib/python3.11/site-packages (from jinja2->torch) (2.1.5+computecanada)
Installing collected packages: sympy, torch
  Attempting uninstall: sympy
    Found existing installation: sympy 1.12.1+computecanada
    Uninstalling sympy-1.12.1+computecanada:
      Successfully uninstalled sympy-1.12.1+computecanada
Successfully installed sympy-1.13.1+computecanada torch-2.5.1+computecanada
About to start experiments
/local/b8armstr.26771992.0/env/lib/python3.11/site-packages/ignite/handlers/checkpoint.py:16: DeprecationWarning: `TorchScript` support for functional optimizers is deprecated and will be removed in a future PyTorch release. Consider using the `torch.compile` optimizer instead.
  from torch.distributed.optim import ZeroRedundancyOptimizer

DATA LOADED

Network count: 1
Finished making config for num_voters=50-m=7-num_winners=6-pref_dist=MALLOWS-RELPHI-R-axioms=all-features=bcr-loss=L1Loss()-idx=0
Beginning to train num_voters=50-m=7-num_winners=6-pref_dist=MALLOWS-RELPHI-R-axioms=all-features=bcr-loss=L1Loss()-idx=0
LOAD MODEL PATH: /scratch/b8armstr/thesis_results/trained_networks/NN-num_voters=50-m=7-num_winners=6-pref_dist=MALLOWS-RELPHI-R-axioms=all-features=bcr-loss=L1Loss()-idx=0-.pt
Network num_voters=50-m=7-num_winners=6-pref_dist=MALLOWS-RELPHI-R-axioms=all-features=bcr-loss=L1Loss()-idx=0 already trained. Skipping.
Network count: 2
Finished making config for num_voters=50-m=7-num_winners=6-pref_dist=MALLOWS-RELPHI-R-axioms=all-features=bcr-loss=L1Loss()-idx=1
Beginning to train num_voters=50-m=7-num_winners=6-pref_dist=MALLOWS-RELPHI-R-axioms=all-features=bcr-loss=L1Loss()-idx=1
LOAD MODEL PATH: /scratch/b8armstr/thesis_results/trained_networks/NN-num_voters=50-m=7-num_winners=6-pref_dist=MALLOWS-RELPHI-R-axioms=all-features=bcr-loss=L1Loss()-idx=1-.pt
Network num_voters=50-m=7-num_winners=6-pref_dist=MALLOWS-RELPHI-R-axioms=all-features=bcr-loss=L1Loss()-idx=1 already trained. Skipping.
Network count: 3
Finished making config for num_voters=50-m=7-num_winners=6-pref_dist=MALLOWS-RELPHI-R-axioms=all-features=bcr-loss=L1Loss()-idx=2
Beginning to train num_voters=50-m=7-num_winners=6-pref_dist=MALLOWS-RELPHI-R-axioms=all-features=bcr-loss=L1Loss()-idx=2
LOAD MODEL PATH: /scratch/b8armstr/thesis_results/trained_networks/NN-num_voters=50-m=7-num_winners=6-pref_dist=MALLOWS-RELPHI-R-axioms=all-features=bcr-loss=L1Loss()-idx=2-.pt
Network num_voters=50-m=7-num_winners=6-pref_dist=MALLOWS-RELPHI-R-axioms=all-features=bcr-loss=L1Loss()-idx=2 already trained. Skipping.
Network count: 4
Finished making config for num_voters=50-m=7-num_winners=6-pref_dist=MALLOWS-RELPHI-R-axioms=all-features=bcr-loss=L1Loss()-idx=3
Beginning to train num_voters=50-m=7-num_winners=6-pref_dist=MALLOWS-RELPHI-R-axioms=all-features=bcr-loss=L1Loss()-idx=3
LOAD MODEL PATH: /scratch/b8armstr/thesis_results/trained_networks/NN-num_voters=50-m=7-num_winners=6-pref_dist=MALLOWS-RELPHI-R-axioms=all-features=bcr-loss=L1Loss()-idx=3-.pt
Saved network not found. Beginning training. Caught exception: [Errno 2] No such file or directory: '/scratch/b8armstr/thesis_results/trained_networks/NN-num_voters=50-m=7-num_winners=6-pref_dist=MALLOWS-RELPHI-R-axioms=all-features=bcr-loss=L1Loss()-idx=3-.pt'
Epoch 1, Training loss: 0.2448, 
Epoch 2, Training loss: 0.1525, 
Epoch 3, Training loss: 0.1500, 
Epoch 4, Training loss: 0.1482, 
Epoch 5, Training loss: 0.1477, 
Epoch 6, Training loss: 0.1469, 
Epoch 7, Training loss: 0.1466, 
Epoch 8, Training loss: 0.1461, 
Epoch 9, Training loss: 0.1460, 
Epoch 10, Training loss: 0.1443, 
Epoch 11, Training loss: 0.1324, 
Epoch 12, Training loss: 0.1278, 
Epoch 13, Training loss: 0.1271, 
Epoch 14, Training loss: 0.1260, 
Epoch 15, Training loss: 0.1207, 
Epoch 16, Training loss: 0.1079, 
Epoch 17, Training loss: 0.0967, 
Epoch 18, Training loss: 0.0892, 
Epoch 19, Training loss: 0.0866, 
Epoch 20, Training loss: 0.0737, 
Epoch 21, Training loss: 0.0450, 
Epoch 22, Training loss: 0.0281, 
Epoch 23, Training loss: 0.0181, 
Epoch 24, Training loss: 0.0163, 
Epoch 25, Training loss: 0.0154, 
Epoch 26, Training loss: 0.0143, 
Epoch 27, Training loss: 0.0137, 
Epoch 28, Training loss: 0.0130, 
Epoch 29, Training loss: 0.0123, 
Epoch 30, Training loss: 0.0125, 
Epoch 31, Training loss: 0.0115, 
Epoch 32, Training loss: 0.0112, 
Epoch 33, Training loss: 0.0112, 
Epoch 34, Training loss: 0.0110, 
Epoch 35, Training loss: 0.0109, 
Epoch 36, Training loss: 0.0108, 
Epoch 37, Training loss: 0.0100, 
Epoch 38, Training loss: 0.0104, 
Epoch 39, Training loss: 0.0102, 
Epoch 40, Training loss: 0.0095, 
Epoch 41, Training loss: 0.0093, 
Epoch 42, Training loss: 0.0094, 
Epoch 43, Training loss: 0.0090, 
Epoch 44, Training loss: 0.0090, 
Epoch 45, Training loss: 0.0088, 
Epoch 46, Training loss: 0.0089, 
Epoch 47, Training loss: 0.0087, 
Epoch 48, Training loss: 0.0084, 
Epoch 49, Training loss: 0.0086, 
Epoch 50, Training loss: 0.0085, 
Network count: 5
Finished making config for num_voters=50-m=7-num_winners=6-pref_dist=MALLOWS-RELPHI-R-axioms=all-features=bcr-loss=L1Loss()-idx=4
Beginning to train num_voters=50-m=7-num_winners=6-pref_dist=MALLOWS-RELPHI-R-axioms=all-features=bcr-loss=L1Loss()-idx=4
LOAD MODEL PATH: /scratch/b8armstr/thesis_results/trained_networks/NN-num_voters=50-m=7-num_winners=6-pref_dist=MALLOWS-RELPHI-R-axioms=all-features=bcr-loss=L1Loss()-idx=4-.pt
Saved network not found. Beginning training. Caught exception: [Errno 2] No such file or directory: '/scratch/b8armstr/thesis_results/trained_networks/NN-num_voters=50-m=7-num_winners=6-pref_dist=MALLOWS-RELPHI-R-axioms=all-features=bcr-loss=L1Loss()-idx=4-.pt'
Epoch 1, Training loss: 0.2523, 
Epoch 2, Training loss: 0.1531, 
Epoch 3, Training loss: 0.1506, 
Epoch 4, Training loss: 0.1488, 
Epoch 5, Training loss: 0.1479, 
Epoch 6, Training loss: 0.1477, 
Epoch 7, Training loss: 0.1468, 
Epoch 8, Training loss: 0.1468, 
Epoch 9, Training loss: 0.1461, 
Epoch 10, Training loss: 0.1461, 
Epoch 11, Training loss: 0.1458, 
Epoch 12, Training loss: 0.1431, 
Epoch 13, Training loss: 0.1285, 
Epoch 14, Training loss: 0.1265, 
Epoch 15, Training loss: 0.1261, 
Epoch 16, Training loss: 0.1259, 
Epoch 17, Training loss: 0.1254, 
Epoch 18, Training loss: 0.1246, 
Epoch 19, Training loss: 0.1200, 
Epoch 20, Training loss: 0.1070, 
Epoch 21, Training loss: 0.1054, 
Epoch 22, Training loss: 0.0955, 
Epoch 23, Training loss: 0.0874, 
Epoch 24, Training loss: 0.0858, 
Epoch 25, Training loss: 0.0817, 
Epoch 26, Training loss: 0.0627, 
Epoch 27, Training loss: 0.0494, 
Epoch 28, Training loss: 0.0433, 
Epoch 29, Training loss: 0.0252, 
Epoch 30, Training loss: 0.0166, 
Epoch 31, Training loss: 0.0152, 
Epoch 32, Training loss: 0.0138, 
Epoch 33, Training loss: 0.0132, 
Epoch 34, Training loss: 0.0125, 
Epoch 35, Training loss: 0.0122, 
Epoch 36, Training loss: 0.0118, 
Epoch 37, Training loss: 0.0114, 
Epoch 38, Training loss: 0.0109, 
Epoch 39, Training loss: 0.0104, 
Epoch 40, Training loss: 0.0102, 
Epoch 41, Training loss: 0.0102, 
Epoch 42, Training loss: 0.0097, 
Epoch 43, Training loss: 0.0101, 
Epoch 44, Training loss: 0.0096, 
Epoch 45, Training loss: 0.0090, 
Epoch 46, Training loss: 0.0093, 
Epoch 47, Training loss: 0.0087, 
Epoch 48, Training loss: 0.0086, 
Epoch 49, Training loss: 0.0085, 
Epoch 50, Training loss: 0.0082, 
Network count: 6
Finished making config for num_voters=50-m=7-num_winners=6-pref_dist=MALLOWS-RELPHI-R-axioms=all-features=bcr-loss=L1Loss()-idx=5
Beginning to train num_voters=50-m=7-num_winners=6-pref_dist=MALLOWS-RELPHI-R-axioms=all-features=bcr-loss=L1Loss()-idx=5
LOAD MODEL PATH: /scratch/b8armstr/thesis_results/trained_networks/NN-num_voters=50-m=7-num_winners=6-pref_dist=MALLOWS-RELPHI-R-axioms=all-features=bcr-loss=L1Loss()-idx=5-.pt
Saved network not found. Beginning training. Caught exception: [Errno 2] No such file or directory: '/scratch/b8armstr/thesis_results/trained_networks/NN-num_voters=50-m=7-num_winners=6-pref_dist=MALLOWS-RELPHI-R-axioms=all-features=bcr-loss=L1Loss()-idx=5-.pt'
Epoch 1, Training loss: 0.2355, 
Epoch 2, Training loss: 0.1531, 
Epoch 3, Training loss: 0.1504, 
Epoch 4, Training loss: 0.1485, 
Epoch 5, Training loss: 0.1476, 
Epoch 6, Training loss: 0.1472, 
Epoch 7, Training loss: 0.1468, 
Epoch 8, Training loss: 0.1466, 
Epoch 9, Training loss: 0.1458, 
Epoch 10, Training loss: 0.1451, 
Epoch 11, Training loss: 0.1427, 
Epoch 12, Training loss: 0.1199, 
Epoch 13, Training loss: 0.1087, 
Epoch 14, Training loss: 0.1080, 
Epoch 15, Training loss: 0.1072, 
Epoch 16, Training loss: 0.1066, 
Epoch 17, Training loss: 0.1069, 
Epoch 18, Training loss: 0.1058, 
Epoch 19, Training loss: 0.1057, 
Epoch 20, Training loss: 0.1052, 
Epoch 21, Training loss: 0.1044, 
Epoch 22, Training loss: 0.1022, 
Epoch 23, Training loss: 0.0907, 
Epoch 24, Training loss: 0.0545, 
Epoch 25, Training loss: 0.0260, 
Epoch 26, Training loss: 0.0175, 
Epoch 27, Training loss: 0.0157, 
Epoch 28, Training loss: 0.0140, 
Epoch 29, Training loss: 0.0131, 
Epoch 30, Training loss: 0.0127, 
Epoch 31, Training loss: 0.0128, 
Epoch 32, Training loss: 0.0115, 
Epoch 33, Training loss: 0.0112, 
Epoch 34, Training loss: 0.0108, 
Epoch 35, Training loss: 0.0108, 
Epoch 36, Training loss: 0.0101, 
Epoch 37, Training loss: 0.0103, 
Epoch 38, Training loss: 0.0102, 
Epoch 39, Training loss: 0.0095, 
Epoch 40, Training loss: 0.0094, 
Epoch 41, Training loss: 0.0092, 
Epoch 42, Training loss: 0.0090, 
Epoch 43, Training loss: 0.0091, 
Epoch 44, Training loss: 0.0085, 
Epoch 45, Training loss: 0.0087, 
Epoch 46, Training loss: 0.0087, 
Epoch 47, Training loss: 0.0084, 
Epoch 48, Training loss: 0.0082, 
Epoch 49, Training loss: 0.0082, 
Epoch 50, Training loss: 0.0081, 
Network count: 7
Finished making config for num_voters=50-m=7-num_winners=6-pref_dist=MALLOWS-RELPHI-R-axioms=all-features=bcr-loss=L1Loss()-idx=6
Beginning to train num_voters=50-m=7-num_winners=6-pref_dist=MALLOWS-RELPHI-R-axioms=all-features=bcr-loss=L1Loss()-idx=6
LOAD MODEL PATH: /scratch/b8armstr/thesis_results/trained_networks/NN-num_voters=50-m=7-num_winners=6-pref_dist=MALLOWS-RELPHI-R-axioms=all-features=bcr-loss=L1Loss()-idx=6-.pt
Saved network not found. Beginning training. Caught exception: [Errno 2] No such file or directory: '/scratch/b8armstr/thesis_results/trained_networks/NN-num_voters=50-m=7-num_winners=6-pref_dist=MALLOWS-RELPHI-R-axioms=all-features=bcr-loss=L1Loss()-idx=6-.pt'
Epoch 1, Training loss: 0.2470, 
Epoch 2, Training loss: 0.1534, 
Epoch 3, Training loss: 0.1505, 
Epoch 4, Training loss: 0.1489, 
Epoch 5, Training loss: 0.1479, 
Epoch 6, Training loss: 0.1473, 
Epoch 7, Training loss: 0.1468, 
Epoch 8, Training loss: 0.1466, 
Epoch 9, Training loss: 0.1461, 
Epoch 10, Training loss: 0.1457, 
Epoch 11, Training loss: 0.1448, 
Epoch 12, Training loss: 0.1381, 
Epoch 13, Training loss: 0.1259, 
Epoch 14, Training loss: 0.1167, 
Epoch 15, Training loss: 0.1077, 
Epoch 16, Training loss: 0.1064, 
Epoch 17, Training loss: 0.1031, 
Epoch 18, Training loss: 0.0891, 
Epoch 19, Training loss: 0.0784, 
Epoch 20, Training loss: 0.0698, 
Epoch 21, Training loss: 0.0683, 
Epoch 22, Training loss: 0.0662, 
Epoch 23, Training loss: 0.0564, 
Epoch 24, Training loss: 0.0233, 
Epoch 25, Training loss: 0.0172, 
Epoch 26, Training loss: 0.0155, 
Epoch 27, Training loss: 0.0143, 
Epoch 28, Training loss: 0.0134, 
Epoch 29, Training loss: 0.0129, 
Epoch 30, Training loss: 0.0123, 
Epoch 31, Training loss: 0.0117, 
Epoch 32, Training loss: 0.0121, 
Epoch 33, Training loss: 0.0113, 
Epoch 34, Training loss: 0.0110, 
Epoch 35, Training loss: 0.0110, 
Epoch 36, Training loss: 0.0111, 
Epoch 37, Training loss: 0.0106, 
Epoch 38, Training loss: 0.0102, 
Epoch 39, Training loss: 0.0100, 
Epoch 40, Training loss: 0.0101, 
Epoch 41, Training loss: 0.0098, 
Epoch 42, Training loss: 0.0099, 
Epoch 43, Training loss: 0.0091, 
Epoch 44, Training loss: 0.0094, 
Epoch 45, Training loss: 0.0092, 
Epoch 46, Training loss: 0.0093, 
Epoch 47, Training loss: 0.0090, 
Epoch 48, Training loss: 0.0092, 
Epoch 49, Training loss: 0.0085, 
Epoch 50, Training loss: 0.0088, 
Network count: 8
Finished making config for num_voters=50-m=7-num_winners=6-pref_dist=MALLOWS-RELPHI-R-axioms=all-features=bcr-loss=L1Loss()-idx=7
Beginning to train num_voters=50-m=7-num_winners=6-pref_dist=MALLOWS-RELPHI-R-axioms=all-features=bcr-loss=L1Loss()-idx=7
LOAD MODEL PATH: /scratch/b8armstr/thesis_results/trained_networks/NN-num_voters=50-m=7-num_winners=6-pref_dist=MALLOWS-RELPHI-R-axioms=all-features=bcr-loss=L1Loss()-idx=7-.pt
Saved network not found. Beginning training. Caught exception: [Errno 2] No such file or directory: '/scratch/b8armstr/thesis_results/trained_networks/NN-num_voters=50-m=7-num_winners=6-pref_dist=MALLOWS-RELPHI-R-axioms=all-features=bcr-loss=L1Loss()-idx=7-.pt'
Epoch 1, Training loss: 0.2529, 
Epoch 2, Training loss: 0.1539, 
Epoch 3, Training loss: 0.1510, 
Epoch 4, Training loss: 0.1489, 
Epoch 5, Training loss: 0.1480, 
Epoch 6, Training loss: 0.1475, 
Epoch 7, Training loss: 0.1469, 
Epoch 8, Training loss: 0.1465, 
Epoch 9, Training loss: 0.1460, 
Epoch 10, Training loss: 0.1449, 
Epoch 11, Training loss: 0.1339, 
Epoch 12, Training loss: 0.1273, 
Epoch 13, Training loss: 0.1264, 
Epoch 14, Training loss: 0.1257, 
Epoch 15, Training loss: 0.1233, 
Epoch 16, Training loss: 0.1093, 
Epoch 17, Training loss: 0.0916, 
Epoch 18, Training loss: 0.0904, 
Epoch 19, Training loss: 0.0899, 
Epoch 20, Training loss: 0.0887, 
Epoch 21, Training loss: 0.0868, 
Epoch 22, Training loss: 0.0812, 
Epoch 23, Training loss: 0.0591, 
Epoch 24, Training loss: 0.0456, 
Epoch 25, Training loss: 0.0298, 
Epoch 26, Training loss: 0.0201, 
Epoch 27, Training loss: 0.0170, 
Epoch 28, Training loss: 0.0157, 
Epoch 29, Training loss: 0.0148, 
Epoch 30, Training loss: 0.0143, 
Epoch 31, Training loss: 0.0133, 
Epoch 32, Training loss: 0.0126, 
Epoch 33, Training loss: 0.0122, 
Epoch 34, Training loss: 0.0118, 
Epoch 35, Training loss: 0.0113, 
Epoch 36, Training loss: 0.0116, 
Epoch 37, Training loss: 0.0108, 
Epoch 38, Training loss: 0.0108, 
Epoch 39, Training loss: 0.0107, 
Epoch 40, Training loss: 0.0104, 
Epoch 41, Training loss: 0.0097, 
Epoch 42, Training loss: 0.0102, 
Epoch 43, Training loss: 0.0100, 
Epoch 44, Training loss: 0.0092, 
Epoch 45, Training loss: 0.0092, 
Epoch 46, Training loss: 0.0095, 
Epoch 47, Training loss: 0.0090, 
Epoch 48, Training loss: 0.0088, 
Epoch 49, Training loss: 0.0089, 
Epoch 50, Training loss: 0.0085, 
Network count: 9
Finished making config for num_voters=50-m=7-num_winners=6-pref_dist=MALLOWS-RELPHI-R-axioms=all-features=bcr-loss=L1Loss()-idx=8
Beginning to train num_voters=50-m=7-num_winners=6-pref_dist=MALLOWS-RELPHI-R-axioms=all-features=bcr-loss=L1Loss()-idx=8
LOAD MODEL PATH: /scratch/b8armstr/thesis_results/trained_networks/NN-num_voters=50-m=7-num_winners=6-pref_dist=MALLOWS-RELPHI-R-axioms=all-features=bcr-loss=L1Loss()-idx=8-.pt
Saved network not found. Beginning training. Caught exception: [Errno 2] No such file or directory: '/scratch/b8armstr/thesis_results/trained_networks/NN-num_voters=50-m=7-num_winners=6-pref_dist=MALLOWS-RELPHI-R-axioms=all-features=bcr-loss=L1Loss()-idx=8-.pt'
Epoch 1, Training loss: 0.2504, 
Epoch 2, Training loss: 0.1533, 
Epoch 3, Training loss: 0.1505, 
Epoch 4, Training loss: 0.1487, 
Epoch 5, Training loss: 0.1480, 
Epoch 6, Training loss: 0.1472, 
Epoch 7, Training loss: 0.1469, 
Epoch 8, Training loss: 0.1464, 
Epoch 9, Training loss: 0.1464, 
Epoch 10, Training loss: 0.1458, 
Epoch 11, Training loss: 0.1445, 
Epoch 12, Training loss: 0.1372, 
Epoch 13, Training loss: 0.1138, 
Epoch 14, Training loss: 0.0762, 
Epoch 15, Training loss: 0.0734, 
Epoch 16, Training loss: 0.0722, 
Epoch 17, Training loss: 0.0717, 
Epoch 18, Training loss: 0.0705, 
Epoch 19, Training loss: 0.0692, 
Epoch 20, Training loss: 0.0651, 
Epoch 21, Training loss: 0.0445, 
Epoch 22, Training loss: 0.0202, 
Epoch 23, Training loss: 0.0178, 
Epoch 24, Training loss: 0.0162, 
Epoch 25, Training loss: 0.0151, 
Epoch 26, Training loss: 0.0147, 
Epoch 27, Training loss: 0.0135, 
Epoch 28, Training loss: 0.0134, 
Epoch 29, Training loss: 0.0127, 
Epoch 30, Training loss: 0.0126, 
Epoch 31, Training loss: 0.0119, 
Epoch 32, Training loss: 0.0119, 
Epoch 33, Training loss: 0.0112, 
Epoch 34, Training loss: 0.0111, 
Epoch 35, Training loss: 0.0110, 
Epoch 36, Training loss: 0.0105, 
Epoch 37, Training loss: 0.0103, 
Epoch 38, Training loss: 0.0101, 
Epoch 39, Training loss: 0.0099, 
Epoch 40, Training loss: 0.0100, 
Epoch 41, Training loss: 0.0096, 
Epoch 42, Training loss: 0.0095, 
Epoch 43, Training loss: 0.0092, 
Epoch 44, Training loss: 0.0094, 
Epoch 45, Training loss: 0.0093, 
Epoch 46, Training loss: 0.0089, 
Epoch 47, Training loss: 0.0086, 
Epoch 48, Training loss: 0.0087, 
Epoch 49, Training loss: 0.0084, 
Epoch 50, Training loss: 0.0083, 
Network count: 10
Finished making config for num_voters=50-m=7-num_winners=6-pref_dist=MALLOWS-RELPHI-R-axioms=all-features=bcr-loss=L1Loss()-idx=9
Beginning to train num_voters=50-m=7-num_winners=6-pref_dist=MALLOWS-RELPHI-R-axioms=all-features=bcr-loss=L1Loss()-idx=9
LOAD MODEL PATH: /scratch/b8armstr/thesis_results/trained_networks/NN-num_voters=50-m=7-num_winners=6-pref_dist=MALLOWS-RELPHI-R-axioms=all-features=bcr-loss=L1Loss()-idx=9-.pt
Saved network not found. Beginning training. Caught exception: [Errno 2] No such file or directory: '/scratch/b8armstr/thesis_results/trained_networks/NN-num_voters=50-m=7-num_winners=6-pref_dist=MALLOWS-RELPHI-R-axioms=all-features=bcr-loss=L1Loss()-idx=9-.pt'
Epoch 1, Training loss: 0.2399, 
Epoch 2, Training loss: 0.1527, 
Epoch 3, Training loss: 0.1502, 
Epoch 4, Training loss: 0.1486, 
Epoch 5, Training loss: 0.1477, 
Epoch 6, Training loss: 0.1468, 
Epoch 7, Training loss: 0.1467, 
Epoch 8, Training loss: 0.1465, 
Epoch 9, Training loss: 0.1458, 
Epoch 10, Training loss: 0.1459, 
Epoch 11, Training loss: 0.1457, 
Epoch 12, Training loss: 0.1451, 
Epoch 13, Training loss: 0.1449, 
Epoch 14, Training loss: 0.1441, 
Epoch 15, Training loss: 0.1395, 
Epoch 16, Training loss: 0.1085, 
Epoch 17, Training loss: 0.0934, 
Epoch 18, Training loss: 0.0778, 
Epoch 19, Training loss: 0.0696, 
Epoch 20, Training loss: 0.0666, 
Epoch 21, Training loss: 0.0552, 
Epoch 22, Training loss: 0.0341, 
Epoch 23, Training loss: 0.0235, 
Epoch 24, Training loss: 0.0174, 
Epoch 25, Training loss: 0.0159, 
Epoch 26, Training loss: 0.0146, 
Epoch 27, Training loss: 0.0139, 
Epoch 28, Training loss: 0.0133, 
Epoch 29, Training loss: 0.0124, 
Epoch 30, Training loss: 0.0122, 
Epoch 31, Training loss: 0.0119, 
Epoch 32, Training loss: 0.0112, 
Epoch 33, Training loss: 0.0112, 
Epoch 34, Training loss: 0.0111, 
Epoch 35, Training loss: 0.0106, 
Epoch 36, Training loss: 0.0102, 
Epoch 37, Training loss: 0.0101, 
Epoch 38, Training loss: 0.0098, 
Epoch 39, Training loss: 0.0099, 
Epoch 40, Training loss: 0.0092, 
Epoch 41, Training loss: 0.0090, 
Epoch 42, Training loss: 0.0091, 
Epoch 43, Training loss: 0.0087, 
Epoch 44, Training loss: 0.0090, 
Epoch 45, Training loss: 0.0089, 
Epoch 46, Training loss: 0.0085, 
Epoch 47, Training loss: 0.0083, 
Epoch 48, Training loss: 0.0083, 
Epoch 49, Training loss: 0.0084, 
Epoch 50, Training loss: 0.0081, 
Network count: 11
Finished making config for num_voters=50-m=7-num_winners=6-pref_dist=MALLOWS-RELPHI-R-axioms=all-features=bcr-loss=L1Loss()-idx=10
Beginning to train num_voters=50-m=7-num_winners=6-pref_dist=MALLOWS-RELPHI-R-axioms=all-features=bcr-loss=L1Loss()-idx=10
LOAD MODEL PATH: /scratch/b8armstr/thesis_results/trained_networks/NN-num_voters=50-m=7-num_winners=6-pref_dist=MALLOWS-RELPHI-R-axioms=all-features=bcr-loss=L1Loss()-idx=10-.pt
Saved network not found. Beginning training. Caught exception: [Errno 2] No such file or directory: '/scratch/b8armstr/thesis_results/trained_networks/NN-num_voters=50-m=7-num_winners=6-pref_dist=MALLOWS-RELPHI-R-axioms=all-features=bcr-loss=L1Loss()-idx=10-.pt'
Epoch 1, Training loss: 0.2449, 
Epoch 2, Training loss: 0.1520, 
Epoch 3, Training loss: 0.1496, 
Epoch 4, Training loss: 0.1482, 
Epoch 5, Training loss: 0.1473, 
Epoch 6, Training loss: 0.1470, 
Epoch 7, Training loss: 0.1468, 
Epoch 8, Training loss: 0.1462, 
Epoch 9, Training loss: 0.1460, 
Epoch 10, Training loss: 0.1459, 
Epoch 11, Training loss: 0.1456, 
Epoch 12, Training loss: 0.1453, 
Epoch 13, Training loss: 0.1451, 
Epoch 14, Training loss: 0.1439, 
Epoch 15, Training loss: 0.1333, 
Epoch 16, Training loss: 0.1162, 
Epoch 17, Training loss: 0.0862, 
Epoch 18, Training loss: 0.0723, 
Epoch 19, Training loss: 0.0708, 
Epoch 20, Training loss: 0.0695, 
Epoch 21, Training loss: 0.0659, 
Epoch 22, Training loss: 0.0535, 
Epoch 23, Training loss: 0.0499, 
Epoch 24, Training loss: 0.0482, 
Epoch 25, Training loss: 0.0450, 
Epoch 26, Training loss: 0.0313, 
Epoch 27, Training loss: 0.0185, 
Epoch 28, Training loss: 0.0161, 
Epoch 29, Training loss: 0.0147, 
Epoch 30, Training loss: 0.0143, 
Epoch 31, Training loss: 0.0129, 
Epoch 32, Training loss: 0.0126, 
Epoch 33, Training loss: 0.0122, 
Epoch 34, Training loss: 0.0119, 
Epoch 35, Training loss: 0.0110, 
Epoch 36, Training loss: 0.0115, 
Epoch 37, Training loss: 0.0106, 
Epoch 38, Training loss: 0.0102, 
Epoch 39, Training loss: 0.0101, 
Epoch 40, Training loss: 0.0099, 
Epoch 41, Training loss: 0.0101, 
Epoch 42, Training loss: 0.0095, 
Epoch 43, Training loss: 0.0092, 
Epoch 44, Training loss: 0.0090, 
Epoch 45, Training loss: 0.0090, 
Epoch 46, Training loss: 0.0087, 
Epoch 47, Training loss: 0.0083, 
Epoch 48, Training loss: 0.0089, 
Epoch 49, Training loss: 0.0084, 
Epoch 50, Training loss: 0.0080, 
Network count: 12
Finished making config for num_voters=50-m=7-num_winners=6-pref_dist=MALLOWS-RELPHI-R-axioms=all-features=bcr-loss=L1Loss()-idx=11
Beginning to train num_voters=50-m=7-num_winners=6-pref_dist=MALLOWS-RELPHI-R-axioms=all-features=bcr-loss=L1Loss()-idx=11
LOAD MODEL PATH: /scratch/b8armstr/thesis_results/trained_networks/NN-num_voters=50-m=7-num_winners=6-pref_dist=MALLOWS-RELPHI-R-axioms=all-features=bcr-loss=L1Loss()-idx=11-.pt
Saved network not found. Beginning training. Caught exception: [Errno 2] No such file or directory: '/scratch/b8armstr/thesis_results/trained_networks/NN-num_voters=50-m=7-num_winners=6-pref_dist=MALLOWS-RELPHI-R-axioms=all-features=bcr-loss=L1Loss()-idx=11-.pt'
Epoch 1, Training loss: 0.2517, 
Epoch 2, Training loss: 0.1529, 
Epoch 3, Training loss: 0.1500, 
Epoch 4, Training loss: 0.1485, 
Epoch 5, Training loss: 0.1478, 
Epoch 6, Training loss: 0.1470, 
Epoch 7, Training loss: 0.1466, 
Epoch 8, Training loss: 0.1464, 
Epoch 9, Training loss: 0.1458, 
Epoch 10, Training loss: 0.1452, 
Epoch 11, Training loss: 0.1409, 
Epoch 12, Training loss: 0.1169, 
Epoch 13, Training loss: 0.1064, 
Epoch 14, Training loss: 0.0930, 
Epoch 15, Training loss: 0.0734, 
Epoch 16, Training loss: 0.0695, 
Epoch 17, Training loss: 0.0630, 
Epoch 18, Training loss: 0.0535, 
Epoch 19, Training loss: 0.0510, 
Epoch 20, Training loss: 0.0460, 
Epoch 21, Training loss: 0.0302, 
Epoch 22, Training loss: 0.0193, 
Epoch 23, Training loss: 0.0176, 
Epoch 24, Training loss: 0.0162, 
Epoch 25, Training loss: 0.0155, 
Epoch 26, Training loss: 0.0147, 
Epoch 27, Training loss: 0.0144, 
Epoch 28, Training loss: 0.0136, 
Epoch 29, Training loss: 0.0132, 
Epoch 30, Training loss: 0.0129, 
Epoch 31, Training loss: 0.0124, 
Epoch 32, Training loss: 0.0120, 
Epoch 33, Training loss: 0.0120, 
Epoch 34, Training loss: 0.0117, 
Epoch 35, Training loss: 0.0112, 
Epoch 36, Training loss: 0.0111, 
Epoch 37, Training loss: 0.0111, 
Epoch 38, Training loss: 0.0105, 
Epoch 39, Training loss: 0.0102, 
Epoch 40, Training loss: 0.0105, 
Epoch 41, Training loss: 0.0100, 
Epoch 42, Training loss: 0.0097, 
Epoch 43, Training loss: 0.0097, 
Epoch 44, Training loss: 0.0096, 
Epoch 45, Training loss: 0.0093, 
Epoch 46, Training loss: 0.0091, 
Epoch 47, Training loss: 0.0089, 
Epoch 48, Training loss: 0.0090, 
Epoch 49, Training loss: 0.0086, 
Epoch 50, Training loss: 0.0088, 
Network count: 13
Finished making config for num_voters=50-m=7-num_winners=6-pref_dist=MALLOWS-RELPHI-R-axioms=all-features=bcr-loss=L1Loss()-idx=12
Beginning to train num_voters=50-m=7-num_winners=6-pref_dist=MALLOWS-RELPHI-R-axioms=all-features=bcr-loss=L1Loss()-idx=12
LOAD MODEL PATH: /scratch/b8armstr/thesis_results/trained_networks/NN-num_voters=50-m=7-num_winners=6-pref_dist=MALLOWS-RELPHI-R-axioms=all-features=bcr-loss=L1Loss()-idx=12-.pt
Saved network not found. Beginning training. Caught exception: [Errno 2] No such file or directory: '/scratch/b8armstr/thesis_results/trained_networks/NN-num_voters=50-m=7-num_winners=6-pref_dist=MALLOWS-RELPHI-R-axioms=all-features=bcr-loss=L1Loss()-idx=12-.pt'
Epoch 1, Training loss: 0.2555, 
Epoch 2, Training loss: 0.1525, 
Epoch 3, Training loss: 0.1499, 
Epoch 4, Training loss: 0.1486, 
Epoch 5, Training loss: 0.1475, 
Epoch 6, Training loss: 0.1469, 
Epoch 7, Training loss: 0.1462, 
Epoch 8, Training loss: 0.1434, 
Epoch 9, Training loss: 0.1293, 
Epoch 10, Training loss: 0.1261, 
Epoch 11, Training loss: 0.1175, 
Epoch 12, Training loss: 0.1070, 
Epoch 13, Training loss: 0.1010, 
Epoch 14, Training loss: 0.0887, 
Epoch 15, Training loss: 0.0865, 
Epoch 16, Training loss: 0.0825, 
Epoch 17, Training loss: 0.0706, 
Epoch 18, Training loss: 0.0668, 
Epoch 19, Training loss: 0.0547, 
Epoch 20, Training loss: 0.0510, 
Epoch 21, Training loss: 0.0500, 
Epoch 22, Training loss: 0.0482, 
Epoch 23, Training loss: 0.0452, 
Epoch 24, Training loss: 0.0323, 
Epoch 25, Training loss: 0.0174, 
Epoch 26, Training loss: 0.0160, 
Epoch 27, Training loss: 0.0147, 
Epoch 28, Training loss: 0.0139, 
Epoch 29, Training loss: 0.0132, 
Epoch 30, Training loss: 0.0131, 
Epoch 31, Training loss: 0.0125, 
Epoch 32, Training loss: 0.0118, 
Epoch 33, Training loss: 0.0116, 
Epoch 34, Training loss: 0.0111, 
Epoch 35, Training loss: 0.0109, 
Epoch 36, Training loss: 0.0106, 
Epoch 37, Training loss: 0.0104, 
Epoch 38, Training loss: 0.0100, 
Epoch 39, Training loss: 0.0098, 
Epoch 40, Training loss: 0.0095, 
Epoch 41, Training loss: 0.0093, 
Epoch 42, Training loss: 0.0095, 
Epoch 43, Training loss: 0.0091, 
Epoch 44, Training loss: 0.0086, 
Epoch 45, Training loss: 0.0086, 
Epoch 46, Training loss: 0.0087, 
Epoch 47, Training loss: 0.0086, 
Epoch 48, Training loss: 0.0084, 
Epoch 49, Training loss: 0.0083, 
Epoch 50, Training loss: 0.0083, 
Network count: 14
Finished making config for num_voters=50-m=7-num_winners=6-pref_dist=MALLOWS-RELPHI-R-axioms=all-features=bcr-loss=L1Loss()-idx=13
Beginning to train num_voters=50-m=7-num_winners=6-pref_dist=MALLOWS-RELPHI-R-axioms=all-features=bcr-loss=L1Loss()-idx=13
LOAD MODEL PATH: /scratch/b8armstr/thesis_results/trained_networks/NN-num_voters=50-m=7-num_winners=6-pref_dist=MALLOWS-RELPHI-R-axioms=all-features=bcr-loss=L1Loss()-idx=13-.pt
Saved network not found. Beginning training. Caught exception: [Errno 2] No such file or directory: '/scratch/b8armstr/thesis_results/trained_networks/NN-num_voters=50-m=7-num_winners=6-pref_dist=MALLOWS-RELPHI-R-axioms=all-features=bcr-loss=L1Loss()-idx=13-.pt'
Epoch 1, Training loss: 0.2432, 
Epoch 2, Training loss: 0.1528, 
Epoch 3, Training loss: 0.1505, 
Epoch 4, Training loss: 0.1486, 
Epoch 5, Training loss: 0.1476, 
Epoch 6, Training loss: 0.1468, 
Epoch 7, Training loss: 0.1463, 
Epoch 8, Training loss: 0.1454, 
Epoch 9, Training loss: 0.1415, 
Epoch 10, Training loss: 0.1271, 
Epoch 11, Training loss: 0.1223, 
Epoch 12, Training loss: 0.1069, 
Epoch 13, Training loss: 0.0920, 
Epoch 14, Training loss: 0.0856, 
Epoch 15, Training loss: 0.0706, 
Epoch 16, Training loss: 0.0574, 
Epoch 17, Training loss: 0.0529, 
Epoch 18, Training loss: 0.0507, 
Epoch 19, Training loss: 0.0453, 
Epoch 20, Training loss: 0.0259, 
Epoch 21, Training loss: 0.0179, 
Epoch 22, Training loss: 0.0164, 
Epoch 23, Training loss: 0.0151, 
Epoch 24, Training loss: 0.0141, 
Epoch 25, Training loss: 0.0133, 
Epoch 26, Training loss: 0.0128, 
Epoch 27, Training loss: 0.0127, 
Epoch 28, Training loss: 0.0118, 
Epoch 29, Training loss: 0.0116, 
Epoch 30, Training loss: 0.0111, 
Epoch 31, Training loss: 0.0108, 
Epoch 32, Training loss: 0.0104, 
Epoch 33, Training loss: 0.0104, 
Epoch 34, Training loss: 0.0101, 
Epoch 35, Training loss: 0.0099, 
Epoch 36, Training loss: 0.0098, 
Epoch 37, Training loss: 0.0097, 
Epoch 38, Training loss: 0.0094, 
Epoch 39, Training loss: 0.0097, 
Epoch 40, Training loss: 0.0094, 
Epoch 41, Training loss: 0.0088, 
Epoch 42, Training loss: 0.0092, 
Epoch 43, Training loss: 0.0087, 
Epoch 44, Training loss: 0.0086, 
Epoch 45, Training loss: 0.0086, 
Epoch 46, Training loss: 0.0087, 
Epoch 47, Training loss: 0.0085, 
Epoch 48, Training loss: 0.0080, 
Epoch 49, Training loss: 0.0081, 
Epoch 50, Training loss: 0.0084, 
Network count: 15
Finished making config for num_voters=50-m=7-num_winners=6-pref_dist=MALLOWS-RELPHI-R-axioms=all-features=bcr-loss=L1Loss()-idx=14
Beginning to train num_voters=50-m=7-num_winners=6-pref_dist=MALLOWS-RELPHI-R-axioms=all-features=bcr-loss=L1Loss()-idx=14
LOAD MODEL PATH: /scratch/b8armstr/thesis_results/trained_networks/NN-num_voters=50-m=7-num_winners=6-pref_dist=MALLOWS-RELPHI-R-axioms=all-features=bcr-loss=L1Loss()-idx=14-.pt
Saved network not found. Beginning training. Caught exception: [Errno 2] No such file or directory: '/scratch/b8armstr/thesis_results/trained_networks/NN-num_voters=50-m=7-num_winners=6-pref_dist=MALLOWS-RELPHI-R-axioms=all-features=bcr-loss=L1Loss()-idx=14-.pt'
Epoch 1, Training loss: 0.2495, 
Epoch 2, Training loss: 0.1528, 
Epoch 3, Training loss: 0.1501, 
Epoch 4, Training loss: 0.1485, 
Epoch 5, Training loss: 0.1479, 
Epoch 6, Training loss: 0.1470, 
Epoch 7, Training loss: 0.1472, 
Epoch 8, Training loss: 0.1464, 
Epoch 9, Training loss: 0.1459, 
Epoch 10, Training loss: 0.1459, 
Epoch 11, Training loss: 0.1454, 
Epoch 12, Training loss: 0.1398, 
Epoch 13, Training loss: 0.1267, 
Epoch 14, Training loss: 0.1254, 
Epoch 15, Training loss: 0.1242, 
Epoch 16, Training loss: 0.1160, 
Epoch 17, Training loss: 0.0917, 
Epoch 18, Training loss: 0.0723, 
Epoch 19, Training loss: 0.0683, 
Epoch 20, Training loss: 0.0583, 
Epoch 21, Training loss: 0.0457, 
Epoch 22, Training loss: 0.0319, 
Epoch 23, Training loss: 0.0253, 
Epoch 24, Training loss: 0.0180, 
Epoch 25, Training loss: 0.0165, 
Epoch 26, Training loss: 0.0152, 
Epoch 27, Training loss: 0.0147, 
Epoch 28, Training loss: 0.0138, 
Epoch 29, Training loss: 0.0130, 
Epoch 30, Training loss: 0.0128, 
Epoch 31, Training loss: 0.0121, 
Epoch 32, Training loss: 0.0119, 
Epoch 33, Training loss: 0.0117, 
Epoch 34, Training loss: 0.0115, 
Epoch 35, Training loss: 0.0109, 
Epoch 36, Training loss: 0.0107, 
Epoch 37, Training loss: 0.0105, 
Epoch 38, Training loss: 0.0103, 
Epoch 39, Training loss: 0.0105, 
Epoch 40, Training loss: 0.0101, 
Epoch 41, Training loss: 0.0099, 
Epoch 42, Training loss: 0.0094, 
Epoch 43, Training loss: 0.0092, 
Epoch 44, Training loss: 0.0096, 
Epoch 45, Training loss: 0.0092, 
Epoch 46, Training loss: 0.0087, 
Epoch 47, Training loss: 0.0089, 
Epoch 48, Training loss: 0.0088, 
Epoch 49, Training loss: 0.0089, 
Epoch 50, Training loss: 0.0083, 
Network count: 16
Finished making config for num_voters=50-m=7-num_winners=6-pref_dist=MALLOWS-RELPHI-R-axioms=all-features=bcr-loss=L1Loss()-idx=15
Beginning to train num_voters=50-m=7-num_winners=6-pref_dist=MALLOWS-RELPHI-R-axioms=all-features=bcr-loss=L1Loss()-idx=15
LOAD MODEL PATH: /scratch/b8armstr/thesis_results/trained_networks/NN-num_voters=50-m=7-num_winners=6-pref_dist=MALLOWS-RELPHI-R-axioms=all-features=bcr-loss=L1Loss()-idx=15-.pt
Saved network not found. Beginning training. Caught exception: [Errno 2] No such file or directory: '/scratch/b8armstr/thesis_results/trained_networks/NN-num_voters=50-m=7-num_winners=6-pref_dist=MALLOWS-RELPHI-R-axioms=all-features=bcr-loss=L1Loss()-idx=15-.pt'
Epoch 1, Training loss: 0.2454, 
Epoch 2, Training loss: 0.1525, 
Epoch 3, Training loss: 0.1499, 
Epoch 4, Training loss: 0.1487, 
Epoch 5, Training loss: 0.1475, 
Epoch 6, Training loss: 0.1471, 
Epoch 7, Training loss: 0.1466, 
Epoch 8, Training loss: 0.1468, 
Epoch 9, Training loss: 0.1458, 
Epoch 10, Training loss: 0.1458, 
Epoch 11, Training loss: 0.1451, 
Epoch 12, Training loss: 0.1433, 
Epoch 13, Training loss: 0.1306, 
Epoch 14, Training loss: 0.1006, 
Epoch 15, Training loss: 0.0920, 
Epoch 16, Training loss: 0.0908, 
Epoch 17, Training loss: 0.0902, 
Epoch 18, Training loss: 0.0896, 
Epoch 19, Training loss: 0.0893, 
Epoch 20, Training loss: 0.0887, 
Epoch 21, Training loss: 0.0876, 
Epoch 22, Training loss: 0.0869, 
Epoch 23, Training loss: 0.0827, 
Epoch 24, Training loss: 0.0607, 
Epoch 25, Training loss: 0.0471, 
Epoch 26, Training loss: 0.0266, 
Epoch 27, Training loss: 0.0170, 
Epoch 28, Training loss: 0.0157, 
Epoch 29, Training loss: 0.0148, 
Epoch 30, Training loss: 0.0139, 
Epoch 31, Training loss: 0.0133, 
Epoch 32, Training loss: 0.0128, 
Epoch 33, Training loss: 0.0121, 
Epoch 34, Training loss: 0.0116, 
Epoch 35, Training loss: 0.0118, 
Epoch 36, Training loss: 0.0113, 
Epoch 37, Training loss: 0.0113, 
Epoch 38, Training loss: 0.0108, 
Epoch 39, Training loss: 0.0103, 
Epoch 40, Training loss: 0.0102, 
Epoch 41, Training loss: 0.0100, 
Epoch 42, Training loss: 0.0096, 
Epoch 43, Training loss: 0.0102, 
Epoch 44, Training loss: 0.0095, 
Epoch 45, Training loss: 0.0094, 
Epoch 46, Training loss: 0.0090, 
Epoch 47, Training loss: 0.0090, 
Epoch 48, Training loss: 0.0090, 
Epoch 49, Training loss: 0.0084, 
Epoch 50, Training loss: 0.0089, 
Network count: 17
Finished making config for num_voters=50-m=7-num_winners=6-pref_dist=MALLOWS-RELPHI-R-axioms=all-features=bcr-loss=L1Loss()-idx=16
Beginning to train num_voters=50-m=7-num_winners=6-pref_dist=MALLOWS-RELPHI-R-axioms=all-features=bcr-loss=L1Loss()-idx=16
LOAD MODEL PATH: /scratch/b8armstr/thesis_results/trained_networks/NN-num_voters=50-m=7-num_winners=6-pref_dist=MALLOWS-RELPHI-R-axioms=all-features=bcr-loss=L1Loss()-idx=16-.pt
Saved network not found. Beginning training. Caught exception: [Errno 2] No such file or directory: '/scratch/b8armstr/thesis_results/trained_networks/NN-num_voters=50-m=7-num_winners=6-pref_dist=MALLOWS-RELPHI-R-axioms=all-features=bcr-loss=L1Loss()-idx=16-.pt'
Epoch 1, Training loss: 0.2365, 
Epoch 2, Training loss: 0.1523, 
Epoch 3, Training loss: 0.1494, 
Epoch 4, Training loss: 0.1482, 
Epoch 5, Training loss: 0.1474, 
Epoch 6, Training loss: 0.1470, 
Epoch 7, Training loss: 0.1465, 
Epoch 8, Training loss: 0.1461, 
Epoch 9, Training loss: 0.1452, 
Epoch 10, Training loss: 0.1419, 
Epoch 11, Training loss: 0.1235, 
Epoch 12, Training loss: 0.0943, 
Epoch 13, Training loss: 0.0736, 
Epoch 14, Training loss: 0.0558, 
Epoch 15, Training loss: 0.0515, 
Epoch 16, Training loss: 0.0474, 
Epoch 17, Training loss: 0.0287, 
Epoch 18, Training loss: 0.0175, 
Epoch 19, Training loss: 0.0159, 
Epoch 20, Training loss: 0.0153, 
Epoch 21, Training loss: 0.0143, 
Epoch 22, Training loss: 0.0139, 
Epoch 23, Training loss: 0.0131, 
Epoch 24, Training loss: 0.0124, 
Epoch 25, Training loss: 0.0123, 
Epoch 26, Training loss: 0.0121, 
Epoch 27, Training loss: 0.0122, 
Epoch 28, Training loss: 0.0114, 
Epoch 29, Training loss: 0.0110, 
Epoch 30, Training loss: 0.0107, 
Epoch 31, Training loss: 0.0108, 
Epoch 32, Training loss: 0.0104, 
Epoch 33, Training loss: 0.0104, 
Epoch 34, Training loss: 0.0099, 
Epoch 35, Training loss: 0.0102, 
Epoch 36, Training loss: 0.0097, 
Epoch 37, Training loss: 0.0098, 
Epoch 38, Training loss: 0.0097, 
Epoch 39, Training loss: 0.0094, 
Epoch 40, Training loss: 0.0094, 
Epoch 41, Training loss: 0.0089, 
Epoch 42, Training loss: 0.0087, 
Epoch 43, Training loss: 0.0088, 
Epoch 44, Training loss: 0.0088, 
Epoch 45, Training loss: 0.0085, 
Epoch 46, Training loss: 0.0082, 
Epoch 47, Training loss: 0.0083, 
Epoch 48, Training loss: 0.0083, 
Epoch 49, Training loss: 0.0084, 
Epoch 50, Training loss: 0.0082, 
Network count: 18
Finished making config for num_voters=50-m=7-num_winners=6-pref_dist=MALLOWS-RELPHI-R-axioms=all-features=bcr-loss=L1Loss()-idx=17
Beginning to train num_voters=50-m=7-num_winners=6-pref_dist=MALLOWS-RELPHI-R-axioms=all-features=bcr-loss=L1Loss()-idx=17
LOAD MODEL PATH: /scratch/b8armstr/thesis_results/trained_networks/NN-num_voters=50-m=7-num_winners=6-pref_dist=MALLOWS-RELPHI-R-axioms=all-features=bcr-loss=L1Loss()-idx=17-.pt
Saved network not found. Beginning training. Caught exception: [Errno 2] No such file or directory: '/scratch/b8armstr/thesis_results/trained_networks/NN-num_voters=50-m=7-num_winners=6-pref_dist=MALLOWS-RELPHI-R-axioms=all-features=bcr-loss=L1Loss()-idx=17-.pt'
Epoch 1, Training loss: 0.2565, 
Epoch 2, Training loss: 0.1532, 
Epoch 3, Training loss: 0.1507, 
Epoch 4, Training loss: 0.1491, 
Epoch 5, Training loss: 0.1478, 
Epoch 6, Training loss: 0.1476, 
Epoch 7, Training loss: 0.1469, 
Epoch 8, Training loss: 0.1465, 
Epoch 9, Training loss: 0.1462, 
Epoch 10, Training loss: 0.1466, 
Epoch 11, Training loss: 0.1463, 
Epoch 12, Training loss: 0.1457, 
Epoch 13, Training loss: 0.1455, 
Epoch 14, Training loss: 0.1453, 
Epoch 15, Training loss: 0.1448, 
Epoch 16, Training loss: 0.1440, 
Epoch 17, Training loss: 0.1357, 
Epoch 18, Training loss: 0.1105, 
Epoch 19, Training loss: 0.1054, 
Epoch 20, Training loss: 0.0904, 
Epoch 21, Training loss: 0.0720, 
Epoch 22, Training loss: 0.0666, 
Epoch 23, Training loss: 0.0540, 
Epoch 24, Training loss: 0.0515, 
Epoch 25, Training loss: 0.0507, 
Epoch 26, Training loss: 0.0487, 
Epoch 27, Training loss: 0.0447, 
Epoch 28, Training loss: 0.0318, 
Epoch 29, Training loss: 0.0205, 
Epoch 30, Training loss: 0.0175, 
Epoch 31, Training loss: 0.0167, 
Epoch 32, Training loss: 0.0153, 
Epoch 33, Training loss: 0.0148, 
Epoch 34, Training loss: 0.0142, 
Epoch 35, Training loss: 0.0134, 
Epoch 36, Training loss: 0.0132, 
Epoch 37, Training loss: 0.0129, 
Epoch 38, Training loss: 0.0123, 
Epoch 39, Training loss: 0.0119, 
Epoch 40, Training loss: 0.0120, 
Epoch 41, Training loss: 0.0113, 
Epoch 42, Training loss: 0.0111, 
Epoch 43, Training loss: 0.0111, 
Epoch 44, Training loss: 0.0108, 
Epoch 45, Training loss: 0.0104, 
Epoch 46, Training loss: 0.0104, 
Epoch 47, Training loss: 0.0106, 
Epoch 48, Training loss: 0.0101, 
Epoch 49, Training loss: 0.0103, 
Epoch 50, Training loss: 0.0096, 
Network count: 19
Finished making config for num_voters=50-m=7-num_winners=6-pref_dist=MALLOWS-RELPHI-R-axioms=all-features=bcr-loss=L1Loss()-idx=18
Beginning to train num_voters=50-m=7-num_winners=6-pref_dist=MALLOWS-RELPHI-R-axioms=all-features=bcr-loss=L1Loss()-idx=18
LOAD MODEL PATH: /scratch/b8armstr/thesis_results/trained_networks/NN-num_voters=50-m=7-num_winners=6-pref_dist=MALLOWS-RELPHI-R-axioms=all-features=bcr-loss=L1Loss()-idx=18-.pt
Saved network not found. Beginning training. Caught exception: [Errno 2] No such file or directory: '/scratch/b8armstr/thesis_results/trained_networks/NN-num_voters=50-m=7-num_winners=6-pref_dist=MALLOWS-RELPHI-R-axioms=all-features=bcr-loss=L1Loss()-idx=18-.pt'
Epoch 1, Training loss: 0.2563, 
Epoch 2, Training loss: 0.1541, 
Epoch 3, Training loss: 0.1514, 
Epoch 4, Training loss: 0.1497, 
Epoch 5, Training loss: 0.1482, 
Epoch 6, Training loss: 0.1477, 
Epoch 7, Training loss: 0.1473, 
Epoch 8, Training loss: 0.1468, 
Epoch 9, Training loss: 0.1467, 
Epoch 10, Training loss: 0.1460, 
Epoch 11, Training loss: 0.1461, 
Epoch 12, Training loss: 0.1456, 
Epoch 13, Training loss: 0.1425, 
Epoch 14, Training loss: 0.1280, 
Epoch 15, Training loss: 0.1270, 
Epoch 16, Training loss: 0.1263, 
Epoch 17, Training loss: 0.1262, 
Epoch 18, Training loss: 0.1257, 
Epoch 19, Training loss: 0.1246, 
Epoch 20, Training loss: 0.1182, 
Epoch 21, Training loss: 0.1059, 
Epoch 22, Training loss: 0.0999, 
Epoch 23, Training loss: 0.0728, 
Epoch 24, Training loss: 0.0388, 
Epoch 25, Training loss: 0.0272, 
Epoch 26, Training loss: 0.0185, 
Epoch 27, Training loss: 0.0169, 
Epoch 28, Training loss: 0.0158, 
Epoch 29, Training loss: 0.0150, 
Epoch 30, Training loss: 0.0141, 
Epoch 31, Training loss: 0.0134, 
Epoch 32, Training loss: 0.0132, 
Epoch 33, Training loss: 0.0122, 
Epoch 34, Training loss: 0.0121, 
Epoch 35, Training loss: 0.0118, 
Epoch 36, Training loss: 0.0115, 
Epoch 37, Training loss: 0.0113, 
Epoch 38, Training loss: 0.0113, 
Epoch 39, Training loss: 0.0106, 
Epoch 40, Training loss: 0.0105, 
Epoch 41, Training loss: 0.0102, 
Epoch 42, Training loss: 0.0102, 
Epoch 43, Training loss: 0.0097, 
Epoch 44, Training loss: 0.0098, 
Epoch 45, Training loss: 0.0094, 
Epoch 46, Training loss: 0.0095, 
Epoch 47, Training loss: 0.0092, 
Epoch 48, Training loss: 0.0094, 
Epoch 49, Training loss: 0.0087, 
Epoch 50, Training loss: 0.0085, 
Network count: 20
Finished making config for num_voters=50-m=7-num_winners=6-pref_dist=MALLOWS-RELPHI-R-axioms=all-features=bcr-loss=L1Loss()-idx=19
Beginning to train num_voters=50-m=7-num_winners=6-pref_dist=MALLOWS-RELPHI-R-axioms=all-features=bcr-loss=L1Loss()-idx=19
LOAD MODEL PATH: /scratch/b8armstr/thesis_results/trained_networks/NN-num_voters=50-m=7-num_winners=6-pref_dist=MALLOWS-RELPHI-R-axioms=all-features=bcr-loss=L1Loss()-idx=19-.pt
Saved network not found. Beginning training. Caught exception: [Errno 2] No such file or directory: '/scratch/b8armstr/thesis_results/trained_networks/NN-num_voters=50-m=7-num_winners=6-pref_dist=MALLOWS-RELPHI-R-axioms=all-features=bcr-loss=L1Loss()-idx=19-.pt'
Epoch 1, Training loss: 0.2412, 
Epoch 2, Training loss: 0.1527, 
Epoch 3, Training loss: 0.1502, 
Epoch 4, Training loss: 0.1487, 
Epoch 5, Training loss: 0.1477, 
Epoch 6, Training loss: 0.1471, 
Epoch 7, Training loss: 0.1466, 
Epoch 8, Training loss: 0.1457, 
Epoch 9, Training loss: 0.1431, 
Epoch 10, Training loss: 0.1287, 
Epoch 11, Training loss: 0.1261, 
Epoch 12, Training loss: 0.1198, 
Epoch 13, Training loss: 0.1072, 
Epoch 14, Training loss: 0.0970, 
Epoch 15, Training loss: 0.0868, 
Epoch 16, Training loss: 0.0737, 
Epoch 17, Training loss: 0.0567, 
Epoch 18, Training loss: 0.0515, 
Epoch 19, Training loss: 0.0447, 
Epoch 20, Training loss: 0.0315, 
Epoch 21, Training loss: 0.0242, 
Epoch 22, Training loss: 0.0183, 
Epoch 23, Training loss: 0.0165, 
Epoch 24, Training loss: 0.0155, 
Epoch 25, Training loss: 0.0143, 
Epoch 26, Training loss: 0.0136, 
Epoch 27, Training loss: 0.0131, 
Epoch 28, Training loss: 0.0130, 
Epoch 29, Training loss: 0.0125, 
Epoch 30, Training loss: 0.0117, 
Epoch 31, Training loss: 0.0116, 
Epoch 32, Training loss: 0.0115, 
Epoch 33, Training loss: 0.0112, 
Epoch 34, Training loss: 0.0108, 
Epoch 35, Training loss: 0.0112, 
Epoch 36, Training loss: 0.0101, 
Epoch 37, Training loss: 0.0102, 
Epoch 38, Training loss: 0.0100, 
Epoch 39, Training loss: 0.0097, 
Epoch 40, Training loss: 0.0096, 
Epoch 41, Training loss: 0.0094, 
Epoch 42, Training loss: 0.0095, 
Epoch 43, Training loss: 0.0092, 
Epoch 44, Training loss: 0.0087, 
Epoch 45, Training loss: 0.0090, 
Epoch 46, Training loss: 0.0088, 
Epoch 47, Training loss: 0.0086, 
Epoch 48, Training loss: 0.0087, 
Epoch 49, Training loss: 0.0085, 
Epoch 50, Training loss: 0.0081, 
