1731178749
About to load modules
created virtual environment CPython3.11.5.final.0-64 in 1174ms
  creator CPython3Posix(dest=/local/b8armstr.26771976.0/env, clear=False, no_vcs_ignore=False, global=False)
  seeder FromAppData(download=False, pip=bundle, setuptools=bundle, wheel=bundle, via=copy, app_data_dir=/home/b8armstr/.local/share/virtualenv)
    added seed packages: pip==24.2, setuptools==68.0.0, wheel==0.44.0
  activators BashActivator,CShellActivator,FishActivator,NushellActivator,PowerShellActivator,PythonActivator
1731178752
About to install requirements
Looking in links: /cvmfs/soft.computecanada.ca/custom/python/wheelhouse/gentoo2023/x86-64-v3, /cvmfs/soft.computecanada.ca/custom/python/wheelhouse/gentoo2023/generic, /cvmfs/soft.computecanada.ca/custom/python/wheelhouse/generic
Processing /cvmfs/soft.computecanada.ca/custom/python/wheelhouse/generic/Deprecated-1.2.14+computecanada-py2.py3-none-any.whl
Processing /cvmfs/soft.computecanada.ca/custom/python/wheelhouse/generic/wrapt-1.16.0+computecanada-cp311-cp311-linux_x86_64.whl (from deprecated)
Installing collected packages: wrapt, deprecated
Successfully installed deprecated-1.2.14+computecanada wrapt-1.16.0+computecanada
Looking in links: /cvmfs/soft.computecanada.ca/custom/python/wheelhouse/gentoo2023/x86-64-v3, /cvmfs/soft.computecanada.ca/custom/python/wheelhouse/gentoo2023/generic, /cvmfs/soft.computecanada.ca/custom/python/wheelhouse/generic
Processing ./cc_libs/abcvoting-2.10.0-py3-none-any.whl
Processing ./cc_libs/absl_py-2.1.0+computecanada-py3-none-any.whl
Processing ./cc_libs/appnope-0.1.4-py2.py3-none-any.whl
Processing ./cc_libs/asttokens-2.4.1+computecanada-py2.py3-none-any.whl
Processing ./cc_libs/astunparse-1.6.3+computecanada-py2.py3-none-any.whl
Processing ./cc_libs/attrs-24.2.0+computecanada-py3-none-any.whl
Processing ./cc_libs/backcall-0.2.0+computecanada-py3-none-any.whl
Processing ./cc_libs/beautifulsoup4-4.12.3+computecanada-py3-none-any.whl
Processing ./cc_libs/bleach-6.1.0+computecanada-py3-none-any.whl
Processing ./cc_libs/certifi-2024.6.2-py3-none-any.whl
Processing ./cc_libs/cffi-1.15.1+computecanada-cp311-cp311-linux_x86_64.whl
Processing ./cc_libs/charset_normalizer-3.3.2-py3-none-any.whl
Processing ./cc_libs/contourpy-1.2.1+computecanada-cp311-cp311-linux_x86_64.whl
Processing ./cc_libs/cycler-0.12.1+computecanada-py3-none-any.whl
Processing ./cc_libs/decorator-5.1.1+computecanada-py3-none-any.whl
Processing ./cc_libs/defusedxml-0.7.1+computecanada-py2.py3-none-any.whl
Processing ./cc_libs/Deprecated-1.2.14+computecanada-py2.py3-none-any.whl
Processing ./cc_libs/docopt-0.6.2+computecanada-py2.py3-none-any.whl
Processing ./cc_libs/executing-2.1.0-py2.py3-none-any.whl
Processing ./cc_libs/fastjsonschema-2.20.0+computecanada-py3-none-any.whl
Processing ./cc_libs/filelock-3.14.0-py3-none-any.whl
Processing ./cc_libs/flatbuffers-24.3.25+computecanada-py2.py3-none-any.whl
Processing ./cc_libs/fonttools-4.53.0+computecanada-cp311-cp311-linux_x86_64.whl
Processing ./cc_libs/fsspec-2024.6.0+computecanada-py3-none-any.whl
Processing ./cc_libs/gast-0.5.4+computecanada-py3-none-any.whl
Processing ./cc_libs/google_pasta-0.2.0+computecanada-py3-none-any.whl
Processing ./cc_libs/gurobipy-11.0.1-cp311-cp311-linux_x86_64.whl
Processing ./cc_libs/h5py-3.11.0+computecanada-cp311-cp311-linux_x86_64.whl
Processing ./cc_libs/idna-3.7-py3-none-any.whl
Processing ./cc_libs/immutabledict-4.2.0-py3-none-any.whl
Processing ./cc_libs/ipython-8.12.3-py3-none-any.whl
Processing ./cc_libs/jedi-0.19.1+computecanada-py2.py3-none-any.whl
Processing ./cc_libs/jinja2-3.1.4+computecanada-py3-none-any.whl
Processing ./cc_libs/joblib-1.4.2+computecanada-py3-none-any.whl
Processing ./cc_libs/jsonschema-4.23.0+computecanada-py3-none-any.whl
Processing ./cc_libs/jsonschema_specifications-2023.12.1+computecanada-py3-none-any.whl
Processing ./cc_libs/jupyter_client-8.6.2+computecanada-py3-none-any.whl
Processing ./cc_libs/jupyter_core-5.7.2+computecanada-py3-none-any.whl
Processing ./cc_libs/jupyterlab_pygments-0.3.0+computecanada-py3-none-any.whl
Processing ./cc_libs/kiwisolver-1.4.5+computecanada-cp311-cp311-linux_x86_64.whl
Processing ./cc_libs/llvmlite-0.41.1+computecanada-cp311-cp311-linux_x86_64.whl
Processing ./cc_libs/Markdown-3.6-py3-none-any.whl
Processing ./cc_libs/markdown_it_py-3.0.0+computecanada-py3-none-any.whl
Processing ./cc_libs/MarkupSafe-2.1.5+computecanada-cp311-cp311-linux_x86_64.whl
Processing ./cc_libs/matplotlib-3.9.0+computecanada-cp311-cp311-linux_x86_64.whl
Processing ./cc_libs/matplotlib_inline-0.1.7+computecanada-py3-none-any.whl
Processing ./cc_libs/mdurl-0.1.2+computecanada-py3-none-any.whl
Processing ./cc_libs/mip-1.15.0-py3-none-any.whl
Processing ./cc_libs/mistune-3.0.2+computecanada-py3-none-any.whl
Processing ./cc_libs/ml_dtypes-0.3.2-cp311-cp311-linux_x86_64.whl
Processing ./cc_libs/mpmath-1.3.0+computecanada-py3-none-any.whl
Processing ./cc_libs/namex-0.0.8+computecanada-py3-none-any.whl
Processing ./cc_libs/nashpy-0.0.40-py3-none-any.whl
Processing ./cc_libs/nbclient-0.10.0+computecanada-py3-none-any.whl
Processing ./cc_libs/nbconvert-7.16.4+computecanada-py3-none-any.whl
Processing ./cc_libs/nbformat-5.10.4+computecanada-py3-none-any.whl
Processing ./cc_libs/networkx-3.3+computecanada-py3-none-any.whl
Processing ./cc_libs/numba-0.58.1+computecanada-cp311-cp311-linux_x86_64.whl
Processing ./cc_libs/numpy-1.26.4+computecanada-cp311-cp311-linux_x86_64.whl
Processing ./cc_libs/opt_einsum-3.3.0+computecanada-py3-none-any.whl
Processing ./cc_libs/optree-0.11.0+computecanada-cp311-cp311-linux_x86_64.whl
Processing ./cc_libs/ortools-9.10.4067+computecanada-cp311-cp311-linux_x86_64.whl
Processing ./cc_libs/packaging-24.0-py3-none-any.whl
Processing ./cc_libs/pandas-2.2.2+computecanada-cp311-cp311-linux_x86_64.whl
Processing ./cc_libs/pandocfilters-1.5.1+computecanada-py2.py3-none-any.whl
Processing ./cc_libs/parso-0.8.4+computecanada-py2.py3-none-any.whl
Processing ./cc_libs/pexpect-4.9.0+computecanada-py2.py3-none-any.whl
Processing ./cc_libs/pickleshare-0.7.5+computecanada-py2.py3-none-any.whl
Processing ./cc_libs/pillow-10.3.0+computecanada-cp311-cp311-linux_x86_64.whl
Processing ./cc_libs/pipdeptree-2.23.1-py3-none-any.whl
Processing ./cc_libs/pipreqs-0.5.0-py3-none-any.whl
Processing ./cc_libs/platformdirs-4.3.3-py3-none-any.whl
Processing ./cc_libs/preflibtools-2.0.22-py3-none-any.whl
Processing ./cc_libs/prefsampling-0.1.20-py3-none-any.whl
Processing ./cc_libs/pref_voting-1.13.18-py3-none-any.whl
Processing ./cc_libs/prompt_toolkit-3.0.47+computecanada-py3-none-any.whl
Processing ./cc_libs/protobuf-4.25.3+computecanada-cp311-cp311-linux_x86_64.whl
Processing ./cc_libs/ptyprocess-0.7.0+computecanada-py2.py3-none-any.whl
Processing ./cc_libs/pure_eval-0.2.3+computecanada-py3-none-any.whl
Processing ./cc_libs/pycparser-2.22-py3-none-any.whl
Processing ./cc_libs/pygments-2.18.0+computecanada-py3-none-any.whl
Processing ./cc_libs/pyparsing-3.1.2+computecanada-py3-none-any.whl
Processing ./cc_libs/pyrankvote-2.0.6-py3-none-any.whl
Processing ./cc_libs/python_dateutil-2.9.0.post0+computecanada-py2.py3-none-any.whl
Processing ./cc_libs/pytorch_ignite-0.5.1-py3-none-any.whl
Processing ./cc_libs/pytz-2024.1+computecanada-py2.py3-none-any.whl
Processing ./cc_libs/random2-1.0.2-py3-none-any.whl
Processing ./cc_libs/referencing-0.35.1+computecanada-py3-none-any.whl
Processing ./cc_libs/requests-2.32.3-py3-none-any.whl
Processing ./cc_libs/rich-13.7.1+computecanada-py3-none-any.whl
Processing ./cc_libs/ruamel.yaml-0.18.6+computecanada-py3-none-any.whl
Processing ./cc_libs/ruamel.yaml.clib-0.2.8+computecanada-cp311-cp311-linux_x86_64.whl
Processing ./cc_libs/scikit_learn-1.5.0+computecanada-cp311-cp311-linux_x86_64.whl
Processing ./cc_libs/scipy-1.13.1+computecanada-cp311-cp311-linux_x86_64.whl
Processing ./cc_libs/seaborn-0.13.2+computecanada-py3-none-any.whl
Processing ./cc_libs/six-1.16.0+computecanada-py2.py3-none-any.whl
Processing ./cc_libs/snakeviz-2.2.0-py2.py3-none-any.whl
Processing ./cc_libs/soupsieve-2.6+computecanada-py3-none-any.whl
Processing ./cc_libs/stack_data-0.6.3+computecanada-py3-none-any.whl
Processing ./cc_libs/sympy-1.12.1+computecanada-py3-none-any.whl
Processing ./cc_libs/tabulate-0.9.0+computecanada-py3-none-any.whl
Processing ./cc_libs/termcolor-2.4.0+computecanada-py3-none-any.whl
Processing ./cc_libs/threadpoolctl-3.5.0+computecanada-py3-none-any.whl
Processing ./cc_libs/tinycss2-1.3.0+computecanada-py3-none-any.whl
Processing ./cc_libs/traitlets-5.14.3+computecanada-py3-none-any.whl
Processing ./cc_libs/typing_extensions-4.12.1-py3-none-any.whl
Processing ./cc_libs/tzdata-2024.1+computecanada-py2.py3-none-any.whl
Processing ./cc_libs/urllib3-2.2.1-py3-none-any.whl
Processing ./cc_libs/wcwidth-0.2.13+computecanada-py2.py3-none-any.whl
Processing ./cc_libs/webencodings-0.5.1+computecanada-py2.py3-none-any.whl
Processing ./cc_libs/werkzeug-3.0.3+computecanada-py3-none-any.whl
Processing ./cc_libs/wrapt-1.16.0+computecanada-cp311-cp311-linux_x86_64.whl
Processing ./cc_libs/yarg-0.1.9-py2.py3-none-any.whl
asttokens is already installed with the same version as the provided wheel. Use --force-reinstall to force an installation of the wheel.
cycler is already installed with the same version as the provided wheel. Use --force-reinstall to force an installation of the wheel.
decorator is already installed with the same version as the provided wheel. Use --force-reinstall to force an installation of the wheel.
Deprecated is already installed with the same version as the provided wheel. Use --force-reinstall to force an installation of the wheel.
jedi is already installed with the same version as the provided wheel. Use --force-reinstall to force an installation of the wheel.
jupyter-client is already installed with the same version as the provided wheel. Use --force-reinstall to force an installation of the wheel.
jupyter-core is already installed with the same version as the provided wheel. Use --force-reinstall to force an installation of the wheel.
matplotlib-inline is already installed with the same version as the provided wheel. Use --force-reinstall to force an installation of the wheel.
mpmath is already installed with the same version as the provided wheel. Use --force-reinstall to force an installation of the wheel.
pandas is already installed with the same version as the provided wheel. Use --force-reinstall to force an installation of the wheel.
parso is already installed with the same version as the provided wheel. Use --force-reinstall to force an installation of the wheel.
pexpect is already installed with the same version as the provided wheel. Use --force-reinstall to force an installation of the wheel.
prompt-toolkit is already installed with the same version as the provided wheel. Use --force-reinstall to force an installation of the wheel.
ptyprocess is already installed with the same version as the provided wheel. Use --force-reinstall to force an installation of the wheel.
pygments is already installed with the same version as the provided wheel. Use --force-reinstall to force an installation of the wheel.
python-dateutil is already installed with the same version as the provided wheel. Use --force-reinstall to force an installation of the wheel.
six is already installed with the same version as the provided wheel. Use --force-reinstall to force an installation of the wheel.
stack-data is already installed with the same version as the provided wheel. Use --force-reinstall to force an installation of the wheel.
traitlets is already installed with the same version as the provided wheel. Use --force-reinstall to force an installation of the wheel.
tzdata is already installed with the same version as the provided wheel. Use --force-reinstall to force an installation of the wheel.
wcwidth is already installed with the same version as the provided wheel. Use --force-reinstall to force an installation of the wheel.
wrapt is already installed with the same version as the provided wheel. Use --force-reinstall to force an installation of the wheel.
Installing collected packages: yarg, webencodings, random2, pytz, pytorch-ignite, pyrankvote, pure-eval, pickleshare, namex, gurobipy, google-pasta, flatbuffers, fastjsonschema, docopt, cffi, backcall, astunparse, werkzeug, urllib3, typing-extensions, tinycss2, threadpoolctl, termcolor, tabulate, sympy, soupsieve, snakeviz, seaborn, scipy, scikit-learn, ruamel.yaml.clib, ruamel.yaml, rich, requests, referencing, pyparsing, pycparser, protobuf, prefsampling, preflibtools, pref-voting, platformdirs, pipreqs, pipdeptree, pillow, pandocfilters, packaging, ortools, optree, opt-einsum, numpy, numba, networkx, nbformat, nbconvert, nbclient, nashpy, ml-dtypes, mistune, mip, mdurl, matplotlib, MarkupSafe, markdown-it-py, Markdown, llvmlite, kiwisolver, jupyterlab-pygments, jsonschema-specifications, jsonschema, joblib, jinja2, ipython, immutabledict, idna, h5py, gast, fsspec, fonttools, filelock, executing, defusedxml, contourpy, charset-normalizer, certifi, bleach, beautifulsoup4, attrs, appnope, absl-py, abcvoting
  Attempting uninstall: pytz
    Found existing installation: pytz 2024.2+computecanada
    Not uninstalling pytz at /cvmfs/soft.computecanada.ca/easybuild/software/2023/x86-64-v3/Compiler/gcccore/scipy-stack/2024b/lib/python3.11/site-packages, outside environment /local/b8armstr.26771976.0/env
    Can't uninstall 'pytz'. No files were found to uninstall.
  Attempting uninstall: pure-eval
    Found existing installation: pure_eval 0.2.2+computecanada
    Not uninstalling pure-eval at /cvmfs/soft.computecanada.ca/easybuild/software/2023/x86-64-v3/Compiler/gcccore/ipykernel/2024b/lib/python3.11/site-packages, outside environment /local/b8armstr.26771976.0/env
    Can't uninstall 'pure_eval'. No files were found to uninstall.
  Attempting uninstall: typing-extensions
    Found existing installation: typing_extensions 4.12.2+computecanada
    Not uninstalling typing-extensions at /cvmfs/soft.computecanada.ca/easybuild/software/2023/x86-64-v3/Compiler/gcccore/ipykernel/2024b/lib/python3.11/site-packages, outside environment /local/b8armstr.26771976.0/env
    Can't uninstall 'typing_extensions'. No files were found to uninstall.
  Attempting uninstall: sympy
    Found existing installation: sympy 1.13.3+computecanada
    Not uninstalling sympy at /cvmfs/soft.computecanada.ca/easybuild/software/2023/x86-64-v3/Compiler/gcccore/scipy-stack/2024b/lib/python3.11/site-packages, outside environment /local/b8armstr.26771976.0/env
    Can't uninstall 'sympy'. No files were found to uninstall.
  Attempting uninstall: scipy
    Found existing installation: scipy 1.14.1+computecanada
    Not uninstalling scipy at /cvmfs/soft.computecanada.ca/easybuild/software/2023/x86-64-v3/Compiler/gcccore/scipy-stack/2024b/lib/python3.11/site-packages, outside environment /local/b8armstr.26771976.0/env
    Can't uninstall 'scipy'. No files were found to uninstall.
  Attempting uninstall: pyparsing
    Found existing installation: pyparsing 3.1.4+computecanada
    Not uninstalling pyparsing at /cvmfs/soft.computecanada.ca/easybuild/software/2023/x86-64-v3/Compiler/gcccore/scipy-stack/2024b/lib/python3.11/site-packages, outside environment /local/b8armstr.26771976.0/env
    Can't uninstall 'pyparsing'. No files were found to uninstall.
  Attempting uninstall: platformdirs
    Found existing installation: platformdirs 3.9.1+computecanada
    Not uninstalling platformdirs at /cvmfs/soft.computecanada.ca/easybuild/software/2023/x86-64-v3/Compiler/gcccore/ipykernel/2024b/lib/python3.11/site-packages, outside environment /local/b8armstr.26771976.0/env
    Can't uninstall 'platformdirs'. No files were found to uninstall.
  Attempting uninstall: pillow
    Found existing installation: pillow 10.4.0+computecanada
    Not uninstalling pillow at /cvmfs/soft.computecanada.ca/easybuild/software/2023/x86-64-v3/Compiler/gcccore/scipy-stack/2024b/lib/python3.11/site-packages, outside environment /local/b8armstr.26771976.0/env
    Can't uninstall 'pillow'. No files were found to uninstall.
  Attempting uninstall: packaging
    Found existing installation: packaging 24.1+computecanada
    Not uninstalling packaging at /cvmfs/soft.computecanada.ca/easybuild/software/2023/x86-64-v3/Compiler/gcccore/scipy-stack/2024b/lib/python3.11/site-packages, outside environment /local/b8armstr.26771976.0/env
    Can't uninstall 'packaging'. No files were found to uninstall.
  Attempting uninstall: numpy
    Found existing installation: numpy 2.1.1+computecanada
    Not uninstalling numpy at /cvmfs/soft.computecanada.ca/easybuild/software/2023/x86-64-v3/Compiler/gcccore/scipy-stack/2024b/lib/python3.11/site-packages, outside environment /local/b8armstr.26771976.0/env
    Can't uninstall 'numpy'. No files were found to uninstall.
  Attempting uninstall: matplotlib
    Found existing installation: matplotlib 3.9.2+computecanada
    Not uninstalling matplotlib at /cvmfs/soft.computecanada.ca/easybuild/software/2023/x86-64-v3/Compiler/gcccore/scipy-stack/2024b/lib/python3.11/site-packages, outside environment /local/b8armstr.26771976.0/env
    Can't uninstall 'matplotlib'. No files were found to uninstall.
  Attempting uninstall: kiwisolver
    Found existing installation: kiwisolver 1.4.7+computecanada
    Not uninstalling kiwisolver at /cvmfs/soft.computecanada.ca/easybuild/software/2023/x86-64-v3/Compiler/gcccore/scipy-stack/2024b/lib/python3.11/site-packages, outside environment /local/b8armstr.26771976.0/env
    Can't uninstall 'kiwisolver'. No files were found to uninstall.
  Attempting uninstall: ipython
    Found existing installation: ipython 8.25.0+computecanada
    Not uninstalling ipython at /cvmfs/soft.computecanada.ca/easybuild/software/2023/x86-64-v3/Compiler/gcccore/ipykernel/2024b/lib/python3.11/site-packages, outside environment /local/b8armstr.26771976.0/env
    Can't uninstall 'ipython'. No files were found to uninstall.
  Attempting uninstall: fonttools
    Found existing installation: fonttools 4.53.1+computecanada
    Not uninstalling fonttools at /cvmfs/soft.computecanada.ca/easybuild/software/2023/x86-64-v3/Compiler/gcccore/scipy-stack/2024b/lib/python3.11/site-packages, outside environment /local/b8armstr.26771976.0/env
    Can't uninstall 'fonttools'. No files were found to uninstall.
  Attempting uninstall: executing
    Found existing installation: executing 2.0.1+computecanada
    Not uninstalling executing at /cvmfs/soft.computecanada.ca/easybuild/software/2023/x86-64-v3/Compiler/gcccore/ipykernel/2024b/lib/python3.11/site-packages, outside environment /local/b8armstr.26771976.0/env
    Can't uninstall 'executing'. No files were found to uninstall.
  Attempting uninstall: contourpy
    Found existing installation: contourpy 1.3.0+computecanada
    Not uninstalling contourpy at /cvmfs/soft.computecanada.ca/easybuild/software/2023/x86-64-v3/Compiler/gcccore/scipy-stack/2024b/lib/python3.11/site-packages, outside environment /local/b8armstr.26771976.0/env
    Can't uninstall 'contourpy'. No files were found to uninstall.
Successfully installed Markdown-3.6 MarkupSafe-2.1.5+computecanada abcvoting-2.10.0 absl-py-2.1.0+computecanada appnope-0.1.4 astunparse-1.6.3+computecanada attrs-24.2.0+computecanada backcall-0.2.0+computecanada beautifulsoup4-4.12.3+computecanada bleach-6.1.0+computecanada certifi-2024.6.2 cffi-1.15.1+computecanada charset-normalizer-3.3.2 contourpy-1.2.1+computecanada defusedxml-0.7.1+computecanada docopt-0.6.2+computecanada executing-2.1.0 fastjsonschema-2.20.0+computecanada filelock-3.14.0 flatbuffers-24.3.25+computecanada fonttools-4.53.0+computecanada fsspec-2024.6.0+computecanada gast-0.5.4+computecanada google-pasta-0.2.0+computecanada gurobipy-11.0.1 h5py-3.11.0+computecanada idna-3.7 immutabledict-4.2.0 ipython-8.12.3 jinja2-3.1.4+computecanada joblib-1.4.2+computecanada jsonschema-4.23.0+computecanada jsonschema-specifications-2023.12.1+computecanada jupyterlab-pygments-0.3.0+computecanada kiwisolver-1.4.5+computecanada llvmlite-0.41.1+computecanada markdown-it-py-3.0.0+computecanada matplotlib-3.9.0+computecanada mdurl-0.1.2+computecanada mip-1.15.0 mistune-3.0.2+computecanada ml-dtypes-0.3.2 namex-0.0.8+computecanada nashpy-0.0.40 nbclient-0.10.0+computecanada nbconvert-7.16.4+computecanada nbformat-5.10.4+computecanada networkx-3.3+computecanada numba-0.58.1+computecanada numpy-1.26.4+computecanada opt-einsum-3.3.0+computecanada optree-0.11.0+computecanada ortools-9.10.4067+computecanada packaging-24.0 pandocfilters-1.5.1+computecanada pickleshare-0.7.5+computecanada pillow-10.3.0+computecanada pipdeptree-2.23.1 pipreqs-0.5.0 platformdirs-4.3.3 pref-voting-1.13.18 preflibtools-2.0.22 prefsampling-0.1.20 protobuf-4.25.3+computecanada pure-eval-0.2.3+computecanada pycparser-2.22 pyparsing-3.1.2+computecanada pyrankvote-2.0.6 pytorch-ignite-0.5.1 pytz-2024.1+computecanada random2-1.0.2 referencing-0.35.1+computecanada requests-2.32.3 rich-13.7.1+computecanada ruamel.yaml-0.18.6+computecanada ruamel.yaml.clib-0.2.8+computecanada scikit-learn-1.5.0+computecanada scipy-1.13.1+computecanada seaborn-0.13.2+computecanada snakeviz-2.2.0 soupsieve-2.6+computecanada sympy-1.12.1+computecanada tabulate-0.9.0+computecanada termcolor-2.4.0+computecanada threadpoolctl-3.5.0+computecanada tinycss2-1.3.0+computecanada typing-extensions-4.12.1 urllib3-2.2.1 webencodings-0.5.1+computecanada werkzeug-3.0.3+computecanada yarg-0.1.9
Looking in links: /cvmfs/soft.computecanada.ca/custom/python/wheelhouse/gentoo2023/x86-64-v3, /cvmfs/soft.computecanada.ca/custom/python/wheelhouse/gentoo2023/generic, /cvmfs/soft.computecanada.ca/custom/python/wheelhouse/generic
Requirement already satisfied: scikit_learn in /local/b8armstr.26771976.0/env/lib/python3.11/site-packages (1.5.0+computecanada)
Processing /cvmfs/soft.computecanada.ca/custom/python/wheelhouse/gentoo2023/generic/scikit_learn-1.5.2+computecanada-cp311-cp311-linux_x86_64.whl
Requirement already satisfied: llvmlite in /local/b8armstr.26771976.0/env/lib/python3.11/site-packages (0.41.1+computecanada)
Processing /cvmfs/soft.computecanada.ca/custom/python/wheelhouse/gentoo2023/x86-64-v3/llvmlite-0.43.0+computecanada-cp311-cp311-linux_x86_64.whl
Requirement already satisfied: ortools in /local/b8armstr.26771976.0/env/lib/python3.11/site-packages (9.10.4067+computecanada)
Requirement already satisfied: numpy>=1.19.5 in /local/b8armstr.26771976.0/env/lib/python3.11/site-packages (from scikit_learn) (1.26.4+computecanada)
Requirement already satisfied: scipy>=1.6.0 in /local/b8armstr.26771976.0/env/lib/python3.11/site-packages (from scikit_learn) (1.13.1+computecanada)
Requirement already satisfied: joblib>=1.2.0 in /local/b8armstr.26771976.0/env/lib/python3.11/site-packages (from scikit_learn) (1.4.2+computecanada)
Requirement already satisfied: threadpoolctl>=3.1.0 in /local/b8armstr.26771976.0/env/lib/python3.11/site-packages (from scikit_learn) (3.5.0+computecanada)
Requirement already satisfied: absl-py>=2.0.0 in /local/b8armstr.26771976.0/env/lib/python3.11/site-packages (from ortools) (2.1.0+computecanada)
Requirement already satisfied: pandas>=2.0.0 in /cvmfs/soft.computecanada.ca/easybuild/software/2023/x86-64-v3/Compiler/gcccore/scipy-stack/2024b/lib/python3.11/site-packages (from ortools) (2.2.2+computecanada)
Processing /cvmfs/soft.computecanada.ca/custom/python/wheelhouse/gentoo2023/x86-64-v3/protobuf-5.28.0+computecanada-cp311-cp311-linux_x86_64.whl (from ortools)
Requirement already satisfied: immutabledict>=3.0.0 in /local/b8armstr.26771976.0/env/lib/python3.11/site-packages (from ortools) (4.2.0)
Requirement already satisfied: python-dateutil>=2.8.2 in /cvmfs/soft.computecanada.ca/easybuild/software/2023/x86-64-v3/Compiler/gcccore/scipy-stack/2024b/lib/python3.11/site-packages (from pandas>=2.0.0->ortools) (2.9.0.post0+computecanada)
Requirement already satisfied: pytz>=2020.1 in /local/b8armstr.26771976.0/env/lib/python3.11/site-packages (from pandas>=2.0.0->ortools) (2024.1+computecanada)
Requirement already satisfied: tzdata>=2022.7 in /cvmfs/soft.computecanada.ca/easybuild/software/2023/x86-64-v3/Compiler/gcccore/scipy-stack/2024b/lib/python3.11/site-packages (from pandas>=2.0.0->ortools) (2024.1+computecanada)
Requirement already satisfied: six>=1.5 in /cvmfs/soft.computecanada.ca/easybuild/software/2023/x86-64-v3/Compiler/gcccore/scipy-stack/2024b/lib/python3.11/site-packages (from python-dateutil>=2.8.2->pandas>=2.0.0->ortools) (1.16.0+computecanada)
Installing collected packages: protobuf, llvmlite, scikit_learn
  Attempting uninstall: protobuf
    Found existing installation: protobuf 4.25.3+computecanada
    Uninstalling protobuf-4.25.3+computecanada:
      Successfully uninstalled protobuf-4.25.3+computecanada
  Attempting uninstall: llvmlite
    Found existing installation: llvmlite 0.41.1+computecanada
    Uninstalling llvmlite-0.41.1+computecanada:
      Successfully uninstalled llvmlite-0.41.1+computecanada
  Attempting uninstall: scikit_learn
    Found existing installation: scikit_learn 1.5.0+computecanada
    Uninstalling scikit_learn-1.5.0+computecanada:
      Successfully uninstalled scikit_learn-1.5.0+computecanada
ERROR: pip's dependency resolver does not currently take into account all the packages that are installed. This behaviour is the source of the following dependency conflicts.
numba 0.58.1+computecanada requires llvmlite<0.42,>=0.41.0dev0, but you have llvmlite 0.43.0+computecanada which is incompatible.
Successfully installed llvmlite-0.43.0+computecanada protobuf-5.28.0+computecanada scikit_learn-1.5.2+computecanada
Looking in links: /cvmfs/soft.computecanada.ca/custom/python/wheelhouse/gentoo2023/x86-64-v3, /cvmfs/soft.computecanada.ca/custom/python/wheelhouse/gentoo2023/generic, /cvmfs/soft.computecanada.ca/custom/python/wheelhouse/generic
Processing /cvmfs/soft.computecanada.ca/custom/python/wheelhouse/gentoo2023/x86-64-v3/torch-2.5.1+computecanada-cp311-cp311-linux_x86_64.whl
Requirement already satisfied: filelock in /local/b8armstr.26771976.0/env/lib/python3.11/site-packages (from torch) (3.14.0)
Requirement already satisfied: typing-extensions>=4.8.0 in /local/b8armstr.26771976.0/env/lib/python3.11/site-packages (from torch) (4.12.1)
Requirement already satisfied: networkx in /local/b8armstr.26771976.0/env/lib/python3.11/site-packages (from torch) (3.3+computecanada)
Requirement already satisfied: jinja2 in /local/b8armstr.26771976.0/env/lib/python3.11/site-packages (from torch) (3.1.4+computecanada)
Requirement already satisfied: fsspec in /local/b8armstr.26771976.0/env/lib/python3.11/site-packages (from torch) (2024.6.0+computecanada)
Processing /cvmfs/soft.computecanada.ca/custom/python/wheelhouse/generic/sympy-1.13.1+computecanada-py3-none-any.whl (from torch)
Requirement already satisfied: mpmath<1.4,>=1.1.0 in /cvmfs/soft.computecanada.ca/easybuild/software/2023/x86-64-v3/Compiler/gcccore/scipy-stack/2024b/lib/python3.11/site-packages (from sympy==1.13.1->torch) (1.3.0+computecanada)
Requirement already satisfied: MarkupSafe>=2.0 in /local/b8armstr.26771976.0/env/lib/python3.11/site-packages (from jinja2->torch) (2.1.5+computecanada)
Installing collected packages: sympy, torch
  Attempting uninstall: sympy
    Found existing installation: sympy 1.12.1+computecanada
    Uninstalling sympy-1.12.1+computecanada:
      Successfully uninstalled sympy-1.12.1+computecanada
Successfully installed sympy-1.13.1+computecanada torch-2.5.1+computecanada
About to start experiments
/local/b8armstr.26771976.0/env/lib/python3.11/site-packages/ignite/handlers/checkpoint.py:16: DeprecationWarning: `TorchScript` support for functional optimizers is deprecated and will be removed in a future PyTorch release. Consider using the `torch.compile` optimizer instead.
  from torch.distributed.optim import ZeroRedundancyOptimizer

DATA LOADED

Network count: 1
Finished making config for num_voters=50-m=7-num_winners=5-pref_dist=mixed-axioms=all-features=bcr-loss=L1Loss()-idx=0
Beginning to train num_voters=50-m=7-num_winners=5-pref_dist=mixed-axioms=all-features=bcr-loss=L1Loss()-idx=0
LOAD MODEL PATH: /scratch/b8armstr/thesis_results/trained_networks/NN-num_voters=50-m=7-num_winners=5-pref_dist=mixed-axioms=all-features=bcr-loss=L1Loss()-idx=0-.pt
Saved network not found. Beginning training. Caught exception: [Errno 2] No such file or directory: '/scratch/b8armstr/thesis_results/trained_networks/NN-num_voters=50-m=7-num_winners=5-pref_dist=mixed-axioms=all-features=bcr-loss=L1Loss()-idx=0-.pt'
Epoch 1, Training loss: 0.3556, 
Epoch 2, Training loss: 0.2900, 
Epoch 3, Training loss: 0.2613, 
Epoch 4, Training loss: 0.2182, 
Epoch 5, Training loss: 0.1718, 
Epoch 6, Training loss: 0.1423, 
Epoch 7, Training loss: 0.1109, 
Epoch 8, Training loss: 0.0989, 
Epoch 9, Training loss: 0.0913, 
Epoch 10, Training loss: 0.0860, 
Epoch 11, Training loss: 0.0820, 
Epoch 12, Training loss: 0.0778, 
Epoch 13, Training loss: 0.0747, 
Epoch 14, Training loss: 0.0724, 
Epoch 15, Training loss: 0.0705, 
Epoch 16, Training loss: 0.0692, 
Epoch 17, Training loss: 0.0681, 
Epoch 18, Training loss: 0.0671, 
Epoch 19, Training loss: 0.0665, 
Epoch 20, Training loss: 0.0659, 
Epoch 21, Training loss: 0.0650, 
Epoch 22, Training loss: 0.0647, 
Epoch 23, Training loss: 0.0640, 
Epoch 24, Training loss: 0.0634, 
Epoch 25, Training loss: 0.0630, 
Epoch 26, Training loss: 0.0626, 
Epoch 27, Training loss: 0.0619, 
Epoch 28, Training loss: 0.0617, 
Epoch 29, Training loss: 0.0611, 
Epoch 30, Training loss: 0.0607, 
Epoch 31, Training loss: 0.0602, 
Epoch 32, Training loss: 0.0600, 
Epoch 33, Training loss: 0.0595, 
Epoch 34, Training loss: 0.0594, 
Epoch 35, Training loss: 0.0590, 
Epoch 36, Training loss: 0.0584, 
Epoch 37, Training loss: 0.0583, 
Epoch 38, Training loss: 0.0580, 
Epoch 39, Training loss: 0.0575, 
Epoch 40, Training loss: 0.0573, 
Epoch 41, Training loss: 0.0571, 
Epoch 42, Training loss: 0.0568, 
Epoch 43, Training loss: 0.0564, 
Epoch 44, Training loss: 0.0563, 
Epoch 45, Training loss: 0.0559, 
Epoch 46, Training loss: 0.0560, 
Epoch 47, Training loss: 0.0553, 
Epoch 48, Training loss: 0.0551, 
Epoch 49, Training loss: 0.0549, 
Epoch 50, Training loss: 0.0545, 
Network count: 2
Finished making config for num_voters=50-m=7-num_winners=5-pref_dist=mixed-axioms=all-features=bcr-loss=L1Loss()-idx=1
Beginning to train num_voters=50-m=7-num_winners=5-pref_dist=mixed-axioms=all-features=bcr-loss=L1Loss()-idx=1
LOAD MODEL PATH: /scratch/b8armstr/thesis_results/trained_networks/NN-num_voters=50-m=7-num_winners=5-pref_dist=mixed-axioms=all-features=bcr-loss=L1Loss()-idx=1-.pt
Saved network not found. Beginning training. Caught exception: [Errno 2] No such file or directory: '/scratch/b8armstr/thesis_results/trained_networks/NN-num_voters=50-m=7-num_winners=5-pref_dist=mixed-axioms=all-features=bcr-loss=L1Loss()-idx=1-.pt'
Epoch 1, Training loss: 0.3502, 
Epoch 2, Training loss: 0.2901, 
Epoch 3, Training loss: 0.2514, 
Epoch 4, Training loss: 0.2087, 
Epoch 5, Training loss: 0.1757, 
Epoch 6, Training loss: 0.1484, 
Epoch 7, Training loss: 0.1178, 
Epoch 8, Training loss: 0.0968, 
Epoch 9, Training loss: 0.0877, 
Epoch 10, Training loss: 0.0815, 
Epoch 11, Training loss: 0.0774, 
Epoch 12, Training loss: 0.0747, 
Epoch 13, Training loss: 0.0728, 
Epoch 14, Training loss: 0.0709, 
Epoch 15, Training loss: 0.0696, 
Epoch 16, Training loss: 0.0683, 
Epoch 17, Training loss: 0.0674, 
Epoch 18, Training loss: 0.0666, 
Epoch 19, Training loss: 0.0661, 
Epoch 20, Training loss: 0.0653, 
Epoch 21, Training loss: 0.0647, 
Epoch 22, Training loss: 0.0643, 
Epoch 23, Training loss: 0.0636, 
Epoch 24, Training loss: 0.0630, 
Epoch 25, Training loss: 0.0626, 
Epoch 26, Training loss: 0.0619, 
Epoch 27, Training loss: 0.0615, 
Epoch 28, Training loss: 0.0612, 
Epoch 29, Training loss: 0.0607, 
Epoch 30, Training loss: 0.0604, 
Epoch 31, Training loss: 0.0597, 
Epoch 32, Training loss: 0.0595, 
Epoch 33, Training loss: 0.0589, 
Epoch 34, Training loss: 0.0590, 
Epoch 35, Training loss: 0.0585, 
Epoch 36, Training loss: 0.0580, 
Epoch 37, Training loss: 0.0579, 
Epoch 38, Training loss: 0.0573, 
Epoch 39, Training loss: 0.0571, 
Epoch 40, Training loss: 0.0568, 
Epoch 41, Training loss: 0.0567, 
Epoch 42, Training loss: 0.0562, 
Epoch 43, Training loss: 0.0557, 
Epoch 44, Training loss: 0.0556, 
Epoch 45, Training loss: 0.0553, 
Epoch 46, Training loss: 0.0550, 
Epoch 47, Training loss: 0.0548, 
Epoch 48, Training loss: 0.0545, 
Epoch 49, Training loss: 0.0542, 
Epoch 50, Training loss: 0.0539, 
Network count: 3
Finished making config for num_voters=50-m=7-num_winners=5-pref_dist=mixed-axioms=all-features=bcr-loss=L1Loss()-idx=2
Beginning to train num_voters=50-m=7-num_winners=5-pref_dist=mixed-axioms=all-features=bcr-loss=L1Loss()-idx=2
LOAD MODEL PATH: /scratch/b8armstr/thesis_results/trained_networks/NN-num_voters=50-m=7-num_winners=5-pref_dist=mixed-axioms=all-features=bcr-loss=L1Loss()-idx=2-.pt
Saved network not found. Beginning training. Caught exception: [Errno 2] No such file or directory: '/scratch/b8armstr/thesis_results/trained_networks/NN-num_voters=50-m=7-num_winners=5-pref_dist=mixed-axioms=all-features=bcr-loss=L1Loss()-idx=2-.pt'
Epoch 1, Training loss: 0.3510, 
Epoch 2, Training loss: 0.2896, 
Epoch 3, Training loss: 0.2411, 
Epoch 4, Training loss: 0.2019, 
Epoch 5, Training loss: 0.1696, 
Epoch 6, Training loss: 0.1319, 
Epoch 7, Training loss: 0.1079, 
Epoch 8, Training loss: 0.0977, 
Epoch 9, Training loss: 0.0909, 
Epoch 10, Training loss: 0.0851, 
Epoch 11, Training loss: 0.0793, 
Epoch 12, Training loss: 0.0753, 
Epoch 13, Training loss: 0.0719, 
Epoch 14, Training loss: 0.0698, 
Epoch 15, Training loss: 0.0689, 
Epoch 16, Training loss: 0.0679, 
Epoch 17, Training loss: 0.0669, 
Epoch 18, Training loss: 0.0662, 
Epoch 19, Training loss: 0.0655, 
Epoch 20, Training loss: 0.0649, 
Epoch 21, Training loss: 0.0644, 
Epoch 22, Training loss: 0.0636, 
Epoch 23, Training loss: 0.0632, 
Epoch 24, Training loss: 0.0625, 
Epoch 25, Training loss: 0.0620, 
Epoch 26, Training loss: 0.0618, 
Epoch 27, Training loss: 0.0612, 
Epoch 28, Training loss: 0.0608, 
Epoch 29, Training loss: 0.0601, 
Epoch 30, Training loss: 0.0597, 
Epoch 31, Training loss: 0.0596, 
Epoch 32, Training loss: 0.0590, 
Epoch 33, Training loss: 0.0590, 
Epoch 34, Training loss: 0.0583, 
Epoch 35, Training loss: 0.0582, 
Epoch 36, Training loss: 0.0579, 
Epoch 37, Training loss: 0.0573, 
Epoch 38, Training loss: 0.0571, 
Epoch 39, Training loss: 0.0569, 
Epoch 40, Training loss: 0.0569, 
Epoch 41, Training loss: 0.0561, 
Epoch 42, Training loss: 0.0561, 
Epoch 43, Training loss: 0.0560, 
Epoch 44, Training loss: 0.0556, 
Epoch 45, Training loss: 0.0554, 
Epoch 46, Training loss: 0.0550, 
Epoch 47, Training loss: 0.0546, 
Epoch 48, Training loss: 0.0544, 
Epoch 49, Training loss: 0.0542, 
Epoch 50, Training loss: 0.0540, 
Network count: 4
Finished making config for num_voters=50-m=7-num_winners=5-pref_dist=mixed-axioms=all-features=bcr-loss=L1Loss()-idx=3
Beginning to train num_voters=50-m=7-num_winners=5-pref_dist=mixed-axioms=all-features=bcr-loss=L1Loss()-idx=3
LOAD MODEL PATH: /scratch/b8armstr/thesis_results/trained_networks/NN-num_voters=50-m=7-num_winners=5-pref_dist=mixed-axioms=all-features=bcr-loss=L1Loss()-idx=3-.pt
Saved network not found. Beginning training. Caught exception: [Errno 2] No such file or directory: '/scratch/b8armstr/thesis_results/trained_networks/NN-num_voters=50-m=7-num_winners=5-pref_dist=mixed-axioms=all-features=bcr-loss=L1Loss()-idx=3-.pt'
Epoch 1, Training loss: 0.3522, 
Epoch 2, Training loss: 0.2769, 
Epoch 3, Training loss: 0.2284, 
Epoch 4, Training loss: 0.1947, 
Epoch 5, Training loss: 0.1708, 
Epoch 6, Training loss: 0.1425, 
Epoch 7, Training loss: 0.1063, 
Epoch 8, Training loss: 0.0960, 
Epoch 9, Training loss: 0.0872, 
Epoch 10, Training loss: 0.0813, 
Epoch 11, Training loss: 0.0768, 
Epoch 12, Training loss: 0.0738, 
Epoch 13, Training loss: 0.0714, 
Epoch 14, Training loss: 0.0700, 
Epoch 15, Training loss: 0.0686, 
Epoch 16, Training loss: 0.0676, 
Epoch 17, Training loss: 0.0667, 
Epoch 18, Training loss: 0.0659, 
Epoch 19, Training loss: 0.0651, 
Epoch 20, Training loss: 0.0647, 
Epoch 21, Training loss: 0.0639, 
Epoch 22, Training loss: 0.0634, 
Epoch 23, Training loss: 0.0629, 
Epoch 24, Training loss: 0.0623, 
Epoch 25, Training loss: 0.0618, 
Epoch 26, Training loss: 0.0615, 
Epoch 27, Training loss: 0.0610, 
Epoch 28, Training loss: 0.0604, 
Epoch 29, Training loss: 0.0600, 
Epoch 30, Training loss: 0.0598, 
Epoch 31, Training loss: 0.0593, 
Epoch 32, Training loss: 0.0593, 
Epoch 33, Training loss: 0.0584, 
Epoch 34, Training loss: 0.0578, 
Epoch 35, Training loss: 0.0578, 
Epoch 36, Training loss: 0.0574, 
Epoch 37, Training loss: 0.0569, 
Epoch 38, Training loss: 0.0566, 
Epoch 39, Training loss: 0.0565, 
Epoch 40, Training loss: 0.0559, 
Epoch 41, Training loss: 0.0558, 
Epoch 42, Training loss: 0.0556, 
Epoch 43, Training loss: 0.0550, 
Epoch 44, Training loss: 0.0547, 
Epoch 45, Training loss: 0.0547, 
Epoch 46, Training loss: 0.0543, 
Epoch 47, Training loss: 0.0541, 
Epoch 48, Training loss: 0.0540, 
Epoch 49, Training loss: 0.0533, 
Epoch 50, Training loss: 0.0531, 
Network count: 5
Finished making config for num_voters=50-m=7-num_winners=5-pref_dist=mixed-axioms=all-features=bcr-loss=L1Loss()-idx=4
Beginning to train num_voters=50-m=7-num_winners=5-pref_dist=mixed-axioms=all-features=bcr-loss=L1Loss()-idx=4
LOAD MODEL PATH: /scratch/b8armstr/thesis_results/trained_networks/NN-num_voters=50-m=7-num_winners=5-pref_dist=mixed-axioms=all-features=bcr-loss=L1Loss()-idx=4-.pt
Saved network not found. Beginning training. Caught exception: [Errno 2] No such file or directory: '/scratch/b8armstr/thesis_results/trained_networks/NN-num_voters=50-m=7-num_winners=5-pref_dist=mixed-axioms=all-features=bcr-loss=L1Loss()-idx=4-.pt'
Epoch 1, Training loss: 0.3574, 
Epoch 2, Training loss: 0.2896, 
Epoch 3, Training loss: 0.2539, 
Epoch 4, Training loss: 0.2259, 
Epoch 5, Training loss: 0.2129, 
Epoch 6, Training loss: 0.1755, 
Epoch 7, Training loss: 0.1362, 
Epoch 8, Training loss: 0.1068, 
Epoch 9, Training loss: 0.0943, 
Epoch 10, Training loss: 0.0860, 
Epoch 11, Training loss: 0.0796, 
Epoch 12, Training loss: 0.0760, 
Epoch 13, Training loss: 0.0734, 
Epoch 14, Training loss: 0.0717, 
Epoch 15, Training loss: 0.0698, 
Epoch 16, Training loss: 0.0684, 
Epoch 17, Training loss: 0.0677, 
Epoch 18, Training loss: 0.0668, 
Epoch 19, Training loss: 0.0660, 
Epoch 20, Training loss: 0.0652, 
Epoch 21, Training loss: 0.0647, 
Epoch 22, Training loss: 0.0643, 
Epoch 23, Training loss: 0.0633, 
Epoch 24, Training loss: 0.0629, 
Epoch 25, Training loss: 0.0622, 
Epoch 26, Training loss: 0.0621, 
Epoch 27, Training loss: 0.0611, 
Epoch 28, Training loss: 0.0609, 
Epoch 29, Training loss: 0.0603, 
Epoch 30, Training loss: 0.0599, 
Epoch 31, Training loss: 0.0594, 
Epoch 32, Training loss: 0.0589, 
Epoch 33, Training loss: 0.0585, 
Epoch 34, Training loss: 0.0583, 
Epoch 35, Training loss: 0.0578, 
Epoch 36, Training loss: 0.0577, 
Epoch 37, Training loss: 0.0569, 
Epoch 38, Training loss: 0.0565, 
Epoch 39, Training loss: 0.0566, 
Epoch 40, Training loss: 0.0558, 
Epoch 41, Training loss: 0.0561, 
Epoch 42, Training loss: 0.0558, 
Epoch 43, Training loss: 0.0553, 
Epoch 44, Training loss: 0.0548, 
Epoch 45, Training loss: 0.0546, 
Epoch 46, Training loss: 0.0544, 
Epoch 47, Training loss: 0.0545, 
Epoch 48, Training loss: 0.0541, 
Epoch 49, Training loss: 0.0538, 
Epoch 50, Training loss: 0.0535, 
Network count: 6
Finished making config for num_voters=50-m=7-num_winners=5-pref_dist=mixed-axioms=all-features=bcr-loss=L1Loss()-idx=5
Beginning to train num_voters=50-m=7-num_winners=5-pref_dist=mixed-axioms=all-features=bcr-loss=L1Loss()-idx=5
LOAD MODEL PATH: /scratch/b8armstr/thesis_results/trained_networks/NN-num_voters=50-m=7-num_winners=5-pref_dist=mixed-axioms=all-features=bcr-loss=L1Loss()-idx=5-.pt
Saved network not found. Beginning training. Caught exception: [Errno 2] No such file or directory: '/scratch/b8armstr/thesis_results/trained_networks/NN-num_voters=50-m=7-num_winners=5-pref_dist=mixed-axioms=all-features=bcr-loss=L1Loss()-idx=5-.pt'
Epoch 1, Training loss: 0.3505, 
Epoch 2, Training loss: 0.2867, 
Epoch 3, Training loss: 0.2401, 
Epoch 4, Training loss: 0.2012, 
Epoch 5, Training loss: 0.1544, 
Epoch 6, Training loss: 0.1251, 
Epoch 7, Training loss: 0.1039, 
Epoch 8, Training loss: 0.0956, 
Epoch 9, Training loss: 0.0894, 
Epoch 10, Training loss: 0.0839, 
Epoch 11, Training loss: 0.0794, 
Epoch 12, Training loss: 0.0757, 
Epoch 13, Training loss: 0.0731, 
Epoch 14, Training loss: 0.0712, 
Epoch 15, Training loss: 0.0697, 
Epoch 16, Training loss: 0.0688, 
Epoch 17, Training loss: 0.0679, 
Epoch 18, Training loss: 0.0675, 
Epoch 19, Training loss: 0.0665, 
Epoch 20, Training loss: 0.0660, 
Epoch 21, Training loss: 0.0657, 
Epoch 22, Training loss: 0.0650, 
Epoch 23, Training loss: 0.0646, 
Epoch 24, Training loss: 0.0639, 
Epoch 25, Training loss: 0.0635, 
Epoch 26, Training loss: 0.0633, 
Epoch 27, Training loss: 0.0625, 
Epoch 28, Training loss: 0.0622, 
Epoch 29, Training loss: 0.0617, 
Epoch 30, Training loss: 0.0613, 
Epoch 31, Training loss: 0.0608, 
Epoch 32, Training loss: 0.0609, 
Epoch 33, Training loss: 0.0599, 
Epoch 34, Training loss: 0.0596, 
Epoch 35, Training loss: 0.0593, 
Epoch 36, Training loss: 0.0590, 
Epoch 37, Training loss: 0.0585, 
Epoch 38, Training loss: 0.0583, 
Epoch 39, Training loss: 0.0579, 
Epoch 40, Training loss: 0.0576, 
Epoch 41, Training loss: 0.0577, 
Epoch 42, Training loss: 0.0571, 
Epoch 43, Training loss: 0.0567, 
Epoch 44, Training loss: 0.0561, 
Epoch 45, Training loss: 0.0563, 
Epoch 46, Training loss: 0.0558, 
Epoch 47, Training loss: 0.0556, 
Epoch 48, Training loss: 0.0551, 
Epoch 49, Training loss: 0.0549, 
Epoch 50, Training loss: 0.0544, 
Network count: 7
Finished making config for num_voters=50-m=7-num_winners=5-pref_dist=mixed-axioms=all-features=bcr-loss=L1Loss()-idx=6
Beginning to train num_voters=50-m=7-num_winners=5-pref_dist=mixed-axioms=all-features=bcr-loss=L1Loss()-idx=6
LOAD MODEL PATH: /scratch/b8armstr/thesis_results/trained_networks/NN-num_voters=50-m=7-num_winners=5-pref_dist=mixed-axioms=all-features=bcr-loss=L1Loss()-idx=6-.pt
Saved network not found. Beginning training. Caught exception: [Errno 2] No such file or directory: '/scratch/b8armstr/thesis_results/trained_networks/NN-num_voters=50-m=7-num_winners=5-pref_dist=mixed-axioms=all-features=bcr-loss=L1Loss()-idx=6-.pt'
Epoch 1, Training loss: 0.3524, 
Epoch 2, Training loss: 0.2800, 
Epoch 3, Training loss: 0.2280, 
Epoch 4, Training loss: 0.1989, 
Epoch 5, Training loss: 0.1825, 
Epoch 6, Training loss: 0.1393, 
Epoch 7, Training loss: 0.1090, 
Epoch 8, Training loss: 0.0992, 
Epoch 9, Training loss: 0.0907, 
Epoch 10, Training loss: 0.0833, 
Epoch 11, Training loss: 0.0780, 
Epoch 12, Training loss: 0.0744, 
Epoch 13, Training loss: 0.0719, 
Epoch 14, Training loss: 0.0705, 
Epoch 15, Training loss: 0.0693, 
Epoch 16, Training loss: 0.0682, 
Epoch 17, Training loss: 0.0674, 
Epoch 18, Training loss: 0.0667, 
Epoch 19, Training loss: 0.0660, 
Epoch 20, Training loss: 0.0654, 
Epoch 21, Training loss: 0.0649, 
Epoch 22, Training loss: 0.0644, 
Epoch 23, Training loss: 0.0639, 
Epoch 24, Training loss: 0.0634, 
Epoch 25, Training loss: 0.0630, 
Epoch 26, Training loss: 0.0622, 
Epoch 27, Training loss: 0.0620, 
Epoch 28, Training loss: 0.0614, 
Epoch 29, Training loss: 0.0610, 
Epoch 30, Training loss: 0.0609, 
Epoch 31, Training loss: 0.0602, 
Epoch 32, Training loss: 0.0599, 
Epoch 33, Training loss: 0.0597, 
Epoch 34, Training loss: 0.0591, 
Epoch 35, Training loss: 0.0587, 
Epoch 36, Training loss: 0.0588, 
Epoch 37, Training loss: 0.0579, 
Epoch 38, Training loss: 0.0577, 
Epoch 39, Training loss: 0.0577, 
Epoch 40, Training loss: 0.0573, 
Epoch 41, Training loss: 0.0570, 
Epoch 42, Training loss: 0.0567, 
Epoch 43, Training loss: 0.0565, 
Epoch 44, Training loss: 0.0563, 
Epoch 45, Training loss: 0.0561, 
Epoch 46, Training loss: 0.0553, 
Epoch 47, Training loss: 0.0552, 
Epoch 48, Training loss: 0.0551, 
Epoch 49, Training loss: 0.0549, 
Epoch 50, Training loss: 0.0545, 
Network count: 8
Finished making config for num_voters=50-m=7-num_winners=5-pref_dist=mixed-axioms=all-features=bcr-loss=L1Loss()-idx=7
Beginning to train num_voters=50-m=7-num_winners=5-pref_dist=mixed-axioms=all-features=bcr-loss=L1Loss()-idx=7
LOAD MODEL PATH: /scratch/b8armstr/thesis_results/trained_networks/NN-num_voters=50-m=7-num_winners=5-pref_dist=mixed-axioms=all-features=bcr-loss=L1Loss()-idx=7-.pt
Saved network not found. Beginning training. Caught exception: [Errno 2] No such file or directory: '/scratch/b8armstr/thesis_results/trained_networks/NN-num_voters=50-m=7-num_winners=5-pref_dist=mixed-axioms=all-features=bcr-loss=L1Loss()-idx=7-.pt'
Epoch 1, Training loss: 0.3559, 
Epoch 2, Training loss: 0.2888, 
Epoch 3, Training loss: 0.2426, 
Epoch 4, Training loss: 0.2208, 
Epoch 5, Training loss: 0.1966, 
Epoch 6, Training loss: 0.1575, 
Epoch 7, Training loss: 0.1276, 
Epoch 8, Training loss: 0.1038, 
Epoch 9, Training loss: 0.0916, 
Epoch 10, Training loss: 0.0839, 
Epoch 11, Training loss: 0.0789, 
Epoch 12, Training loss: 0.0753, 
Epoch 13, Training loss: 0.0727, 
Epoch 14, Training loss: 0.0709, 
Epoch 15, Training loss: 0.0698, 
Epoch 16, Training loss: 0.0685, 
Epoch 17, Training loss: 0.0677, 
Epoch 18, Training loss: 0.0668, 
Epoch 19, Training loss: 0.0662, 
Epoch 20, Training loss: 0.0657, 
Epoch 21, Training loss: 0.0649, 
Epoch 22, Training loss: 0.0646, 
Epoch 23, Training loss: 0.0640, 
Epoch 24, Training loss: 0.0636, 
Epoch 25, Training loss: 0.0632, 
Epoch 26, Training loss: 0.0625, 
Epoch 27, Training loss: 0.0619, 
Epoch 28, Training loss: 0.0616, 
Epoch 29, Training loss: 0.0613, 
Epoch 30, Training loss: 0.0608, 
Epoch 31, Training loss: 0.0605, 
Epoch 32, Training loss: 0.0600, 
Epoch 33, Training loss: 0.0598, 
Epoch 34, Training loss: 0.0595, 
Epoch 35, Training loss: 0.0590, 
Epoch 36, Training loss: 0.0588, 
Epoch 37, Training loss: 0.0584, 
Epoch 38, Training loss: 0.0582, 
Epoch 39, Training loss: 0.0577, 
Epoch 40, Training loss: 0.0575, 
Epoch 41, Training loss: 0.0571, 
Epoch 42, Training loss: 0.0571, 
Epoch 43, Training loss: 0.0567, 
Epoch 44, Training loss: 0.0565, 
Epoch 45, Training loss: 0.0560, 
Epoch 46, Training loss: 0.0559, 
Epoch 47, Training loss: 0.0554, 
Epoch 48, Training loss: 0.0551, 
Epoch 49, Training loss: 0.0547, 
Epoch 50, Training loss: 0.0548, 
Network count: 9
Finished making config for num_voters=50-m=7-num_winners=5-pref_dist=mixed-axioms=all-features=bcr-loss=L1Loss()-idx=8
Beginning to train num_voters=50-m=7-num_winners=5-pref_dist=mixed-axioms=all-features=bcr-loss=L1Loss()-idx=8
LOAD MODEL PATH: /scratch/b8armstr/thesis_results/trained_networks/NN-num_voters=50-m=7-num_winners=5-pref_dist=mixed-axioms=all-features=bcr-loss=L1Loss()-idx=8-.pt
Saved network not found. Beginning training. Caught exception: [Errno 2] No such file or directory: '/scratch/b8armstr/thesis_results/trained_networks/NN-num_voters=50-m=7-num_winners=5-pref_dist=mixed-axioms=all-features=bcr-loss=L1Loss()-idx=8-.pt'
Epoch 1, Training loss: 0.3531, 
Epoch 2, Training loss: 0.2870, 
Epoch 3, Training loss: 0.2294, 
Epoch 4, Training loss: 0.1834, 
Epoch 5, Training loss: 0.1375, 
Epoch 6, Training loss: 0.1091, 
Epoch 7, Training loss: 0.1001, 
Epoch 8, Training loss: 0.0935, 
Epoch 9, Training loss: 0.0881, 
Epoch 10, Training loss: 0.0832, 
Epoch 11, Training loss: 0.0787, 
Epoch 12, Training loss: 0.0752, 
Epoch 13, Training loss: 0.0728, 
Epoch 14, Training loss: 0.0713, 
Epoch 15, Training loss: 0.0698, 
Epoch 16, Training loss: 0.0685, 
Epoch 17, Training loss: 0.0678, 
Epoch 18, Training loss: 0.0670, 
Epoch 19, Training loss: 0.0665, 
Epoch 20, Training loss: 0.0657, 
Epoch 21, Training loss: 0.0651, 
Epoch 22, Training loss: 0.0645, 
Epoch 23, Training loss: 0.0642, 
Epoch 24, Training loss: 0.0637, 
Epoch 25, Training loss: 0.0632, 
Epoch 26, Training loss: 0.0627, 
Epoch 27, Training loss: 0.0626, 
Epoch 28, Training loss: 0.0620, 
Epoch 29, Training loss: 0.0614, 
Epoch 30, Training loss: 0.0613, 
Epoch 31, Training loss: 0.0608, 
Epoch 32, Training loss: 0.0603, 
Epoch 33, Training loss: 0.0599, 
Epoch 34, Training loss: 0.0597, 
Epoch 35, Training loss: 0.0590, 
Epoch 36, Training loss: 0.0586, 
Epoch 37, Training loss: 0.0584, 
Epoch 38, Training loss: 0.0580, 
Epoch 39, Training loss: 0.0574, 
Epoch 40, Training loss: 0.0570, 
Epoch 41, Training loss: 0.0565, 
Epoch 42, Training loss: 0.0565, 
Epoch 43, Training loss: 0.0560, 
Epoch 44, Training loss: 0.0557, 
Epoch 45, Training loss: 0.0556, 
Epoch 46, Training loss: 0.0550, 
Epoch 47, Training loss: 0.0546, 
Epoch 48, Training loss: 0.0547, 
Epoch 49, Training loss: 0.0541, 
Epoch 50, Training loss: 0.0541, 
Network count: 10
Finished making config for num_voters=50-m=7-num_winners=5-pref_dist=mixed-axioms=all-features=bcr-loss=L1Loss()-idx=9
Beginning to train num_voters=50-m=7-num_winners=5-pref_dist=mixed-axioms=all-features=bcr-loss=L1Loss()-idx=9
LOAD MODEL PATH: /scratch/b8armstr/thesis_results/trained_networks/NN-num_voters=50-m=7-num_winners=5-pref_dist=mixed-axioms=all-features=bcr-loss=L1Loss()-idx=9-.pt
Saved network not found. Beginning training. Caught exception: [Errno 2] No such file or directory: '/scratch/b8armstr/thesis_results/trained_networks/NN-num_voters=50-m=7-num_winners=5-pref_dist=mixed-axioms=all-features=bcr-loss=L1Loss()-idx=9-.pt'
Epoch 1, Training loss: 0.3609, 
Epoch 2, Training loss: 0.2863, 
Epoch 3, Training loss: 0.2274, 
Epoch 4, Training loss: 0.1979, 
Epoch 5, Training loss: 0.1795, 
Epoch 6, Training loss: 0.1380, 
Epoch 7, Training loss: 0.1119, 
Epoch 8, Training loss: 0.1011, 
Epoch 9, Training loss: 0.0931, 
Epoch 10, Training loss: 0.0855, 
Epoch 11, Training loss: 0.0785, 
Epoch 12, Training loss: 0.0748, 
Epoch 13, Training loss: 0.0725, 
Epoch 14, Training loss: 0.0708, 
Epoch 15, Training loss: 0.0697, 
Epoch 16, Training loss: 0.0684, 
Epoch 17, Training loss: 0.0679, 
Epoch 18, Training loss: 0.0669, 
Epoch 19, Training loss: 0.0662, 
Epoch 20, Training loss: 0.0657, 
Epoch 21, Training loss: 0.0653, 
Epoch 22, Training loss: 0.0644, 
Epoch 23, Training loss: 0.0641, 
Epoch 24, Training loss: 0.0634, 
Epoch 25, Training loss: 0.0629, 
Epoch 26, Training loss: 0.0624, 
Epoch 27, Training loss: 0.0619, 
Epoch 28, Training loss: 0.0618, 
Epoch 29, Training loss: 0.0612, 
Epoch 30, Training loss: 0.0606, 
Epoch 31, Training loss: 0.0602, 
Epoch 32, Training loss: 0.0599, 
Epoch 33, Training loss: 0.0597, 
Epoch 34, Training loss: 0.0590, 
Epoch 35, Training loss: 0.0588, 
Epoch 36, Training loss: 0.0586, 
Epoch 37, Training loss: 0.0583, 
Epoch 38, Training loss: 0.0580, 
Epoch 39, Training loss: 0.0574, 
Epoch 40, Training loss: 0.0572, 
Epoch 41, Training loss: 0.0568, 
Epoch 42, Training loss: 0.0566, 
Epoch 43, Training loss: 0.0563, 
Epoch 44, Training loss: 0.0562, 
Epoch 45, Training loss: 0.0559, 
Epoch 46, Training loss: 0.0555, 
Epoch 47, Training loss: 0.0557, 
Epoch 48, Training loss: 0.0552, 
Epoch 49, Training loss: 0.0548, 
Epoch 50, Training loss: 0.0549, 
Network count: 11
Finished making config for num_voters=50-m=7-num_winners=5-pref_dist=mixed-axioms=all-features=bcr-loss=L1Loss()-idx=10
Beginning to train num_voters=50-m=7-num_winners=5-pref_dist=mixed-axioms=all-features=bcr-loss=L1Loss()-idx=10
LOAD MODEL PATH: /scratch/b8armstr/thesis_results/trained_networks/NN-num_voters=50-m=7-num_winners=5-pref_dist=mixed-axioms=all-features=bcr-loss=L1Loss()-idx=10-.pt
Saved network not found. Beginning training. Caught exception: [Errno 2] No such file or directory: '/scratch/b8armstr/thesis_results/trained_networks/NN-num_voters=50-m=7-num_winners=5-pref_dist=mixed-axioms=all-features=bcr-loss=L1Loss()-idx=10-.pt'
Epoch 1, Training loss: 0.3477, 
Epoch 2, Training loss: 0.2839, 
Epoch 3, Training loss: 0.2399, 
Epoch 4, Training loss: 0.1835, 
Epoch 5, Training loss: 0.1425, 
Epoch 6, Training loss: 0.1119, 
Epoch 7, Training loss: 0.0985, 
Epoch 8, Training loss: 0.0902, 
Epoch 9, Training loss: 0.0841, 
Epoch 10, Training loss: 0.0799, 
Epoch 11, Training loss: 0.0763, 
Epoch 12, Training loss: 0.0737, 
Epoch 13, Training loss: 0.0713, 
Epoch 14, Training loss: 0.0697, 
Epoch 15, Training loss: 0.0683, 
Epoch 16, Training loss: 0.0675, 
Epoch 17, Training loss: 0.0662, 
Epoch 18, Training loss: 0.0655, 
Epoch 19, Training loss: 0.0650, 
Epoch 20, Training loss: 0.0644, 
Epoch 21, Training loss: 0.0638, 
Epoch 22, Training loss: 0.0632, 
Epoch 23, Training loss: 0.0627, 
Epoch 24, Training loss: 0.0623, 
Epoch 25, Training loss: 0.0617, 
Epoch 26, Training loss: 0.0614, 
Epoch 27, Training loss: 0.0608, 
Epoch 28, Training loss: 0.0603, 
Epoch 29, Training loss: 0.0601, 
Epoch 30, Training loss: 0.0597, 
Epoch 31, Training loss: 0.0591, 
Epoch 32, Training loss: 0.0591, 
Epoch 33, Training loss: 0.0581, 
Epoch 34, Training loss: 0.0581, 
Epoch 35, Training loss: 0.0577, 
Epoch 36, Training loss: 0.0576, 
Epoch 37, Training loss: 0.0571, 
Epoch 38, Training loss: 0.0567, 
Epoch 39, Training loss: 0.0566, 
Epoch 40, Training loss: 0.0562, 
Epoch 41, Training loss: 0.0559, 
Epoch 42, Training loss: 0.0554, 
Epoch 43, Training loss: 0.0552, 
Epoch 44, Training loss: 0.0551, 
Epoch 45, Training loss: 0.0546, 
Epoch 46, Training loss: 0.0546, 
Epoch 47, Training loss: 0.0543, 
Epoch 48, Training loss: 0.0538, 
Epoch 49, Training loss: 0.0537, 
Epoch 50, Training loss: 0.0533, 
Network count: 12
Finished making config for num_voters=50-m=7-num_winners=5-pref_dist=mixed-axioms=all-features=bcr-loss=L1Loss()-idx=11
Beginning to train num_voters=50-m=7-num_winners=5-pref_dist=mixed-axioms=all-features=bcr-loss=L1Loss()-idx=11
LOAD MODEL PATH: /scratch/b8armstr/thesis_results/trained_networks/NN-num_voters=50-m=7-num_winners=5-pref_dist=mixed-axioms=all-features=bcr-loss=L1Loss()-idx=11-.pt
Saved network not found. Beginning training. Caught exception: [Errno 2] No such file or directory: '/scratch/b8armstr/thesis_results/trained_networks/NN-num_voters=50-m=7-num_winners=5-pref_dist=mixed-axioms=all-features=bcr-loss=L1Loss()-idx=11-.pt'
Epoch 1, Training loss: 0.3518, 
Epoch 2, Training loss: 0.2901, 
Epoch 3, Training loss: 0.2495, 
Epoch 4, Training loss: 0.2120, 
Epoch 5, Training loss: 0.1901, 
Epoch 6, Training loss: 0.1612, 
Epoch 7, Training loss: 0.1198, 
Epoch 8, Training loss: 0.1013, 
Epoch 9, Training loss: 0.0904, 
Epoch 10, Training loss: 0.0834, 
Epoch 11, Training loss: 0.0781, 
Epoch 12, Training loss: 0.0745, 
Epoch 13, Training loss: 0.0721, 
Epoch 14, Training loss: 0.0705, 
Epoch 15, Training loss: 0.0692, 
Epoch 16, Training loss: 0.0681, 
Epoch 17, Training loss: 0.0674, 
Epoch 18, Training loss: 0.0667, 
Epoch 19, Training loss: 0.0658, 
Epoch 20, Training loss: 0.0651, 
Epoch 21, Training loss: 0.0647, 
Epoch 22, Training loss: 0.0642, 
Epoch 23, Training loss: 0.0636, 
Epoch 24, Training loss: 0.0632, 
Epoch 25, Training loss: 0.0625, 
Epoch 26, Training loss: 0.0619, 
Epoch 27, Training loss: 0.0616, 
Epoch 28, Training loss: 0.0610, 
Epoch 29, Training loss: 0.0606, 
Epoch 30, Training loss: 0.0601, 
Epoch 31, Training loss: 0.0601, 
Epoch 32, Training loss: 0.0596, 
Epoch 33, Training loss: 0.0590, 
Epoch 34, Training loss: 0.0587, 
Epoch 35, Training loss: 0.0584, 
Epoch 36, Training loss: 0.0582, 
Epoch 37, Training loss: 0.0578, 
Epoch 38, Training loss: 0.0573, 
Epoch 39, Training loss: 0.0570, 
Epoch 40, Training loss: 0.0567, 
Epoch 41, Training loss: 0.0567, 
Epoch 42, Training loss: 0.0562, 
Epoch 43, Training loss: 0.0559, 
Epoch 44, Training loss: 0.0554, 
Epoch 45, Training loss: 0.0554, 
Epoch 46, Training loss: 0.0553, 
Epoch 47, Training loss: 0.0552, 
Epoch 48, Training loss: 0.0548, 
Epoch 49, Training loss: 0.0543, 
Epoch 50, Training loss: 0.0544, 
Network count: 13
Finished making config for num_voters=50-m=7-num_winners=5-pref_dist=mixed-axioms=all-features=bcr-loss=L1Loss()-idx=12
Beginning to train num_voters=50-m=7-num_winners=5-pref_dist=mixed-axioms=all-features=bcr-loss=L1Loss()-idx=12
LOAD MODEL PATH: /scratch/b8armstr/thesis_results/trained_networks/NN-num_voters=50-m=7-num_winners=5-pref_dist=mixed-axioms=all-features=bcr-loss=L1Loss()-idx=12-.pt
Saved network not found. Beginning training. Caught exception: [Errno 2] No such file or directory: '/scratch/b8armstr/thesis_results/trained_networks/NN-num_voters=50-m=7-num_winners=5-pref_dist=mixed-axioms=all-features=bcr-loss=L1Loss()-idx=12-.pt'
Epoch 1, Training loss: 0.3521, 
Epoch 2, Training loss: 0.2805, 
Epoch 3, Training loss: 0.2322, 
Epoch 4, Training loss: 0.2135, 
Epoch 5, Training loss: 0.1787, 
Epoch 6, Training loss: 0.1276, 
Epoch 7, Training loss: 0.1078, 
Epoch 8, Training loss: 0.1014, 
Epoch 9, Training loss: 0.0958, 
Epoch 10, Training loss: 0.0909, 
Epoch 11, Training loss: 0.0852, 
Epoch 12, Training loss: 0.0799, 
Epoch 13, Training loss: 0.0762, 
Epoch 14, Training loss: 0.0736, 
Epoch 15, Training loss: 0.0716, 
Epoch 16, Training loss: 0.0701, 
Epoch 17, Training loss: 0.0687, 
Epoch 18, Training loss: 0.0677, 
Epoch 19, Training loss: 0.0669, 
Epoch 20, Training loss: 0.0661, 
Epoch 21, Training loss: 0.0654, 
Epoch 22, Training loss: 0.0647, 
Epoch 23, Training loss: 0.0639, 
Epoch 24, Training loss: 0.0635, 
Epoch 25, Training loss: 0.0629, 
Epoch 26, Training loss: 0.0627, 
Epoch 27, Training loss: 0.0621, 
Epoch 28, Training loss: 0.0617, 
Epoch 29, Training loss: 0.0611, 
Epoch 30, Training loss: 0.0609, 
Epoch 31, Training loss: 0.0604, 
Epoch 32, Training loss: 0.0599, 
Epoch 33, Training loss: 0.0597, 
Epoch 34, Training loss: 0.0591, 
Epoch 35, Training loss: 0.0588, 
Epoch 36, Training loss: 0.0588, 
Epoch 37, Training loss: 0.0581, 
Epoch 38, Training loss: 0.0579, 
Epoch 39, Training loss: 0.0576, 
Epoch 40, Training loss: 0.0572, 
Epoch 41, Training loss: 0.0570, 
Epoch 42, Training loss: 0.0565, 
Epoch 43, Training loss: 0.0565, 
Epoch 44, Training loss: 0.0561, 
Epoch 45, Training loss: 0.0556, 
Epoch 46, Training loss: 0.0554, 
Epoch 47, Training loss: 0.0552, 
Epoch 48, Training loss: 0.0551, 
Epoch 49, Training loss: 0.0549, 
Epoch 50, Training loss: 0.0545, 
Network count: 14
Finished making config for num_voters=50-m=7-num_winners=5-pref_dist=mixed-axioms=all-features=bcr-loss=L1Loss()-idx=13
Beginning to train num_voters=50-m=7-num_winners=5-pref_dist=mixed-axioms=all-features=bcr-loss=L1Loss()-idx=13
LOAD MODEL PATH: /scratch/b8armstr/thesis_results/trained_networks/NN-num_voters=50-m=7-num_winners=5-pref_dist=mixed-axioms=all-features=bcr-loss=L1Loss()-idx=13-.pt
Saved network not found. Beginning training. Caught exception: [Errno 2] No such file or directory: '/scratch/b8armstr/thesis_results/trained_networks/NN-num_voters=50-m=7-num_winners=5-pref_dist=mixed-axioms=all-features=bcr-loss=L1Loss()-idx=13-.pt'
Epoch 1, Training loss: 0.3554, 
Epoch 2, Training loss: 0.2870, 
Epoch 3, Training loss: 0.2369, 
Epoch 4, Training loss: 0.1938, 
Epoch 5, Training loss: 0.1518, 
Epoch 6, Training loss: 0.1196, 
Epoch 7, Training loss: 0.1037, 
Epoch 8, Training loss: 0.0953, 
Epoch 9, Training loss: 0.0887, 
Epoch 10, Training loss: 0.0839, 
Epoch 11, Training loss: 0.0802, 
Epoch 12, Training loss: 0.0765, 
Epoch 13, Training loss: 0.0741, 
Epoch 14, Training loss: 0.0721, 
Epoch 15, Training loss: 0.0707, 
Epoch 16, Training loss: 0.0696, 
Epoch 17, Training loss: 0.0687, 
Epoch 18, Training loss: 0.0678, 
Epoch 19, Training loss: 0.0671, 
Epoch 20, Training loss: 0.0666, 
Epoch 21, Training loss: 0.0661, 
Epoch 22, Training loss: 0.0653, 
Epoch 23, Training loss: 0.0649, 
Epoch 24, Training loss: 0.0647, 
Epoch 25, Training loss: 0.0640, 
Epoch 26, Training loss: 0.0636, 
Epoch 27, Training loss: 0.0630, 
Epoch 28, Training loss: 0.0628, 
Epoch 29, Training loss: 0.0621, 
Epoch 30, Training loss: 0.0619, 
Epoch 31, Training loss: 0.0614, 
Epoch 32, Training loss: 0.0610, 
Epoch 33, Training loss: 0.0607, 
Epoch 34, Training loss: 0.0603, 
Epoch 35, Training loss: 0.0599, 
Epoch 36, Training loss: 0.0596, 
Epoch 37, Training loss: 0.0594, 
Epoch 38, Training loss: 0.0589, 
Epoch 39, Training loss: 0.0587, 
Epoch 40, Training loss: 0.0583, 
Epoch 41, Training loss: 0.0580, 
Epoch 42, Training loss: 0.0578, 
Epoch 43, Training loss: 0.0573, 
Epoch 44, Training loss: 0.0573, 
Epoch 45, Training loss: 0.0566, 
Epoch 46, Training loss: 0.0567, 
Epoch 47, Training loss: 0.0561, 
Epoch 48, Training loss: 0.0559, 
Epoch 49, Training loss: 0.0556, 
Epoch 50, Training loss: 0.0554, 
Network count: 15
Finished making config for num_voters=50-m=7-num_winners=5-pref_dist=mixed-axioms=all-features=bcr-loss=L1Loss()-idx=14
Beginning to train num_voters=50-m=7-num_winners=5-pref_dist=mixed-axioms=all-features=bcr-loss=L1Loss()-idx=14
LOAD MODEL PATH: /scratch/b8armstr/thesis_results/trained_networks/NN-num_voters=50-m=7-num_winners=5-pref_dist=mixed-axioms=all-features=bcr-loss=L1Loss()-idx=14-.pt
Saved network not found. Beginning training. Caught exception: [Errno 2] No such file or directory: '/scratch/b8armstr/thesis_results/trained_networks/NN-num_voters=50-m=7-num_winners=5-pref_dist=mixed-axioms=all-features=bcr-loss=L1Loss()-idx=14-.pt'
Epoch 1, Training loss: 0.3502, 
Epoch 2, Training loss: 0.2850, 
Epoch 3, Training loss: 0.2348, 
Epoch 4, Training loss: 0.2128, 
Epoch 5, Training loss: 0.1831, 
Epoch 6, Training loss: 0.1438, 
Epoch 7, Training loss: 0.1121, 
Epoch 8, Training loss: 0.1014, 
Epoch 9, Training loss: 0.0940, 
Epoch 10, Training loss: 0.0867, 
Epoch 11, Training loss: 0.0803, 
Epoch 12, Training loss: 0.0757, 
Epoch 13, Training loss: 0.0725, 
Epoch 14, Training loss: 0.0705, 
Epoch 15, Training loss: 0.0696, 
Epoch 16, Training loss: 0.0684, 
Epoch 17, Training loss: 0.0675, 
Epoch 18, Training loss: 0.0668, 
Epoch 19, Training loss: 0.0665, 
Epoch 20, Training loss: 0.0655, 
Epoch 21, Training loss: 0.0650, 
Epoch 22, Training loss: 0.0645, 
Epoch 23, Training loss: 0.0638, 
Epoch 24, Training loss: 0.0635, 
Epoch 25, Training loss: 0.0630, 
Epoch 26, Training loss: 0.0625, 
Epoch 27, Training loss: 0.0622, 
Epoch 28, Training loss: 0.0615, 
Epoch 29, Training loss: 0.0610, 
Epoch 30, Training loss: 0.0609, 
Epoch 31, Training loss: 0.0609, 
Epoch 32, Training loss: 0.0601, 
Epoch 33, Training loss: 0.0596, 
Epoch 34, Training loss: 0.0591, 
Epoch 35, Training loss: 0.0589, 
Epoch 36, Training loss: 0.0584, 
Epoch 37, Training loss: 0.0582, 
Epoch 38, Training loss: 0.0577, 
Epoch 39, Training loss: 0.0573, 
Epoch 40, Training loss: 0.0574, 
Epoch 41, Training loss: 0.0569, 
Epoch 42, Training loss: 0.0566, 
Epoch 43, Training loss: 0.0561, 
Epoch 44, Training loss: 0.0559, 
Epoch 45, Training loss: 0.0555, 
Epoch 46, Training loss: 0.0553, 
Epoch 47, Training loss: 0.0550, 
Epoch 48, Training loss: 0.0547, 
Epoch 49, Training loss: 0.0545, 
Epoch 50, Training loss: 0.0542, 
Network count: 16
Finished making config for num_voters=50-m=7-num_winners=5-pref_dist=mixed-axioms=all-features=bcr-loss=L1Loss()-idx=15
Beginning to train num_voters=50-m=7-num_winners=5-pref_dist=mixed-axioms=all-features=bcr-loss=L1Loss()-idx=15
LOAD MODEL PATH: /scratch/b8armstr/thesis_results/trained_networks/NN-num_voters=50-m=7-num_winners=5-pref_dist=mixed-axioms=all-features=bcr-loss=L1Loss()-idx=15-.pt
Saved network not found. Beginning training. Caught exception: [Errno 2] No such file or directory: '/scratch/b8armstr/thesis_results/trained_networks/NN-num_voters=50-m=7-num_winners=5-pref_dist=mixed-axioms=all-features=bcr-loss=L1Loss()-idx=15-.pt'
Epoch 1, Training loss: 0.3557, 
Epoch 2, Training loss: 0.2874, 
Epoch 3, Training loss: 0.2397, 
Epoch 4, Training loss: 0.2078, 
Epoch 5, Training loss: 0.1897, 
Epoch 6, Training loss: 0.1711, 
Epoch 7, Training loss: 0.1347, 
Epoch 8, Training loss: 0.1119, 
Epoch 9, Training loss: 0.0992, 
Epoch 10, Training loss: 0.0907, 
Epoch 11, Training loss: 0.0841, 
Epoch 12, Training loss: 0.0795, 
Epoch 13, Training loss: 0.0758, 
Epoch 14, Training loss: 0.0727, 
Epoch 15, Training loss: 0.0706, 
Epoch 16, Training loss: 0.0695, 
Epoch 17, Training loss: 0.0685, 
Epoch 18, Training loss: 0.0676, 
Epoch 19, Training loss: 0.0669, 
Epoch 20, Training loss: 0.0663, 
Epoch 21, Training loss: 0.0656, 
Epoch 22, Training loss: 0.0651, 
Epoch 23, Training loss: 0.0645, 
Epoch 24, Training loss: 0.0638, 
Epoch 25, Training loss: 0.0636, 
Epoch 26, Training loss: 0.0629, 
Epoch 27, Training loss: 0.0625, 
Epoch 28, Training loss: 0.0623, 
Epoch 29, Training loss: 0.0618, 
Epoch 30, Training loss: 0.0611, 
Epoch 31, Training loss: 0.0607, 
Epoch 32, Training loss: 0.0603, 
Epoch 33, Training loss: 0.0601, 
Epoch 34, Training loss: 0.0594, 
Epoch 35, Training loss: 0.0593, 
Epoch 36, Training loss: 0.0588, 
Epoch 37, Training loss: 0.0587, 
Epoch 38, Training loss: 0.0580, 
Epoch 39, Training loss: 0.0578, 
Epoch 40, Training loss: 0.0576, 
Epoch 41, Training loss: 0.0571, 
Epoch 42, Training loss: 0.0566, 
Epoch 43, Training loss: 0.0564, 
Epoch 44, Training loss: 0.0564, 
Epoch 45, Training loss: 0.0559, 
Epoch 46, Training loss: 0.0557, 
Epoch 47, Training loss: 0.0553, 
Epoch 48, Training loss: 0.0550, 
Epoch 49, Training loss: 0.0548, 
Epoch 50, Training loss: 0.0549, 
Network count: 17
Finished making config for num_voters=50-m=7-num_winners=5-pref_dist=mixed-axioms=all-features=bcr-loss=L1Loss()-idx=16
Beginning to train num_voters=50-m=7-num_winners=5-pref_dist=mixed-axioms=all-features=bcr-loss=L1Loss()-idx=16
LOAD MODEL PATH: /scratch/b8armstr/thesis_results/trained_networks/NN-num_voters=50-m=7-num_winners=5-pref_dist=mixed-axioms=all-features=bcr-loss=L1Loss()-idx=16-.pt
Saved network not found. Beginning training. Caught exception: [Errno 2] No such file or directory: '/scratch/b8armstr/thesis_results/trained_networks/NN-num_voters=50-m=7-num_winners=5-pref_dist=mixed-axioms=all-features=bcr-loss=L1Loss()-idx=16-.pt'
Epoch 1, Training loss: 0.3493, 
Epoch 2, Training loss: 0.2832, 
Epoch 3, Training loss: 0.2363, 
Epoch 4, Training loss: 0.2025, 
Epoch 5, Training loss: 0.1527, 
Epoch 6, Training loss: 0.1124, 
Epoch 7, Training loss: 0.1012, 
Epoch 8, Training loss: 0.0931, 
Epoch 9, Training loss: 0.0847, 
Epoch 10, Training loss: 0.0783, 
Epoch 11, Training loss: 0.0743, 
Epoch 12, Training loss: 0.0720, 
Epoch 13, Training loss: 0.0706, 
Epoch 14, Training loss: 0.0695, 
Epoch 15, Training loss: 0.0684, 
Epoch 16, Training loss: 0.0676, 
Epoch 17, Training loss: 0.0672, 
Epoch 18, Training loss: 0.0663, 
Epoch 19, Training loss: 0.0656, 
Epoch 20, Training loss: 0.0649, 
Epoch 21, Training loss: 0.0646, 
Epoch 22, Training loss: 0.0642, 
Epoch 23, Training loss: 0.0634, 
Epoch 24, Training loss: 0.0627, 
Epoch 25, Training loss: 0.0624, 
Epoch 26, Training loss: 0.0618, 
Epoch 27, Training loss: 0.0613, 
Epoch 28, Training loss: 0.0610, 
Epoch 29, Training loss: 0.0608, 
Epoch 30, Training loss: 0.0602, 
Epoch 31, Training loss: 0.0596, 
Epoch 32, Training loss: 0.0595, 
Epoch 33, Training loss: 0.0589, 
Epoch 34, Training loss: 0.0584, 
Epoch 35, Training loss: 0.0580, 
Epoch 36, Training loss: 0.0577, 
Epoch 37, Training loss: 0.0574, 
Epoch 38, Training loss: 0.0567, 
Epoch 39, Training loss: 0.0567, 
Epoch 40, Training loss: 0.0566, 
Epoch 41, Training loss: 0.0558, 
Epoch 42, Training loss: 0.0559, 
Epoch 43, Training loss: 0.0554, 
Epoch 44, Training loss: 0.0552, 
Epoch 45, Training loss: 0.0550, 
Epoch 46, Training loss: 0.0545, 
Epoch 47, Training loss: 0.0544, 
Epoch 48, Training loss: 0.0540, 
Epoch 49, Training loss: 0.0538, 
Epoch 50, Training loss: 0.0533, 
Network count: 18
Finished making config for num_voters=50-m=7-num_winners=5-pref_dist=mixed-axioms=all-features=bcr-loss=L1Loss()-idx=17
Beginning to train num_voters=50-m=7-num_winners=5-pref_dist=mixed-axioms=all-features=bcr-loss=L1Loss()-idx=17
LOAD MODEL PATH: /scratch/b8armstr/thesis_results/trained_networks/NN-num_voters=50-m=7-num_winners=5-pref_dist=mixed-axioms=all-features=bcr-loss=L1Loss()-idx=17-.pt
Saved network not found. Beginning training. Caught exception: [Errno 2] No such file or directory: '/scratch/b8armstr/thesis_results/trained_networks/NN-num_voters=50-m=7-num_winners=5-pref_dist=mixed-axioms=all-features=bcr-loss=L1Loss()-idx=17-.pt'
Epoch 1, Training loss: 0.3548, 
Epoch 2, Training loss: 0.2777, 
Epoch 3, Training loss: 0.2208, 
Epoch 4, Training loss: 0.1867, 
Epoch 5, Training loss: 0.1549, 
Epoch 6, Training loss: 0.1146, 
Epoch 7, Training loss: 0.1011, 
Epoch 8, Training loss: 0.0931, 
Epoch 9, Training loss: 0.0872, 
Epoch 10, Training loss: 0.0819, 
Epoch 11, Training loss: 0.0778, 
Epoch 12, Training loss: 0.0748, 
Epoch 13, Training loss: 0.0727, 
Epoch 14, Training loss: 0.0708, 
Epoch 15, Training loss: 0.0695, 
Epoch 16, Training loss: 0.0686, 
Epoch 17, Training loss: 0.0677, 
Epoch 18, Training loss: 0.0671, 
Epoch 19, Training loss: 0.0663, 
Epoch 20, Training loss: 0.0662, 
Epoch 21, Training loss: 0.0655, 
Epoch 22, Training loss: 0.0650, 
Epoch 23, Training loss: 0.0645, 
Epoch 24, Training loss: 0.0638, 
Epoch 25, Training loss: 0.0637, 
Epoch 26, Training loss: 0.0632, 
Epoch 27, Training loss: 0.0630, 
Epoch 28, Training loss: 0.0622, 
Epoch 29, Training loss: 0.0618, 
Epoch 30, Training loss: 0.0615, 
Epoch 31, Training loss: 0.0611, 
Epoch 32, Training loss: 0.0605, 
Epoch 33, Training loss: 0.0602, 
Epoch 34, Training loss: 0.0599, 
Epoch 35, Training loss: 0.0596, 
Epoch 36, Training loss: 0.0592, 
Epoch 37, Training loss: 0.0586, 
Epoch 38, Training loss: 0.0587, 
Epoch 39, Training loss: 0.0582, 
Epoch 40, Training loss: 0.0580, 
Epoch 41, Training loss: 0.0575, 
Epoch 42, Training loss: 0.0572, 
Epoch 43, Training loss: 0.0572, 
Epoch 44, Training loss: 0.0565, 
Epoch 45, Training loss: 0.0563, 
Epoch 46, Training loss: 0.0561, 
Epoch 47, Training loss: 0.0562, 
Epoch 48, Training loss: 0.0555, 
Epoch 49, Training loss: 0.0556, 
Epoch 50, Training loss: 0.0550, 
Network count: 19
Finished making config for num_voters=50-m=7-num_winners=5-pref_dist=mixed-axioms=all-features=bcr-loss=L1Loss()-idx=18
Beginning to train num_voters=50-m=7-num_winners=5-pref_dist=mixed-axioms=all-features=bcr-loss=L1Loss()-idx=18
LOAD MODEL PATH: /scratch/b8armstr/thesis_results/trained_networks/NN-num_voters=50-m=7-num_winners=5-pref_dist=mixed-axioms=all-features=bcr-loss=L1Loss()-idx=18-.pt
Saved network not found. Beginning training. Caught exception: [Errno 2] No such file or directory: '/scratch/b8armstr/thesis_results/trained_networks/NN-num_voters=50-m=7-num_winners=5-pref_dist=mixed-axioms=all-features=bcr-loss=L1Loss()-idx=18-.pt'
Epoch 1, Training loss: 0.3539, 
Epoch 2, Training loss: 0.2795, 
Epoch 3, Training loss: 0.2315, 
Epoch 4, Training loss: 0.1998, 
Epoch 5, Training loss: 0.1656, 
Epoch 6, Training loss: 0.1173, 
Epoch 7, Training loss: 0.1034, 
Epoch 8, Training loss: 0.0961, 
Epoch 9, Training loss: 0.0894, 
Epoch 10, Training loss: 0.0836, 
Epoch 11, Training loss: 0.0789, 
Epoch 12, Training loss: 0.0756, 
Epoch 13, Training loss: 0.0731, 
Epoch 14, Training loss: 0.0710, 
Epoch 15, Training loss: 0.0695, 
Epoch 16, Training loss: 0.0685, 
Epoch 17, Training loss: 0.0674, 
Epoch 18, Training loss: 0.0666, 
Epoch 19, Training loss: 0.0661, 
Epoch 20, Training loss: 0.0652, 
Epoch 21, Training loss: 0.0647, 
Epoch 22, Training loss: 0.0642, 
Epoch 23, Training loss: 0.0636, 
Epoch 24, Training loss: 0.0631, 
Epoch 25, Training loss: 0.0628, 
Epoch 26, Training loss: 0.0623, 
Epoch 27, Training loss: 0.0617, 
Epoch 28, Training loss: 0.0613, 
Epoch 29, Training loss: 0.0611, 
Epoch 30, Training loss: 0.0604, 
Epoch 31, Training loss: 0.0603, 
Epoch 32, Training loss: 0.0598, 
Epoch 33, Training loss: 0.0593, 
Epoch 34, Training loss: 0.0590, 
Epoch 35, Training loss: 0.0588, 
Epoch 36, Training loss: 0.0583, 
Epoch 37, Training loss: 0.0579, 
Epoch 38, Training loss: 0.0576, 
Epoch 39, Training loss: 0.0573, 
Epoch 40, Training loss: 0.0574, 
Epoch 41, Training loss: 0.0566, 
Epoch 42, Training loss: 0.0566, 
Epoch 43, Training loss: 0.0562, 
Epoch 44, Training loss: 0.0561, 
Epoch 45, Training loss: 0.0555, 
Epoch 46, Training loss: 0.0552, 
Epoch 47, Training loss: 0.0551, 
Epoch 48, Training loss: 0.0549, 
Epoch 49, Training loss: 0.0546, 
Epoch 50, Training loss: 0.0544, 
Network count: 20
Finished making config for num_voters=50-m=7-num_winners=5-pref_dist=mixed-axioms=all-features=bcr-loss=L1Loss()-idx=19
Beginning to train num_voters=50-m=7-num_winners=5-pref_dist=mixed-axioms=all-features=bcr-loss=L1Loss()-idx=19
LOAD MODEL PATH: /scratch/b8armstr/thesis_results/trained_networks/NN-num_voters=50-m=7-num_winners=5-pref_dist=mixed-axioms=all-features=bcr-loss=L1Loss()-idx=19-.pt
Saved network not found. Beginning training. Caught exception: [Errno 2] No such file or directory: '/scratch/b8armstr/thesis_results/trained_networks/NN-num_voters=50-m=7-num_winners=5-pref_dist=mixed-axioms=all-features=bcr-loss=L1Loss()-idx=19-.pt'
Epoch 1, Training loss: 0.3528, 
Epoch 2, Training loss: 0.2816, 
Epoch 3, Training loss: 0.2556, 
Epoch 4, Training loss: 0.2252, 
Epoch 5, Training loss: 0.1632, 
Epoch 6, Training loss: 0.1300, 
Epoch 7, Training loss: 0.1085, 
Epoch 8, Training loss: 0.0970, 
Epoch 9, Training loss: 0.0880, 
Epoch 10, Training loss: 0.0812, 
Epoch 11, Training loss: 0.0769, 
Epoch 12, Training loss: 0.0740, 
Epoch 13, Training loss: 0.0718, 
Epoch 14, Training loss: 0.0701, 
Epoch 15, Training loss: 0.0689, 
Epoch 16, Training loss: 0.0678, 
Epoch 17, Training loss: 0.0668, 
Epoch 18, Training loss: 0.0661, 
Epoch 19, Training loss: 0.0655, 
Epoch 20, Training loss: 0.0645, 
Epoch 21, Training loss: 0.0640, 
Epoch 22, Training loss: 0.0639, 
Epoch 23, Training loss: 0.0633, 
Epoch 24, Training loss: 0.0625, 
Epoch 25, Training loss: 0.0624, 
Epoch 26, Training loss: 0.0614, 
Epoch 27, Training loss: 0.0613, 
Epoch 28, Training loss: 0.0605, 
Epoch 29, Training loss: 0.0603, 
Epoch 30, Training loss: 0.0600, 
Epoch 31, Training loss: 0.0595, 
Epoch 32, Training loss: 0.0592, 
Epoch 33, Training loss: 0.0587, 
Epoch 34, Training loss: 0.0584, 
Epoch 35, Training loss: 0.0579, 
Epoch 36, Training loss: 0.0576, 
Epoch 37, Training loss: 0.0574, 
Epoch 38, Training loss: 0.0571, 
Epoch 39, Training loss: 0.0566, 
Epoch 40, Training loss: 0.0567, 
Epoch 41, Training loss: 0.0562, 
Epoch 42, Training loss: 0.0558, 
Epoch 43, Training loss: 0.0559, 
Epoch 44, Training loss: 0.0552, 
Epoch 45, Training loss: 0.0550, 
Epoch 46, Training loss: 0.0547, 
Epoch 47, Training loss: 0.0548, 
Epoch 48, Training loss: 0.0540, 
Epoch 49, Training loss: 0.0540, 
Epoch 50, Training loss: 0.0537, 
