1731181530
About to load modules
created virtual environment CPython3.11.5.final.0-64 in 2235ms
  creator CPython3Posix(dest=/local/b8armstr.26771990.0/env, clear=False, no_vcs_ignore=False, global=False)
  seeder FromAppData(download=False, pip=bundle, setuptools=bundle, wheel=bundle, via=copy, app_data_dir=/home/b8armstr/.local/share/virtualenv)
    added seed packages: pip==24.2, setuptools==68.0.0, wheel==0.44.0
  activators BashActivator,CShellActivator,FishActivator,NushellActivator,PowerShellActivator,PythonActivator
1731181535
About to install requirements
Looking in links: /cvmfs/soft.computecanada.ca/custom/python/wheelhouse/gentoo2023/x86-64-v3, /cvmfs/soft.computecanada.ca/custom/python/wheelhouse/gentoo2023/generic, /cvmfs/soft.computecanada.ca/custom/python/wheelhouse/generic
Processing /cvmfs/soft.computecanada.ca/custom/python/wheelhouse/generic/Deprecated-1.2.14+computecanada-py2.py3-none-any.whl
Processing /cvmfs/soft.computecanada.ca/custom/python/wheelhouse/generic/wrapt-1.16.0+computecanada-cp311-cp311-linux_x86_64.whl (from deprecated)
Installing collected packages: wrapt, deprecated
Successfully installed deprecated-1.2.14+computecanada wrapt-1.16.0+computecanada
Looking in links: /cvmfs/soft.computecanada.ca/custom/python/wheelhouse/gentoo2023/x86-64-v3, /cvmfs/soft.computecanada.ca/custom/python/wheelhouse/gentoo2023/generic, /cvmfs/soft.computecanada.ca/custom/python/wheelhouse/generic
Processing ./cc_libs/abcvoting-2.10.0-py3-none-any.whl
Processing ./cc_libs/absl_py-2.1.0+computecanada-py3-none-any.whl
Processing ./cc_libs/appnope-0.1.4-py2.py3-none-any.whl
Processing ./cc_libs/asttokens-2.4.1+computecanada-py2.py3-none-any.whl
Processing ./cc_libs/astunparse-1.6.3+computecanada-py2.py3-none-any.whl
Processing ./cc_libs/attrs-24.2.0+computecanada-py3-none-any.whl
Processing ./cc_libs/backcall-0.2.0+computecanada-py3-none-any.whl
Processing ./cc_libs/beautifulsoup4-4.12.3+computecanada-py3-none-any.whl
Processing ./cc_libs/bleach-6.1.0+computecanada-py3-none-any.whl
Processing ./cc_libs/certifi-2024.6.2-py3-none-any.whl
Processing ./cc_libs/cffi-1.15.1+computecanada-cp311-cp311-linux_x86_64.whl
Processing ./cc_libs/charset_normalizer-3.3.2-py3-none-any.whl
Processing ./cc_libs/contourpy-1.2.1+computecanada-cp311-cp311-linux_x86_64.whl
Processing ./cc_libs/cycler-0.12.1+computecanada-py3-none-any.whl
Processing ./cc_libs/decorator-5.1.1+computecanada-py3-none-any.whl
Processing ./cc_libs/defusedxml-0.7.1+computecanada-py2.py3-none-any.whl
Processing ./cc_libs/Deprecated-1.2.14+computecanada-py2.py3-none-any.whl
Processing ./cc_libs/docopt-0.6.2+computecanada-py2.py3-none-any.whl
Processing ./cc_libs/executing-2.1.0-py2.py3-none-any.whl
Processing ./cc_libs/fastjsonschema-2.20.0+computecanada-py3-none-any.whl
Processing ./cc_libs/filelock-3.14.0-py3-none-any.whl
Processing ./cc_libs/flatbuffers-24.3.25+computecanada-py2.py3-none-any.whl
Processing ./cc_libs/fonttools-4.53.0+computecanada-cp311-cp311-linux_x86_64.whl
Processing ./cc_libs/fsspec-2024.6.0+computecanada-py3-none-any.whl
Processing ./cc_libs/gast-0.5.4+computecanada-py3-none-any.whl
Processing ./cc_libs/google_pasta-0.2.0+computecanada-py3-none-any.whl
Processing ./cc_libs/gurobipy-11.0.1-cp311-cp311-linux_x86_64.whl
Processing ./cc_libs/h5py-3.11.0+computecanada-cp311-cp311-linux_x86_64.whl
Processing ./cc_libs/idna-3.7-py3-none-any.whl
Processing ./cc_libs/immutabledict-4.2.0-py3-none-any.whl
Processing ./cc_libs/ipython-8.12.3-py3-none-any.whl
Processing ./cc_libs/jedi-0.19.1+computecanada-py2.py3-none-any.whl
Processing ./cc_libs/jinja2-3.1.4+computecanada-py3-none-any.whl
Processing ./cc_libs/joblib-1.4.2+computecanada-py3-none-any.whl
Processing ./cc_libs/jsonschema-4.23.0+computecanada-py3-none-any.whl
Processing ./cc_libs/jsonschema_specifications-2023.12.1+computecanada-py3-none-any.whl
Processing ./cc_libs/jupyter_client-8.6.2+computecanada-py3-none-any.whl
Processing ./cc_libs/jupyter_core-5.7.2+computecanada-py3-none-any.whl
Processing ./cc_libs/jupyterlab_pygments-0.3.0+computecanada-py3-none-any.whl
Processing ./cc_libs/kiwisolver-1.4.5+computecanada-cp311-cp311-linux_x86_64.whl
Processing ./cc_libs/llvmlite-0.41.1+computecanada-cp311-cp311-linux_x86_64.whl
Processing ./cc_libs/Markdown-3.6-py3-none-any.whl
Processing ./cc_libs/markdown_it_py-3.0.0+computecanada-py3-none-any.whl
Processing ./cc_libs/MarkupSafe-2.1.5+computecanada-cp311-cp311-linux_x86_64.whl
Processing ./cc_libs/matplotlib-3.9.0+computecanada-cp311-cp311-linux_x86_64.whl
Processing ./cc_libs/matplotlib_inline-0.1.7+computecanada-py3-none-any.whl
Processing ./cc_libs/mdurl-0.1.2+computecanada-py3-none-any.whl
Processing ./cc_libs/mip-1.15.0-py3-none-any.whl
Processing ./cc_libs/mistune-3.0.2+computecanada-py3-none-any.whl
Processing ./cc_libs/ml_dtypes-0.3.2-cp311-cp311-linux_x86_64.whl
Processing ./cc_libs/mpmath-1.3.0+computecanada-py3-none-any.whl
Processing ./cc_libs/namex-0.0.8+computecanada-py3-none-any.whl
Processing ./cc_libs/nashpy-0.0.40-py3-none-any.whl
Processing ./cc_libs/nbclient-0.10.0+computecanada-py3-none-any.whl
Processing ./cc_libs/nbconvert-7.16.4+computecanada-py3-none-any.whl
Processing ./cc_libs/nbformat-5.10.4+computecanada-py3-none-any.whl
Processing ./cc_libs/networkx-3.3+computecanada-py3-none-any.whl
Processing ./cc_libs/numba-0.58.1+computecanada-cp311-cp311-linux_x86_64.whl
Processing ./cc_libs/numpy-1.26.4+computecanada-cp311-cp311-linux_x86_64.whl
Processing ./cc_libs/opt_einsum-3.3.0+computecanada-py3-none-any.whl
Processing ./cc_libs/optree-0.11.0+computecanada-cp311-cp311-linux_x86_64.whl
Processing ./cc_libs/ortools-9.10.4067+computecanada-cp311-cp311-linux_x86_64.whl
Processing ./cc_libs/packaging-24.0-py3-none-any.whl
Processing ./cc_libs/pandas-2.2.2+computecanada-cp311-cp311-linux_x86_64.whl
Processing ./cc_libs/pandocfilters-1.5.1+computecanada-py2.py3-none-any.whl
Processing ./cc_libs/parso-0.8.4+computecanada-py2.py3-none-any.whl
Processing ./cc_libs/pexpect-4.9.0+computecanada-py2.py3-none-any.whl
Processing ./cc_libs/pickleshare-0.7.5+computecanada-py2.py3-none-any.whl
Processing ./cc_libs/pillow-10.3.0+computecanada-cp311-cp311-linux_x86_64.whl
Processing ./cc_libs/pipdeptree-2.23.1-py3-none-any.whl
Processing ./cc_libs/pipreqs-0.5.0-py3-none-any.whl
Processing ./cc_libs/platformdirs-4.3.3-py3-none-any.whl
Processing ./cc_libs/preflibtools-2.0.22-py3-none-any.whl
Processing ./cc_libs/prefsampling-0.1.20-py3-none-any.whl
Processing ./cc_libs/pref_voting-1.13.18-py3-none-any.whl
Processing ./cc_libs/prompt_toolkit-3.0.47+computecanada-py3-none-any.whl
Processing ./cc_libs/protobuf-4.25.3+computecanada-cp311-cp311-linux_x86_64.whl
Processing ./cc_libs/ptyprocess-0.7.0+computecanada-py2.py3-none-any.whl
Processing ./cc_libs/pure_eval-0.2.3+computecanada-py3-none-any.whl
Processing ./cc_libs/pycparser-2.22-py3-none-any.whl
Processing ./cc_libs/pygments-2.18.0+computecanada-py3-none-any.whl
Processing ./cc_libs/pyparsing-3.1.2+computecanada-py3-none-any.whl
Processing ./cc_libs/pyrankvote-2.0.6-py3-none-any.whl
Processing ./cc_libs/python_dateutil-2.9.0.post0+computecanada-py2.py3-none-any.whl
Processing ./cc_libs/pytorch_ignite-0.5.1-py3-none-any.whl
Processing ./cc_libs/pytz-2024.1+computecanada-py2.py3-none-any.whl
Processing ./cc_libs/random2-1.0.2-py3-none-any.whl
Processing ./cc_libs/referencing-0.35.1+computecanada-py3-none-any.whl
Processing ./cc_libs/requests-2.32.3-py3-none-any.whl
Processing ./cc_libs/rich-13.7.1+computecanada-py3-none-any.whl
Processing ./cc_libs/ruamel.yaml-0.18.6+computecanada-py3-none-any.whl
Processing ./cc_libs/ruamel.yaml.clib-0.2.8+computecanada-cp311-cp311-linux_x86_64.whl
Processing ./cc_libs/scikit_learn-1.5.0+computecanada-cp311-cp311-linux_x86_64.whl
Processing ./cc_libs/scipy-1.13.1+computecanada-cp311-cp311-linux_x86_64.whl
Processing ./cc_libs/seaborn-0.13.2+computecanada-py3-none-any.whl
Processing ./cc_libs/six-1.16.0+computecanada-py2.py3-none-any.whl
Processing ./cc_libs/snakeviz-2.2.0-py2.py3-none-any.whl
Processing ./cc_libs/soupsieve-2.6+computecanada-py3-none-any.whl
Processing ./cc_libs/stack_data-0.6.3+computecanada-py3-none-any.whl
Processing ./cc_libs/sympy-1.12.1+computecanada-py3-none-any.whl
Processing ./cc_libs/tabulate-0.9.0+computecanada-py3-none-any.whl
Processing ./cc_libs/termcolor-2.4.0+computecanada-py3-none-any.whl
Processing ./cc_libs/threadpoolctl-3.5.0+computecanada-py3-none-any.whl
Processing ./cc_libs/tinycss2-1.3.0+computecanada-py3-none-any.whl
Processing ./cc_libs/traitlets-5.14.3+computecanada-py3-none-any.whl
Processing ./cc_libs/typing_extensions-4.12.1-py3-none-any.whl
Processing ./cc_libs/tzdata-2024.1+computecanada-py2.py3-none-any.whl
Processing ./cc_libs/urllib3-2.2.1-py3-none-any.whl
Processing ./cc_libs/wcwidth-0.2.13+computecanada-py2.py3-none-any.whl
Processing ./cc_libs/webencodings-0.5.1+computecanada-py2.py3-none-any.whl
Processing ./cc_libs/werkzeug-3.0.3+computecanada-py3-none-any.whl
Processing ./cc_libs/wrapt-1.16.0+computecanada-cp311-cp311-linux_x86_64.whl
Processing ./cc_libs/yarg-0.1.9-py2.py3-none-any.whl
asttokens is already installed with the same version as the provided wheel. Use --force-reinstall to force an installation of the wheel.
cycler is already installed with the same version as the provided wheel. Use --force-reinstall to force an installation of the wheel.
decorator is already installed with the same version as the provided wheel. Use --force-reinstall to force an installation of the wheel.
Deprecated is already installed with the same version as the provided wheel. Use --force-reinstall to force an installation of the wheel.
jedi is already installed with the same version as the provided wheel. Use --force-reinstall to force an installation of the wheel.
jupyter-client is already installed with the same version as the provided wheel. Use --force-reinstall to force an installation of the wheel.
jupyter-core is already installed with the same version as the provided wheel. Use --force-reinstall to force an installation of the wheel.
matplotlib-inline is already installed with the same version as the provided wheel. Use --force-reinstall to force an installation of the wheel.
mpmath is already installed with the same version as the provided wheel. Use --force-reinstall to force an installation of the wheel.
pandas is already installed with the same version as the provided wheel. Use --force-reinstall to force an installation of the wheel.
parso is already installed with the same version as the provided wheel. Use --force-reinstall to force an installation of the wheel.
pexpect is already installed with the same version as the provided wheel. Use --force-reinstall to force an installation of the wheel.
prompt-toolkit is already installed with the same version as the provided wheel. Use --force-reinstall to force an installation of the wheel.
ptyprocess is already installed with the same version as the provided wheel. Use --force-reinstall to force an installation of the wheel.
pygments is already installed with the same version as the provided wheel. Use --force-reinstall to force an installation of the wheel.
python-dateutil is already installed with the same version as the provided wheel. Use --force-reinstall to force an installation of the wheel.
six is already installed with the same version as the provided wheel. Use --force-reinstall to force an installation of the wheel.
stack-data is already installed with the same version as the provided wheel. Use --force-reinstall to force an installation of the wheel.
traitlets is already installed with the same version as the provided wheel. Use --force-reinstall to force an installation of the wheel.
tzdata is already installed with the same version as the provided wheel. Use --force-reinstall to force an installation of the wheel.
wcwidth is already installed with the same version as the provided wheel. Use --force-reinstall to force an installation of the wheel.
wrapt is already installed with the same version as the provided wheel. Use --force-reinstall to force an installation of the wheel.
Installing collected packages: yarg, webencodings, random2, pytz, pytorch-ignite, pyrankvote, pure-eval, pickleshare, namex, gurobipy, google-pasta, flatbuffers, fastjsonschema, docopt, cffi, backcall, astunparse, werkzeug, urllib3, typing-extensions, tinycss2, threadpoolctl, termcolor, tabulate, sympy, soupsieve, snakeviz, seaborn, scipy, scikit-learn, ruamel.yaml.clib, ruamel.yaml, rich, requests, referencing, pyparsing, pycparser, protobuf, prefsampling, preflibtools, pref-voting, platformdirs, pipreqs, pipdeptree, pillow, pandocfilters, packaging, ortools, optree, opt-einsum, numpy, numba, networkx, nbformat, nbconvert, nbclient, nashpy, ml-dtypes, mistune, mip, mdurl, matplotlib, MarkupSafe, markdown-it-py, Markdown, llvmlite, kiwisolver, jupyterlab-pygments, jsonschema-specifications, jsonschema, joblib, jinja2, ipython, immutabledict, idna, h5py, gast, fsspec, fonttools, filelock, executing, defusedxml, contourpy, charset-normalizer, certifi, bleach, beautifulsoup4, attrs, appnope, absl-py, abcvoting
  Attempting uninstall: pytz
    Found existing installation: pytz 2024.2+computecanada
    Not uninstalling pytz at /cvmfs/soft.computecanada.ca/easybuild/software/2023/x86-64-v3/Compiler/gcccore/scipy-stack/2024b/lib/python3.11/site-packages, outside environment /local/b8armstr.26771990.0/env
    Can't uninstall 'pytz'. No files were found to uninstall.
  Attempting uninstall: pure-eval
    Found existing installation: pure_eval 0.2.2+computecanada
    Not uninstalling pure-eval at /cvmfs/soft.computecanada.ca/easybuild/software/2023/x86-64-v3/Compiler/gcccore/ipykernel/2024b/lib/python3.11/site-packages, outside environment /local/b8armstr.26771990.0/env
    Can't uninstall 'pure_eval'. No files were found to uninstall.
  Attempting uninstall: typing-extensions
    Found existing installation: typing_extensions 4.12.2+computecanada
    Not uninstalling typing-extensions at /cvmfs/soft.computecanada.ca/easybuild/software/2023/x86-64-v3/Compiler/gcccore/ipykernel/2024b/lib/python3.11/site-packages, outside environment /local/b8armstr.26771990.0/env
    Can't uninstall 'typing_extensions'. No files were found to uninstall.
  Attempting uninstall: sympy
    Found existing installation: sympy 1.13.3+computecanada
    Not uninstalling sympy at /cvmfs/soft.computecanada.ca/easybuild/software/2023/x86-64-v3/Compiler/gcccore/scipy-stack/2024b/lib/python3.11/site-packages, outside environment /local/b8armstr.26771990.0/env
    Can't uninstall 'sympy'. No files were found to uninstall.
  Attempting uninstall: scipy
    Found existing installation: scipy 1.14.1+computecanada
    Not uninstalling scipy at /cvmfs/soft.computecanada.ca/easybuild/software/2023/x86-64-v3/Compiler/gcccore/scipy-stack/2024b/lib/python3.11/site-packages, outside environment /local/b8armstr.26771990.0/env
    Can't uninstall 'scipy'. No files were found to uninstall.
  Attempting uninstall: pyparsing
    Found existing installation: pyparsing 3.1.4+computecanada
    Not uninstalling pyparsing at /cvmfs/soft.computecanada.ca/easybuild/software/2023/x86-64-v3/Compiler/gcccore/scipy-stack/2024b/lib/python3.11/site-packages, outside environment /local/b8armstr.26771990.0/env
    Can't uninstall 'pyparsing'. No files were found to uninstall.
  Attempting uninstall: platformdirs
    Found existing installation: platformdirs 3.9.1+computecanada
    Not uninstalling platformdirs at /cvmfs/soft.computecanada.ca/easybuild/software/2023/x86-64-v3/Compiler/gcccore/ipykernel/2024b/lib/python3.11/site-packages, outside environment /local/b8armstr.26771990.0/env
    Can't uninstall 'platformdirs'. No files were found to uninstall.
  Attempting uninstall: pillow
    Found existing installation: pillow 10.4.0+computecanada
    Not uninstalling pillow at /cvmfs/soft.computecanada.ca/easybuild/software/2023/x86-64-v3/Compiler/gcccore/scipy-stack/2024b/lib/python3.11/site-packages, outside environment /local/b8armstr.26771990.0/env
    Can't uninstall 'pillow'. No files were found to uninstall.
  Attempting uninstall: packaging
    Found existing installation: packaging 24.1+computecanada
    Not uninstalling packaging at /cvmfs/soft.computecanada.ca/easybuild/software/2023/x86-64-v3/Compiler/gcccore/scipy-stack/2024b/lib/python3.11/site-packages, outside environment /local/b8armstr.26771990.0/env
    Can't uninstall 'packaging'. No files were found to uninstall.
  Attempting uninstall: numpy
    Found existing installation: numpy 2.1.1+computecanada
    Not uninstalling numpy at /cvmfs/soft.computecanada.ca/easybuild/software/2023/x86-64-v3/Compiler/gcccore/scipy-stack/2024b/lib/python3.11/site-packages, outside environment /local/b8armstr.26771990.0/env
    Can't uninstall 'numpy'. No files were found to uninstall.
  Attempting uninstall: matplotlib
    Found existing installation: matplotlib 3.9.2+computecanada
    Not uninstalling matplotlib at /cvmfs/soft.computecanada.ca/easybuild/software/2023/x86-64-v3/Compiler/gcccore/scipy-stack/2024b/lib/python3.11/site-packages, outside environment /local/b8armstr.26771990.0/env
    Can't uninstall 'matplotlib'. No files were found to uninstall.
  Attempting uninstall: kiwisolver
    Found existing installation: kiwisolver 1.4.7+computecanada
    Not uninstalling kiwisolver at /cvmfs/soft.computecanada.ca/easybuild/software/2023/x86-64-v3/Compiler/gcccore/scipy-stack/2024b/lib/python3.11/site-packages, outside environment /local/b8armstr.26771990.0/env
    Can't uninstall 'kiwisolver'. No files were found to uninstall.
  Attempting uninstall: ipython
    Found existing installation: ipython 8.25.0+computecanada
    Not uninstalling ipython at /cvmfs/soft.computecanada.ca/easybuild/software/2023/x86-64-v3/Compiler/gcccore/ipykernel/2024b/lib/python3.11/site-packages, outside environment /local/b8armstr.26771990.0/env
    Can't uninstall 'ipython'. No files were found to uninstall.
  Attempting uninstall: fonttools
    Found existing installation: fonttools 4.53.1+computecanada
    Not uninstalling fonttools at /cvmfs/soft.computecanada.ca/easybuild/software/2023/x86-64-v3/Compiler/gcccore/scipy-stack/2024b/lib/python3.11/site-packages, outside environment /local/b8armstr.26771990.0/env
    Can't uninstall 'fonttools'. No files were found to uninstall.
  Attempting uninstall: executing
    Found existing installation: executing 2.0.1+computecanada
    Not uninstalling executing at /cvmfs/soft.computecanada.ca/easybuild/software/2023/x86-64-v3/Compiler/gcccore/ipykernel/2024b/lib/python3.11/site-packages, outside environment /local/b8armstr.26771990.0/env
    Can't uninstall 'executing'. No files were found to uninstall.
  Attempting uninstall: contourpy
    Found existing installation: contourpy 1.3.0+computecanada
    Not uninstalling contourpy at /cvmfs/soft.computecanada.ca/easybuild/software/2023/x86-64-v3/Compiler/gcccore/scipy-stack/2024b/lib/python3.11/site-packages, outside environment /local/b8armstr.26771990.0/env
    Can't uninstall 'contourpy'. No files were found to uninstall.
Successfully installed Markdown-3.6 MarkupSafe-2.1.5+computecanada abcvoting-2.10.0 absl-py-2.1.0+computecanada appnope-0.1.4 astunparse-1.6.3+computecanada attrs-24.2.0+computecanada backcall-0.2.0+computecanada beautifulsoup4-4.12.3+computecanada bleach-6.1.0+computecanada certifi-2024.6.2 cffi-1.15.1+computecanada charset-normalizer-3.3.2 contourpy-1.2.1+computecanada defusedxml-0.7.1+computecanada docopt-0.6.2+computecanada executing-2.1.0 fastjsonschema-2.20.0+computecanada filelock-3.14.0 flatbuffers-24.3.25+computecanada fonttools-4.53.0+computecanada fsspec-2024.6.0+computecanada gast-0.5.4+computecanada google-pasta-0.2.0+computecanada gurobipy-11.0.1 h5py-3.11.0+computecanada idna-3.7 immutabledict-4.2.0 ipython-8.12.3 jinja2-3.1.4+computecanada joblib-1.4.2+computecanada jsonschema-4.23.0+computecanada jsonschema-specifications-2023.12.1+computecanada jupyterlab-pygments-0.3.0+computecanada kiwisolver-1.4.5+computecanada llvmlite-0.41.1+computecanada markdown-it-py-3.0.0+computecanada matplotlib-3.9.0+computecanada mdurl-0.1.2+computecanada mip-1.15.0 mistune-3.0.2+computecanada ml-dtypes-0.3.2 namex-0.0.8+computecanada nashpy-0.0.40 nbclient-0.10.0+computecanada nbconvert-7.16.4+computecanada nbformat-5.10.4+computecanada networkx-3.3+computecanada numba-0.58.1+computecanada numpy-1.26.4+computecanada opt-einsum-3.3.0+computecanada optree-0.11.0+computecanada ortools-9.10.4067+computecanada packaging-24.0 pandocfilters-1.5.1+computecanada pickleshare-0.7.5+computecanada pillow-10.3.0+computecanada pipdeptree-2.23.1 pipreqs-0.5.0 platformdirs-4.3.3 pref-voting-1.13.18 preflibtools-2.0.22 prefsampling-0.1.20 protobuf-4.25.3+computecanada pure-eval-0.2.3+computecanada pycparser-2.22 pyparsing-3.1.2+computecanada pyrankvote-2.0.6 pytorch-ignite-0.5.1 pytz-2024.1+computecanada random2-1.0.2 referencing-0.35.1+computecanada requests-2.32.3 rich-13.7.1+computecanada ruamel.yaml-0.18.6+computecanada ruamel.yaml.clib-0.2.8+computecanada scikit-learn-1.5.0+computecanada scipy-1.13.1+computecanada seaborn-0.13.2+computecanada snakeviz-2.2.0 soupsieve-2.6+computecanada sympy-1.12.1+computecanada tabulate-0.9.0+computecanada termcolor-2.4.0+computecanada threadpoolctl-3.5.0+computecanada tinycss2-1.3.0+computecanada typing-extensions-4.12.1 urllib3-2.2.1 webencodings-0.5.1+computecanada werkzeug-3.0.3+computecanada yarg-0.1.9
Looking in links: /cvmfs/soft.computecanada.ca/custom/python/wheelhouse/gentoo2023/x86-64-v3, /cvmfs/soft.computecanada.ca/custom/python/wheelhouse/gentoo2023/generic, /cvmfs/soft.computecanada.ca/custom/python/wheelhouse/generic
Requirement already satisfied: scikit_learn in /local/b8armstr.26771990.0/env/lib/python3.11/site-packages (1.5.0+computecanada)
Processing /cvmfs/soft.computecanada.ca/custom/python/wheelhouse/gentoo2023/generic/scikit_learn-1.5.2+computecanada-cp311-cp311-linux_x86_64.whl
Requirement already satisfied: llvmlite in /local/b8armstr.26771990.0/env/lib/python3.11/site-packages (0.41.1+computecanada)
Processing /cvmfs/soft.computecanada.ca/custom/python/wheelhouse/gentoo2023/x86-64-v3/llvmlite-0.43.0+computecanada-cp311-cp311-linux_x86_64.whl
Requirement already satisfied: ortools in /local/b8armstr.26771990.0/env/lib/python3.11/site-packages (9.10.4067+computecanada)
Requirement already satisfied: numpy>=1.19.5 in /local/b8armstr.26771990.0/env/lib/python3.11/site-packages (from scikit_learn) (1.26.4+computecanada)
Requirement already satisfied: scipy>=1.6.0 in /local/b8armstr.26771990.0/env/lib/python3.11/site-packages (from scikit_learn) (1.13.1+computecanada)
Requirement already satisfied: joblib>=1.2.0 in /local/b8armstr.26771990.0/env/lib/python3.11/site-packages (from scikit_learn) (1.4.2+computecanada)
Requirement already satisfied: threadpoolctl>=3.1.0 in /local/b8armstr.26771990.0/env/lib/python3.11/site-packages (from scikit_learn) (3.5.0+computecanada)
Requirement already satisfied: absl-py>=2.0.0 in /local/b8armstr.26771990.0/env/lib/python3.11/site-packages (from ortools) (2.1.0+computecanada)
Requirement already satisfied: pandas>=2.0.0 in /cvmfs/soft.computecanada.ca/easybuild/software/2023/x86-64-v3/Compiler/gcccore/scipy-stack/2024b/lib/python3.11/site-packages (from ortools) (2.2.2+computecanada)
Processing /cvmfs/soft.computecanada.ca/custom/python/wheelhouse/gentoo2023/x86-64-v3/protobuf-5.28.0+computecanada-cp311-cp311-linux_x86_64.whl (from ortools)
Requirement already satisfied: immutabledict>=3.0.0 in /local/b8armstr.26771990.0/env/lib/python3.11/site-packages (from ortools) (4.2.0)
Requirement already satisfied: python-dateutil>=2.8.2 in /cvmfs/soft.computecanada.ca/easybuild/software/2023/x86-64-v3/Compiler/gcccore/scipy-stack/2024b/lib/python3.11/site-packages (from pandas>=2.0.0->ortools) (2.9.0.post0+computecanada)
Requirement already satisfied: pytz>=2020.1 in /local/b8armstr.26771990.0/env/lib/python3.11/site-packages (from pandas>=2.0.0->ortools) (2024.1+computecanada)
Requirement already satisfied: tzdata>=2022.7 in /cvmfs/soft.computecanada.ca/easybuild/software/2023/x86-64-v3/Compiler/gcccore/scipy-stack/2024b/lib/python3.11/site-packages (from pandas>=2.0.0->ortools) (2024.1+computecanada)
Requirement already satisfied: six>=1.5 in /cvmfs/soft.computecanada.ca/easybuild/software/2023/x86-64-v3/Compiler/gcccore/scipy-stack/2024b/lib/python3.11/site-packages (from python-dateutil>=2.8.2->pandas>=2.0.0->ortools) (1.16.0+computecanada)
Installing collected packages: protobuf, llvmlite, scikit_learn
  Attempting uninstall: protobuf
    Found existing installation: protobuf 4.25.3+computecanada
    Uninstalling protobuf-4.25.3+computecanada:
      Successfully uninstalled protobuf-4.25.3+computecanada
  Attempting uninstall: llvmlite
    Found existing installation: llvmlite 0.41.1+computecanada
    Uninstalling llvmlite-0.41.1+computecanada:
      Successfully uninstalled llvmlite-0.41.1+computecanada
  Attempting uninstall: scikit_learn
    Found existing installation: scikit_learn 1.5.0+computecanada
    Uninstalling scikit_learn-1.5.0+computecanada:
      Successfully uninstalled scikit_learn-1.5.0+computecanada
ERROR: pip's dependency resolver does not currently take into account all the packages that are installed. This behaviour is the source of the following dependency conflicts.
numba 0.58.1+computecanada requires llvmlite<0.42,>=0.41.0dev0, but you have llvmlite 0.43.0+computecanada which is incompatible.
Successfully installed llvmlite-0.43.0+computecanada protobuf-5.28.0+computecanada scikit_learn-1.5.2+computecanada
Looking in links: /cvmfs/soft.computecanada.ca/custom/python/wheelhouse/gentoo2023/x86-64-v3, /cvmfs/soft.computecanada.ca/custom/python/wheelhouse/gentoo2023/generic, /cvmfs/soft.computecanada.ca/custom/python/wheelhouse/generic
Processing /cvmfs/soft.computecanada.ca/custom/python/wheelhouse/gentoo2023/x86-64-v3/torch-2.5.1+computecanada-cp311-cp311-linux_x86_64.whl
Requirement already satisfied: filelock in /local/b8armstr.26771990.0/env/lib/python3.11/site-packages (from torch) (3.14.0)
Requirement already satisfied: typing-extensions>=4.8.0 in /local/b8armstr.26771990.0/env/lib/python3.11/site-packages (from torch) (4.12.1)
Requirement already satisfied: networkx in /local/b8armstr.26771990.0/env/lib/python3.11/site-packages (from torch) (3.3+computecanada)
Requirement already satisfied: jinja2 in /local/b8armstr.26771990.0/env/lib/python3.11/site-packages (from torch) (3.1.4+computecanada)
Requirement already satisfied: fsspec in /local/b8armstr.26771990.0/env/lib/python3.11/site-packages (from torch) (2024.6.0+computecanada)
Processing /cvmfs/soft.computecanada.ca/custom/python/wheelhouse/generic/sympy-1.13.1+computecanada-py3-none-any.whl (from torch)
Requirement already satisfied: mpmath<1.4,>=1.1.0 in /cvmfs/soft.computecanada.ca/easybuild/software/2023/x86-64-v3/Compiler/gcccore/scipy-stack/2024b/lib/python3.11/site-packages (from sympy==1.13.1->torch) (1.3.0+computecanada)
Requirement already satisfied: MarkupSafe>=2.0 in /local/b8armstr.26771990.0/env/lib/python3.11/site-packages (from jinja2->torch) (2.1.5+computecanada)
Installing collected packages: sympy, torch
  Attempting uninstall: sympy
    Found existing installation: sympy 1.12.1+computecanada
    Uninstalling sympy-1.12.1+computecanada:
      Successfully uninstalled sympy-1.12.1+computecanada
Successfully installed sympy-1.13.1+computecanada torch-2.5.1+computecanada
About to start experiments
/local/b8armstr.26771990.0/env/lib/python3.11/site-packages/ignite/handlers/checkpoint.py:16: DeprecationWarning: `TorchScript` support for functional optimizers is deprecated and will be removed in a future PyTorch release. Consider using the `torch.compile` optimizer instead.
  from torch.distributed.optim import ZeroRedundancyOptimizer

DATA LOADED

Network count: 1
Finished making config for num_voters=50-m=7-num_winners=6-pref_dist=IC-axioms=all-features=bcr-loss=L1Loss()-idx=0
Beginning to train num_voters=50-m=7-num_winners=6-pref_dist=IC-axioms=all-features=bcr-loss=L1Loss()-idx=0
LOAD MODEL PATH: /scratch/b8armstr/thesis_results/trained_networks/NN-num_voters=50-m=7-num_winners=6-pref_dist=IC-axioms=all-features=bcr-loss=L1Loss()-idx=0-.pt
Saved network not found. Beginning training. Caught exception: [Errno 2] No such file or directory: '/scratch/b8armstr/thesis_results/trained_networks/NN-num_voters=50-m=7-num_winners=6-pref_dist=IC-axioms=all-features=bcr-loss=L1Loss()-idx=0-.pt'
Epoch 1, Training loss: 0.2516, 
Epoch 2, Training loss: 0.1527, 
Epoch 3, Training loss: 0.1498, 
Epoch 4, Training loss: 0.1486, 
Epoch 5, Training loss: 0.1478, 
Epoch 6, Training loss: 0.1473, 
Epoch 7, Training loss: 0.1468, 
Epoch 8, Training loss: 0.1461, 
Epoch 9, Training loss: 0.1432, 
Epoch 10, Training loss: 0.1336, 
Epoch 11, Training loss: 0.1318, 
Epoch 12, Training loss: 0.1311, 
Epoch 13, Training loss: 0.1304, 
Epoch 14, Training loss: 0.1304, 
Epoch 15, Training loss: 0.1294, 
Epoch 16, Training loss: 0.1287, 
Epoch 17, Training loss: 0.1284, 
Epoch 18, Training loss: 0.1276, 
Epoch 19, Training loss: 0.1270, 
Epoch 20, Training loss: 0.1266, 
Epoch 21, Training loss: 0.1263, 
Epoch 22, Training loss: 0.1252, 
Epoch 23, Training loss: 0.1239, 
Epoch 24, Training loss: 0.1200, 
Epoch 25, Training loss: 0.1136, 
Epoch 26, Training loss: 0.1120, 
Epoch 27, Training loss: 0.1109, 
Epoch 28, Training loss: 0.1102, 
Epoch 29, Training loss: 0.1094, 
Epoch 30, Training loss: 0.1085, 
Epoch 31, Training loss: 0.1078, 
Epoch 32, Training loss: 0.1064, 
Epoch 33, Training loss: 0.1022, 
Epoch 34, Training loss: 0.0916, 
Epoch 35, Training loss: 0.0838, 
Epoch 36, Training loss: 0.0783, 
Epoch 37, Training loss: 0.0762, 
Epoch 38, Training loss: 0.0752, 
Epoch 39, Training loss: 0.0740, 
Epoch 40, Training loss: 0.0723, 
Epoch 41, Training loss: 0.0705, 
Epoch 42, Training loss: 0.0667, 
Epoch 43, Training loss: 0.0571, 
Epoch 44, Training loss: 0.0508, 
Epoch 45, Training loss: 0.0488, 
Epoch 46, Training loss: 0.0474, 
Epoch 47, Training loss: 0.0465, 
Epoch 48, Training loss: 0.0452, 
Epoch 49, Training loss: 0.0444, 
Epoch 50, Training loss: 0.0436, 
Network count: 2
Finished making config for num_voters=50-m=7-num_winners=6-pref_dist=IC-axioms=all-features=bcr-loss=L1Loss()-idx=1
Beginning to train num_voters=50-m=7-num_winners=6-pref_dist=IC-axioms=all-features=bcr-loss=L1Loss()-idx=1
LOAD MODEL PATH: /scratch/b8armstr/thesis_results/trained_networks/NN-num_voters=50-m=7-num_winners=6-pref_dist=IC-axioms=all-features=bcr-loss=L1Loss()-idx=1-.pt
Saved network not found. Beginning training. Caught exception: [Errno 2] No such file or directory: '/scratch/b8armstr/thesis_results/trained_networks/NN-num_voters=50-m=7-num_winners=6-pref_dist=IC-axioms=all-features=bcr-loss=L1Loss()-idx=1-.pt'
Epoch 1, Training loss: 0.2507, 
Epoch 2, Training loss: 0.1536, 
Epoch 3, Training loss: 0.1502, 
Epoch 4, Training loss: 0.1485, 
Epoch 5, Training loss: 0.1477, 
Epoch 6, Training loss: 0.1471, 
Epoch 7, Training loss: 0.1468, 
Epoch 8, Training loss: 0.1466, 
Epoch 9, Training loss: 0.1463, 
Epoch 10, Training loss: 0.1462, 
Epoch 11, Training loss: 0.1455, 
Epoch 12, Training loss: 0.1454, 
Epoch 13, Training loss: 0.1452, 
Epoch 14, Training loss: 0.1410, 
Epoch 15, Training loss: 0.1324, 
Epoch 16, Training loss: 0.1309, 
Epoch 17, Training loss: 0.1295, 
Epoch 18, Training loss: 0.1280, 
Epoch 19, Training loss: 0.1229, 
Epoch 20, Training loss: 0.1169, 
Epoch 21, Training loss: 0.1153, 
Epoch 22, Training loss: 0.1140, 
Epoch 23, Training loss: 0.1129, 
Epoch 24, Training loss: 0.1128, 
Epoch 25, Training loss: 0.1128, 
Epoch 26, Training loss: 0.1122, 
Epoch 27, Training loss: 0.1118, 
Epoch 28, Training loss: 0.1112, 
Epoch 29, Training loss: 0.1107, 
Epoch 30, Training loss: 0.1109, 
Epoch 31, Training loss: 0.1107, 
Epoch 32, Training loss: 0.1103, 
Epoch 33, Training loss: 0.1099, 
Epoch 34, Training loss: 0.1095, 
Epoch 35, Training loss: 0.1097, 
Epoch 36, Training loss: 0.1088, 
Epoch 37, Training loss: 0.1085, 
Epoch 38, Training loss: 0.1080, 
Epoch 39, Training loss: 0.1073, 
Epoch 40, Training loss: 0.1051, 
Epoch 41, Training loss: 0.0979, 
Epoch 42, Training loss: 0.0960, 
Epoch 43, Training loss: 0.0950, 
Epoch 44, Training loss: 0.0907, 
Epoch 45, Training loss: 0.0854, 
Epoch 46, Training loss: 0.0830, 
Epoch 47, Training loss: 0.0821, 
Epoch 48, Training loss: 0.0780, 
Epoch 49, Training loss: 0.0719, 
Epoch 50, Training loss: 0.0705, 
Network count: 3
Finished making config for num_voters=50-m=7-num_winners=6-pref_dist=IC-axioms=all-features=bcr-loss=L1Loss()-idx=2
Beginning to train num_voters=50-m=7-num_winners=6-pref_dist=IC-axioms=all-features=bcr-loss=L1Loss()-idx=2
LOAD MODEL PATH: /scratch/b8armstr/thesis_results/trained_networks/NN-num_voters=50-m=7-num_winners=6-pref_dist=IC-axioms=all-features=bcr-loss=L1Loss()-idx=2-.pt
Saved network not found. Beginning training. Caught exception: [Errno 2] No such file or directory: '/scratch/b8armstr/thesis_results/trained_networks/NN-num_voters=50-m=7-num_winners=6-pref_dist=IC-axioms=all-features=bcr-loss=L1Loss()-idx=2-.pt'
Epoch 1, Training loss: 0.2624, 
Epoch 2, Training loss: 0.1538, 
Epoch 3, Training loss: 0.1506, 
Epoch 4, Training loss: 0.1490, 
Epoch 5, Training loss: 0.1483, 
Epoch 6, Training loss: 0.1476, 
Epoch 7, Training loss: 0.1472, 
Epoch 8, Training loss: 0.1470, 
Epoch 9, Training loss: 0.1460, 
Epoch 10, Training loss: 0.1405, 
Epoch 11, Training loss: 0.1335, 
Epoch 12, Training loss: 0.1326, 
Epoch 13, Training loss: 0.1311, 
Epoch 14, Training loss: 0.1302, 
Epoch 15, Training loss: 0.1296, 
Epoch 16, Training loss: 0.1283, 
Epoch 17, Training loss: 0.1268, 
Epoch 18, Training loss: 0.1205, 
Epoch 19, Training loss: 0.1164, 
Epoch 20, Training loss: 0.1145, 
Epoch 21, Training loss: 0.1113, 
Epoch 22, Training loss: 0.1021, 
Epoch 23, Training loss: 0.0928, 
Epoch 24, Training loss: 0.0905, 
Epoch 25, Training loss: 0.0888, 
Epoch 26, Training loss: 0.0877, 
Epoch 27, Training loss: 0.0867, 
Epoch 28, Training loss: 0.0862, 
Epoch 29, Training loss: 0.0853, 
Epoch 30, Training loss: 0.0850, 
Epoch 31, Training loss: 0.0842, 
Epoch 32, Training loss: 0.0838, 
Epoch 33, Training loss: 0.0837, 
Epoch 34, Training loss: 0.0830, 
Epoch 35, Training loss: 0.0831, 
Epoch 36, Training loss: 0.0823, 
Epoch 37, Training loss: 0.0816, 
Epoch 38, Training loss: 0.0814, 
Epoch 39, Training loss: 0.0810, 
Epoch 40, Training loss: 0.0806, 
Epoch 41, Training loss: 0.0805, 
Epoch 42, Training loss: 0.0790, 
Epoch 43, Training loss: 0.0764, 
Epoch 44, Training loss: 0.0707, 
Epoch 45, Training loss: 0.0691, 
Epoch 46, Training loss: 0.0683, 
Epoch 47, Training loss: 0.0673, 
Epoch 48, Training loss: 0.0663, 
Epoch 49, Training loss: 0.0655, 
Epoch 50, Training loss: 0.0642, 
Network count: 4
Finished making config for num_voters=50-m=7-num_winners=6-pref_dist=IC-axioms=all-features=bcr-loss=L1Loss()-idx=3
Beginning to train num_voters=50-m=7-num_winners=6-pref_dist=IC-axioms=all-features=bcr-loss=L1Loss()-idx=3
LOAD MODEL PATH: /scratch/b8armstr/thesis_results/trained_networks/NN-num_voters=50-m=7-num_winners=6-pref_dist=IC-axioms=all-features=bcr-loss=L1Loss()-idx=3-.pt
Saved network not found. Beginning training. Caught exception: [Errno 2] No such file or directory: '/scratch/b8armstr/thesis_results/trained_networks/NN-num_voters=50-m=7-num_winners=6-pref_dist=IC-axioms=all-features=bcr-loss=L1Loss()-idx=3-.pt'
Epoch 1, Training loss: 0.2581, 
Epoch 2, Training loss: 0.1542, 
Epoch 3, Training loss: 0.1503, 
Epoch 4, Training loss: 0.1494, 
Epoch 5, Training loss: 0.1482, 
Epoch 6, Training loss: 0.1476, 
Epoch 7, Training loss: 0.1473, 
Epoch 8, Training loss: 0.1461, 
Epoch 9, Training loss: 0.1404, 
Epoch 10, Training loss: 0.1337, 
Epoch 11, Training loss: 0.1321, 
Epoch 12, Training loss: 0.1309, 
Epoch 13, Training loss: 0.1302, 
Epoch 14, Training loss: 0.1293, 
Epoch 15, Training loss: 0.1287, 
Epoch 16, Training loss: 0.1267, 
Epoch 17, Training loss: 0.1206, 
Epoch 18, Training loss: 0.1179, 
Epoch 19, Training loss: 0.1168, 
Epoch 20, Training loss: 0.1159, 
Epoch 21, Training loss: 0.1149, 
Epoch 22, Training loss: 0.1121, 
Epoch 23, Training loss: 0.1053, 
Epoch 24, Training loss: 0.1009, 
Epoch 25, Training loss: 0.0975, 
Epoch 26, Training loss: 0.0907, 
Epoch 27, Training loss: 0.0881, 
Epoch 28, Training loss: 0.0867, 
Epoch 29, Training loss: 0.0854, 
Epoch 30, Training loss: 0.0846, 
Epoch 31, Training loss: 0.0834, 
Epoch 32, Training loss: 0.0826, 
Epoch 33, Training loss: 0.0814, 
Epoch 34, Training loss: 0.0776, 
Epoch 35, Training loss: 0.0725, 
Epoch 36, Training loss: 0.0711, 
Epoch 37, Training loss: 0.0704, 
Epoch 38, Training loss: 0.0695, 
Epoch 39, Training loss: 0.0689, 
Epoch 40, Training loss: 0.0685, 
Epoch 41, Training loss: 0.0681, 
Epoch 42, Training loss: 0.0673, 
Epoch 43, Training loss: 0.0663, 
Epoch 44, Training loss: 0.0655, 
Epoch 45, Training loss: 0.0639, 
Epoch 46, Training loss: 0.0617, 
Epoch 47, Training loss: 0.0566, 
Epoch 48, Training loss: 0.0530, 
Epoch 49, Training loss: 0.0487, 
Epoch 50, Training loss: 0.0470, 
Network count: 5
Finished making config for num_voters=50-m=7-num_winners=6-pref_dist=IC-axioms=all-features=bcr-loss=L1Loss()-idx=4
Beginning to train num_voters=50-m=7-num_winners=6-pref_dist=IC-axioms=all-features=bcr-loss=L1Loss()-idx=4
LOAD MODEL PATH: /scratch/b8armstr/thesis_results/trained_networks/NN-num_voters=50-m=7-num_winners=6-pref_dist=IC-axioms=all-features=bcr-loss=L1Loss()-idx=4-.pt
Saved network not found. Beginning training. Caught exception: [Errno 2] No such file or directory: '/scratch/b8armstr/thesis_results/trained_networks/NN-num_voters=50-m=7-num_winners=6-pref_dist=IC-axioms=all-features=bcr-loss=L1Loss()-idx=4-.pt'
Epoch 1, Training loss: 0.2511, 
Epoch 2, Training loss: 0.1538, 
Epoch 3, Training loss: 0.1506, 
Epoch 4, Training loss: 0.1489, 
Epoch 5, Training loss: 0.1480, 
Epoch 6, Training loss: 0.1474, 
Epoch 7, Training loss: 0.1470, 
Epoch 8, Training loss: 0.1463, 
Epoch 9, Training loss: 0.1443, 
Epoch 10, Training loss: 0.1346, 
Epoch 11, Training loss: 0.1325, 
Epoch 12, Training loss: 0.1314, 
Epoch 13, Training loss: 0.1305, 
Epoch 14, Training loss: 0.1297, 
Epoch 15, Training loss: 0.1289, 
Epoch 16, Training loss: 0.1285, 
Epoch 17, Training loss: 0.1280, 
Epoch 18, Training loss: 0.1270, 
Epoch 19, Training loss: 0.1261, 
Epoch 20, Training loss: 0.1255, 
Epoch 21, Training loss: 0.1249, 
Epoch 22, Training loss: 0.1213, 
Epoch 23, Training loss: 0.1145, 
Epoch 24, Training loss: 0.1126, 
Epoch 25, Training loss: 0.1120, 
Epoch 26, Training loss: 0.1111, 
Epoch 27, Training loss: 0.1106, 
Epoch 28, Training loss: 0.1101, 
Epoch 29, Training loss: 0.1094, 
Epoch 30, Training loss: 0.1088, 
Epoch 31, Training loss: 0.1087, 
Epoch 32, Training loss: 0.1082, 
Epoch 33, Training loss: 0.1075, 
Epoch 34, Training loss: 0.1075, 
Epoch 35, Training loss: 0.1069, 
Epoch 36, Training loss: 0.1063, 
Epoch 37, Training loss: 0.1057, 
Epoch 38, Training loss: 0.1052, 
Epoch 39, Training loss: 0.1045, 
Epoch 40, Training loss: 0.1019, 
Epoch 41, Training loss: 0.0951, 
Epoch 42, Training loss: 0.0933, 
Epoch 43, Training loss: 0.0919, 
Epoch 44, Training loss: 0.0905, 
Epoch 45, Training loss: 0.0872, 
Epoch 46, Training loss: 0.0772, 
Epoch 47, Training loss: 0.0664, 
Epoch 48, Training loss: 0.0611, 
Epoch 49, Training loss: 0.0583, 
Epoch 50, Training loss: 0.0556, 
Network count: 6
Finished making config for num_voters=50-m=7-num_winners=6-pref_dist=IC-axioms=all-features=bcr-loss=L1Loss()-idx=5
Beginning to train num_voters=50-m=7-num_winners=6-pref_dist=IC-axioms=all-features=bcr-loss=L1Loss()-idx=5
LOAD MODEL PATH: /scratch/b8armstr/thesis_results/trained_networks/NN-num_voters=50-m=7-num_winners=6-pref_dist=IC-axioms=all-features=bcr-loss=L1Loss()-idx=5-.pt
Saved network not found. Beginning training. Caught exception: [Errno 2] No such file or directory: '/scratch/b8armstr/thesis_results/trained_networks/NN-num_voters=50-m=7-num_winners=6-pref_dist=IC-axioms=all-features=bcr-loss=L1Loss()-idx=5-.pt'
Epoch 1, Training loss: 0.2508, 
Epoch 2, Training loss: 0.1537, 
Epoch 3, Training loss: 0.1505, 
Epoch 4, Training loss: 0.1489, 
Epoch 5, Training loss: 0.1479, 
Epoch 6, Training loss: 0.1476, 
Epoch 7, Training loss: 0.1470, 
Epoch 8, Training loss: 0.1467, 
Epoch 9, Training loss: 0.1446, 
Epoch 10, Training loss: 0.1358, 
Epoch 11, Training loss: 0.1332, 
Epoch 12, Training loss: 0.1316, 
Epoch 13, Training loss: 0.1306, 
Epoch 14, Training loss: 0.1299, 
Epoch 15, Training loss: 0.1293, 
Epoch 16, Training loss: 0.1282, 
Epoch 17, Training loss: 0.1276, 
Epoch 18, Training loss: 0.1269, 
Epoch 19, Training loss: 0.1270, 
Epoch 20, Training loss: 0.1263, 
Epoch 21, Training loss: 0.1259, 
Epoch 22, Training loss: 0.1255, 
Epoch 23, Training loss: 0.1249, 
Epoch 24, Training loss: 0.1244, 
Epoch 25, Training loss: 0.1234, 
Epoch 26, Training loss: 0.1178, 
Epoch 27, Training loss: 0.1134, 
Epoch 28, Training loss: 0.1118, 
Epoch 29, Training loss: 0.1113, 
Epoch 30, Training loss: 0.1107, 
Epoch 31, Training loss: 0.1099, 
Epoch 32, Training loss: 0.1095, 
Epoch 33, Training loss: 0.1090, 
Epoch 34, Training loss: 0.1085, 
Epoch 35, Training loss: 0.1080, 
Epoch 36, Training loss: 0.1075, 
Epoch 37, Training loss: 0.1073, 
Epoch 38, Training loss: 0.1068, 
Epoch 39, Training loss: 0.1050, 
Epoch 40, Training loss: 0.0998, 
Epoch 41, Training loss: 0.0967, 
Epoch 42, Training loss: 0.0961, 
Epoch 43, Training loss: 0.0945, 
Epoch 44, Training loss: 0.0905, 
Epoch 45, Training loss: 0.0847, 
Epoch 46, Training loss: 0.0788, 
Epoch 47, Training loss: 0.0693, 
Epoch 48, Training loss: 0.0640, 
Epoch 49, Training loss: 0.0629, 
Epoch 50, Training loss: 0.0614, 
Network count: 7
Finished making config for num_voters=50-m=7-num_winners=6-pref_dist=IC-axioms=all-features=bcr-loss=L1Loss()-idx=6
Beginning to train num_voters=50-m=7-num_winners=6-pref_dist=IC-axioms=all-features=bcr-loss=L1Loss()-idx=6
LOAD MODEL PATH: /scratch/b8armstr/thesis_results/trained_networks/NN-num_voters=50-m=7-num_winners=6-pref_dist=IC-axioms=all-features=bcr-loss=L1Loss()-idx=6-.pt
Saved network not found. Beginning training. Caught exception: [Errno 2] No such file or directory: '/scratch/b8armstr/thesis_results/trained_networks/NN-num_voters=50-m=7-num_winners=6-pref_dist=IC-axioms=all-features=bcr-loss=L1Loss()-idx=6-.pt'
Epoch 1, Training loss: 0.2603, 
Epoch 2, Training loss: 0.1549, 
Epoch 3, Training loss: 0.1511, 
Epoch 4, Training loss: 0.1495, 
Epoch 5, Training loss: 0.1484, 
Epoch 6, Training loss: 0.1479, 
Epoch 7, Training loss: 0.1473, 
Epoch 8, Training loss: 0.1471, 
Epoch 9, Training loss: 0.1467, 
Epoch 10, Training loss: 0.1468, 
Epoch 11, Training loss: 0.1460, 
Epoch 12, Training loss: 0.1453, 
Epoch 13, Training loss: 0.1383, 
Epoch 14, Training loss: 0.1331, 
Epoch 15, Training loss: 0.1319, 
Epoch 16, Training loss: 0.1304, 
Epoch 17, Training loss: 0.1299, 
Epoch 18, Training loss: 0.1291, 
Epoch 19, Training loss: 0.1288, 
Epoch 20, Training loss: 0.1281, 
Epoch 21, Training loss: 0.1272, 
Epoch 22, Training loss: 0.1272, 
Epoch 23, Training loss: 0.1265, 
Epoch 24, Training loss: 0.1246, 
Epoch 25, Training loss: 0.1177, 
Epoch 26, Training loss: 0.1138, 
Epoch 27, Training loss: 0.1126, 
Epoch 28, Training loss: 0.1122, 
Epoch 29, Training loss: 0.1115, 
Epoch 30, Training loss: 0.1111, 
Epoch 31, Training loss: 0.1105, 
Epoch 32, Training loss: 0.1104, 
Epoch 33, Training loss: 0.1100, 
Epoch 34, Training loss: 0.1097, 
Epoch 35, Training loss: 0.1095, 
Epoch 36, Training loss: 0.1090, 
Epoch 37, Training loss: 0.1083, 
Epoch 38, Training loss: 0.1064, 
Epoch 39, Training loss: 0.0995, 
Epoch 40, Training loss: 0.0922, 
Epoch 41, Training loss: 0.0901, 
Epoch 42, Training loss: 0.0897, 
Epoch 43, Training loss: 0.0889, 
Epoch 44, Training loss: 0.0881, 
Epoch 45, Training loss: 0.0875, 
Epoch 46, Training loss: 0.0863, 
Epoch 47, Training loss: 0.0850, 
Epoch 48, Training loss: 0.0824, 
Epoch 49, Training loss: 0.0762, 
Epoch 50, Training loss: 0.0742, 
Network count: 8
Finished making config for num_voters=50-m=7-num_winners=6-pref_dist=IC-axioms=all-features=bcr-loss=L1Loss()-idx=7
Beginning to train num_voters=50-m=7-num_winners=6-pref_dist=IC-axioms=all-features=bcr-loss=L1Loss()-idx=7
LOAD MODEL PATH: /scratch/b8armstr/thesis_results/trained_networks/NN-num_voters=50-m=7-num_winners=6-pref_dist=IC-axioms=all-features=bcr-loss=L1Loss()-idx=7-.pt
Saved network not found. Beginning training. Caught exception: [Errno 2] No such file or directory: '/scratch/b8armstr/thesis_results/trained_networks/NN-num_voters=50-m=7-num_winners=6-pref_dist=IC-axioms=all-features=bcr-loss=L1Loss()-idx=7-.pt'
Epoch 1, Training loss: 0.2511, 
Epoch 2, Training loss: 0.1527, 
Epoch 3, Training loss: 0.1495, 
Epoch 4, Training loss: 0.1484, 
Epoch 5, Training loss: 0.1476, 
Epoch 6, Training loss: 0.1469, 
Epoch 7, Training loss: 0.1469, 
Epoch 8, Training loss: 0.1462, 
Epoch 9, Training loss: 0.1458, 
Epoch 10, Training loss: 0.1442, 
Epoch 11, Training loss: 0.1347, 
Epoch 12, Training loss: 0.1322, 
Epoch 13, Training loss: 0.1309, 
Epoch 14, Training loss: 0.1302, 
Epoch 15, Training loss: 0.1290, 
Epoch 16, Training loss: 0.1287, 
Epoch 17, Training loss: 0.1280, 
Epoch 18, Training loss: 0.1270, 
Epoch 19, Training loss: 0.1261, 
Epoch 20, Training loss: 0.1200, 
Epoch 21, Training loss: 0.1144, 
Epoch 22, Training loss: 0.1133, 
Epoch 23, Training loss: 0.1118, 
Epoch 24, Training loss: 0.1116, 
Epoch 25, Training loss: 0.1106, 
Epoch 26, Training loss: 0.1103, 
Epoch 27, Training loss: 0.1099, 
Epoch 28, Training loss: 0.1090, 
Epoch 29, Training loss: 0.1087, 
Epoch 30, Training loss: 0.1078, 
Epoch 31, Training loss: 0.1068, 
Epoch 32, Training loss: 0.1050, 
Epoch 33, Training loss: 0.0992, 
Epoch 34, Training loss: 0.0954, 
Epoch 35, Training loss: 0.0880, 
Epoch 36, Training loss: 0.0791, 
Epoch 37, Training loss: 0.0722, 
Epoch 38, Training loss: 0.0650, 
Epoch 39, Training loss: 0.0617, 
Epoch 40, Training loss: 0.0563, 
Epoch 41, Training loss: 0.0518, 
Epoch 42, Training loss: 0.0500, 
Epoch 43, Training loss: 0.0485, 
Epoch 44, Training loss: 0.0470, 
Epoch 45, Training loss: 0.0458, 
Epoch 46, Training loss: 0.0451, 
Epoch 47, Training loss: 0.0447, 
Epoch 48, Training loss: 0.0435, 
Epoch 49, Training loss: 0.0428, 
Epoch 50, Training loss: 0.0422, 
Network count: 9
Finished making config for num_voters=50-m=7-num_winners=6-pref_dist=IC-axioms=all-features=bcr-loss=L1Loss()-idx=8
Beginning to train num_voters=50-m=7-num_winners=6-pref_dist=IC-axioms=all-features=bcr-loss=L1Loss()-idx=8
LOAD MODEL PATH: /scratch/b8armstr/thesis_results/trained_networks/NN-num_voters=50-m=7-num_winners=6-pref_dist=IC-axioms=all-features=bcr-loss=L1Loss()-idx=8-.pt
Saved network not found. Beginning training. Caught exception: [Errno 2] No such file or directory: '/scratch/b8armstr/thesis_results/trained_networks/NN-num_voters=50-m=7-num_winners=6-pref_dist=IC-axioms=all-features=bcr-loss=L1Loss()-idx=8-.pt'
Epoch 1, Training loss: 0.2604, 
Epoch 2, Training loss: 0.1538, 
Epoch 3, Training loss: 0.1507, 
Epoch 4, Training loss: 0.1491, 
Epoch 5, Training loss: 0.1483, 
Epoch 6, Training loss: 0.1478, 
Epoch 7, Training loss: 0.1477, 
Epoch 8, Training loss: 0.1470, 
Epoch 9, Training loss: 0.1468, 
Epoch 10, Training loss: 0.1462, 
Epoch 11, Training loss: 0.1445, 
Epoch 12, Training loss: 0.1353, 
Epoch 13, Training loss: 0.1330, 
Epoch 14, Training loss: 0.1321, 
Epoch 15, Training loss: 0.1312, 
Epoch 16, Training loss: 0.1303, 
Epoch 17, Training loss: 0.1297, 
Epoch 18, Training loss: 0.1294, 
Epoch 19, Training loss: 0.1285, 
Epoch 20, Training loss: 0.1281, 
Epoch 21, Training loss: 0.1275, 
Epoch 22, Training loss: 0.1263, 
Epoch 23, Training loss: 0.1217, 
Epoch 24, Training loss: 0.1153, 
Epoch 25, Training loss: 0.1137, 
Epoch 26, Training loss: 0.1127, 
Epoch 27, Training loss: 0.1123, 
Epoch 28, Training loss: 0.1114, 
Epoch 29, Training loss: 0.1106, 
Epoch 30, Training loss: 0.1105, 
Epoch 31, Training loss: 0.1101, 
Epoch 32, Training loss: 0.1096, 
Epoch 33, Training loss: 0.1094, 
Epoch 34, Training loss: 0.1086, 
Epoch 35, Training loss: 0.1083, 
Epoch 36, Training loss: 0.1082, 
Epoch 37, Training loss: 0.1074, 
Epoch 38, Training loss: 0.1074, 
Epoch 39, Training loss: 0.1066, 
Epoch 40, Training loss: 0.1062, 
Epoch 41, Training loss: 0.1050, 
Epoch 42, Training loss: 0.0986, 
Epoch 43, Training loss: 0.0956, 
Epoch 44, Training loss: 0.0946, 
Epoch 45, Training loss: 0.0930, 
Epoch 46, Training loss: 0.0910, 
Epoch 47, Training loss: 0.0851, 
Epoch 48, Training loss: 0.0830, 
Epoch 49, Training loss: 0.0811, 
Epoch 50, Training loss: 0.0777, 
Network count: 10
Finished making config for num_voters=50-m=7-num_winners=6-pref_dist=IC-axioms=all-features=bcr-loss=L1Loss()-idx=9
Beginning to train num_voters=50-m=7-num_winners=6-pref_dist=IC-axioms=all-features=bcr-loss=L1Loss()-idx=9
LOAD MODEL PATH: /scratch/b8armstr/thesis_results/trained_networks/NN-num_voters=50-m=7-num_winners=6-pref_dist=IC-axioms=all-features=bcr-loss=L1Loss()-idx=9-.pt
Saved network not found. Beginning training. Caught exception: [Errno 2] No such file or directory: '/scratch/b8armstr/thesis_results/trained_networks/NN-num_voters=50-m=7-num_winners=6-pref_dist=IC-axioms=all-features=bcr-loss=L1Loss()-idx=9-.pt'
Epoch 1, Training loss: 0.2575, 
Epoch 2, Training loss: 0.1538, 
Epoch 3, Training loss: 0.1504, 
Epoch 4, Training loss: 0.1488, 
Epoch 5, Training loss: 0.1479, 
Epoch 6, Training loss: 0.1473, 
Epoch 7, Training loss: 0.1469, 
Epoch 8, Training loss: 0.1466, 
Epoch 9, Training loss: 0.1455, 
Epoch 10, Training loss: 0.1369, 
Epoch 11, Training loss: 0.1333, 
Epoch 12, Training loss: 0.1320, 
Epoch 13, Training loss: 0.1308, 
Epoch 14, Training loss: 0.1304, 
Epoch 15, Training loss: 0.1296, 
Epoch 16, Training loss: 0.1293, 
Epoch 17, Training loss: 0.1288, 
Epoch 18, Training loss: 0.1282, 
Epoch 19, Training loss: 0.1277, 
Epoch 20, Training loss: 0.1266, 
Epoch 21, Training loss: 0.1257, 
Epoch 22, Training loss: 0.1202, 
Epoch 23, Training loss: 0.1140, 
Epoch 24, Training loss: 0.1081, 
Epoch 25, Training loss: 0.1021, 
Epoch 26, Training loss: 0.0996, 
Epoch 27, Training loss: 0.0958, 
Epoch 28, Training loss: 0.0914, 
Epoch 29, Training loss: 0.0899, 
Epoch 30, Training loss: 0.0895, 
Epoch 31, Training loss: 0.0887, 
Epoch 32, Training loss: 0.0878, 
Epoch 33, Training loss: 0.0872, 
Epoch 34, Training loss: 0.0868, 
Epoch 35, Training loss: 0.0859, 
Epoch 36, Training loss: 0.0858, 
Epoch 37, Training loss: 0.0853, 
Epoch 38, Training loss: 0.0849, 
Epoch 39, Training loss: 0.0842, 
Epoch 40, Training loss: 0.0839, 
Epoch 41, Training loss: 0.0834, 
Epoch 42, Training loss: 0.0824, 
Epoch 43, Training loss: 0.0823, 
Epoch 44, Training loss: 0.0818, 
Epoch 45, Training loss: 0.0810, 
Epoch 46, Training loss: 0.0798, 
Epoch 47, Training loss: 0.0783, 
Epoch 48, Training loss: 0.0726, 
Epoch 49, Training loss: 0.0659, 
Epoch 50, Training loss: 0.0558, 
Network count: 11
Finished making config for num_voters=50-m=7-num_winners=6-pref_dist=IC-axioms=all-features=bcr-loss=L1Loss()-idx=10
Beginning to train num_voters=50-m=7-num_winners=6-pref_dist=IC-axioms=all-features=bcr-loss=L1Loss()-idx=10
LOAD MODEL PATH: /scratch/b8armstr/thesis_results/trained_networks/NN-num_voters=50-m=7-num_winners=6-pref_dist=IC-axioms=all-features=bcr-loss=L1Loss()-idx=10-.pt
Saved network not found. Beginning training. Caught exception: [Errno 2] No such file or directory: '/scratch/b8armstr/thesis_results/trained_networks/NN-num_voters=50-m=7-num_winners=6-pref_dist=IC-axioms=all-features=bcr-loss=L1Loss()-idx=10-.pt'
Epoch 1, Training loss: 0.2591, 
Epoch 2, Training loss: 0.1540, 
Epoch 3, Training loss: 0.1505, 
Epoch 4, Training loss: 0.1495, 
Epoch 5, Training loss: 0.1481, 
Epoch 6, Training loss: 0.1478, 
Epoch 7, Training loss: 0.1474, 
Epoch 8, Training loss: 0.1470, 
Epoch 9, Training loss: 0.1466, 
Epoch 10, Training loss: 0.1461, 
Epoch 11, Training loss: 0.1444, 
Epoch 12, Training loss: 0.1352, 
Epoch 13, Training loss: 0.1326, 
Epoch 14, Training loss: 0.1313, 
Epoch 15, Training loss: 0.1303, 
Epoch 16, Training loss: 0.1296, 
Epoch 17, Training loss: 0.1284, 
Epoch 18, Training loss: 0.1245, 
Epoch 19, Training loss: 0.1171, 
Epoch 20, Training loss: 0.1157, 
Epoch 21, Training loss: 0.1142, 
Epoch 22, Training loss: 0.1136, 
Epoch 23, Training loss: 0.1128, 
Epoch 24, Training loss: 0.1120, 
Epoch 25, Training loss: 0.1120, 
Epoch 26, Training loss: 0.1114, 
Epoch 27, Training loss: 0.1108, 
Epoch 28, Training loss: 0.1102, 
Epoch 29, Training loss: 0.1094, 
Epoch 30, Training loss: 0.1060, 
Epoch 31, Training loss: 0.1007, 
Epoch 32, Training loss: 0.0997, 
Epoch 33, Training loss: 0.0993, 
Epoch 34, Training loss: 0.0986, 
Epoch 35, Training loss: 0.0981, 
Epoch 36, Training loss: 0.0977, 
Epoch 37, Training loss: 0.0967, 
Epoch 38, Training loss: 0.0965, 
Epoch 39, Training loss: 0.0954, 
Epoch 40, Training loss: 0.0943, 
Epoch 41, Training loss: 0.0931, 
Epoch 42, Training loss: 0.0865, 
Epoch 43, Training loss: 0.0816, 
Epoch 44, Training loss: 0.0754, 
Epoch 45, Training loss: 0.0685, 
Epoch 46, Training loss: 0.0620, 
Epoch 47, Training loss: 0.0599, 
Epoch 48, Training loss: 0.0573, 
Epoch 49, Training loss: 0.0540, 
Epoch 50, Training loss: 0.0490, 
Network count: 12
Finished making config for num_voters=50-m=7-num_winners=6-pref_dist=IC-axioms=all-features=bcr-loss=L1Loss()-idx=11
Beginning to train num_voters=50-m=7-num_winners=6-pref_dist=IC-axioms=all-features=bcr-loss=L1Loss()-idx=11
LOAD MODEL PATH: /scratch/b8armstr/thesis_results/trained_networks/NN-num_voters=50-m=7-num_winners=6-pref_dist=IC-axioms=all-features=bcr-loss=L1Loss()-idx=11-.pt
Saved network not found. Beginning training. Caught exception: [Errno 2] No such file or directory: '/scratch/b8armstr/thesis_results/trained_networks/NN-num_voters=50-m=7-num_winners=6-pref_dist=IC-axioms=all-features=bcr-loss=L1Loss()-idx=11-.pt'
Epoch 1, Training loss: 0.2605, 
Epoch 2, Training loss: 0.1544, 
Epoch 3, Training loss: 0.1507, 
Epoch 4, Training loss: 0.1492, 
Epoch 5, Training loss: 0.1483, 
Epoch 6, Training loss: 0.1479, 
Epoch 7, Training loss: 0.1473, 
Epoch 8, Training loss: 0.1468, 
Epoch 9, Training loss: 0.1463, 
Epoch 10, Training loss: 0.1460, 
Epoch 11, Training loss: 0.1437, 
Epoch 12, Training loss: 0.1350, 
Epoch 13, Training loss: 0.1326, 
Epoch 14, Training loss: 0.1317, 
Epoch 15, Training loss: 0.1308, 
Epoch 16, Training loss: 0.1304, 
Epoch 17, Training loss: 0.1295, 
Epoch 18, Training loss: 0.1290, 
Epoch 19, Training loss: 0.1281, 
Epoch 20, Training loss: 0.1270, 
Epoch 21, Training loss: 0.1236, 
Epoch 22, Training loss: 0.1162, 
Epoch 23, Training loss: 0.1144, 
Epoch 24, Training loss: 0.1135, 
Epoch 25, Training loss: 0.1124, 
Epoch 26, Training loss: 0.1118, 
Epoch 27, Training loss: 0.1121, 
Epoch 28, Training loss: 0.1112, 
Epoch 29, Training loss: 0.1109, 
Epoch 30, Training loss: 0.1103, 
Epoch 31, Training loss: 0.1098, 
Epoch 32, Training loss: 0.1088, 
Epoch 33, Training loss: 0.1060, 
Epoch 34, Training loss: 0.1000, 
Epoch 35, Training loss: 0.0982, 
Epoch 36, Training loss: 0.0977, 
Epoch 37, Training loss: 0.0968, 
Epoch 38, Training loss: 0.0965, 
Epoch 39, Training loss: 0.0952, 
Epoch 40, Training loss: 0.0940, 
Epoch 41, Training loss: 0.0897, 
Epoch 42, Training loss: 0.0861, 
Epoch 43, Training loss: 0.0851, 
Epoch 44, Training loss: 0.0845, 
Epoch 45, Training loss: 0.0840, 
Epoch 46, Training loss: 0.0833, 
Epoch 47, Training loss: 0.0824, 
Epoch 48, Training loss: 0.0819, 
Epoch 49, Training loss: 0.0806, 
Epoch 50, Training loss: 0.0789, 
Network count: 13
Finished making config for num_voters=50-m=7-num_winners=6-pref_dist=IC-axioms=all-features=bcr-loss=L1Loss()-idx=12
Beginning to train num_voters=50-m=7-num_winners=6-pref_dist=IC-axioms=all-features=bcr-loss=L1Loss()-idx=12
LOAD MODEL PATH: /scratch/b8armstr/thesis_results/trained_networks/NN-num_voters=50-m=7-num_winners=6-pref_dist=IC-axioms=all-features=bcr-loss=L1Loss()-idx=12-.pt
Saved network not found. Beginning training. Caught exception: [Errno 2] No such file or directory: '/scratch/b8armstr/thesis_results/trained_networks/NN-num_voters=50-m=7-num_winners=6-pref_dist=IC-axioms=all-features=bcr-loss=L1Loss()-idx=12-.pt'
Epoch 1, Training loss: 0.2512, 
Epoch 2, Training loss: 0.1532, 
Epoch 3, Training loss: 0.1500, 
Epoch 4, Training loss: 0.1488, 
Epoch 5, Training loss: 0.1477, 
Epoch 6, Training loss: 0.1473, 
Epoch 7, Training loss: 0.1468, 
Epoch 8, Training loss: 0.1465, 
Epoch 9, Training loss: 0.1462, 
Epoch 10, Training loss: 0.1459, 
Epoch 11, Training loss: 0.1439, 
Epoch 12, Training loss: 0.1344, 
Epoch 13, Training loss: 0.1323, 
Epoch 14, Training loss: 0.1309, 
Epoch 15, Training loss: 0.1300, 
Epoch 16, Training loss: 0.1289, 
Epoch 17, Training loss: 0.1271, 
Epoch 18, Training loss: 0.1205, 
Epoch 19, Training loss: 0.1155, 
Epoch 20, Training loss: 0.1142, 
Epoch 21, Training loss: 0.1132, 
Epoch 22, Training loss: 0.1119, 
Epoch 23, Training loss: 0.1109, 
Epoch 24, Training loss: 0.1085, 
Epoch 25, Training loss: 0.1014, 
Epoch 26, Training loss: 0.0991, 
Epoch 27, Training loss: 0.0978, 
Epoch 28, Training loss: 0.0969, 
Epoch 29, Training loss: 0.0959, 
Epoch 30, Training loss: 0.0951, 
Epoch 31, Training loss: 0.0946, 
Epoch 32, Training loss: 0.0943, 
Epoch 33, Training loss: 0.0936, 
Epoch 34, Training loss: 0.0926, 
Epoch 35, Training loss: 0.0921, 
Epoch 36, Training loss: 0.0911, 
Epoch 37, Training loss: 0.0891, 
Epoch 38, Training loss: 0.0835, 
Epoch 39, Training loss: 0.0770, 
Epoch 40, Training loss: 0.0705, 
Epoch 41, Training loss: 0.0683, 
Epoch 42, Training loss: 0.0664, 
Epoch 43, Training loss: 0.0636, 
Epoch 44, Training loss: 0.0582, 
Epoch 45, Training loss: 0.0555, 
Epoch 46, Training loss: 0.0539, 
Epoch 47, Training loss: 0.0526, 
Epoch 48, Training loss: 0.0506, 
Epoch 49, Training loss: 0.0460, 
Epoch 50, Training loss: 0.0433, 
Network count: 14
Finished making config for num_voters=50-m=7-num_winners=6-pref_dist=IC-axioms=all-features=bcr-loss=L1Loss()-idx=13
Beginning to train num_voters=50-m=7-num_winners=6-pref_dist=IC-axioms=all-features=bcr-loss=L1Loss()-idx=13
LOAD MODEL PATH: /scratch/b8armstr/thesis_results/trained_networks/NN-num_voters=50-m=7-num_winners=6-pref_dist=IC-axioms=all-features=bcr-loss=L1Loss()-idx=13-.pt
Saved network not found. Beginning training. Caught exception: [Errno 2] No such file or directory: '/scratch/b8armstr/thesis_results/trained_networks/NN-num_voters=50-m=7-num_winners=6-pref_dist=IC-axioms=all-features=bcr-loss=L1Loss()-idx=13-.pt'
Epoch 1, Training loss: 0.2554, 
Epoch 2, Training loss: 0.1544, 
Epoch 3, Training loss: 0.1503, 
Epoch 4, Training loss: 0.1491, 
Epoch 5, Training loss: 0.1484, 
Epoch 6, Training loss: 0.1477, 
Epoch 7, Training loss: 0.1474, 
Epoch 8, Training loss: 0.1471, 
Epoch 9, Training loss: 0.1466, 
Epoch 10, Training loss: 0.1465, 
Epoch 11, Training loss: 0.1455, 
Epoch 12, Training loss: 0.1402, 
Epoch 13, Training loss: 0.1330, 
Epoch 14, Training loss: 0.1319, 
Epoch 15, Training loss: 0.1307, 
Epoch 16, Training loss: 0.1300, 
Epoch 17, Training loss: 0.1294, 
Epoch 18, Training loss: 0.1277, 
Epoch 19, Training loss: 0.1216, 
Epoch 20, Training loss: 0.1173, 
Epoch 21, Training loss: 0.1165, 
Epoch 22, Training loss: 0.1154, 
Epoch 23, Training loss: 0.1134, 
Epoch 24, Training loss: 0.1068, 
Epoch 25, Training loss: 0.1020, 
Epoch 26, Training loss: 0.1003, 
Epoch 27, Training loss: 0.0995, 
Epoch 28, Training loss: 0.0984, 
Epoch 29, Training loss: 0.0978, 
Epoch 30, Training loss: 0.0970, 
Epoch 31, Training loss: 0.0966, 
Epoch 32, Training loss: 0.0959, 
Epoch 33, Training loss: 0.0954, 
Epoch 34, Training loss: 0.0945, 
Epoch 35, Training loss: 0.0934, 
Epoch 36, Training loss: 0.0911, 
Epoch 37, Training loss: 0.0855, 
Epoch 38, Training loss: 0.0827, 
Epoch 39, Training loss: 0.0787, 
Epoch 40, Training loss: 0.0728, 
Epoch 41, Training loss: 0.0699, 
Epoch 42, Training loss: 0.0636, 
Epoch 43, Training loss: 0.0564, 
Epoch 44, Training loss: 0.0514, 
Epoch 45, Training loss: 0.0499, 
Epoch 46, Training loss: 0.0482, 
Epoch 47, Training loss: 0.0472, 
Epoch 48, Training loss: 0.0462, 
Epoch 49, Training loss: 0.0451, 
Epoch 50, Training loss: 0.0446, 
Network count: 15
Finished making config for num_voters=50-m=7-num_winners=6-pref_dist=IC-axioms=all-features=bcr-loss=L1Loss()-idx=14
Beginning to train num_voters=50-m=7-num_winners=6-pref_dist=IC-axioms=all-features=bcr-loss=L1Loss()-idx=14
LOAD MODEL PATH: /scratch/b8armstr/thesis_results/trained_networks/NN-num_voters=50-m=7-num_winners=6-pref_dist=IC-axioms=all-features=bcr-loss=L1Loss()-idx=14-.pt
Saved network not found. Beginning training. Caught exception: [Errno 2] No such file or directory: '/scratch/b8armstr/thesis_results/trained_networks/NN-num_voters=50-m=7-num_winners=6-pref_dist=IC-axioms=all-features=bcr-loss=L1Loss()-idx=14-.pt'
Epoch 1, Training loss: 0.2546, 
Epoch 2, Training loss: 0.1547, 
Epoch 3, Training loss: 0.1508, 
Epoch 4, Training loss: 0.1492, 
Epoch 5, Training loss: 0.1481, 
Epoch 6, Training loss: 0.1477, 
Epoch 7, Training loss: 0.1473, 
Epoch 8, Training loss: 0.1466, 
Epoch 9, Training loss: 0.1463, 
Epoch 10, Training loss: 0.1441, 
Epoch 11, Training loss: 0.1348, 
Epoch 12, Training loss: 0.1329, 
Epoch 13, Training loss: 0.1315, 
Epoch 14, Training loss: 0.1311, 
Epoch 15, Training loss: 0.1303, 
Epoch 16, Training loss: 0.1296, 
Epoch 17, Training loss: 0.1292, 
Epoch 18, Training loss: 0.1288, 
Epoch 19, Training loss: 0.1280, 
Epoch 20, Training loss: 0.1270, 
Epoch 21, Training loss: 0.1263, 
Epoch 22, Training loss: 0.1257, 
Epoch 23, Training loss: 0.1252, 
Epoch 24, Training loss: 0.1194, 
Epoch 25, Training loss: 0.1141, 
Epoch 26, Training loss: 0.1128, 
Epoch 27, Training loss: 0.1121, 
Epoch 28, Training loss: 0.1119, 
Epoch 29, Training loss: 0.1112, 
Epoch 30, Training loss: 0.1110, 
Epoch 31, Training loss: 0.1106, 
Epoch 32, Training loss: 0.1105, 
Epoch 33, Training loss: 0.1102, 
Epoch 34, Training loss: 0.1100, 
Epoch 35, Training loss: 0.1092, 
Epoch 36, Training loss: 0.1098, 
Epoch 37, Training loss: 0.1087, 
Epoch 38, Training loss: 0.1086, 
Epoch 39, Training loss: 0.1085, 
Epoch 40, Training loss: 0.1077, 
Epoch 41, Training loss: 0.1076, 
Epoch 42, Training loss: 0.1069, 
Epoch 43, Training loss: 0.1053, 
Epoch 44, Training loss: 0.0988, 
Epoch 45, Training loss: 0.0951, 
Epoch 46, Training loss: 0.0934, 
Epoch 47, Training loss: 0.0909, 
Epoch 48, Training loss: 0.0797, 
Epoch 49, Training loss: 0.0749, 
Epoch 50, Training loss: 0.0733, 
Network count: 16
Finished making config for num_voters=50-m=7-num_winners=6-pref_dist=IC-axioms=all-features=bcr-loss=L1Loss()-idx=15
Beginning to train num_voters=50-m=7-num_winners=6-pref_dist=IC-axioms=all-features=bcr-loss=L1Loss()-idx=15
LOAD MODEL PATH: /scratch/b8armstr/thesis_results/trained_networks/NN-num_voters=50-m=7-num_winners=6-pref_dist=IC-axioms=all-features=bcr-loss=L1Loss()-idx=15-.pt
Saved network not found. Beginning training. Caught exception: [Errno 2] No such file or directory: '/scratch/b8armstr/thesis_results/trained_networks/NN-num_voters=50-m=7-num_winners=6-pref_dist=IC-axioms=all-features=bcr-loss=L1Loss()-idx=15-.pt'
Epoch 1, Training loss: 0.2563, 
Epoch 2, Training loss: 0.1539, 
Epoch 3, Training loss: 0.1504, 
Epoch 4, Training loss: 0.1491, 
Epoch 5, Training loss: 0.1480, 
Epoch 6, Training loss: 0.1475, 
Epoch 7, Training loss: 0.1471, 
Epoch 8, Training loss: 0.1467, 
Epoch 9, Training loss: 0.1464, 
Epoch 10, Training loss: 0.1461, 
Epoch 11, Training loss: 0.1455, 
Epoch 12, Training loss: 0.1427, 
Epoch 13, Training loss: 0.1333, 
Epoch 14, Training loss: 0.1317, 
Epoch 15, Training loss: 0.1287, 
Epoch 16, Training loss: 0.1203, 
Epoch 17, Training loss: 0.1163, 
Epoch 18, Training loss: 0.1149, 
Epoch 19, Training loss: 0.1138, 
Epoch 20, Training loss: 0.1128, 
Epoch 21, Training loss: 0.1128, 
Epoch 22, Training loss: 0.1114, 
Epoch 23, Training loss: 0.1102, 
Epoch 24, Training loss: 0.1046, 
Epoch 25, Training loss: 0.1003, 
Epoch 26, Training loss: 0.0992, 
Epoch 27, Training loss: 0.0981, 
Epoch 28, Training loss: 0.0972, 
Epoch 29, Training loss: 0.0965, 
Epoch 30, Training loss: 0.0956, 
Epoch 31, Training loss: 0.0947, 
Epoch 32, Training loss: 0.0913, 
Epoch 33, Training loss: 0.0850, 
Epoch 34, Training loss: 0.0832, 
Epoch 35, Training loss: 0.0818, 
Epoch 36, Training loss: 0.0803, 
Epoch 37, Training loss: 0.0786, 
Epoch 38, Training loss: 0.0761, 
Epoch 39, Training loss: 0.0703, 
Epoch 40, Training loss: 0.0680, 
Epoch 41, Training loss: 0.0640, 
Epoch 42, Training loss: 0.0588, 
Epoch 43, Training loss: 0.0575, 
Epoch 44, Training loss: 0.0560, 
Epoch 45, Training loss: 0.0550, 
Epoch 46, Training loss: 0.0539, 
Epoch 47, Training loss: 0.0524, 
Epoch 48, Training loss: 0.0498, 
Epoch 49, Training loss: 0.0467, 
Epoch 50, Training loss: 0.0442, 
Network count: 17
Finished making config for num_voters=50-m=7-num_winners=6-pref_dist=IC-axioms=all-features=bcr-loss=L1Loss()-idx=16
Beginning to train num_voters=50-m=7-num_winners=6-pref_dist=IC-axioms=all-features=bcr-loss=L1Loss()-idx=16
LOAD MODEL PATH: /scratch/b8armstr/thesis_results/trained_networks/NN-num_voters=50-m=7-num_winners=6-pref_dist=IC-axioms=all-features=bcr-loss=L1Loss()-idx=16-.pt
Saved network not found. Beginning training. Caught exception: [Errno 2] No such file or directory: '/scratch/b8armstr/thesis_results/trained_networks/NN-num_voters=50-m=7-num_winners=6-pref_dist=IC-axioms=all-features=bcr-loss=L1Loss()-idx=16-.pt'
Epoch 1, Training loss: 0.2579, 
Epoch 2, Training loss: 0.1528, 
Epoch 3, Training loss: 0.1496, 
Epoch 4, Training loss: 0.1485, 
Epoch 5, Training loss: 0.1478, 
Epoch 6, Training loss: 0.1471, 
Epoch 7, Training loss: 0.1447, 
Epoch 8, Training loss: 0.1353, 
Epoch 9, Training loss: 0.1333, 
Epoch 10, Training loss: 0.1321, 
Epoch 11, Training loss: 0.1310, 
Epoch 12, Training loss: 0.1307, 
Epoch 13, Training loss: 0.1298, 
Epoch 14, Training loss: 0.1295, 
Epoch 15, Training loss: 0.1287, 
Epoch 16, Training loss: 0.1282, 
Epoch 17, Training loss: 0.1278, 
Epoch 18, Training loss: 0.1272, 
Epoch 19, Training loss: 0.1268, 
Epoch 20, Training loss: 0.1262, 
Epoch 21, Training loss: 0.1256, 
Epoch 22, Training loss: 0.1254, 
Epoch 23, Training loss: 0.1249, 
Epoch 24, Training loss: 0.1245, 
Epoch 25, Training loss: 0.1239, 
Epoch 26, Training loss: 0.1228, 
Epoch 27, Training loss: 0.1201, 
Epoch 28, Training loss: 0.1141, 
Epoch 29, Training loss: 0.1125, 
Epoch 30, Training loss: 0.1115, 
Epoch 31, Training loss: 0.1105, 
Epoch 32, Training loss: 0.1065, 
Epoch 33, Training loss: 0.1006, 
Epoch 34, Training loss: 0.0994, 
Epoch 35, Training loss: 0.0985, 
Epoch 36, Training loss: 0.0969, 
Epoch 37, Training loss: 0.0969, 
Epoch 38, Training loss: 0.0961, 
Epoch 39, Training loss: 0.0957, 
Epoch 40, Training loss: 0.0952, 
Epoch 41, Training loss: 0.0946, 
Epoch 42, Training loss: 0.0937, 
Epoch 43, Training loss: 0.0927, 
Epoch 44, Training loss: 0.0906, 
Epoch 45, Training loss: 0.0843, 
Epoch 46, Training loss: 0.0753, 
Epoch 47, Training loss: 0.0732, 
Epoch 48, Training loss: 0.0714, 
Epoch 49, Training loss: 0.0662, 
Epoch 50, Training loss: 0.0621, 
Network count: 18
Finished making config for num_voters=50-m=7-num_winners=6-pref_dist=IC-axioms=all-features=bcr-loss=L1Loss()-idx=17
Beginning to train num_voters=50-m=7-num_winners=6-pref_dist=IC-axioms=all-features=bcr-loss=L1Loss()-idx=17
LOAD MODEL PATH: /scratch/b8armstr/thesis_results/trained_networks/NN-num_voters=50-m=7-num_winners=6-pref_dist=IC-axioms=all-features=bcr-loss=L1Loss()-idx=17-.pt
Saved network not found. Beginning training. Caught exception: [Errno 2] No such file or directory: '/scratch/b8armstr/thesis_results/trained_networks/NN-num_voters=50-m=7-num_winners=6-pref_dist=IC-axioms=all-features=bcr-loss=L1Loss()-idx=17-.pt'
Epoch 1, Training loss: 0.2583, 
Epoch 2, Training loss: 0.1547, 
Epoch 3, Training loss: 0.1509, 
Epoch 4, Training loss: 0.1492, 
Epoch 5, Training loss: 0.1485, 
Epoch 6, Training loss: 0.1478, 
Epoch 7, Training loss: 0.1476, 
Epoch 8, Training loss: 0.1473, 
Epoch 9, Training loss: 0.1466, 
Epoch 10, Training loss: 0.1462, 
Epoch 11, Training loss: 0.1457, 
Epoch 12, Training loss: 0.1407, 
Epoch 13, Training loss: 0.1333, 
Epoch 14, Training loss: 0.1321, 
Epoch 15, Training loss: 0.1309, 
Epoch 16, Training loss: 0.1302, 
Epoch 17, Training loss: 0.1297, 
Epoch 18, Training loss: 0.1289, 
Epoch 19, Training loss: 0.1283, 
Epoch 20, Training loss: 0.1278, 
Epoch 21, Training loss: 0.1273, 
Epoch 22, Training loss: 0.1267, 
Epoch 23, Training loss: 0.1261, 
Epoch 24, Training loss: 0.1261, 
Epoch 25, Training loss: 0.1255, 
Epoch 26, Training loss: 0.1252, 
Epoch 27, Training loss: 0.1249, 
Epoch 28, Training loss: 0.1242, 
Epoch 29, Training loss: 0.1242, 
Epoch 30, Training loss: 0.1238, 
Epoch 31, Training loss: 0.1231, 
Epoch 32, Training loss: 0.1232, 
Epoch 33, Training loss: 0.1216, 
Epoch 34, Training loss: 0.1183, 
Epoch 35, Training loss: 0.1116, 
Epoch 36, Training loss: 0.1105, 
Epoch 37, Training loss: 0.1093, 
Epoch 38, Training loss: 0.1062, 
Epoch 39, Training loss: 0.0994, 
Epoch 40, Training loss: 0.0974, 
Epoch 41, Training loss: 0.0966, 
Epoch 42, Training loss: 0.0957, 
Epoch 43, Training loss: 0.0950, 
Epoch 44, Training loss: 0.0938, 
Epoch 45, Training loss: 0.0913, 
Epoch 46, Training loss: 0.0844, 
Epoch 47, Training loss: 0.0834, 
Epoch 48, Training loss: 0.0827, 
Epoch 49, Training loss: 0.0821, 
Epoch 50, Training loss: 0.0814, 
Network count: 19
Finished making config for num_voters=50-m=7-num_winners=6-pref_dist=IC-axioms=all-features=bcr-loss=L1Loss()-idx=18
Beginning to train num_voters=50-m=7-num_winners=6-pref_dist=IC-axioms=all-features=bcr-loss=L1Loss()-idx=18
LOAD MODEL PATH: /scratch/b8armstr/thesis_results/trained_networks/NN-num_voters=50-m=7-num_winners=6-pref_dist=IC-axioms=all-features=bcr-loss=L1Loss()-idx=18-.pt
Saved network not found. Beginning training. Caught exception: [Errno 2] No such file or directory: '/scratch/b8armstr/thesis_results/trained_networks/NN-num_voters=50-m=7-num_winners=6-pref_dist=IC-axioms=all-features=bcr-loss=L1Loss()-idx=18-.pt'
Epoch 1, Training loss: 0.2633, 
Epoch 2, Training loss: 0.1546, 
Epoch 3, Training loss: 0.1507, 
Epoch 4, Training loss: 0.1494, 
Epoch 5, Training loss: 0.1483, 
Epoch 6, Training loss: 0.1479, 
Epoch 7, Training loss: 0.1472, 
Epoch 8, Training loss: 0.1469, 
Epoch 9, Training loss: 0.1464, 
Epoch 10, Training loss: 0.1444, 
Epoch 11, Training loss: 0.1352, 
Epoch 12, Training loss: 0.1331, 
Epoch 13, Training loss: 0.1320, 
Epoch 14, Training loss: 0.1314, 
Epoch 15, Training loss: 0.1306, 
Epoch 16, Training loss: 0.1299, 
Epoch 17, Training loss: 0.1297, 
Epoch 18, Training loss: 0.1289, 
Epoch 19, Training loss: 0.1285, 
Epoch 20, Training loss: 0.1280, 
Epoch 21, Training loss: 0.1280, 
Epoch 22, Training loss: 0.1268, 
Epoch 23, Training loss: 0.1268, 
Epoch 24, Training loss: 0.1262, 
Epoch 25, Training loss: 0.1257, 
Epoch 26, Training loss: 0.1254, 
Epoch 27, Training loss: 0.1247, 
Epoch 28, Training loss: 0.1250, 
Epoch 29, Training loss: 0.1241, 
Epoch 30, Training loss: 0.1236, 
Epoch 31, Training loss: 0.1215, 
Epoch 32, Training loss: 0.1167, 
Epoch 33, Training loss: 0.1133, 
Epoch 34, Training loss: 0.1130, 
Epoch 35, Training loss: 0.1126, 
Epoch 36, Training loss: 0.1115, 
Epoch 37, Training loss: 0.1099, 
Epoch 38, Training loss: 0.1051, 
Epoch 39, Training loss: 0.0904, 
Epoch 40, Training loss: 0.0826, 
Epoch 41, Training loss: 0.0769, 
Epoch 42, Training loss: 0.0746, 
Epoch 43, Training loss: 0.0733, 
Epoch 44, Training loss: 0.0723, 
Epoch 45, Training loss: 0.0708, 
Epoch 46, Training loss: 0.0701, 
Epoch 47, Training loss: 0.0694, 
Epoch 48, Training loss: 0.0686, 
Epoch 49, Training loss: 0.0672, 
Epoch 50, Training loss: 0.0661, 
Network count: 20
Finished making config for num_voters=50-m=7-num_winners=6-pref_dist=IC-axioms=all-features=bcr-loss=L1Loss()-idx=19
Beginning to train num_voters=50-m=7-num_winners=6-pref_dist=IC-axioms=all-features=bcr-loss=L1Loss()-idx=19
LOAD MODEL PATH: /scratch/b8armstr/thesis_results/trained_networks/NN-num_voters=50-m=7-num_winners=6-pref_dist=IC-axioms=all-features=bcr-loss=L1Loss()-idx=19-.pt
Saved network not found. Beginning training. Caught exception: [Errno 2] No such file or directory: '/scratch/b8armstr/thesis_results/trained_networks/NN-num_voters=50-m=7-num_winners=6-pref_dist=IC-axioms=all-features=bcr-loss=L1Loss()-idx=19-.pt'
Epoch 1, Training loss: 0.2506, 
Epoch 2, Training loss: 0.1537, 
Epoch 3, Training loss: 0.1504, 
Epoch 4, Training loss: 0.1489, 
Epoch 5, Training loss: 0.1481, 
Epoch 6, Training loss: 0.1477, 
Epoch 7, Training loss: 0.1471, 
Epoch 8, Training loss: 0.1466, 
Epoch 9, Training loss: 0.1459, 
Epoch 10, Training loss: 0.1426, 
Epoch 11, Training loss: 0.1339, 
Epoch 12, Training loss: 0.1326, 
Epoch 13, Training loss: 0.1316, 
Epoch 14, Training loss: 0.1306, 
Epoch 15, Training loss: 0.1298, 
Epoch 16, Training loss: 0.1292, 
Epoch 17, Training loss: 0.1284, 
Epoch 18, Training loss: 0.1276, 
Epoch 19, Training loss: 0.1270, 
Epoch 20, Training loss: 0.1265, 
Epoch 21, Training loss: 0.1261, 
Epoch 22, Training loss: 0.1259, 
Epoch 23, Training loss: 0.1248, 
Epoch 24, Training loss: 0.1246, 
Epoch 25, Training loss: 0.1243, 
Epoch 26, Training loss: 0.1230, 
Epoch 27, Training loss: 0.1208, 
Epoch 28, Training loss: 0.1122, 
Epoch 29, Training loss: 0.1099, 
Epoch 30, Training loss: 0.1084, 
Epoch 31, Training loss: 0.1063, 
Epoch 32, Training loss: 0.1014, 
Epoch 33, Training loss: 0.0924, 
Epoch 34, Training loss: 0.0867, 
Epoch 35, Training loss: 0.0818, 
Epoch 36, Training loss: 0.0756, 
Epoch 37, Training loss: 0.0737, 
Epoch 38, Training loss: 0.0724, 
Epoch 39, Training loss: 0.0707, 
Epoch 40, Training loss: 0.0689, 
Epoch 41, Training loss: 0.0661, 
Epoch 42, Training loss: 0.0605, 
Epoch 43, Training loss: 0.0555, 
Epoch 44, Training loss: 0.0495, 
Epoch 45, Training loss: 0.0471, 
Epoch 46, Training loss: 0.0460, 
Epoch 47, Training loss: 0.0449, 
Epoch 48, Training loss: 0.0436, 
Epoch 49, Training loss: 0.0431, 
Epoch 50, Training loss: 0.0424, 
