1731182730
About to load modules
created virtual environment CPython3.11.5.final.0-64 in 1236ms
  creator CPython3Posix(dest=/local/b8armstr.26771996.0/env, clear=False, no_vcs_ignore=False, global=False)
  seeder FromAppData(download=False, pip=bundle, setuptools=bundle, wheel=bundle, via=copy, app_data_dir=/home/b8armstr/.local/share/virtualenv)
    added seed packages: pip==24.2, setuptools==68.0.0, wheel==0.44.0
  activators BashActivator,CShellActivator,FishActivator,NushellActivator,PowerShellActivator,PythonActivator
1731182733
About to install requirements
Looking in links: /cvmfs/soft.computecanada.ca/custom/python/wheelhouse/gentoo2023/x86-64-v3, /cvmfs/soft.computecanada.ca/custom/python/wheelhouse/gentoo2023/generic, /cvmfs/soft.computecanada.ca/custom/python/wheelhouse/generic
Processing /cvmfs/soft.computecanada.ca/custom/python/wheelhouse/generic/Deprecated-1.2.14+computecanada-py2.py3-none-any.whl
Processing /cvmfs/soft.computecanada.ca/custom/python/wheelhouse/generic/wrapt-1.16.0+computecanada-cp311-cp311-linux_x86_64.whl (from deprecated)
Installing collected packages: wrapt, deprecated
Successfully installed deprecated-1.2.14+computecanada wrapt-1.16.0+computecanada
Looking in links: /cvmfs/soft.computecanada.ca/custom/python/wheelhouse/gentoo2023/x86-64-v3, /cvmfs/soft.computecanada.ca/custom/python/wheelhouse/gentoo2023/generic, /cvmfs/soft.computecanada.ca/custom/python/wheelhouse/generic
Processing ./cc_libs/abcvoting-2.10.0-py3-none-any.whl
Processing ./cc_libs/absl_py-2.1.0+computecanada-py3-none-any.whl
Processing ./cc_libs/appnope-0.1.4-py2.py3-none-any.whl
Processing ./cc_libs/asttokens-2.4.1+computecanada-py2.py3-none-any.whl
Processing ./cc_libs/astunparse-1.6.3+computecanada-py2.py3-none-any.whl
Processing ./cc_libs/attrs-24.2.0+computecanada-py3-none-any.whl
Processing ./cc_libs/backcall-0.2.0+computecanada-py3-none-any.whl
Processing ./cc_libs/beautifulsoup4-4.12.3+computecanada-py3-none-any.whl
Processing ./cc_libs/bleach-6.1.0+computecanada-py3-none-any.whl
Processing ./cc_libs/certifi-2024.6.2-py3-none-any.whl
Processing ./cc_libs/cffi-1.15.1+computecanada-cp311-cp311-linux_x86_64.whl
Processing ./cc_libs/charset_normalizer-3.3.2-py3-none-any.whl
Processing ./cc_libs/contourpy-1.2.1+computecanada-cp311-cp311-linux_x86_64.whl
Processing ./cc_libs/cycler-0.12.1+computecanada-py3-none-any.whl
Processing ./cc_libs/decorator-5.1.1+computecanada-py3-none-any.whl
Processing ./cc_libs/defusedxml-0.7.1+computecanada-py2.py3-none-any.whl
Processing ./cc_libs/Deprecated-1.2.14+computecanada-py2.py3-none-any.whl
Processing ./cc_libs/docopt-0.6.2+computecanada-py2.py3-none-any.whl
Processing ./cc_libs/executing-2.1.0-py2.py3-none-any.whl
Processing ./cc_libs/fastjsonschema-2.20.0+computecanada-py3-none-any.whl
Processing ./cc_libs/filelock-3.14.0-py3-none-any.whl
Processing ./cc_libs/flatbuffers-24.3.25+computecanada-py2.py3-none-any.whl
Processing ./cc_libs/fonttools-4.53.0+computecanada-cp311-cp311-linux_x86_64.whl
Processing ./cc_libs/fsspec-2024.6.0+computecanada-py3-none-any.whl
Processing ./cc_libs/gast-0.5.4+computecanada-py3-none-any.whl
Processing ./cc_libs/google_pasta-0.2.0+computecanada-py3-none-any.whl
Processing ./cc_libs/gurobipy-11.0.1-cp311-cp311-linux_x86_64.whl
Processing ./cc_libs/h5py-3.11.0+computecanada-cp311-cp311-linux_x86_64.whl
Processing ./cc_libs/idna-3.7-py3-none-any.whl
Processing ./cc_libs/immutabledict-4.2.0-py3-none-any.whl
Processing ./cc_libs/ipython-8.12.3-py3-none-any.whl
Processing ./cc_libs/jedi-0.19.1+computecanada-py2.py3-none-any.whl
Processing ./cc_libs/jinja2-3.1.4+computecanada-py3-none-any.whl
Processing ./cc_libs/joblib-1.4.2+computecanada-py3-none-any.whl
Processing ./cc_libs/jsonschema-4.23.0+computecanada-py3-none-any.whl
Processing ./cc_libs/jsonschema_specifications-2023.12.1+computecanada-py3-none-any.whl
Processing ./cc_libs/jupyter_client-8.6.2+computecanada-py3-none-any.whl
Processing ./cc_libs/jupyter_core-5.7.2+computecanada-py3-none-any.whl
Processing ./cc_libs/jupyterlab_pygments-0.3.0+computecanada-py3-none-any.whl
Processing ./cc_libs/kiwisolver-1.4.5+computecanada-cp311-cp311-linux_x86_64.whl
Processing ./cc_libs/llvmlite-0.41.1+computecanada-cp311-cp311-linux_x86_64.whl
Processing ./cc_libs/Markdown-3.6-py3-none-any.whl
Processing ./cc_libs/markdown_it_py-3.0.0+computecanada-py3-none-any.whl
Processing ./cc_libs/MarkupSafe-2.1.5+computecanada-cp311-cp311-linux_x86_64.whl
Processing ./cc_libs/matplotlib-3.9.0+computecanada-cp311-cp311-linux_x86_64.whl
Processing ./cc_libs/matplotlib_inline-0.1.7+computecanada-py3-none-any.whl
Processing ./cc_libs/mdurl-0.1.2+computecanada-py3-none-any.whl
Processing ./cc_libs/mip-1.15.0-py3-none-any.whl
Processing ./cc_libs/mistune-3.0.2+computecanada-py3-none-any.whl
Processing ./cc_libs/ml_dtypes-0.3.2-cp311-cp311-linux_x86_64.whl
Processing ./cc_libs/mpmath-1.3.0+computecanada-py3-none-any.whl
Processing ./cc_libs/namex-0.0.8+computecanada-py3-none-any.whl
Processing ./cc_libs/nashpy-0.0.40-py3-none-any.whl
Processing ./cc_libs/nbclient-0.10.0+computecanada-py3-none-any.whl
Processing ./cc_libs/nbconvert-7.16.4+computecanada-py3-none-any.whl
Processing ./cc_libs/nbformat-5.10.4+computecanada-py3-none-any.whl
Processing ./cc_libs/networkx-3.3+computecanada-py3-none-any.whl
Processing ./cc_libs/numba-0.58.1+computecanada-cp311-cp311-linux_x86_64.whl
Processing ./cc_libs/numpy-1.26.4+computecanada-cp311-cp311-linux_x86_64.whl
Processing ./cc_libs/opt_einsum-3.3.0+computecanada-py3-none-any.whl
Processing ./cc_libs/optree-0.11.0+computecanada-cp311-cp311-linux_x86_64.whl
Processing ./cc_libs/ortools-9.10.4067+computecanada-cp311-cp311-linux_x86_64.whl
Processing ./cc_libs/packaging-24.0-py3-none-any.whl
Processing ./cc_libs/pandas-2.2.2+computecanada-cp311-cp311-linux_x86_64.whl
Processing ./cc_libs/pandocfilters-1.5.1+computecanada-py2.py3-none-any.whl
Processing ./cc_libs/parso-0.8.4+computecanada-py2.py3-none-any.whl
Processing ./cc_libs/pexpect-4.9.0+computecanada-py2.py3-none-any.whl
Processing ./cc_libs/pickleshare-0.7.5+computecanada-py2.py3-none-any.whl
Processing ./cc_libs/pillow-10.3.0+computecanada-cp311-cp311-linux_x86_64.whl
Processing ./cc_libs/pipdeptree-2.23.1-py3-none-any.whl
Processing ./cc_libs/pipreqs-0.5.0-py3-none-any.whl
Processing ./cc_libs/platformdirs-4.3.3-py3-none-any.whl
Processing ./cc_libs/preflibtools-2.0.22-py3-none-any.whl
Processing ./cc_libs/prefsampling-0.1.20-py3-none-any.whl
Processing ./cc_libs/pref_voting-1.13.18-py3-none-any.whl
Processing ./cc_libs/prompt_toolkit-3.0.47+computecanada-py3-none-any.whl
Processing ./cc_libs/protobuf-4.25.3+computecanada-cp311-cp311-linux_x86_64.whl
Processing ./cc_libs/ptyprocess-0.7.0+computecanada-py2.py3-none-any.whl
Processing ./cc_libs/pure_eval-0.2.3+computecanada-py3-none-any.whl
Processing ./cc_libs/pycparser-2.22-py3-none-any.whl
Processing ./cc_libs/pygments-2.18.0+computecanada-py3-none-any.whl
Processing ./cc_libs/pyparsing-3.1.2+computecanada-py3-none-any.whl
Processing ./cc_libs/pyrankvote-2.0.6-py3-none-any.whl
Processing ./cc_libs/python_dateutil-2.9.0.post0+computecanada-py2.py3-none-any.whl
Processing ./cc_libs/pytorch_ignite-0.5.1-py3-none-any.whl
Processing ./cc_libs/pytz-2024.1+computecanada-py2.py3-none-any.whl
Processing ./cc_libs/random2-1.0.2-py3-none-any.whl
Processing ./cc_libs/referencing-0.35.1+computecanada-py3-none-any.whl
Processing ./cc_libs/requests-2.32.3-py3-none-any.whl
Processing ./cc_libs/rich-13.7.1+computecanada-py3-none-any.whl
Processing ./cc_libs/ruamel.yaml-0.18.6+computecanada-py3-none-any.whl
Processing ./cc_libs/ruamel.yaml.clib-0.2.8+computecanada-cp311-cp311-linux_x86_64.whl
Processing ./cc_libs/scikit_learn-1.5.0+computecanada-cp311-cp311-linux_x86_64.whl
Processing ./cc_libs/scipy-1.13.1+computecanada-cp311-cp311-linux_x86_64.whl
Processing ./cc_libs/seaborn-0.13.2+computecanada-py3-none-any.whl
Processing ./cc_libs/six-1.16.0+computecanada-py2.py3-none-any.whl
Processing ./cc_libs/snakeviz-2.2.0-py2.py3-none-any.whl
Processing ./cc_libs/soupsieve-2.6+computecanada-py3-none-any.whl
Processing ./cc_libs/stack_data-0.6.3+computecanada-py3-none-any.whl
Processing ./cc_libs/sympy-1.12.1+computecanada-py3-none-any.whl
Processing ./cc_libs/tabulate-0.9.0+computecanada-py3-none-any.whl
Processing ./cc_libs/termcolor-2.4.0+computecanada-py3-none-any.whl
Processing ./cc_libs/threadpoolctl-3.5.0+computecanada-py3-none-any.whl
Processing ./cc_libs/tinycss2-1.3.0+computecanada-py3-none-any.whl
Processing ./cc_libs/traitlets-5.14.3+computecanada-py3-none-any.whl
Processing ./cc_libs/typing_extensions-4.12.1-py3-none-any.whl
Processing ./cc_libs/tzdata-2024.1+computecanada-py2.py3-none-any.whl
Processing ./cc_libs/urllib3-2.2.1-py3-none-any.whl
Processing ./cc_libs/wcwidth-0.2.13+computecanada-py2.py3-none-any.whl
Processing ./cc_libs/webencodings-0.5.1+computecanada-py2.py3-none-any.whl
Processing ./cc_libs/werkzeug-3.0.3+computecanada-py3-none-any.whl
Processing ./cc_libs/wrapt-1.16.0+computecanada-cp311-cp311-linux_x86_64.whl
Processing ./cc_libs/yarg-0.1.9-py2.py3-none-any.whl
asttokens is already installed with the same version as the provided wheel. Use --force-reinstall to force an installation of the wheel.
cycler is already installed with the same version as the provided wheel. Use --force-reinstall to force an installation of the wheel.
decorator is already installed with the same version as the provided wheel. Use --force-reinstall to force an installation of the wheel.
Deprecated is already installed with the same version as the provided wheel. Use --force-reinstall to force an installation of the wheel.
jedi is already installed with the same version as the provided wheel. Use --force-reinstall to force an installation of the wheel.
jupyter-client is already installed with the same version as the provided wheel. Use --force-reinstall to force an installation of the wheel.
jupyter-core is already installed with the same version as the provided wheel. Use --force-reinstall to force an installation of the wheel.
matplotlib-inline is already installed with the same version as the provided wheel. Use --force-reinstall to force an installation of the wheel.
mpmath is already installed with the same version as the provided wheel. Use --force-reinstall to force an installation of the wheel.
pandas is already installed with the same version as the provided wheel. Use --force-reinstall to force an installation of the wheel.
parso is already installed with the same version as the provided wheel. Use --force-reinstall to force an installation of the wheel.
pexpect is already installed with the same version as the provided wheel. Use --force-reinstall to force an installation of the wheel.
prompt-toolkit is already installed with the same version as the provided wheel. Use --force-reinstall to force an installation of the wheel.
ptyprocess is already installed with the same version as the provided wheel. Use --force-reinstall to force an installation of the wheel.
pygments is already installed with the same version as the provided wheel. Use --force-reinstall to force an installation of the wheel.
python-dateutil is already installed with the same version as the provided wheel. Use --force-reinstall to force an installation of the wheel.
six is already installed with the same version as the provided wheel. Use --force-reinstall to force an installation of the wheel.
stack-data is already installed with the same version as the provided wheel. Use --force-reinstall to force an installation of the wheel.
traitlets is already installed with the same version as the provided wheel. Use --force-reinstall to force an installation of the wheel.
tzdata is already installed with the same version as the provided wheel. Use --force-reinstall to force an installation of the wheel.
wcwidth is already installed with the same version as the provided wheel. Use --force-reinstall to force an installation of the wheel.
wrapt is already installed with the same version as the provided wheel. Use --force-reinstall to force an installation of the wheel.
Installing collected packages: yarg, webencodings, random2, pytz, pytorch-ignite, pyrankvote, pure-eval, pickleshare, namex, gurobipy, google-pasta, flatbuffers, fastjsonschema, docopt, cffi, backcall, astunparse, werkzeug, urllib3, typing-extensions, tinycss2, threadpoolctl, termcolor, tabulate, sympy, soupsieve, snakeviz, seaborn, scipy, scikit-learn, ruamel.yaml.clib, ruamel.yaml, rich, requests, referencing, pyparsing, pycparser, protobuf, prefsampling, preflibtools, pref-voting, platformdirs, pipreqs, pipdeptree, pillow, pandocfilters, packaging, ortools, optree, opt-einsum, numpy, numba, networkx, nbformat, nbconvert, nbclient, nashpy, ml-dtypes, mistune, mip, mdurl, matplotlib, MarkupSafe, markdown-it-py, Markdown, llvmlite, kiwisolver, jupyterlab-pygments, jsonschema-specifications, jsonschema, joblib, jinja2, ipython, immutabledict, idna, h5py, gast, fsspec, fonttools, filelock, executing, defusedxml, contourpy, charset-normalizer, certifi, bleach, beautifulsoup4, attrs, appnope, absl-py, abcvoting
  Attempting uninstall: pytz
    Found existing installation: pytz 2024.2+computecanada
    Not uninstalling pytz at /cvmfs/soft.computecanada.ca/easybuild/software/2023/x86-64-v3/Compiler/gcccore/scipy-stack/2024b/lib/python3.11/site-packages, outside environment /local/b8armstr.26771996.0/env
    Can't uninstall 'pytz'. No files were found to uninstall.
  Attempting uninstall: pure-eval
    Found existing installation: pure_eval 0.2.2+computecanada
    Not uninstalling pure-eval at /cvmfs/soft.computecanada.ca/easybuild/software/2023/x86-64-v3/Compiler/gcccore/ipykernel/2024b/lib/python3.11/site-packages, outside environment /local/b8armstr.26771996.0/env
    Can't uninstall 'pure_eval'. No files were found to uninstall.
  Attempting uninstall: typing-extensions
    Found existing installation: typing_extensions 4.12.2+computecanada
    Not uninstalling typing-extensions at /cvmfs/soft.computecanada.ca/easybuild/software/2023/x86-64-v3/Compiler/gcccore/ipykernel/2024b/lib/python3.11/site-packages, outside environment /local/b8armstr.26771996.0/env
    Can't uninstall 'typing_extensions'. No files were found to uninstall.
  Attempting uninstall: sympy
    Found existing installation: sympy 1.13.3+computecanada
    Not uninstalling sympy at /cvmfs/soft.computecanada.ca/easybuild/software/2023/x86-64-v3/Compiler/gcccore/scipy-stack/2024b/lib/python3.11/site-packages, outside environment /local/b8armstr.26771996.0/env
    Can't uninstall 'sympy'. No files were found to uninstall.
  Attempting uninstall: scipy
    Found existing installation: scipy 1.14.1+computecanada
    Not uninstalling scipy at /cvmfs/soft.computecanada.ca/easybuild/software/2023/x86-64-v3/Compiler/gcccore/scipy-stack/2024b/lib/python3.11/site-packages, outside environment /local/b8armstr.26771996.0/env
    Can't uninstall 'scipy'. No files were found to uninstall.
  Attempting uninstall: pyparsing
    Found existing installation: pyparsing 3.1.4+computecanada
    Not uninstalling pyparsing at /cvmfs/soft.computecanada.ca/easybuild/software/2023/x86-64-v3/Compiler/gcccore/scipy-stack/2024b/lib/python3.11/site-packages, outside environment /local/b8armstr.26771996.0/env
    Can't uninstall 'pyparsing'. No files were found to uninstall.
  Attempting uninstall: platformdirs
    Found existing installation: platformdirs 3.9.1+computecanada
    Not uninstalling platformdirs at /cvmfs/soft.computecanada.ca/easybuild/software/2023/x86-64-v3/Compiler/gcccore/ipykernel/2024b/lib/python3.11/site-packages, outside environment /local/b8armstr.26771996.0/env
    Can't uninstall 'platformdirs'. No files were found to uninstall.
  Attempting uninstall: pillow
    Found existing installation: pillow 10.4.0+computecanada
    Not uninstalling pillow at /cvmfs/soft.computecanada.ca/easybuild/software/2023/x86-64-v3/Compiler/gcccore/scipy-stack/2024b/lib/python3.11/site-packages, outside environment /local/b8armstr.26771996.0/env
    Can't uninstall 'pillow'. No files were found to uninstall.
  Attempting uninstall: packaging
    Found existing installation: packaging 24.1+computecanada
    Not uninstalling packaging at /cvmfs/soft.computecanada.ca/easybuild/software/2023/x86-64-v3/Compiler/gcccore/scipy-stack/2024b/lib/python3.11/site-packages, outside environment /local/b8armstr.26771996.0/env
    Can't uninstall 'packaging'. No files were found to uninstall.
  Attempting uninstall: numpy
    Found existing installation: numpy 2.1.1+computecanada
    Not uninstalling numpy at /cvmfs/soft.computecanada.ca/easybuild/software/2023/x86-64-v3/Compiler/gcccore/scipy-stack/2024b/lib/python3.11/site-packages, outside environment /local/b8armstr.26771996.0/env
    Can't uninstall 'numpy'. No files were found to uninstall.
  Attempting uninstall: matplotlib
    Found existing installation: matplotlib 3.9.2+computecanada
    Not uninstalling matplotlib at /cvmfs/soft.computecanada.ca/easybuild/software/2023/x86-64-v3/Compiler/gcccore/scipy-stack/2024b/lib/python3.11/site-packages, outside environment /local/b8armstr.26771996.0/env
    Can't uninstall 'matplotlib'. No files were found to uninstall.
  Attempting uninstall: kiwisolver
    Found existing installation: kiwisolver 1.4.7+computecanada
    Not uninstalling kiwisolver at /cvmfs/soft.computecanada.ca/easybuild/software/2023/x86-64-v3/Compiler/gcccore/scipy-stack/2024b/lib/python3.11/site-packages, outside environment /local/b8armstr.26771996.0/env
    Can't uninstall 'kiwisolver'. No files were found to uninstall.
  Attempting uninstall: ipython
    Found existing installation: ipython 8.25.0+computecanada
    Not uninstalling ipython at /cvmfs/soft.computecanada.ca/easybuild/software/2023/x86-64-v3/Compiler/gcccore/ipykernel/2024b/lib/python3.11/site-packages, outside environment /local/b8armstr.26771996.0/env
    Can't uninstall 'ipython'. No files were found to uninstall.
  Attempting uninstall: fonttools
    Found existing installation: fonttools 4.53.1+computecanada
    Not uninstalling fonttools at /cvmfs/soft.computecanada.ca/easybuild/software/2023/x86-64-v3/Compiler/gcccore/scipy-stack/2024b/lib/python3.11/site-packages, outside environment /local/b8armstr.26771996.0/env
    Can't uninstall 'fonttools'. No files were found to uninstall.
  Attempting uninstall: executing
    Found existing installation: executing 2.0.1+computecanada
    Not uninstalling executing at /cvmfs/soft.computecanada.ca/easybuild/software/2023/x86-64-v3/Compiler/gcccore/ipykernel/2024b/lib/python3.11/site-packages, outside environment /local/b8armstr.26771996.0/env
    Can't uninstall 'executing'. No files were found to uninstall.
  Attempting uninstall: contourpy
    Found existing installation: contourpy 1.3.0+computecanada
    Not uninstalling contourpy at /cvmfs/soft.computecanada.ca/easybuild/software/2023/x86-64-v3/Compiler/gcccore/scipy-stack/2024b/lib/python3.11/site-packages, outside environment /local/b8armstr.26771996.0/env
    Can't uninstall 'contourpy'. No files were found to uninstall.
Successfully installed Markdown-3.6 MarkupSafe-2.1.5+computecanada abcvoting-2.10.0 absl-py-2.1.0+computecanada appnope-0.1.4 astunparse-1.6.3+computecanada attrs-24.2.0+computecanada backcall-0.2.0+computecanada beautifulsoup4-4.12.3+computecanada bleach-6.1.0+computecanada certifi-2024.6.2 cffi-1.15.1+computecanada charset-normalizer-3.3.2 contourpy-1.2.1+computecanada defusedxml-0.7.1+computecanada docopt-0.6.2+computecanada executing-2.1.0 fastjsonschema-2.20.0+computecanada filelock-3.14.0 flatbuffers-24.3.25+computecanada fonttools-4.53.0+computecanada fsspec-2024.6.0+computecanada gast-0.5.4+computecanada google-pasta-0.2.0+computecanada gurobipy-11.0.1 h5py-3.11.0+computecanada idna-3.7 immutabledict-4.2.0 ipython-8.12.3 jinja2-3.1.4+computecanada joblib-1.4.2+computecanada jsonschema-4.23.0+computecanada jsonschema-specifications-2023.12.1+computecanada jupyterlab-pygments-0.3.0+computecanada kiwisolver-1.4.5+computecanada llvmlite-0.41.1+computecanada markdown-it-py-3.0.0+computecanada matplotlib-3.9.0+computecanada mdurl-0.1.2+computecanada mip-1.15.0 mistune-3.0.2+computecanada ml-dtypes-0.3.2 namex-0.0.8+computecanada nashpy-0.0.40 nbclient-0.10.0+computecanada nbconvert-7.16.4+computecanada nbformat-5.10.4+computecanada networkx-3.3+computecanada numba-0.58.1+computecanada numpy-1.26.4+computecanada opt-einsum-3.3.0+computecanada optree-0.11.0+computecanada ortools-9.10.4067+computecanada packaging-24.0 pandocfilters-1.5.1+computecanada pickleshare-0.7.5+computecanada pillow-10.3.0+computecanada pipdeptree-2.23.1 pipreqs-0.5.0 platformdirs-4.3.3 pref-voting-1.13.18 preflibtools-2.0.22 prefsampling-0.1.20 protobuf-4.25.3+computecanada pure-eval-0.2.3+computecanada pycparser-2.22 pyparsing-3.1.2+computecanada pyrankvote-2.0.6 pytorch-ignite-0.5.1 pytz-2024.1+computecanada random2-1.0.2 referencing-0.35.1+computecanada requests-2.32.3 rich-13.7.1+computecanada ruamel.yaml-0.18.6+computecanada ruamel.yaml.clib-0.2.8+computecanada scikit-learn-1.5.0+computecanada scipy-1.13.1+computecanada seaborn-0.13.2+computecanada snakeviz-2.2.0 soupsieve-2.6+computecanada sympy-1.12.1+computecanada tabulate-0.9.0+computecanada termcolor-2.4.0+computecanada threadpoolctl-3.5.0+computecanada tinycss2-1.3.0+computecanada typing-extensions-4.12.1 urllib3-2.2.1 webencodings-0.5.1+computecanada werkzeug-3.0.3+computecanada yarg-0.1.9
Looking in links: /cvmfs/soft.computecanada.ca/custom/python/wheelhouse/gentoo2023/x86-64-v3, /cvmfs/soft.computecanada.ca/custom/python/wheelhouse/gentoo2023/generic, /cvmfs/soft.computecanada.ca/custom/python/wheelhouse/generic
Requirement already satisfied: scikit_learn in /local/b8armstr.26771996.0/env/lib/python3.11/site-packages (1.5.0+computecanada)
Processing /cvmfs/soft.computecanada.ca/custom/python/wheelhouse/gentoo2023/generic/scikit_learn-1.5.2+computecanada-cp311-cp311-linux_x86_64.whl
Requirement already satisfied: llvmlite in /local/b8armstr.26771996.0/env/lib/python3.11/site-packages (0.41.1+computecanada)
Processing /cvmfs/soft.computecanada.ca/custom/python/wheelhouse/gentoo2023/x86-64-v3/llvmlite-0.43.0+computecanada-cp311-cp311-linux_x86_64.whl
Requirement already satisfied: ortools in /local/b8armstr.26771996.0/env/lib/python3.11/site-packages (9.10.4067+computecanada)
Requirement already satisfied: numpy>=1.19.5 in /local/b8armstr.26771996.0/env/lib/python3.11/site-packages (from scikit_learn) (1.26.4+computecanada)
Requirement already satisfied: scipy>=1.6.0 in /local/b8armstr.26771996.0/env/lib/python3.11/site-packages (from scikit_learn) (1.13.1+computecanada)
Requirement already satisfied: joblib>=1.2.0 in /local/b8armstr.26771996.0/env/lib/python3.11/site-packages (from scikit_learn) (1.4.2+computecanada)
Requirement already satisfied: threadpoolctl>=3.1.0 in /local/b8armstr.26771996.0/env/lib/python3.11/site-packages (from scikit_learn) (3.5.0+computecanada)
Requirement already satisfied: absl-py>=2.0.0 in /local/b8armstr.26771996.0/env/lib/python3.11/site-packages (from ortools) (2.1.0+computecanada)
Requirement already satisfied: pandas>=2.0.0 in /cvmfs/soft.computecanada.ca/easybuild/software/2023/x86-64-v3/Compiler/gcccore/scipy-stack/2024b/lib/python3.11/site-packages (from ortools) (2.2.2+computecanada)
Processing /cvmfs/soft.computecanada.ca/custom/python/wheelhouse/gentoo2023/x86-64-v3/protobuf-5.28.0+computecanada-cp311-cp311-linux_x86_64.whl (from ortools)
Requirement already satisfied: immutabledict>=3.0.0 in /local/b8armstr.26771996.0/env/lib/python3.11/site-packages (from ortools) (4.2.0)
Requirement already satisfied: python-dateutil>=2.8.2 in /cvmfs/soft.computecanada.ca/easybuild/software/2023/x86-64-v3/Compiler/gcccore/scipy-stack/2024b/lib/python3.11/site-packages (from pandas>=2.0.0->ortools) (2.9.0.post0+computecanada)
Requirement already satisfied: pytz>=2020.1 in /local/b8armstr.26771996.0/env/lib/python3.11/site-packages (from pandas>=2.0.0->ortools) (2024.1+computecanada)
Requirement already satisfied: tzdata>=2022.7 in /cvmfs/soft.computecanada.ca/easybuild/software/2023/x86-64-v3/Compiler/gcccore/scipy-stack/2024b/lib/python3.11/site-packages (from pandas>=2.0.0->ortools) (2024.1+computecanada)
Requirement already satisfied: six>=1.5 in /cvmfs/soft.computecanada.ca/easybuild/software/2023/x86-64-v3/Compiler/gcccore/scipy-stack/2024b/lib/python3.11/site-packages (from python-dateutil>=2.8.2->pandas>=2.0.0->ortools) (1.16.0+computecanada)
Installing collected packages: protobuf, llvmlite, scikit_learn
  Attempting uninstall: protobuf
    Found existing installation: protobuf 4.25.3+computecanada
    Uninstalling protobuf-4.25.3+computecanada:
      Successfully uninstalled protobuf-4.25.3+computecanada
  Attempting uninstall: llvmlite
    Found existing installation: llvmlite 0.41.1+computecanada
    Uninstalling llvmlite-0.41.1+computecanada:
      Successfully uninstalled llvmlite-0.41.1+computecanada
  Attempting uninstall: scikit_learn
    Found existing installation: scikit_learn 1.5.0+computecanada
    Uninstalling scikit_learn-1.5.0+computecanada:
      Successfully uninstalled scikit_learn-1.5.0+computecanada
ERROR: pip's dependency resolver does not currently take into account all the packages that are installed. This behaviour is the source of the following dependency conflicts.
numba 0.58.1+computecanada requires llvmlite<0.42,>=0.41.0dev0, but you have llvmlite 0.43.0+computecanada which is incompatible.
Successfully installed llvmlite-0.43.0+computecanada protobuf-5.28.0+computecanada scikit_learn-1.5.2+computecanada
Looking in links: /cvmfs/soft.computecanada.ca/custom/python/wheelhouse/gentoo2023/x86-64-v3, /cvmfs/soft.computecanada.ca/custom/python/wheelhouse/gentoo2023/generic, /cvmfs/soft.computecanada.ca/custom/python/wheelhouse/generic
Processing /cvmfs/soft.computecanada.ca/custom/python/wheelhouse/gentoo2023/x86-64-v3/torch-2.5.1+computecanada-cp311-cp311-linux_x86_64.whl
Requirement already satisfied: filelock in /local/b8armstr.26771996.0/env/lib/python3.11/site-packages (from torch) (3.14.0)
Requirement already satisfied: typing-extensions>=4.8.0 in /local/b8armstr.26771996.0/env/lib/python3.11/site-packages (from torch) (4.12.1)
Requirement already satisfied: networkx in /local/b8armstr.26771996.0/env/lib/python3.11/site-packages (from torch) (3.3+computecanada)
Requirement already satisfied: jinja2 in /local/b8armstr.26771996.0/env/lib/python3.11/site-packages (from torch) (3.1.4+computecanada)
Requirement already satisfied: fsspec in /local/b8armstr.26771996.0/env/lib/python3.11/site-packages (from torch) (2024.6.0+computecanada)
Processing /cvmfs/soft.computecanada.ca/custom/python/wheelhouse/generic/sympy-1.13.1+computecanada-py3-none-any.whl (from torch)
Requirement already satisfied: mpmath<1.4,>=1.1.0 in /cvmfs/soft.computecanada.ca/easybuild/software/2023/x86-64-v3/Compiler/gcccore/scipy-stack/2024b/lib/python3.11/site-packages (from sympy==1.13.1->torch) (1.3.0+computecanada)
Requirement already satisfied: MarkupSafe>=2.0 in /local/b8armstr.26771996.0/env/lib/python3.11/site-packages (from jinja2->torch) (2.1.5+computecanada)
Installing collected packages: sympy, torch
  Attempting uninstall: sympy
    Found existing installation: sympy 1.12.1+computecanada
    Uninstalling sympy-1.12.1+computecanada:
      Successfully uninstalled sympy-1.12.1+computecanada
Successfully installed sympy-1.13.1+computecanada torch-2.5.1+computecanada
About to start experiments
/local/b8armstr.26771996.0/env/lib/python3.11/site-packages/ignite/handlers/checkpoint.py:16: DeprecationWarning: `TorchScript` support for functional optimizers is deprecated and will be removed in a future PyTorch release. Consider using the `torch.compile` optimizer instead.
  from torch.distributed.optim import ZeroRedundancyOptimizer

DATA LOADED

Network count: 1
Finished making config for num_voters=50-m=7-num_winners=6-pref_dist=stratification__args__weight=0.5-axioms=all-features=bcr-loss=L1Loss()-idx=0
Beginning to train num_voters=50-m=7-num_winners=6-pref_dist=stratification__args__weight=0.5-axioms=all-features=bcr-loss=L1Loss()-idx=0
LOAD MODEL PATH: /scratch/b8armstr/thesis_results/trained_networks/NN-num_voters=50-m=7-num_winners=6-pref_dist=stratification__args__weight=0.5-axioms=all-features=bcr-loss=L1Loss()-idx=0-.pt
Saved network not found. Beginning training. Caught exception: [Errno 2] No such file or directory: '/scratch/b8armstr/thesis_results/trained_networks/NN-num_voters=50-m=7-num_winners=6-pref_dist=stratification__args__weight=0.5-axioms=all-features=bcr-loss=L1Loss()-idx=0-.pt'
Epoch 1, Training loss: 0.2365, 
Epoch 2, Training loss: 0.1520, 
Epoch 3, Training loss: 0.1487, 
Epoch 4, Training loss: 0.1475, 
Epoch 5, Training loss: 0.1469, 
Epoch 6, Training loss: 0.1464, 
Epoch 7, Training loss: 0.1457, 
Epoch 8, Training loss: 0.1357, 
Epoch 9, Training loss: 0.1271, 
Epoch 10, Training loss: 0.1257, 
Epoch 11, Training loss: 0.1251, 
Epoch 12, Training loss: 0.1245, 
Epoch 13, Training loss: 0.1238, 
Epoch 14, Training loss: 0.1232, 
Epoch 15, Training loss: 0.1227, 
Epoch 16, Training loss: 0.1196, 
Epoch 17, Training loss: 0.1068, 
Epoch 18, Training loss: 0.1034, 
Epoch 19, Training loss: 0.1014, 
Epoch 20, Training loss: 0.0933, 
Epoch 21, Training loss: 0.0841, 
Epoch 22, Training loss: 0.0711, 
Epoch 23, Training loss: 0.0679, 
Epoch 24, Training loss: 0.0659, 
Epoch 25, Training loss: 0.0639, 
Epoch 26, Training loss: 0.0616, 
Epoch 27, Training loss: 0.0532, 
Epoch 28, Training loss: 0.0450, 
Epoch 29, Training loss: 0.0304, 
Epoch 30, Training loss: 0.0170, 
Epoch 31, Training loss: 0.0141, 
Epoch 32, Training loss: 0.0121, 
Epoch 33, Training loss: 0.0107, 
Epoch 34, Training loss: 0.0095, 
Epoch 35, Training loss: 0.0088, 
Epoch 36, Training loss: 0.0082, 
Epoch 37, Training loss: 0.0069, 
Epoch 38, Training loss: 0.0067, 
Epoch 39, Training loss: 0.0062, 
Epoch 40, Training loss: 0.0054, 
Epoch 41, Training loss: 0.0048, 
Epoch 42, Training loss: 0.0051, 
Epoch 43, Training loss: 0.0040, 
Epoch 44, Training loss: 0.0047, 
Epoch 45, Training loss: 0.0035, 
Epoch 46, Training loss: 0.0039, 
Epoch 47, Training loss: 0.0033, 
Epoch 48, Training loss: 0.0031, 
Epoch 49, Training loss: 0.0032, 
Epoch 50, Training loss: 0.0030, 
Network count: 2
Finished making config for num_voters=50-m=7-num_winners=6-pref_dist=stratification__args__weight=0.5-axioms=all-features=bcr-loss=L1Loss()-idx=1
Beginning to train num_voters=50-m=7-num_winners=6-pref_dist=stratification__args__weight=0.5-axioms=all-features=bcr-loss=L1Loss()-idx=1
LOAD MODEL PATH: /scratch/b8armstr/thesis_results/trained_networks/NN-num_voters=50-m=7-num_winners=6-pref_dist=stratification__args__weight=0.5-axioms=all-features=bcr-loss=L1Loss()-idx=1-.pt
Saved network not found. Beginning training. Caught exception: [Errno 2] No such file or directory: '/scratch/b8armstr/thesis_results/trained_networks/NN-num_voters=50-m=7-num_winners=6-pref_dist=stratification__args__weight=0.5-axioms=all-features=bcr-loss=L1Loss()-idx=1-.pt'
Epoch 1, Training loss: 0.2517, 
Epoch 2, Training loss: 0.1543, 
Epoch 3, Training loss: 0.1500, 
Epoch 4, Training loss: 0.1485, 
Epoch 5, Training loss: 0.1475, 
Epoch 6, Training loss: 0.1472, 
Epoch 7, Training loss: 0.1465, 
Epoch 8, Training loss: 0.1464, 
Epoch 9, Training loss: 0.1460, 
Epoch 10, Training loss: 0.1453, 
Epoch 11, Training loss: 0.1412, 
Epoch 12, Training loss: 0.1280, 
Epoch 13, Training loss: 0.1244, 
Epoch 14, Training loss: 0.1174, 
Epoch 15, Training loss: 0.0996, 
Epoch 16, Training loss: 0.0905, 
Epoch 17, Training loss: 0.0885, 
Epoch 18, Training loss: 0.0873, 
Epoch 19, Training loss: 0.0863, 
Epoch 20, Training loss: 0.0853, 
Epoch 21, Training loss: 0.0844, 
Epoch 22, Training loss: 0.0839, 
Epoch 23, Training loss: 0.0834, 
Epoch 24, Training loss: 0.0829, 
Epoch 25, Training loss: 0.0823, 
Epoch 26, Training loss: 0.0816, 
Epoch 27, Training loss: 0.0813, 
Epoch 28, Training loss: 0.0801, 
Epoch 29, Training loss: 0.0763, 
Epoch 30, Training loss: 0.0629, 
Epoch 31, Training loss: 0.0536, 
Epoch 32, Training loss: 0.0412, 
Epoch 33, Training loss: 0.0314, 
Epoch 34, Training loss: 0.0267, 
Epoch 35, Training loss: 0.0197, 
Epoch 36, Training loss: 0.0154, 
Epoch 37, Training loss: 0.0138, 
Epoch 38, Training loss: 0.0125, 
Epoch 39, Training loss: 0.0112, 
Epoch 40, Training loss: 0.0102, 
Epoch 41, Training loss: 0.0095, 
Epoch 42, Training loss: 0.0090, 
Epoch 43, Training loss: 0.0076, 
Epoch 44, Training loss: 0.0073, 
Epoch 45, Training loss: 0.0065, 
Epoch 46, Training loss: 0.0062, 
Epoch 47, Training loss: 0.0055, 
Epoch 48, Training loss: 0.0053, 
Epoch 49, Training loss: 0.0048, 
Epoch 50, Training loss: 0.0044, 
Network count: 3
Finished making config for num_voters=50-m=7-num_winners=6-pref_dist=stratification__args__weight=0.5-axioms=all-features=bcr-loss=L1Loss()-idx=2
Beginning to train num_voters=50-m=7-num_winners=6-pref_dist=stratification__args__weight=0.5-axioms=all-features=bcr-loss=L1Loss()-idx=2
LOAD MODEL PATH: /scratch/b8armstr/thesis_results/trained_networks/NN-num_voters=50-m=7-num_winners=6-pref_dist=stratification__args__weight=0.5-axioms=all-features=bcr-loss=L1Loss()-idx=2-.pt
Saved network not found. Beginning training. Caught exception: [Errno 2] No such file or directory: '/scratch/b8armstr/thesis_results/trained_networks/NN-num_voters=50-m=7-num_winners=6-pref_dist=stratification__args__weight=0.5-axioms=all-features=bcr-loss=L1Loss()-idx=2-.pt'
Epoch 1, Training loss: 0.2529, 
Epoch 2, Training loss: 0.1547, 
Epoch 3, Training loss: 0.1502, 
Epoch 4, Training loss: 0.1484, 
Epoch 5, Training loss: 0.1477, 
Epoch 6, Training loss: 0.1470, 
Epoch 7, Training loss: 0.1467, 
Epoch 8, Training loss: 0.1465, 
Epoch 9, Training loss: 0.1461, 
Epoch 10, Training loss: 0.1460, 
Epoch 11, Training loss: 0.1460, 
Epoch 12, Training loss: 0.1454, 
Epoch 13, Training loss: 0.1454, 
Epoch 14, Training loss: 0.1449, 
Epoch 15, Training loss: 0.1444, 
Epoch 16, Training loss: 0.1409, 
Epoch 17, Training loss: 0.1195, 
Epoch 18, Training loss: 0.1041, 
Epoch 19, Training loss: 0.0870, 
Epoch 20, Training loss: 0.0748, 
Epoch 21, Training loss: 0.0723, 
Epoch 22, Training loss: 0.0707, 
Epoch 23, Training loss: 0.0696, 
Epoch 24, Training loss: 0.0685, 
Epoch 25, Training loss: 0.0676, 
Epoch 26, Training loss: 0.0667, 
Epoch 27, Training loss: 0.0658, 
Epoch 28, Training loss: 0.0649, 
Epoch 29, Training loss: 0.0629, 
Epoch 30, Training loss: 0.0605, 
Epoch 31, Training loss: 0.0515, 
Epoch 32, Training loss: 0.0443, 
Epoch 33, Training loss: 0.0355, 
Epoch 34, Training loss: 0.0288, 
Epoch 35, Training loss: 0.0261, 
Epoch 36, Training loss: 0.0229, 
Epoch 37, Training loss: 0.0177, 
Epoch 38, Training loss: 0.0135, 
Epoch 39, Training loss: 0.0121, 
Epoch 40, Training loss: 0.0104, 
Epoch 41, Training loss: 0.0100, 
Epoch 42, Training loss: 0.0089, 
Epoch 43, Training loss: 0.0082, 
Epoch 44, Training loss: 0.0077, 
Epoch 45, Training loss: 0.0069, 
Epoch 46, Training loss: 0.0066, 
Epoch 47, Training loss: 0.0061, 
Epoch 48, Training loss: 0.0053, 
Epoch 49, Training loss: 0.0054, 
Epoch 50, Training loss: 0.0045, 
Network count: 4
Finished making config for num_voters=50-m=7-num_winners=6-pref_dist=stratification__args__weight=0.5-axioms=all-features=bcr-loss=L1Loss()-idx=3
Beginning to train num_voters=50-m=7-num_winners=6-pref_dist=stratification__args__weight=0.5-axioms=all-features=bcr-loss=L1Loss()-idx=3
LOAD MODEL PATH: /scratch/b8armstr/thesis_results/trained_networks/NN-num_voters=50-m=7-num_winners=6-pref_dist=stratification__args__weight=0.5-axioms=all-features=bcr-loss=L1Loss()-idx=3-.pt
Saved network not found. Beginning training. Caught exception: [Errno 2] No such file or directory: '/scratch/b8armstr/thesis_results/trained_networks/NN-num_voters=50-m=7-num_winners=6-pref_dist=stratification__args__weight=0.5-axioms=all-features=bcr-loss=L1Loss()-idx=3-.pt'
Epoch 1, Training loss: 0.2462, 
Epoch 2, Training loss: 0.1518, 
Epoch 3, Training loss: 0.1489, 
Epoch 4, Training loss: 0.1476, 
Epoch 5, Training loss: 0.1470, 
Epoch 6, Training loss: 0.1467, 
Epoch 7, Training loss: 0.1466, 
Epoch 8, Training loss: 0.1463, 
Epoch 9, Training loss: 0.1442, 
Epoch 10, Training loss: 0.1313, 
Epoch 11, Training loss: 0.1264, 
Epoch 12, Training loss: 0.1256, 
Epoch 13, Training loss: 0.1253, 
Epoch 14, Training loss: 0.1244, 
Epoch 15, Training loss: 0.1243, 
Epoch 16, Training loss: 0.1241, 
Epoch 17, Training loss: 0.1233, 
Epoch 18, Training loss: 0.1220, 
Epoch 19, Training loss: 0.1128, 
Epoch 20, Training loss: 0.1049, 
Epoch 21, Training loss: 0.1015, 
Epoch 22, Training loss: 0.0914, 
Epoch 23, Training loss: 0.0853, 
Epoch 24, Training loss: 0.0837, 
Epoch 25, Training loss: 0.0816, 
Epoch 26, Training loss: 0.0782, 
Epoch 27, Training loss: 0.0642, 
Epoch 28, Training loss: 0.0500, 
Epoch 29, Training loss: 0.0423, 
Epoch 30, Training loss: 0.0252, 
Epoch 31, Training loss: 0.0170, 
Epoch 32, Training loss: 0.0142, 
Epoch 33, Training loss: 0.0123, 
Epoch 34, Training loss: 0.0111, 
Epoch 35, Training loss: 0.0101, 
Epoch 36, Training loss: 0.0093, 
Epoch 37, Training loss: 0.0084, 
Epoch 38, Training loss: 0.0078, 
Epoch 39, Training loss: 0.0073, 
Epoch 40, Training loss: 0.0068, 
Epoch 41, Training loss: 0.0062, 
Epoch 42, Training loss: 0.0057, 
Epoch 43, Training loss: 0.0055, 
Epoch 44, Training loss: 0.0050, 
Epoch 45, Training loss: 0.0044, 
Epoch 46, Training loss: 0.0046, 
Epoch 47, Training loss: 0.0043, 
Epoch 48, Training loss: 0.0038, 
Epoch 49, Training loss: 0.0041, 
Epoch 50, Training loss: 0.0034, 
Network count: 5
Finished making config for num_voters=50-m=7-num_winners=6-pref_dist=stratification__args__weight=0.5-axioms=all-features=bcr-loss=L1Loss()-idx=4
Beginning to train num_voters=50-m=7-num_winners=6-pref_dist=stratification__args__weight=0.5-axioms=all-features=bcr-loss=L1Loss()-idx=4
LOAD MODEL PATH: /scratch/b8armstr/thesis_results/trained_networks/NN-num_voters=50-m=7-num_winners=6-pref_dist=stratification__args__weight=0.5-axioms=all-features=bcr-loss=L1Loss()-idx=4-.pt
Saved network not found. Beginning training. Caught exception: [Errno 2] No such file or directory: '/scratch/b8armstr/thesis_results/trained_networks/NN-num_voters=50-m=7-num_winners=6-pref_dist=stratification__args__weight=0.5-axioms=all-features=bcr-loss=L1Loss()-idx=4-.pt'
Epoch 1, Training loss: 0.2557, 
Epoch 2, Training loss: 0.1531, 
Epoch 3, Training loss: 0.1495, 
Epoch 4, Training loss: 0.1483, 
Epoch 5, Training loss: 0.1475, 
Epoch 6, Training loss: 0.1471, 
Epoch 7, Training loss: 0.1466, 
Epoch 8, Training loss: 0.1465, 
Epoch 9, Training loss: 0.1459, 
Epoch 10, Training loss: 0.1460, 
Epoch 11, Training loss: 0.1456, 
Epoch 12, Training loss: 0.1451, 
Epoch 13, Training loss: 0.1409, 
Epoch 14, Training loss: 0.1277, 
Epoch 15, Training loss: 0.1203, 
Epoch 16, Training loss: 0.1089, 
Epoch 17, Training loss: 0.1066, 
Epoch 18, Training loss: 0.1055, 
Epoch 19, Training loss: 0.1048, 
Epoch 20, Training loss: 0.1044, 
Epoch 21, Training loss: 0.1036, 
Epoch 22, Training loss: 0.1030, 
Epoch 23, Training loss: 0.1026, 
Epoch 24, Training loss: 0.1020, 
Epoch 25, Training loss: 0.1011, 
Epoch 26, Training loss: 0.1005, 
Epoch 27, Training loss: 0.0996, 
Epoch 28, Training loss: 0.0980, 
Epoch 29, Training loss: 0.0958, 
Epoch 30, Training loss: 0.0858, 
Epoch 31, Training loss: 0.0771, 
Epoch 32, Training loss: 0.0665, 
Epoch 33, Training loss: 0.0620, 
Epoch 34, Training loss: 0.0511, 
Epoch 35, Training loss: 0.0393, 
Epoch 36, Training loss: 0.0286, 
Epoch 37, Training loss: 0.0197, 
Epoch 38, Training loss: 0.0160, 
Epoch 39, Training loss: 0.0138, 
Epoch 40, Training loss: 0.0123, 
Epoch 41, Training loss: 0.0107, 
Epoch 42, Training loss: 0.0096, 
Epoch 43, Training loss: 0.0086, 
Epoch 44, Training loss: 0.0080, 
Epoch 45, Training loss: 0.0071, 
Epoch 46, Training loss: 0.0063, 
Epoch 47, Training loss: 0.0063, 
Epoch 48, Training loss: 0.0053, 
Epoch 49, Training loss: 0.0053, 
Epoch 50, Training loss: 0.0042, 
Network count: 6
Finished making config for num_voters=50-m=7-num_winners=6-pref_dist=stratification__args__weight=0.5-axioms=all-features=bcr-loss=L1Loss()-idx=5
Beginning to train num_voters=50-m=7-num_winners=6-pref_dist=stratification__args__weight=0.5-axioms=all-features=bcr-loss=L1Loss()-idx=5
LOAD MODEL PATH: /scratch/b8armstr/thesis_results/trained_networks/NN-num_voters=50-m=7-num_winners=6-pref_dist=stratification__args__weight=0.5-axioms=all-features=bcr-loss=L1Loss()-idx=5-.pt
Saved network not found. Beginning training. Caught exception: [Errno 2] No such file or directory: '/scratch/b8armstr/thesis_results/trained_networks/NN-num_voters=50-m=7-num_winners=6-pref_dist=stratification__args__weight=0.5-axioms=all-features=bcr-loss=L1Loss()-idx=5-.pt'
Epoch 1, Training loss: 0.2489, 
Epoch 2, Training loss: 0.1530, 
Epoch 3, Training loss: 0.1492, 
Epoch 4, Training loss: 0.1482, 
Epoch 5, Training loss: 0.1475, 
Epoch 6, Training loss: 0.1469, 
Epoch 7, Training loss: 0.1464, 
Epoch 8, Training loss: 0.1460, 
Epoch 9, Training loss: 0.1427, 
Epoch 10, Training loss: 0.1293, 
Epoch 11, Training loss: 0.1268, 
Epoch 12, Training loss: 0.1256, 
Epoch 13, Training loss: 0.1250, 
Epoch 14, Training loss: 0.1245, 
Epoch 15, Training loss: 0.1242, 
Epoch 16, Training loss: 0.1236, 
Epoch 17, Training loss: 0.1231, 
Epoch 18, Training loss: 0.1226, 
Epoch 19, Training loss: 0.1217, 
Epoch 20, Training loss: 0.1203, 
Epoch 21, Training loss: 0.1169, 
Epoch 22, Training loss: 0.1036, 
Epoch 23, Training loss: 0.0923, 
Epoch 24, Training loss: 0.0834, 
Epoch 25, Training loss: 0.0746, 
Epoch 26, Training loss: 0.0684, 
Epoch 27, Training loss: 0.0671, 
Epoch 28, Training loss: 0.0657, 
Epoch 29, Training loss: 0.0648, 
Epoch 30, Training loss: 0.0636, 
Epoch 31, Training loss: 0.0628, 
Epoch 32, Training loss: 0.0611, 
Epoch 33, Training loss: 0.0568, 
Epoch 34, Training loss: 0.0456, 
Epoch 35, Training loss: 0.0423, 
Epoch 36, Training loss: 0.0359, 
Epoch 37, Training loss: 0.0271, 
Epoch 38, Training loss: 0.0238, 
Epoch 39, Training loss: 0.0203, 
Epoch 40, Training loss: 0.0153, 
Epoch 41, Training loss: 0.0107, 
Epoch 42, Training loss: 0.0092, 
Epoch 43, Training loss: 0.0080, 
Epoch 44, Training loss: 0.0072, 
Epoch 45, Training loss: 0.0063, 
Epoch 46, Training loss: 0.0060, 
Epoch 47, Training loss: 0.0054, 
Epoch 48, Training loss: 0.0051, 
Epoch 49, Training loss: 0.0052, 
Epoch 50, Training loss: 0.0044, 
Network count: 7
Finished making config for num_voters=50-m=7-num_winners=6-pref_dist=stratification__args__weight=0.5-axioms=all-features=bcr-loss=L1Loss()-idx=6
Beginning to train num_voters=50-m=7-num_winners=6-pref_dist=stratification__args__weight=0.5-axioms=all-features=bcr-loss=L1Loss()-idx=6
LOAD MODEL PATH: /scratch/b8armstr/thesis_results/trained_networks/NN-num_voters=50-m=7-num_winners=6-pref_dist=stratification__args__weight=0.5-axioms=all-features=bcr-loss=L1Loss()-idx=6-.pt
Saved network not found. Beginning training. Caught exception: [Errno 2] No such file or directory: '/scratch/b8armstr/thesis_results/trained_networks/NN-num_voters=50-m=7-num_winners=6-pref_dist=stratification__args__weight=0.5-axioms=all-features=bcr-loss=L1Loss()-idx=6-.pt'
Epoch 1, Training loss: 0.2546, 
Epoch 2, Training loss: 0.1540, 
Epoch 3, Training loss: 0.1501, 
Epoch 4, Training loss: 0.1485, 
Epoch 5, Training loss: 0.1477, 
Epoch 6, Training loss: 0.1471, 
Epoch 7, Training loss: 0.1468, 
Epoch 8, Training loss: 0.1465, 
Epoch 9, Training loss: 0.1460, 
Epoch 10, Training loss: 0.1435, 
Epoch 11, Training loss: 0.1298, 
Epoch 12, Training loss: 0.1264, 
Epoch 13, Training loss: 0.1253, 
Epoch 14, Training loss: 0.1251, 
Epoch 15, Training loss: 0.1246, 
Epoch 16, Training loss: 0.1239, 
Epoch 17, Training loss: 0.1231, 
Epoch 18, Training loss: 0.1215, 
Epoch 19, Training loss: 0.1142, 
Epoch 20, Training loss: 0.0948, 
Epoch 21, Training loss: 0.0903, 
Epoch 22, Training loss: 0.0880, 
Epoch 23, Training loss: 0.0871, 
Epoch 24, Training loss: 0.0860, 
Epoch 25, Training loss: 0.0851, 
Epoch 26, Training loss: 0.0836, 
Epoch 27, Training loss: 0.0812, 
Epoch 28, Training loss: 0.0734, 
Epoch 29, Training loss: 0.0671, 
Epoch 30, Training loss: 0.0657, 
Epoch 31, Training loss: 0.0641, 
Epoch 32, Training loss: 0.0626, 
Epoch 33, Training loss: 0.0602, 
Epoch 34, Training loss: 0.0499, 
Epoch 35, Training loss: 0.0330, 
Epoch 36, Training loss: 0.0287, 
Epoch 37, Training loss: 0.0256, 
Epoch 38, Training loss: 0.0206, 
Epoch 39, Training loss: 0.0143, 
Epoch 40, Training loss: 0.0123, 
Epoch 41, Training loss: 0.0109, 
Epoch 42, Training loss: 0.0100, 
Epoch 43, Training loss: 0.0092, 
Epoch 44, Training loss: 0.0084, 
Epoch 45, Training loss: 0.0077, 
Epoch 46, Training loss: 0.0070, 
Epoch 47, Training loss: 0.0066, 
Epoch 48, Training loss: 0.0063, 
Epoch 49, Training loss: 0.0057, 
Epoch 50, Training loss: 0.0057, 
Network count: 8
Finished making config for num_voters=50-m=7-num_winners=6-pref_dist=stratification__args__weight=0.5-axioms=all-features=bcr-loss=L1Loss()-idx=7
Beginning to train num_voters=50-m=7-num_winners=6-pref_dist=stratification__args__weight=0.5-axioms=all-features=bcr-loss=L1Loss()-idx=7
LOAD MODEL PATH: /scratch/b8armstr/thesis_results/trained_networks/NN-num_voters=50-m=7-num_winners=6-pref_dist=stratification__args__weight=0.5-axioms=all-features=bcr-loss=L1Loss()-idx=7-.pt
Saved network not found. Beginning training. Caught exception: [Errno 2] No such file or directory: '/scratch/b8armstr/thesis_results/trained_networks/NN-num_voters=50-m=7-num_winners=6-pref_dist=stratification__args__weight=0.5-axioms=all-features=bcr-loss=L1Loss()-idx=7-.pt'
Epoch 1, Training loss: 0.2481, 
Epoch 2, Training loss: 0.1539, 
Epoch 3, Training loss: 0.1496, 
Epoch 4, Training loss: 0.1481, 
Epoch 5, Training loss: 0.1476, 
Epoch 6, Training loss: 0.1467, 
Epoch 7, Training loss: 0.1460, 
Epoch 8, Training loss: 0.1418, 
Epoch 9, Training loss: 0.1281, 
Epoch 10, Training loss: 0.1171, 
Epoch 11, Training loss: 0.1078, 
Epoch 12, Training loss: 0.1063, 
Epoch 13, Training loss: 0.1051, 
Epoch 14, Training loss: 0.1045, 
Epoch 15, Training loss: 0.1038, 
Epoch 16, Training loss: 0.1023, 
Epoch 17, Training loss: 0.0997, 
Epoch 18, Training loss: 0.0880, 
Epoch 19, Training loss: 0.0805, 
Epoch 20, Training loss: 0.0695, 
Epoch 21, Training loss: 0.0673, 
Epoch 22, Training loss: 0.0653, 
Epoch 23, Training loss: 0.0643, 
Epoch 24, Training loss: 0.0630, 
Epoch 25, Training loss: 0.0623, 
Epoch 26, Training loss: 0.0615, 
Epoch 27, Training loss: 0.0600, 
Epoch 28, Training loss: 0.0540, 
Epoch 29, Training loss: 0.0449, 
Epoch 30, Training loss: 0.0432, 
Epoch 31, Training loss: 0.0406, 
Epoch 32, Training loss: 0.0330, 
Epoch 33, Training loss: 0.0196, 
Epoch 34, Training loss: 0.0150, 
Epoch 35, Training loss: 0.0132, 
Epoch 36, Training loss: 0.0118, 
Epoch 37, Training loss: 0.0105, 
Epoch 38, Training loss: 0.0094, 
Epoch 39, Training loss: 0.0087, 
Epoch 40, Training loss: 0.0079, 
Epoch 41, Training loss: 0.0078, 
Epoch 42, Training loss: 0.0067, 
Epoch 43, Training loss: 0.0063, 
Epoch 44, Training loss: 0.0062, 
Epoch 45, Training loss: 0.0057, 
Epoch 46, Training loss: 0.0051, 
Epoch 47, Training loss: 0.0049, 
Epoch 48, Training loss: 0.0046, 
Epoch 49, Training loss: 0.0044, 
Epoch 50, Training loss: 0.0041, 
Network count: 9
Finished making config for num_voters=50-m=7-num_winners=6-pref_dist=stratification__args__weight=0.5-axioms=all-features=bcr-loss=L1Loss()-idx=8
Beginning to train num_voters=50-m=7-num_winners=6-pref_dist=stratification__args__weight=0.5-axioms=all-features=bcr-loss=L1Loss()-idx=8
LOAD MODEL PATH: /scratch/b8armstr/thesis_results/trained_networks/NN-num_voters=50-m=7-num_winners=6-pref_dist=stratification__args__weight=0.5-axioms=all-features=bcr-loss=L1Loss()-idx=8-.pt
Saved network not found. Beginning training. Caught exception: [Errno 2] No such file or directory: '/scratch/b8armstr/thesis_results/trained_networks/NN-num_voters=50-m=7-num_winners=6-pref_dist=stratification__args__weight=0.5-axioms=all-features=bcr-loss=L1Loss()-idx=8-.pt'
Epoch 1, Training loss: 0.2554, 
Epoch 2, Training loss: 0.1544, 
Epoch 3, Training loss: 0.1501, 
Epoch 4, Training loss: 0.1485, 
Epoch 5, Training loss: 0.1475, 
Epoch 6, Training loss: 0.1473, 
Epoch 7, Training loss: 0.1468, 
Epoch 8, Training loss: 0.1467, 
Epoch 9, Training loss: 0.1458, 
Epoch 10, Training loss: 0.1435, 
Epoch 11, Training loss: 0.1303, 
Epoch 12, Training loss: 0.1268, 
Epoch 13, Training loss: 0.1256, 
Epoch 14, Training loss: 0.1251, 
Epoch 15, Training loss: 0.1248, 
Epoch 16, Training loss: 0.1244, 
Epoch 17, Training loss: 0.1243, 
Epoch 18, Training loss: 0.1239, 
Epoch 19, Training loss: 0.1231, 
Epoch 20, Training loss: 0.1226, 
Epoch 21, Training loss: 0.1187, 
Epoch 22, Training loss: 0.1069, 
Epoch 23, Training loss: 0.1036, 
Epoch 24, Training loss: 0.1023, 
Epoch 25, Training loss: 0.1002, 
Epoch 26, Training loss: 0.0923, 
Epoch 27, Training loss: 0.0856, 
Epoch 28, Training loss: 0.0841, 
Epoch 29, Training loss: 0.0807, 
Epoch 30, Training loss: 0.0699, 
Epoch 31, Training loss: 0.0616, 
Epoch 32, Training loss: 0.0420, 
Epoch 33, Training loss: 0.0335, 
Epoch 34, Training loss: 0.0306, 
Epoch 35, Training loss: 0.0282, 
Epoch 36, Training loss: 0.0255, 
Epoch 37, Training loss: 0.0207, 
Epoch 38, Training loss: 0.0151, 
Epoch 39, Training loss: 0.0133, 
Epoch 40, Training loss: 0.0114, 
Epoch 41, Training loss: 0.0100, 
Epoch 42, Training loss: 0.0089, 
Epoch 43, Training loss: 0.0078, 
Epoch 44, Training loss: 0.0074, 
Epoch 45, Training loss: 0.0066, 
Epoch 46, Training loss: 0.0059, 
Epoch 47, Training loss: 0.0055, 
Epoch 48, Training loss: 0.0051, 
Epoch 49, Training loss: 0.0049, 
Epoch 50, Training loss: 0.0043, 
Network count: 10
Finished making config for num_voters=50-m=7-num_winners=6-pref_dist=stratification__args__weight=0.5-axioms=all-features=bcr-loss=L1Loss()-idx=9
Beginning to train num_voters=50-m=7-num_winners=6-pref_dist=stratification__args__weight=0.5-axioms=all-features=bcr-loss=L1Loss()-idx=9
LOAD MODEL PATH: /scratch/b8armstr/thesis_results/trained_networks/NN-num_voters=50-m=7-num_winners=6-pref_dist=stratification__args__weight=0.5-axioms=all-features=bcr-loss=L1Loss()-idx=9-.pt
Saved network not found. Beginning training. Caught exception: [Errno 2] No such file or directory: '/scratch/b8armstr/thesis_results/trained_networks/NN-num_voters=50-m=7-num_winners=6-pref_dist=stratification__args__weight=0.5-axioms=all-features=bcr-loss=L1Loss()-idx=9-.pt'
Epoch 1, Training loss: 0.2530, 
Epoch 2, Training loss: 0.1540, 
Epoch 3, Training loss: 0.1497, 
Epoch 4, Training loss: 0.1481, 
Epoch 5, Training loss: 0.1475, 
Epoch 6, Training loss: 0.1469, 
Epoch 7, Training loss: 0.1466, 
Epoch 8, Training loss: 0.1462, 
Epoch 9, Training loss: 0.1461, 
Epoch 10, Training loss: 0.1448, 
Epoch 11, Training loss: 0.1368, 
Epoch 12, Training loss: 0.1274, 
Epoch 13, Training loss: 0.1256, 
Epoch 14, Training loss: 0.1245, 
Epoch 15, Training loss: 0.1218, 
Epoch 16, Training loss: 0.1098, 
Epoch 17, Training loss: 0.0982, 
Epoch 18, Training loss: 0.0910, 
Epoch 19, Training loss: 0.0892, 
Epoch 20, Training loss: 0.0880, 
Epoch 21, Training loss: 0.0866, 
Epoch 22, Training loss: 0.0845, 
Epoch 23, Training loss: 0.0800, 
Epoch 24, Training loss: 0.0633, 
Epoch 25, Training loss: 0.0524, 
Epoch 26, Training loss: 0.0494, 
Epoch 27, Training loss: 0.0453, 
Epoch 28, Training loss: 0.0363, 
Epoch 29, Training loss: 0.0294, 
Epoch 30, Training loss: 0.0216, 
Epoch 31, Training loss: 0.0166, 
Epoch 32, Training loss: 0.0142, 
Epoch 33, Training loss: 0.0130, 
Epoch 34, Training loss: 0.0114, 
Epoch 35, Training loss: 0.0104, 
Epoch 36, Training loss: 0.0095, 
Epoch 37, Training loss: 0.0087, 
Epoch 38, Training loss: 0.0080, 
Epoch 39, Training loss: 0.0073, 
Epoch 40, Training loss: 0.0067, 
Epoch 41, Training loss: 0.0062, 
Epoch 42, Training loss: 0.0057, 
Epoch 43, Training loss: 0.0056, 
Epoch 44, Training loss: 0.0047, 
Epoch 45, Training loss: 0.0050, 
Epoch 46, Training loss: 0.0044, 
Epoch 47, Training loss: 0.0042, 
Epoch 48, Training loss: 0.0039, 
Epoch 49, Training loss: 0.0041, 
Epoch 50, Training loss: 0.0037, 
Network count: 11
Finished making config for num_voters=50-m=7-num_winners=6-pref_dist=stratification__args__weight=0.5-axioms=all-features=bcr-loss=L1Loss()-idx=10
Beginning to train num_voters=50-m=7-num_winners=6-pref_dist=stratification__args__weight=0.5-axioms=all-features=bcr-loss=L1Loss()-idx=10
LOAD MODEL PATH: /scratch/b8armstr/thesis_results/trained_networks/NN-num_voters=50-m=7-num_winners=6-pref_dist=stratification__args__weight=0.5-axioms=all-features=bcr-loss=L1Loss()-idx=10-.pt
Saved network not found. Beginning training. Caught exception: [Errno 2] No such file or directory: '/scratch/b8armstr/thesis_results/trained_networks/NN-num_voters=50-m=7-num_winners=6-pref_dist=stratification__args__weight=0.5-axioms=all-features=bcr-loss=L1Loss()-idx=10-.pt'
Epoch 1, Training loss: 0.2439, 
Epoch 2, Training loss: 0.1538, 
Epoch 3, Training loss: 0.1496, 
Epoch 4, Training loss: 0.1482, 
Epoch 5, Training loss: 0.1471, 
Epoch 6, Training loss: 0.1466, 
Epoch 7, Training loss: 0.1425, 
Epoch 8, Training loss: 0.1293, 
Epoch 9, Training loss: 0.1269, 
Epoch 10, Training loss: 0.1260, 
Epoch 11, Training loss: 0.1259, 
Epoch 12, Training loss: 0.1248, 
Epoch 13, Training loss: 0.1248, 
Epoch 14, Training loss: 0.1244, 
Epoch 15, Training loss: 0.1237, 
Epoch 16, Training loss: 0.1237, 
Epoch 17, Training loss: 0.1229, 
Epoch 18, Training loss: 0.1222, 
Epoch 19, Training loss: 0.1215, 
Epoch 20, Training loss: 0.1195, 
Epoch 21, Training loss: 0.1078, 
Epoch 22, Training loss: 0.1022, 
Epoch 23, Training loss: 0.1004, 
Epoch 24, Training loss: 0.0992, 
Epoch 25, Training loss: 0.0975, 
Epoch 26, Training loss: 0.0921, 
Epoch 27, Training loss: 0.0710, 
Epoch 28, Training loss: 0.0665, 
Epoch 29, Training loss: 0.0648, 
Epoch 30, Training loss: 0.0620, 
Epoch 31, Training loss: 0.0590, 
Epoch 32, Training loss: 0.0473, 
Epoch 33, Training loss: 0.0268, 
Epoch 34, Training loss: 0.0167, 
Epoch 35, Training loss: 0.0140, 
Epoch 36, Training loss: 0.0119, 
Epoch 37, Training loss: 0.0109, 
Epoch 38, Training loss: 0.0097, 
Epoch 39, Training loss: 0.0085, 
Epoch 40, Training loss: 0.0080, 
Epoch 41, Training loss: 0.0070, 
Epoch 42, Training loss: 0.0068, 
Epoch 43, Training loss: 0.0058, 
Epoch 44, Training loss: 0.0053, 
Epoch 45, Training loss: 0.0050, 
Epoch 46, Training loss: 0.0052, 
Epoch 47, Training loss: 0.0041, 
Epoch 48, Training loss: 0.0040, 
Epoch 49, Training loss: 0.0039, 
Epoch 50, Training loss: 0.0037, 
Network count: 12
Finished making config for num_voters=50-m=7-num_winners=6-pref_dist=stratification__args__weight=0.5-axioms=all-features=bcr-loss=L1Loss()-idx=11
Beginning to train num_voters=50-m=7-num_winners=6-pref_dist=stratification__args__weight=0.5-axioms=all-features=bcr-loss=L1Loss()-idx=11
LOAD MODEL PATH: /scratch/b8armstr/thesis_results/trained_networks/NN-num_voters=50-m=7-num_winners=6-pref_dist=stratification__args__weight=0.5-axioms=all-features=bcr-loss=L1Loss()-idx=11-.pt
Saved network not found. Beginning training. Caught exception: [Errno 2] No such file or directory: '/scratch/b8armstr/thesis_results/trained_networks/NN-num_voters=50-m=7-num_winners=6-pref_dist=stratification__args__weight=0.5-axioms=all-features=bcr-loss=L1Loss()-idx=11-.pt'
Epoch 1, Training loss: 0.2597, 
Epoch 2, Training loss: 0.1536, 
Epoch 3, Training loss: 0.1501, 
Epoch 4, Training loss: 0.1488, 
Epoch 5, Training loss: 0.1481, 
Epoch 6, Training loss: 0.1475, 
Epoch 7, Training loss: 0.1471, 
Epoch 8, Training loss: 0.1467, 
Epoch 9, Training loss: 0.1463, 
Epoch 10, Training loss: 0.1463, 
Epoch 11, Training loss: 0.1459, 
Epoch 12, Training loss: 0.1454, 
Epoch 13, Training loss: 0.1436, 
Epoch 14, Training loss: 0.1265, 
Epoch 15, Training loss: 0.1115, 
Epoch 16, Training loss: 0.1090, 
Epoch 17, Training loss: 0.1079, 
Epoch 18, Training loss: 0.1074, 
Epoch 19, Training loss: 0.1066, 
Epoch 20, Training loss: 0.1064, 
Epoch 21, Training loss: 0.1058, 
Epoch 22, Training loss: 0.1052, 
Epoch 23, Training loss: 0.1047, 
Epoch 24, Training loss: 0.1041, 
Epoch 25, Training loss: 0.1020, 
Epoch 26, Training loss: 0.0917, 
Epoch 27, Training loss: 0.0845, 
Epoch 28, Training loss: 0.0820, 
Epoch 29, Training loss: 0.0786, 
Epoch 30, Training loss: 0.0699, 
Epoch 31, Training loss: 0.0646, 
Epoch 32, Training loss: 0.0606, 
Epoch 33, Training loss: 0.0475, 
Epoch 34, Training loss: 0.0358, 
Epoch 35, Training loss: 0.0325, 
Epoch 36, Training loss: 0.0293, 
Epoch 37, Training loss: 0.0244, 
Epoch 38, Training loss: 0.0171, 
Epoch 39, Training loss: 0.0144, 
Epoch 40, Training loss: 0.0129, 
Epoch 41, Training loss: 0.0113, 
Epoch 42, Training loss: 0.0105, 
Epoch 43, Training loss: 0.0095, 
Epoch 44, Training loss: 0.0096, 
Epoch 45, Training loss: 0.0083, 
Epoch 46, Training loss: 0.0076, 
Epoch 47, Training loss: 0.0071, 
Epoch 48, Training loss: 0.0069, 
Epoch 49, Training loss: 0.0064, 
Epoch 50, Training loss: 0.0057, 
Network count: 13
Finished making config for num_voters=50-m=7-num_winners=6-pref_dist=stratification__args__weight=0.5-axioms=all-features=bcr-loss=L1Loss()-idx=12
Beginning to train num_voters=50-m=7-num_winners=6-pref_dist=stratification__args__weight=0.5-axioms=all-features=bcr-loss=L1Loss()-idx=12
LOAD MODEL PATH: /scratch/b8armstr/thesis_results/trained_networks/NN-num_voters=50-m=7-num_winners=6-pref_dist=stratification__args__weight=0.5-axioms=all-features=bcr-loss=L1Loss()-idx=12-.pt
Saved network not found. Beginning training. Caught exception: [Errno 2] No such file or directory: '/scratch/b8armstr/thesis_results/trained_networks/NN-num_voters=50-m=7-num_winners=6-pref_dist=stratification__args__weight=0.5-axioms=all-features=bcr-loss=L1Loss()-idx=12-.pt'
Epoch 1, Training loss: 0.2496, 
Epoch 2, Training loss: 0.1529, 
Epoch 3, Training loss: 0.1496, 
Epoch 4, Training loss: 0.1481, 
Epoch 5, Training loss: 0.1473, 
Epoch 6, Training loss: 0.1469, 
Epoch 7, Training loss: 0.1463, 
Epoch 8, Training loss: 0.1442, 
Epoch 9, Training loss: 0.1308, 
Epoch 10, Training loss: 0.1267, 
Epoch 11, Training loss: 0.1256, 
Epoch 12, Training loss: 0.1254, 
Epoch 13, Training loss: 0.1247, 
Epoch 14, Training loss: 0.1245, 
Epoch 15, Training loss: 0.1239, 
Epoch 16, Training loss: 0.1238, 
Epoch 17, Training loss: 0.1231, 
Epoch 18, Training loss: 0.1200, 
Epoch 19, Training loss: 0.1074, 
Epoch 20, Training loss: 0.1039, 
Epoch 21, Training loss: 0.1020, 
Epoch 22, Training loss: 0.1009, 
Epoch 23, Training loss: 0.0990, 
Epoch 24, Training loss: 0.0916, 
Epoch 25, Training loss: 0.0823, 
Epoch 26, Training loss: 0.0725, 
Epoch 27, Training loss: 0.0647, 
Epoch 28, Training loss: 0.0617, 
Epoch 29, Training loss: 0.0556, 
Epoch 30, Training loss: 0.0450, 
Epoch 31, Training loss: 0.0343, 
Epoch 32, Training loss: 0.0286, 
Epoch 33, Training loss: 0.0253, 
Epoch 34, Training loss: 0.0211, 
Epoch 35, Training loss: 0.0147, 
Epoch 36, Training loss: 0.0122, 
Epoch 37, Training loss: 0.0106, 
Epoch 38, Training loss: 0.0093, 
Epoch 39, Training loss: 0.0083, 
Epoch 40, Training loss: 0.0076, 
Epoch 41, Training loss: 0.0068, 
Epoch 42, Training loss: 0.0061, 
Epoch 43, Training loss: 0.0054, 
Epoch 44, Training loss: 0.0052, 
Epoch 45, Training loss: 0.0048, 
Epoch 46, Training loss: 0.0044, 
Epoch 47, Training loss: 0.0045, 
Epoch 48, Training loss: 0.0038, 
Epoch 49, Training loss: 0.0035, 
Epoch 50, Training loss: 0.0034, 
Network count: 14
Finished making config for num_voters=50-m=7-num_winners=6-pref_dist=stratification__args__weight=0.5-axioms=all-features=bcr-loss=L1Loss()-idx=13
Beginning to train num_voters=50-m=7-num_winners=6-pref_dist=stratification__args__weight=0.5-axioms=all-features=bcr-loss=L1Loss()-idx=13
LOAD MODEL PATH: /scratch/b8armstr/thesis_results/trained_networks/NN-num_voters=50-m=7-num_winners=6-pref_dist=stratification__args__weight=0.5-axioms=all-features=bcr-loss=L1Loss()-idx=13-.pt
Saved network not found. Beginning training. Caught exception: [Errno 2] No such file or directory: '/scratch/b8armstr/thesis_results/trained_networks/NN-num_voters=50-m=7-num_winners=6-pref_dist=stratification__args__weight=0.5-axioms=all-features=bcr-loss=L1Loss()-idx=13-.pt'
Epoch 1, Training loss: 0.2518, 
Epoch 2, Training loss: 0.1558, 
Epoch 3, Training loss: 0.1509, 
Epoch 4, Training loss: 0.1489, 
Epoch 5, Training loss: 0.1479, 
Epoch 6, Training loss: 0.1472, 
Epoch 7, Training loss: 0.1466, 
Epoch 8, Training loss: 0.1454, 
Epoch 9, Training loss: 0.1364, 
Epoch 10, Training loss: 0.1278, 
Epoch 11, Training loss: 0.1261, 
Epoch 12, Training loss: 0.1255, 
Epoch 13, Training loss: 0.1248, 
Epoch 14, Training loss: 0.1244, 
Epoch 15, Training loss: 0.1235, 
Epoch 16, Training loss: 0.1222, 
Epoch 17, Training loss: 0.1177, 
Epoch 18, Training loss: 0.1062, 
Epoch 19, Training loss: 0.1021, 
Epoch 20, Training loss: 0.0971, 
Epoch 21, Training loss: 0.0851, 
Epoch 22, Training loss: 0.0771, 
Epoch 23, Training loss: 0.0684, 
Epoch 24, Training loss: 0.0615, 
Epoch 25, Training loss: 0.0415, 
Epoch 26, Training loss: 0.0355, 
Epoch 27, Training loss: 0.0323, 
Epoch 28, Training loss: 0.0278, 
Epoch 29, Training loss: 0.0195, 
Epoch 30, Training loss: 0.0169, 
Epoch 31, Training loss: 0.0148, 
Epoch 32, Training loss: 0.0122, 
Epoch 33, Training loss: 0.0103, 
Epoch 34, Training loss: 0.0093, 
Epoch 35, Training loss: 0.0079, 
Epoch 36, Training loss: 0.0077, 
Epoch 37, Training loss: 0.0068, 
Epoch 38, Training loss: 0.0061, 
Epoch 39, Training loss: 0.0060, 
Epoch 40, Training loss: 0.0054, 
Epoch 41, Training loss: 0.0050, 
Epoch 42, Training loss: 0.0051, 
Epoch 43, Training loss: 0.0046, 
Epoch 44, Training loss: 0.0045, 
Epoch 45, Training loss: 0.0039, 
Epoch 46, Training loss: 0.0042, 
Epoch 47, Training loss: 0.0036, 
Epoch 48, Training loss: 0.0039, 
Epoch 49, Training loss: 0.0035, 
Epoch 50, Training loss: 0.0034, 
Network count: 15
Finished making config for num_voters=50-m=7-num_winners=6-pref_dist=stratification__args__weight=0.5-axioms=all-features=bcr-loss=L1Loss()-idx=14
Beginning to train num_voters=50-m=7-num_winners=6-pref_dist=stratification__args__weight=0.5-axioms=all-features=bcr-loss=L1Loss()-idx=14
LOAD MODEL PATH: /scratch/b8armstr/thesis_results/trained_networks/NN-num_voters=50-m=7-num_winners=6-pref_dist=stratification__args__weight=0.5-axioms=all-features=bcr-loss=L1Loss()-idx=14-.pt
Saved network not found. Beginning training. Caught exception: [Errno 2] No such file or directory: '/scratch/b8armstr/thesis_results/trained_networks/NN-num_voters=50-m=7-num_winners=6-pref_dist=stratification__args__weight=0.5-axioms=all-features=bcr-loss=L1Loss()-idx=14-.pt'
Epoch 1, Training loss: 0.2500, 
Epoch 2, Training loss: 0.1542, 
Epoch 3, Training loss: 0.1498, 
Epoch 4, Training loss: 0.1484, 
Epoch 5, Training loss: 0.1475, 
Epoch 6, Training loss: 0.1472, 
Epoch 7, Training loss: 0.1466, 
Epoch 8, Training loss: 0.1464, 
Epoch 9, Training loss: 0.1461, 
Epoch 10, Training loss: 0.1454, 
Epoch 11, Training loss: 0.1444, 
Epoch 12, Training loss: 0.1333, 
Epoch 13, Training loss: 0.1174, 
Epoch 14, Training loss: 0.1076, 
Epoch 15, Training loss: 0.1059, 
Epoch 16, Training loss: 0.1050, 
Epoch 17, Training loss: 0.1040, 
Epoch 18, Training loss: 0.1036, 
Epoch 19, Training loss: 0.1024, 
Epoch 20, Training loss: 0.1022, 
Epoch 21, Training loss: 0.1012, 
Epoch 22, Training loss: 0.1004, 
Epoch 23, Training loss: 0.0985, 
Epoch 24, Training loss: 0.0916, 
Epoch 25, Training loss: 0.0829, 
Epoch 26, Training loss: 0.0740, 
Epoch 27, Training loss: 0.0642, 
Epoch 28, Training loss: 0.0522, 
Epoch 29, Training loss: 0.0497, 
Epoch 30, Training loss: 0.0484, 
Epoch 31, Training loss: 0.0469, 
Epoch 32, Training loss: 0.0459, 
Epoch 33, Training loss: 0.0443, 
Epoch 34, Training loss: 0.0420, 
Epoch 35, Training loss: 0.0353, 
Epoch 36, Training loss: 0.0249, 
Epoch 37, Training loss: 0.0196, 
Epoch 38, Training loss: 0.0123, 
Epoch 39, Training loss: 0.0104, 
Epoch 40, Training loss: 0.0094, 
Epoch 41, Training loss: 0.0087, 
Epoch 42, Training loss: 0.0076, 
Epoch 43, Training loss: 0.0068, 
Epoch 44, Training loss: 0.0060, 
Epoch 45, Training loss: 0.0057, 
Epoch 46, Training loss: 0.0050, 
Epoch 47, Training loss: 0.0046, 
Epoch 48, Training loss: 0.0043, 
Epoch 49, Training loss: 0.0040, 
Epoch 50, Training loss: 0.0039, 
Network count: 16
Finished making config for num_voters=50-m=7-num_winners=6-pref_dist=stratification__args__weight=0.5-axioms=all-features=bcr-loss=L1Loss()-idx=15
Beginning to train num_voters=50-m=7-num_winners=6-pref_dist=stratification__args__weight=0.5-axioms=all-features=bcr-loss=L1Loss()-idx=15
LOAD MODEL PATH: /scratch/b8armstr/thesis_results/trained_networks/NN-num_voters=50-m=7-num_winners=6-pref_dist=stratification__args__weight=0.5-axioms=all-features=bcr-loss=L1Loss()-idx=15-.pt
Saved network not found. Beginning training. Caught exception: [Errno 2] No such file or directory: '/scratch/b8armstr/thesis_results/trained_networks/NN-num_voters=50-m=7-num_winners=6-pref_dist=stratification__args__weight=0.5-axioms=all-features=bcr-loss=L1Loss()-idx=15-.pt'
Epoch 1, Training loss: 0.2503, 
Epoch 2, Training loss: 0.1532, 
Epoch 3, Training loss: 0.1496, 
Epoch 4, Training loss: 0.1483, 
Epoch 5, Training loss: 0.1477, 
Epoch 6, Training loss: 0.1469, 
Epoch 7, Training loss: 0.1465, 
Epoch 8, Training loss: 0.1462, 
Epoch 9, Training loss: 0.1459, 
Epoch 10, Training loss: 0.1455, 
Epoch 11, Training loss: 0.1441, 
Epoch 12, Training loss: 0.1319, 
Epoch 13, Training loss: 0.1187, 
Epoch 14, Training loss: 0.1080, 
Epoch 15, Training loss: 0.1058, 
Epoch 16, Training loss: 0.1047, 
Epoch 17, Training loss: 0.1042, 
Epoch 18, Training loss: 0.1033, 
Epoch 19, Training loss: 0.1026, 
Epoch 20, Training loss: 0.1016, 
Epoch 21, Training loss: 0.1000, 
Epoch 22, Training loss: 0.0956, 
Epoch 23, Training loss: 0.0864, 
Epoch 24, Training loss: 0.0849, 
Epoch 25, Training loss: 0.0833, 
Epoch 26, Training loss: 0.0785, 
Epoch 27, Training loss: 0.0659, 
Epoch 28, Training loss: 0.0634, 
Epoch 29, Training loss: 0.0600, 
Epoch 30, Training loss: 0.0475, 
Epoch 31, Training loss: 0.0380, 
Epoch 32, Training loss: 0.0277, 
Epoch 33, Training loss: 0.0250, 
Epoch 34, Training loss: 0.0217, 
Epoch 35, Training loss: 0.0179, 
Epoch 36, Training loss: 0.0125, 
Epoch 37, Training loss: 0.0105, 
Epoch 38, Training loss: 0.0097, 
Epoch 39, Training loss: 0.0086, 
Epoch 40, Training loss: 0.0077, 
Epoch 41, Training loss: 0.0067, 
Epoch 42, Training loss: 0.0058, 
Epoch 43, Training loss: 0.0058, 
Epoch 44, Training loss: 0.0051, 
Epoch 45, Training loss: 0.0045, 
Epoch 46, Training loss: 0.0044, 
Epoch 47, Training loss: 0.0041, 
Epoch 48, Training loss: 0.0041, 
Epoch 49, Training loss: 0.0039, 
Epoch 50, Training loss: 0.0039, 
Network count: 17
Finished making config for num_voters=50-m=7-num_winners=6-pref_dist=stratification__args__weight=0.5-axioms=all-features=bcr-loss=L1Loss()-idx=16
Beginning to train num_voters=50-m=7-num_winners=6-pref_dist=stratification__args__weight=0.5-axioms=all-features=bcr-loss=L1Loss()-idx=16
LOAD MODEL PATH: /scratch/b8armstr/thesis_results/trained_networks/NN-num_voters=50-m=7-num_winners=6-pref_dist=stratification__args__weight=0.5-axioms=all-features=bcr-loss=L1Loss()-idx=16-.pt
Saved network not found. Beginning training. Caught exception: [Errno 2] No such file or directory: '/scratch/b8armstr/thesis_results/trained_networks/NN-num_voters=50-m=7-num_winners=6-pref_dist=stratification__args__weight=0.5-axioms=all-features=bcr-loss=L1Loss()-idx=16-.pt'
Epoch 1, Training loss: 0.2462, 
Epoch 2, Training loss: 0.1539, 
Epoch 3, Training loss: 0.1501, 
Epoch 4, Training loss: 0.1483, 
Epoch 5, Training loss: 0.1476, 
Epoch 6, Training loss: 0.1469, 
Epoch 7, Training loss: 0.1464, 
Epoch 8, Training loss: 0.1462, 
Epoch 9, Training loss: 0.1460, 
Epoch 10, Training loss: 0.1455, 
Epoch 11, Training loss: 0.1446, 
Epoch 12, Training loss: 0.1325, 
Epoch 13, Training loss: 0.1269, 
Epoch 14, Training loss: 0.1254, 
Epoch 15, Training loss: 0.1246, 
Epoch 16, Training loss: 0.1214, 
Epoch 17, Training loss: 0.1094, 
Epoch 18, Training loss: 0.1055, 
Epoch 19, Training loss: 0.1047, 
Epoch 20, Training loss: 0.1039, 
Epoch 21, Training loss: 0.1025, 
Epoch 22, Training loss: 0.1022, 
Epoch 23, Training loss: 0.1012, 
Epoch 24, Training loss: 0.1003, 
Epoch 25, Training loss: 0.0992, 
Epoch 26, Training loss: 0.0976, 
Epoch 27, Training loss: 0.0908, 
Epoch 28, Training loss: 0.0819, 
Epoch 29, Training loss: 0.0803, 
Epoch 30, Training loss: 0.0784, 
Epoch 31, Training loss: 0.0755, 
Epoch 32, Training loss: 0.0636, 
Epoch 33, Training loss: 0.0503, 
Epoch 34, Training loss: 0.0466, 
Epoch 35, Training loss: 0.0447, 
Epoch 36, Training loss: 0.0426, 
Epoch 37, Training loss: 0.0372, 
Epoch 38, Training loss: 0.0269, 
Epoch 39, Training loss: 0.0194, 
Epoch 40, Training loss: 0.0128, 
Epoch 41, Training loss: 0.0107, 
Epoch 42, Training loss: 0.0097, 
Epoch 43, Training loss: 0.0091, 
Epoch 44, Training loss: 0.0085, 
Epoch 45, Training loss: 0.0075, 
Epoch 46, Training loss: 0.0069, 
Epoch 47, Training loss: 0.0068, 
Epoch 48, Training loss: 0.0063, 
Epoch 49, Training loss: 0.0059, 
Epoch 50, Training loss: 0.0057, 
Network count: 18
Finished making config for num_voters=50-m=7-num_winners=6-pref_dist=stratification__args__weight=0.5-axioms=all-features=bcr-loss=L1Loss()-idx=17
Beginning to train num_voters=50-m=7-num_winners=6-pref_dist=stratification__args__weight=0.5-axioms=all-features=bcr-loss=L1Loss()-idx=17
LOAD MODEL PATH: /scratch/b8armstr/thesis_results/trained_networks/NN-num_voters=50-m=7-num_winners=6-pref_dist=stratification__args__weight=0.5-axioms=all-features=bcr-loss=L1Loss()-idx=17-.pt
Saved network not found. Beginning training. Caught exception: [Errno 2] No such file or directory: '/scratch/b8armstr/thesis_results/trained_networks/NN-num_voters=50-m=7-num_winners=6-pref_dist=stratification__args__weight=0.5-axioms=all-features=bcr-loss=L1Loss()-idx=17-.pt'
Epoch 1, Training loss: 0.2548, 
Epoch 2, Training loss: 0.1534, 
Epoch 3, Training loss: 0.1496, 
Epoch 4, Training loss: 0.1487, 
Epoch 5, Training loss: 0.1474, 
Epoch 6, Training loss: 0.1473, 
Epoch 7, Training loss: 0.1469, 
Epoch 8, Training loss: 0.1465, 
Epoch 9, Training loss: 0.1464, 
Epoch 10, Training loss: 0.1459, 
Epoch 11, Training loss: 0.1456, 
Epoch 12, Training loss: 0.1416, 
Epoch 13, Training loss: 0.1293, 
Epoch 14, Training loss: 0.1270, 
Epoch 15, Training loss: 0.1256, 
Epoch 16, Training loss: 0.1191, 
Epoch 17, Training loss: 0.1089, 
Epoch 18, Training loss: 0.1065, 
Epoch 19, Training loss: 0.1056, 
Epoch 20, Training loss: 0.1047, 
Epoch 21, Training loss: 0.1044, 
Epoch 22, Training loss: 0.1035, 
Epoch 23, Training loss: 0.1029, 
Epoch 24, Training loss: 0.1023, 
Epoch 25, Training loss: 0.1017, 
Epoch 26, Training loss: 0.1001, 
Epoch 27, Training loss: 0.0983, 
Epoch 28, Training loss: 0.0914, 
Epoch 29, Training loss: 0.0836, 
Epoch 30, Training loss: 0.0822, 
Epoch 31, Training loss: 0.0805, 
Epoch 32, Training loss: 0.0789, 
Epoch 33, Training loss: 0.0749, 
Epoch 34, Training loss: 0.0595, 
Epoch 35, Training loss: 0.0500, 
Epoch 36, Training loss: 0.0478, 
Epoch 37, Training loss: 0.0462, 
Epoch 38, Training loss: 0.0430, 
Epoch 39, Training loss: 0.0339, 
Epoch 40, Training loss: 0.0256, 
Epoch 41, Training loss: 0.0213, 
Epoch 42, Training loss: 0.0146, 
Epoch 43, Training loss: 0.0110, 
Epoch 44, Training loss: 0.0095, 
Epoch 45, Training loss: 0.0083, 
Epoch 46, Training loss: 0.0079, 
Epoch 47, Training loss: 0.0071, 
Epoch 48, Training loss: 0.0063, 
Epoch 49, Training loss: 0.0061, 
Epoch 50, Training loss: 0.0054, 
Network count: 19
Finished making config for num_voters=50-m=7-num_winners=6-pref_dist=stratification__args__weight=0.5-axioms=all-features=bcr-loss=L1Loss()-idx=18
Beginning to train num_voters=50-m=7-num_winners=6-pref_dist=stratification__args__weight=0.5-axioms=all-features=bcr-loss=L1Loss()-idx=18
LOAD MODEL PATH: /scratch/b8armstr/thesis_results/trained_networks/NN-num_voters=50-m=7-num_winners=6-pref_dist=stratification__args__weight=0.5-axioms=all-features=bcr-loss=L1Loss()-idx=18-.pt
Saved network not found. Beginning training. Caught exception: [Errno 2] No such file or directory: '/scratch/b8armstr/thesis_results/trained_networks/NN-num_voters=50-m=7-num_winners=6-pref_dist=stratification__args__weight=0.5-axioms=all-features=bcr-loss=L1Loss()-idx=18-.pt'
Epoch 1, Training loss: 0.2412, 
Epoch 2, Training loss: 0.1523, 
Epoch 3, Training loss: 0.1492, 
Epoch 4, Training loss: 0.1480, 
Epoch 5, Training loss: 0.1470, 
Epoch 6, Training loss: 0.1468, 
Epoch 7, Training loss: 0.1464, 
Epoch 8, Training loss: 0.1460, 
Epoch 9, Training loss: 0.1459, 
Epoch 10, Training loss: 0.1451, 
Epoch 11, Training loss: 0.1382, 
Epoch 12, Training loss: 0.1281, 
Epoch 13, Training loss: 0.1258, 
Epoch 14, Training loss: 0.1151, 
Epoch 15, Training loss: 0.1068, 
Epoch 16, Training loss: 0.1039, 
Epoch 17, Training loss: 0.0930, 
Epoch 18, Training loss: 0.0874, 
Epoch 19, Training loss: 0.0856, 
Epoch 20, Training loss: 0.0843, 
Epoch 21, Training loss: 0.0828, 
Epoch 22, Training loss: 0.0818, 
Epoch 23, Training loss: 0.0784, 
Epoch 24, Training loss: 0.0686, 
Epoch 25, Training loss: 0.0652, 
Epoch 26, Training loss: 0.0645, 
Epoch 27, Training loss: 0.0630, 
Epoch 28, Training loss: 0.0620, 
Epoch 29, Training loss: 0.0612, 
Epoch 30, Training loss: 0.0598, 
Epoch 31, Training loss: 0.0579, 
Epoch 32, Training loss: 0.0506, 
Epoch 33, Training loss: 0.0204, 
Epoch 34, Training loss: 0.0127, 
Epoch 35, Training loss: 0.0104, 
Epoch 36, Training loss: 0.0086, 
Epoch 37, Training loss: 0.0078, 
Epoch 38, Training loss: 0.0067, 
Epoch 39, Training loss: 0.0058, 
Epoch 40, Training loss: 0.0051, 
Epoch 41, Training loss: 0.0050, 
Epoch 42, Training loss: 0.0044, 
Epoch 43, Training loss: 0.0041, 
Epoch 44, Training loss: 0.0040, 
Epoch 45, Training loss: 0.0039, 
Epoch 46, Training loss: 0.0036, 
Epoch 47, Training loss: 0.0032, 
Epoch 48, Training loss: 0.0029, 
Epoch 49, Training loss: 0.0032, 
Epoch 50, Training loss: 0.0033, 
Network count: 20
Finished making config for num_voters=50-m=7-num_winners=6-pref_dist=stratification__args__weight=0.5-axioms=all-features=bcr-loss=L1Loss()-idx=19
Beginning to train num_voters=50-m=7-num_winners=6-pref_dist=stratification__args__weight=0.5-axioms=all-features=bcr-loss=L1Loss()-idx=19
LOAD MODEL PATH: /scratch/b8armstr/thesis_results/trained_networks/NN-num_voters=50-m=7-num_winners=6-pref_dist=stratification__args__weight=0.5-axioms=all-features=bcr-loss=L1Loss()-idx=19-.pt
Saved network not found. Beginning training. Caught exception: [Errno 2] No such file or directory: '/scratch/b8armstr/thesis_results/trained_networks/NN-num_voters=50-m=7-num_winners=6-pref_dist=stratification__args__weight=0.5-axioms=all-features=bcr-loss=L1Loss()-idx=19-.pt'
Epoch 1, Training loss: 0.2508, 
Epoch 2, Training loss: 0.1537, 
Epoch 3, Training loss: 0.1496, 
Epoch 4, Training loss: 0.1482, 
Epoch 5, Training loss: 0.1475, 
Epoch 6, Training loss: 0.1469, 
Epoch 7, Training loss: 0.1465, 
Epoch 8, Training loss: 0.1462, 
Epoch 9, Training loss: 0.1456, 
Epoch 10, Training loss: 0.1450, 
Epoch 11, Training loss: 0.1345, 
Epoch 12, Training loss: 0.1110, 
Epoch 13, Training loss: 0.1072, 
Epoch 14, Training loss: 0.1058, 
Epoch 15, Training loss: 0.1050, 
Epoch 16, Training loss: 0.1040, 
Epoch 17, Training loss: 0.1034, 
Epoch 18, Training loss: 0.1025, 
Epoch 19, Training loss: 0.1016, 
Epoch 20, Training loss: 0.1009, 
Epoch 21, Training loss: 0.1005, 
Epoch 22, Training loss: 0.0997, 
Epoch 23, Training loss: 0.0992, 
Epoch 24, Training loss: 0.0980, 
Epoch 25, Training loss: 0.0910, 
Epoch 26, Training loss: 0.0824, 
Epoch 27, Training loss: 0.0806, 
Epoch 28, Training loss: 0.0787, 
Epoch 29, Training loss: 0.0754, 
Epoch 30, Training loss: 0.0644, 
Epoch 31, Training loss: 0.0610, 
Epoch 32, Training loss: 0.0572, 
Epoch 33, Training loss: 0.0480, 
Epoch 34, Training loss: 0.0426, 
Epoch 35, Training loss: 0.0320, 
Epoch 36, Training loss: 0.0279, 
Epoch 37, Training loss: 0.0235, 
Epoch 38, Training loss: 0.0163, 
Epoch 39, Training loss: 0.0140, 
Epoch 40, Training loss: 0.0127, 
Epoch 41, Training loss: 0.0109, 
Epoch 42, Training loss: 0.0097, 
Epoch 43, Training loss: 0.0087, 
Epoch 44, Training loss: 0.0077, 
Epoch 45, Training loss: 0.0074, 
Epoch 46, Training loss: 0.0066, 
Epoch 47, Training loss: 0.0063, 
Epoch 48, Training loss: 0.0059, 
Epoch 49, Training loss: 0.0055, 
Epoch 50, Training loss: 0.0052, 
