1731178365
About to load modules
created virtual environment CPython3.11.5.final.0-64 in 1649ms
  creator CPython3Posix(dest=/local/b8armstr.26771972.0/env, clear=False, no_vcs_ignore=False, global=False)
  seeder FromAppData(download=False, pip=bundle, setuptools=bundle, wheel=bundle, via=copy, app_data_dir=/home/b8armstr/.local/share/virtualenv)
    added seed packages: pip==24.2, setuptools==68.0.0, wheel==0.44.0
  activators BashActivator,CShellActivator,FishActivator,NushellActivator,PowerShellActivator,PythonActivator
1731178368
About to install requirements
Looking in links: /cvmfs/soft.computecanada.ca/custom/python/wheelhouse/gentoo2023/x86-64-v3, /cvmfs/soft.computecanada.ca/custom/python/wheelhouse/gentoo2023/generic, /cvmfs/soft.computecanada.ca/custom/python/wheelhouse/generic
Processing /cvmfs/soft.computecanada.ca/custom/python/wheelhouse/generic/Deprecated-1.2.14+computecanada-py2.py3-none-any.whl
Processing /cvmfs/soft.computecanada.ca/custom/python/wheelhouse/generic/wrapt-1.16.0+computecanada-cp311-cp311-linux_x86_64.whl (from deprecated)
Installing collected packages: wrapt, deprecated
Successfully installed deprecated-1.2.14+computecanada wrapt-1.16.0+computecanada
Looking in links: /cvmfs/soft.computecanada.ca/custom/python/wheelhouse/gentoo2023/x86-64-v3, /cvmfs/soft.computecanada.ca/custom/python/wheelhouse/gentoo2023/generic, /cvmfs/soft.computecanada.ca/custom/python/wheelhouse/generic
Processing ./cc_libs/abcvoting-2.10.0-py3-none-any.whl
Processing ./cc_libs/absl_py-2.1.0+computecanada-py3-none-any.whl
Processing ./cc_libs/appnope-0.1.4-py2.py3-none-any.whl
Processing ./cc_libs/asttokens-2.4.1+computecanada-py2.py3-none-any.whl
Processing ./cc_libs/astunparse-1.6.3+computecanada-py2.py3-none-any.whl
Processing ./cc_libs/attrs-24.2.0+computecanada-py3-none-any.whl
Processing ./cc_libs/backcall-0.2.0+computecanada-py3-none-any.whl
Processing ./cc_libs/beautifulsoup4-4.12.3+computecanada-py3-none-any.whl
Processing ./cc_libs/bleach-6.1.0+computecanada-py3-none-any.whl
Processing ./cc_libs/certifi-2024.6.2-py3-none-any.whl
Processing ./cc_libs/cffi-1.15.1+computecanada-cp311-cp311-linux_x86_64.whl
Processing ./cc_libs/charset_normalizer-3.3.2-py3-none-any.whl
Processing ./cc_libs/contourpy-1.2.1+computecanada-cp311-cp311-linux_x86_64.whl
Processing ./cc_libs/cycler-0.12.1+computecanada-py3-none-any.whl
Processing ./cc_libs/decorator-5.1.1+computecanada-py3-none-any.whl
Processing ./cc_libs/defusedxml-0.7.1+computecanada-py2.py3-none-any.whl
Processing ./cc_libs/Deprecated-1.2.14+computecanada-py2.py3-none-any.whl
Processing ./cc_libs/docopt-0.6.2+computecanada-py2.py3-none-any.whl
Processing ./cc_libs/executing-2.1.0-py2.py3-none-any.whl
Processing ./cc_libs/fastjsonschema-2.20.0+computecanada-py3-none-any.whl
Processing ./cc_libs/filelock-3.14.0-py3-none-any.whl
Processing ./cc_libs/flatbuffers-24.3.25+computecanada-py2.py3-none-any.whl
Processing ./cc_libs/fonttools-4.53.0+computecanada-cp311-cp311-linux_x86_64.whl
Processing ./cc_libs/fsspec-2024.6.0+computecanada-py3-none-any.whl
Processing ./cc_libs/gast-0.5.4+computecanada-py3-none-any.whl
Processing ./cc_libs/google_pasta-0.2.0+computecanada-py3-none-any.whl
Processing ./cc_libs/gurobipy-11.0.1-cp311-cp311-linux_x86_64.whl
Processing ./cc_libs/h5py-3.11.0+computecanada-cp311-cp311-linux_x86_64.whl
Processing ./cc_libs/idna-3.7-py3-none-any.whl
Processing ./cc_libs/immutabledict-4.2.0-py3-none-any.whl
Processing ./cc_libs/ipython-8.12.3-py3-none-any.whl
Processing ./cc_libs/jedi-0.19.1+computecanada-py2.py3-none-any.whl
Processing ./cc_libs/jinja2-3.1.4+computecanada-py3-none-any.whl
Processing ./cc_libs/joblib-1.4.2+computecanada-py3-none-any.whl
Processing ./cc_libs/jsonschema-4.23.0+computecanada-py3-none-any.whl
Processing ./cc_libs/jsonschema_specifications-2023.12.1+computecanada-py3-none-any.whl
Processing ./cc_libs/jupyter_client-8.6.2+computecanada-py3-none-any.whl
Processing ./cc_libs/jupyter_core-5.7.2+computecanada-py3-none-any.whl
Processing ./cc_libs/jupyterlab_pygments-0.3.0+computecanada-py3-none-any.whl
Processing ./cc_libs/kiwisolver-1.4.5+computecanada-cp311-cp311-linux_x86_64.whl
Processing ./cc_libs/llvmlite-0.41.1+computecanada-cp311-cp311-linux_x86_64.whl
Processing ./cc_libs/Markdown-3.6-py3-none-any.whl
Processing ./cc_libs/markdown_it_py-3.0.0+computecanada-py3-none-any.whl
Processing ./cc_libs/MarkupSafe-2.1.5+computecanada-cp311-cp311-linux_x86_64.whl
Processing ./cc_libs/matplotlib-3.9.0+computecanada-cp311-cp311-linux_x86_64.whl
Processing ./cc_libs/matplotlib_inline-0.1.7+computecanada-py3-none-any.whl
Processing ./cc_libs/mdurl-0.1.2+computecanada-py3-none-any.whl
Processing ./cc_libs/mip-1.15.0-py3-none-any.whl
Processing ./cc_libs/mistune-3.0.2+computecanada-py3-none-any.whl
Processing ./cc_libs/ml_dtypes-0.3.2-cp311-cp311-linux_x86_64.whl
Processing ./cc_libs/mpmath-1.3.0+computecanada-py3-none-any.whl
Processing ./cc_libs/namex-0.0.8+computecanada-py3-none-any.whl
Processing ./cc_libs/nashpy-0.0.40-py3-none-any.whl
Processing ./cc_libs/nbclient-0.10.0+computecanada-py3-none-any.whl
Processing ./cc_libs/nbconvert-7.16.4+computecanada-py3-none-any.whl
Processing ./cc_libs/nbformat-5.10.4+computecanada-py3-none-any.whl
Processing ./cc_libs/networkx-3.3+computecanada-py3-none-any.whl
Processing ./cc_libs/numba-0.58.1+computecanada-cp311-cp311-linux_x86_64.whl
Processing ./cc_libs/numpy-1.26.4+computecanada-cp311-cp311-linux_x86_64.whl
Processing ./cc_libs/opt_einsum-3.3.0+computecanada-py3-none-any.whl
Processing ./cc_libs/optree-0.11.0+computecanada-cp311-cp311-linux_x86_64.whl
Processing ./cc_libs/ortools-9.10.4067+computecanada-cp311-cp311-linux_x86_64.whl
Processing ./cc_libs/packaging-24.0-py3-none-any.whl
Processing ./cc_libs/pandas-2.2.2+computecanada-cp311-cp311-linux_x86_64.whl
Processing ./cc_libs/pandocfilters-1.5.1+computecanada-py2.py3-none-any.whl
Processing ./cc_libs/parso-0.8.4+computecanada-py2.py3-none-any.whl
Processing ./cc_libs/pexpect-4.9.0+computecanada-py2.py3-none-any.whl
Processing ./cc_libs/pickleshare-0.7.5+computecanada-py2.py3-none-any.whl
Processing ./cc_libs/pillow-10.3.0+computecanada-cp311-cp311-linux_x86_64.whl
Processing ./cc_libs/pipdeptree-2.23.1-py3-none-any.whl
Processing ./cc_libs/pipreqs-0.5.0-py3-none-any.whl
Processing ./cc_libs/platformdirs-4.3.3-py3-none-any.whl
Processing ./cc_libs/preflibtools-2.0.22-py3-none-any.whl
Processing ./cc_libs/prefsampling-0.1.20-py3-none-any.whl
Processing ./cc_libs/pref_voting-1.13.18-py3-none-any.whl
Processing ./cc_libs/prompt_toolkit-3.0.47+computecanada-py3-none-any.whl
Processing ./cc_libs/protobuf-4.25.3+computecanada-cp311-cp311-linux_x86_64.whl
Processing ./cc_libs/ptyprocess-0.7.0+computecanada-py2.py3-none-any.whl
Processing ./cc_libs/pure_eval-0.2.3+computecanada-py3-none-any.whl
Processing ./cc_libs/pycparser-2.22-py3-none-any.whl
Processing ./cc_libs/pygments-2.18.0+computecanada-py3-none-any.whl
Processing ./cc_libs/pyparsing-3.1.2+computecanada-py3-none-any.whl
Processing ./cc_libs/pyrankvote-2.0.6-py3-none-any.whl
Processing ./cc_libs/python_dateutil-2.9.0.post0+computecanada-py2.py3-none-any.whl
Processing ./cc_libs/pytorch_ignite-0.5.1-py3-none-any.whl
Processing ./cc_libs/pytz-2024.1+computecanada-py2.py3-none-any.whl
Processing ./cc_libs/random2-1.0.2-py3-none-any.whl
Processing ./cc_libs/referencing-0.35.1+computecanada-py3-none-any.whl
Processing ./cc_libs/requests-2.32.3-py3-none-any.whl
Processing ./cc_libs/rich-13.7.1+computecanada-py3-none-any.whl
Processing ./cc_libs/ruamel.yaml-0.18.6+computecanada-py3-none-any.whl
Processing ./cc_libs/ruamel.yaml.clib-0.2.8+computecanada-cp311-cp311-linux_x86_64.whl
Processing ./cc_libs/scikit_learn-1.5.0+computecanada-cp311-cp311-linux_x86_64.whl
Processing ./cc_libs/scipy-1.13.1+computecanada-cp311-cp311-linux_x86_64.whl
Processing ./cc_libs/seaborn-0.13.2+computecanada-py3-none-any.whl
Processing ./cc_libs/six-1.16.0+computecanada-py2.py3-none-any.whl
Processing ./cc_libs/snakeviz-2.2.0-py2.py3-none-any.whl
Processing ./cc_libs/soupsieve-2.6+computecanada-py3-none-any.whl
Processing ./cc_libs/stack_data-0.6.3+computecanada-py3-none-any.whl
Processing ./cc_libs/sympy-1.12.1+computecanada-py3-none-any.whl
Processing ./cc_libs/tabulate-0.9.0+computecanada-py3-none-any.whl
Processing ./cc_libs/termcolor-2.4.0+computecanada-py3-none-any.whl
Processing ./cc_libs/threadpoolctl-3.5.0+computecanada-py3-none-any.whl
Processing ./cc_libs/tinycss2-1.3.0+computecanada-py3-none-any.whl
Processing ./cc_libs/traitlets-5.14.3+computecanada-py3-none-any.whl
Processing ./cc_libs/typing_extensions-4.12.1-py3-none-any.whl
Processing ./cc_libs/tzdata-2024.1+computecanada-py2.py3-none-any.whl
Processing ./cc_libs/urllib3-2.2.1-py3-none-any.whl
Processing ./cc_libs/wcwidth-0.2.13+computecanada-py2.py3-none-any.whl
Processing ./cc_libs/webencodings-0.5.1+computecanada-py2.py3-none-any.whl
Processing ./cc_libs/werkzeug-3.0.3+computecanada-py3-none-any.whl
Processing ./cc_libs/wrapt-1.16.0+computecanada-cp311-cp311-linux_x86_64.whl
Processing ./cc_libs/yarg-0.1.9-py2.py3-none-any.whl
asttokens is already installed with the same version as the provided wheel. Use --force-reinstall to force an installation of the wheel.
cycler is already installed with the same version as the provided wheel. Use --force-reinstall to force an installation of the wheel.
decorator is already installed with the same version as the provided wheel. Use --force-reinstall to force an installation of the wheel.
Deprecated is already installed with the same version as the provided wheel. Use --force-reinstall to force an installation of the wheel.
jedi is already installed with the same version as the provided wheel. Use --force-reinstall to force an installation of the wheel.
jupyter-client is already installed with the same version as the provided wheel. Use --force-reinstall to force an installation of the wheel.
jupyter-core is already installed with the same version as the provided wheel. Use --force-reinstall to force an installation of the wheel.
matplotlib-inline is already installed with the same version as the provided wheel. Use --force-reinstall to force an installation of the wheel.
mpmath is already installed with the same version as the provided wheel. Use --force-reinstall to force an installation of the wheel.
pandas is already installed with the same version as the provided wheel. Use --force-reinstall to force an installation of the wheel.
parso is already installed with the same version as the provided wheel. Use --force-reinstall to force an installation of the wheel.
pexpect is already installed with the same version as the provided wheel. Use --force-reinstall to force an installation of the wheel.
prompt-toolkit is already installed with the same version as the provided wheel. Use --force-reinstall to force an installation of the wheel.
ptyprocess is already installed with the same version as the provided wheel. Use --force-reinstall to force an installation of the wheel.
pygments is already installed with the same version as the provided wheel. Use --force-reinstall to force an installation of the wheel.
python-dateutil is already installed with the same version as the provided wheel. Use --force-reinstall to force an installation of the wheel.
six is already installed with the same version as the provided wheel. Use --force-reinstall to force an installation of the wheel.
stack-data is already installed with the same version as the provided wheel. Use --force-reinstall to force an installation of the wheel.
traitlets is already installed with the same version as the provided wheel. Use --force-reinstall to force an installation of the wheel.
tzdata is already installed with the same version as the provided wheel. Use --force-reinstall to force an installation of the wheel.
wcwidth is already installed with the same version as the provided wheel. Use --force-reinstall to force an installation of the wheel.
wrapt is already installed with the same version as the provided wheel. Use --force-reinstall to force an installation of the wheel.
Installing collected packages: yarg, webencodings, random2, pytz, pytorch-ignite, pyrankvote, pure-eval, pickleshare, namex, gurobipy, google-pasta, flatbuffers, fastjsonschema, docopt, cffi, backcall, astunparse, werkzeug, urllib3, typing-extensions, tinycss2, threadpoolctl, termcolor, tabulate, sympy, soupsieve, snakeviz, seaborn, scipy, scikit-learn, ruamel.yaml.clib, ruamel.yaml, rich, requests, referencing, pyparsing, pycparser, protobuf, prefsampling, preflibtools, pref-voting, platformdirs, pipreqs, pipdeptree, pillow, pandocfilters, packaging, ortools, optree, opt-einsum, numpy, numba, networkx, nbformat, nbconvert, nbclient, nashpy, ml-dtypes, mistune, mip, mdurl, matplotlib, MarkupSafe, markdown-it-py, Markdown, llvmlite, kiwisolver, jupyterlab-pygments, jsonschema-specifications, jsonschema, joblib, jinja2, ipython, immutabledict, idna, h5py, gast, fsspec, fonttools, filelock, executing, defusedxml, contourpy, charset-normalizer, certifi, bleach, beautifulsoup4, attrs, appnope, absl-py, abcvoting
  Attempting uninstall: pytz
    Found existing installation: pytz 2024.2+computecanada
    Not uninstalling pytz at /cvmfs/soft.computecanada.ca/easybuild/software/2023/x86-64-v3/Compiler/gcccore/scipy-stack/2024b/lib/python3.11/site-packages, outside environment /local/b8armstr.26771972.0/env
    Can't uninstall 'pytz'. No files were found to uninstall.
  Attempting uninstall: pure-eval
    Found existing installation: pure_eval 0.2.2+computecanada
    Not uninstalling pure-eval at /cvmfs/soft.computecanada.ca/easybuild/software/2023/x86-64-v3/Compiler/gcccore/ipykernel/2024b/lib/python3.11/site-packages, outside environment /local/b8armstr.26771972.0/env
    Can't uninstall 'pure_eval'. No files were found to uninstall.
  Attempting uninstall: typing-extensions
    Found existing installation: typing_extensions 4.12.2+computecanada
    Not uninstalling typing-extensions at /cvmfs/soft.computecanada.ca/easybuild/software/2023/x86-64-v3/Compiler/gcccore/ipykernel/2024b/lib/python3.11/site-packages, outside environment /local/b8armstr.26771972.0/env
    Can't uninstall 'typing_extensions'. No files were found to uninstall.
  Attempting uninstall: sympy
    Found existing installation: sympy 1.13.3+computecanada
    Not uninstalling sympy at /cvmfs/soft.computecanada.ca/easybuild/software/2023/x86-64-v3/Compiler/gcccore/scipy-stack/2024b/lib/python3.11/site-packages, outside environment /local/b8armstr.26771972.0/env
    Can't uninstall 'sympy'. No files were found to uninstall.
  Attempting uninstall: scipy
    Found existing installation: scipy 1.14.1+computecanada
    Not uninstalling scipy at /cvmfs/soft.computecanada.ca/easybuild/software/2023/x86-64-v3/Compiler/gcccore/scipy-stack/2024b/lib/python3.11/site-packages, outside environment /local/b8armstr.26771972.0/env
    Can't uninstall 'scipy'. No files were found to uninstall.
  Attempting uninstall: pyparsing
    Found existing installation: pyparsing 3.1.4+computecanada
    Not uninstalling pyparsing at /cvmfs/soft.computecanada.ca/easybuild/software/2023/x86-64-v3/Compiler/gcccore/scipy-stack/2024b/lib/python3.11/site-packages, outside environment /local/b8armstr.26771972.0/env
    Can't uninstall 'pyparsing'. No files were found to uninstall.
  Attempting uninstall: platformdirs
    Found existing installation: platformdirs 3.9.1+computecanada
    Not uninstalling platformdirs at /cvmfs/soft.computecanada.ca/easybuild/software/2023/x86-64-v3/Compiler/gcccore/ipykernel/2024b/lib/python3.11/site-packages, outside environment /local/b8armstr.26771972.0/env
    Can't uninstall 'platformdirs'. No files were found to uninstall.
  Attempting uninstall: pillow
    Found existing installation: pillow 10.4.0+computecanada
    Not uninstalling pillow at /cvmfs/soft.computecanada.ca/easybuild/software/2023/x86-64-v3/Compiler/gcccore/scipy-stack/2024b/lib/python3.11/site-packages, outside environment /local/b8armstr.26771972.0/env
    Can't uninstall 'pillow'. No files were found to uninstall.
  Attempting uninstall: packaging
    Found existing installation: packaging 24.1+computecanada
    Not uninstalling packaging at /cvmfs/soft.computecanada.ca/easybuild/software/2023/x86-64-v3/Compiler/gcccore/scipy-stack/2024b/lib/python3.11/site-packages, outside environment /local/b8armstr.26771972.0/env
    Can't uninstall 'packaging'. No files were found to uninstall.
  Attempting uninstall: numpy
    Found existing installation: numpy 2.1.1+computecanada
    Not uninstalling numpy at /cvmfs/soft.computecanada.ca/easybuild/software/2023/x86-64-v3/Compiler/gcccore/scipy-stack/2024b/lib/python3.11/site-packages, outside environment /local/b8armstr.26771972.0/env
    Can't uninstall 'numpy'. No files were found to uninstall.
  Attempting uninstall: matplotlib
    Found existing installation: matplotlib 3.9.2+computecanada
    Not uninstalling matplotlib at /cvmfs/soft.computecanada.ca/easybuild/software/2023/x86-64-v3/Compiler/gcccore/scipy-stack/2024b/lib/python3.11/site-packages, outside environment /local/b8armstr.26771972.0/env
    Can't uninstall 'matplotlib'. No files were found to uninstall.
  Attempting uninstall: kiwisolver
    Found existing installation: kiwisolver 1.4.7+computecanada
    Not uninstalling kiwisolver at /cvmfs/soft.computecanada.ca/easybuild/software/2023/x86-64-v3/Compiler/gcccore/scipy-stack/2024b/lib/python3.11/site-packages, outside environment /local/b8armstr.26771972.0/env
    Can't uninstall 'kiwisolver'. No files were found to uninstall.
  Attempting uninstall: ipython
    Found existing installation: ipython 8.25.0+computecanada
    Not uninstalling ipython at /cvmfs/soft.computecanada.ca/easybuild/software/2023/x86-64-v3/Compiler/gcccore/ipykernel/2024b/lib/python3.11/site-packages, outside environment /local/b8armstr.26771972.0/env
    Can't uninstall 'ipython'. No files were found to uninstall.
  Attempting uninstall: fonttools
    Found existing installation: fonttools 4.53.1+computecanada
    Not uninstalling fonttools at /cvmfs/soft.computecanada.ca/easybuild/software/2023/x86-64-v3/Compiler/gcccore/scipy-stack/2024b/lib/python3.11/site-packages, outside environment /local/b8armstr.26771972.0/env
    Can't uninstall 'fonttools'. No files were found to uninstall.
  Attempting uninstall: executing
    Found existing installation: executing 2.0.1+computecanada
    Not uninstalling executing at /cvmfs/soft.computecanada.ca/easybuild/software/2023/x86-64-v3/Compiler/gcccore/ipykernel/2024b/lib/python3.11/site-packages, outside environment /local/b8armstr.26771972.0/env
    Can't uninstall 'executing'. No files were found to uninstall.
  Attempting uninstall: contourpy
    Found existing installation: contourpy 1.3.0+computecanada
    Not uninstalling contourpy at /cvmfs/soft.computecanada.ca/easybuild/software/2023/x86-64-v3/Compiler/gcccore/scipy-stack/2024b/lib/python3.11/site-packages, outside environment /local/b8armstr.26771972.0/env
    Can't uninstall 'contourpy'. No files were found to uninstall.
Successfully installed Markdown-3.6 MarkupSafe-2.1.5+computecanada abcvoting-2.10.0 absl-py-2.1.0+computecanada appnope-0.1.4 astunparse-1.6.3+computecanada attrs-24.2.0+computecanada backcall-0.2.0+computecanada beautifulsoup4-4.12.3+computecanada bleach-6.1.0+computecanada certifi-2024.6.2 cffi-1.15.1+computecanada charset-normalizer-3.3.2 contourpy-1.2.1+computecanada defusedxml-0.7.1+computecanada docopt-0.6.2+computecanada executing-2.1.0 fastjsonschema-2.20.0+computecanada filelock-3.14.0 flatbuffers-24.3.25+computecanada fonttools-4.53.0+computecanada fsspec-2024.6.0+computecanada gast-0.5.4+computecanada google-pasta-0.2.0+computecanada gurobipy-11.0.1 h5py-3.11.0+computecanada idna-3.7 immutabledict-4.2.0 ipython-8.12.3 jinja2-3.1.4+computecanada joblib-1.4.2+computecanada jsonschema-4.23.0+computecanada jsonschema-specifications-2023.12.1+computecanada jupyterlab-pygments-0.3.0+computecanada kiwisolver-1.4.5+computecanada llvmlite-0.41.1+computecanada markdown-it-py-3.0.0+computecanada matplotlib-3.9.0+computecanada mdurl-0.1.2+computecanada mip-1.15.0 mistune-3.0.2+computecanada ml-dtypes-0.3.2 namex-0.0.8+computecanada nashpy-0.0.40 nbclient-0.10.0+computecanada nbconvert-7.16.4+computecanada nbformat-5.10.4+computecanada networkx-3.3+computecanada numba-0.58.1+computecanada numpy-1.26.4+computecanada opt-einsum-3.3.0+computecanada optree-0.11.0+computecanada ortools-9.10.4067+computecanada packaging-24.0 pandocfilters-1.5.1+computecanada pickleshare-0.7.5+computecanada pillow-10.3.0+computecanada pipdeptree-2.23.1 pipreqs-0.5.0 platformdirs-4.3.3 pref-voting-1.13.18 preflibtools-2.0.22 prefsampling-0.1.20 protobuf-4.25.3+computecanada pure-eval-0.2.3+computecanada pycparser-2.22 pyparsing-3.1.2+computecanada pyrankvote-2.0.6 pytorch-ignite-0.5.1 pytz-2024.1+computecanada random2-1.0.2 referencing-0.35.1+computecanada requests-2.32.3 rich-13.7.1+computecanada ruamel.yaml-0.18.6+computecanada ruamel.yaml.clib-0.2.8+computecanada scikit-learn-1.5.0+computecanada scipy-1.13.1+computecanada seaborn-0.13.2+computecanada snakeviz-2.2.0 soupsieve-2.6+computecanada sympy-1.12.1+computecanada tabulate-0.9.0+computecanada termcolor-2.4.0+computecanada threadpoolctl-3.5.0+computecanada tinycss2-1.3.0+computecanada typing-extensions-4.12.1 urllib3-2.2.1 webencodings-0.5.1+computecanada werkzeug-3.0.3+computecanada yarg-0.1.9
Looking in links: /cvmfs/soft.computecanada.ca/custom/python/wheelhouse/gentoo2023/x86-64-v3, /cvmfs/soft.computecanada.ca/custom/python/wheelhouse/gentoo2023/generic, /cvmfs/soft.computecanada.ca/custom/python/wheelhouse/generic
Requirement already satisfied: scikit_learn in /local/b8armstr.26771972.0/env/lib/python3.11/site-packages (1.5.0+computecanada)
Processing /cvmfs/soft.computecanada.ca/custom/python/wheelhouse/gentoo2023/generic/scikit_learn-1.5.2+computecanada-cp311-cp311-linux_x86_64.whl
Requirement already satisfied: llvmlite in /local/b8armstr.26771972.0/env/lib/python3.11/site-packages (0.41.1+computecanada)
Processing /cvmfs/soft.computecanada.ca/custom/python/wheelhouse/gentoo2023/x86-64-v3/llvmlite-0.43.0+computecanada-cp311-cp311-linux_x86_64.whl
Requirement already satisfied: ortools in /local/b8armstr.26771972.0/env/lib/python3.11/site-packages (9.10.4067+computecanada)
Requirement already satisfied: numpy>=1.19.5 in /local/b8armstr.26771972.0/env/lib/python3.11/site-packages (from scikit_learn) (1.26.4+computecanada)
Requirement already satisfied: scipy>=1.6.0 in /local/b8armstr.26771972.0/env/lib/python3.11/site-packages (from scikit_learn) (1.13.1+computecanada)
Requirement already satisfied: joblib>=1.2.0 in /local/b8armstr.26771972.0/env/lib/python3.11/site-packages (from scikit_learn) (1.4.2+computecanada)
Requirement already satisfied: threadpoolctl>=3.1.0 in /local/b8armstr.26771972.0/env/lib/python3.11/site-packages (from scikit_learn) (3.5.0+computecanada)
Requirement already satisfied: absl-py>=2.0.0 in /local/b8armstr.26771972.0/env/lib/python3.11/site-packages (from ortools) (2.1.0+computecanada)
Requirement already satisfied: pandas>=2.0.0 in /cvmfs/soft.computecanada.ca/easybuild/software/2023/x86-64-v3/Compiler/gcccore/scipy-stack/2024b/lib/python3.11/site-packages (from ortools) (2.2.2+computecanada)
Processing /cvmfs/soft.computecanada.ca/custom/python/wheelhouse/gentoo2023/x86-64-v3/protobuf-5.28.0+computecanada-cp311-cp311-linux_x86_64.whl (from ortools)
Requirement already satisfied: immutabledict>=3.0.0 in /local/b8armstr.26771972.0/env/lib/python3.11/site-packages (from ortools) (4.2.0)
Requirement already satisfied: python-dateutil>=2.8.2 in /cvmfs/soft.computecanada.ca/easybuild/software/2023/x86-64-v3/Compiler/gcccore/scipy-stack/2024b/lib/python3.11/site-packages (from pandas>=2.0.0->ortools) (2.9.0.post0+computecanada)
Requirement already satisfied: pytz>=2020.1 in /local/b8armstr.26771972.0/env/lib/python3.11/site-packages (from pandas>=2.0.0->ortools) (2024.1+computecanada)
Requirement already satisfied: tzdata>=2022.7 in /cvmfs/soft.computecanada.ca/easybuild/software/2023/x86-64-v3/Compiler/gcccore/scipy-stack/2024b/lib/python3.11/site-packages (from pandas>=2.0.0->ortools) (2024.1+computecanada)
Requirement already satisfied: six>=1.5 in /cvmfs/soft.computecanada.ca/easybuild/software/2023/x86-64-v3/Compiler/gcccore/scipy-stack/2024b/lib/python3.11/site-packages (from python-dateutil>=2.8.2->pandas>=2.0.0->ortools) (1.16.0+computecanada)
Installing collected packages: protobuf, llvmlite, scikit_learn
  Attempting uninstall: protobuf
    Found existing installation: protobuf 4.25.3+computecanada
    Uninstalling protobuf-4.25.3+computecanada:
      Successfully uninstalled protobuf-4.25.3+computecanada
  Attempting uninstall: llvmlite
    Found existing installation: llvmlite 0.41.1+computecanada
    Uninstalling llvmlite-0.41.1+computecanada:
      Successfully uninstalled llvmlite-0.41.1+computecanada
  Attempting uninstall: scikit_learn
    Found existing installation: scikit_learn 1.5.0+computecanada
    Uninstalling scikit_learn-1.5.0+computecanada:
      Successfully uninstalled scikit_learn-1.5.0+computecanada
ERROR: pip's dependency resolver does not currently take into account all the packages that are installed. This behaviour is the source of the following dependency conflicts.
numba 0.58.1+computecanada requires llvmlite<0.42,>=0.41.0dev0, but you have llvmlite 0.43.0+computecanada which is incompatible.
Successfully installed llvmlite-0.43.0+computecanada protobuf-5.28.0+computecanada scikit_learn-1.5.2+computecanada
Looking in links: /cvmfs/soft.computecanada.ca/custom/python/wheelhouse/gentoo2023/x86-64-v3, /cvmfs/soft.computecanada.ca/custom/python/wheelhouse/gentoo2023/generic, /cvmfs/soft.computecanada.ca/custom/python/wheelhouse/generic
Processing /cvmfs/soft.computecanada.ca/custom/python/wheelhouse/gentoo2023/x86-64-v3/torch-2.5.1+computecanada-cp311-cp311-linux_x86_64.whl
Requirement already satisfied: filelock in /local/b8armstr.26771972.0/env/lib/python3.11/site-packages (from torch) (3.14.0)
Requirement already satisfied: typing-extensions>=4.8.0 in /local/b8armstr.26771972.0/env/lib/python3.11/site-packages (from torch) (4.12.1)
Requirement already satisfied: networkx in /local/b8armstr.26771972.0/env/lib/python3.11/site-packages (from torch) (3.3+computecanada)
Requirement already satisfied: jinja2 in /local/b8armstr.26771972.0/env/lib/python3.11/site-packages (from torch) (3.1.4+computecanada)
Requirement already satisfied: fsspec in /local/b8armstr.26771972.0/env/lib/python3.11/site-packages (from torch) (2024.6.0+computecanada)
Processing /cvmfs/soft.computecanada.ca/custom/python/wheelhouse/generic/sympy-1.13.1+computecanada-py3-none-any.whl (from torch)
Requirement already satisfied: mpmath<1.4,>=1.1.0 in /cvmfs/soft.computecanada.ca/easybuild/software/2023/x86-64-v3/Compiler/gcccore/scipy-stack/2024b/lib/python3.11/site-packages (from sympy==1.13.1->torch) (1.3.0+computecanada)
Requirement already satisfied: MarkupSafe>=2.0 in /local/b8armstr.26771972.0/env/lib/python3.11/site-packages (from jinja2->torch) (2.1.5+computecanada)
Installing collected packages: sympy, torch
  Attempting uninstall: sympy
    Found existing installation: sympy 1.12.1+computecanada
    Uninstalling sympy-1.12.1+computecanada:
      Successfully uninstalled sympy-1.12.1+computecanada
Successfully installed sympy-1.13.1+computecanada torch-2.5.1+computecanada
About to start experiments
/local/b8armstr.26771972.0/env/lib/python3.11/site-packages/ignite/handlers/checkpoint.py:16: DeprecationWarning: `TorchScript` support for functional optimizers is deprecated and will be removed in a future PyTorch release. Consider using the `torch.compile` optimizer instead.
  from torch.distributed.optim import ZeroRedundancyOptimizer

DATA LOADED

Network count: 1
Finished making config for num_voters=50-m=7-num_winners=5-pref_dist=IAC-axioms=all-features=bcr-loss=L1Loss()-idx=0
Beginning to train num_voters=50-m=7-num_winners=5-pref_dist=IAC-axioms=all-features=bcr-loss=L1Loss()-idx=0
LOAD MODEL PATH: /scratch/b8armstr/thesis_results/trained_networks/NN-num_voters=50-m=7-num_winners=5-pref_dist=IAC-axioms=all-features=bcr-loss=L1Loss()-idx=0-.pt
Saved network not found. Beginning training. Caught exception: [Errno 2] No such file or directory: '/scratch/b8armstr/thesis_results/trained_networks/NN-num_voters=50-m=7-num_winners=5-pref_dist=IAC-axioms=all-features=bcr-loss=L1Loss()-idx=0-.pt'
Epoch 1, Training loss: 0.3411, 
Epoch 2, Training loss: 0.2736, 
Epoch 3, Training loss: 0.2349, 
Epoch 4, Training loss: 0.2160, 
Epoch 5, Training loss: 0.2093, 
Epoch 6, Training loss: 0.2051, 
Epoch 7, Training loss: 0.1995, 
Epoch 8, Training loss: 0.1941, 
Epoch 9, Training loss: 0.1896, 
Epoch 10, Training loss: 0.1845, 
Epoch 11, Training loss: 0.1739, 
Epoch 12, Training loss: 0.1686, 
Epoch 13, Training loss: 0.1659, 
Epoch 14, Training loss: 0.1627, 
Epoch 15, Training loss: 0.1598, 
Epoch 16, Training loss: 0.1577, 
Epoch 17, Training loss: 0.1555, 
Epoch 18, Training loss: 0.1532, 
Epoch 19, Training loss: 0.1512, 
Epoch 20, Training loss: 0.1467, 
Epoch 21, Training loss: 0.1367, 
Epoch 22, Training loss: 0.1301, 
Epoch 23, Training loss: 0.1241, 
Epoch 24, Training loss: 0.1142, 
Epoch 25, Training loss: 0.1068, 
Epoch 26, Training loss: 0.1019, 
Epoch 27, Training loss: 0.0979, 
Epoch 28, Training loss: 0.0943, 
Epoch 29, Training loss: 0.0908, 
Epoch 30, Training loss: 0.0880, 
Epoch 31, Training loss: 0.0849, 
Epoch 32, Training loss: 0.0827, 
Epoch 33, Training loss: 0.0805, 
Epoch 34, Training loss: 0.0782, 
Epoch 35, Training loss: 0.0762, 
Epoch 36, Training loss: 0.0744, 
Epoch 37, Training loss: 0.0731, 
Epoch 38, Training loss: 0.0718, 
Epoch 39, Training loss: 0.0703, 
Epoch 40, Training loss: 0.0691, 
Epoch 41, Training loss: 0.0682, 
Epoch 42, Training loss: 0.0673, 
Epoch 43, Training loss: 0.0666, 
Epoch 44, Training loss: 0.0652, 
Epoch 45, Training loss: 0.0644, 
Epoch 46, Training loss: 0.0639, 
Epoch 47, Training loss: 0.0626, 
Epoch 48, Training loss: 0.0621, 
Epoch 49, Training loss: 0.0617, 
Epoch 50, Training loss: 0.0604, 
Network count: 2
Finished making config for num_voters=50-m=7-num_winners=5-pref_dist=IAC-axioms=all-features=bcr-loss=L1Loss()-idx=1
Beginning to train num_voters=50-m=7-num_winners=5-pref_dist=IAC-axioms=all-features=bcr-loss=L1Loss()-idx=1
LOAD MODEL PATH: /scratch/b8armstr/thesis_results/trained_networks/NN-num_voters=50-m=7-num_winners=5-pref_dist=IAC-axioms=all-features=bcr-loss=L1Loss()-idx=1-.pt
Saved network not found. Beginning training. Caught exception: [Errno 2] No such file or directory: '/scratch/b8armstr/thesis_results/trained_networks/NN-num_voters=50-m=7-num_winners=5-pref_dist=IAC-axioms=all-features=bcr-loss=L1Loss()-idx=1-.pt'
Epoch 1, Training loss: 0.3461, 
Epoch 2, Training loss: 0.2741, 
Epoch 3, Training loss: 0.2337, 
Epoch 4, Training loss: 0.2181, 
Epoch 5, Training loss: 0.2114, 
Epoch 6, Training loss: 0.2062, 
Epoch 7, Training loss: 0.2012, 
Epoch 8, Training loss: 0.1961, 
Epoch 9, Training loss: 0.1910, 
Epoch 10, Training loss: 0.1866, 
Epoch 11, Training loss: 0.1828, 
Epoch 12, Training loss: 0.1755, 
Epoch 13, Training loss: 0.1676, 
Epoch 14, Training loss: 0.1641, 
Epoch 15, Training loss: 0.1610, 
Epoch 16, Training loss: 0.1579, 
Epoch 17, Training loss: 0.1548, 
Epoch 18, Training loss: 0.1488, 
Epoch 19, Training loss: 0.1392, 
Epoch 20, Training loss: 0.1328, 
Epoch 21, Training loss: 0.1284, 
Epoch 22, Training loss: 0.1254, 
Epoch 23, Training loss: 0.1206, 
Epoch 24, Training loss: 0.1147, 
Epoch 25, Training loss: 0.1100, 
Epoch 26, Training loss: 0.1045, 
Epoch 27, Training loss: 0.0984, 
Epoch 28, Training loss: 0.0942, 
Epoch 29, Training loss: 0.0904, 
Epoch 30, Training loss: 0.0873, 
Epoch 31, Training loss: 0.0848, 
Epoch 32, Training loss: 0.0829, 
Epoch 33, Training loss: 0.0801, 
Epoch 34, Training loss: 0.0784, 
Epoch 35, Training loss: 0.0766, 
Epoch 36, Training loss: 0.0748, 
Epoch 37, Training loss: 0.0737, 
Epoch 38, Training loss: 0.0721, 
Epoch 39, Training loss: 0.0703, 
Epoch 40, Training loss: 0.0694, 
Epoch 41, Training loss: 0.0683, 
Epoch 42, Training loss: 0.0679, 
Epoch 43, Training loss: 0.0664, 
Epoch 44, Training loss: 0.0659, 
Epoch 45, Training loss: 0.0652, 
Epoch 46, Training loss: 0.0638, 
Epoch 47, Training loss: 0.0636, 
Epoch 48, Training loss: 0.0627, 
Epoch 49, Training loss: 0.0619, 
Epoch 50, Training loss: 0.0614, 
Network count: 3
Finished making config for num_voters=50-m=7-num_winners=5-pref_dist=IAC-axioms=all-features=bcr-loss=L1Loss()-idx=2
Beginning to train num_voters=50-m=7-num_winners=5-pref_dist=IAC-axioms=all-features=bcr-loss=L1Loss()-idx=2
LOAD MODEL PATH: /scratch/b8armstr/thesis_results/trained_networks/NN-num_voters=50-m=7-num_winners=5-pref_dist=IAC-axioms=all-features=bcr-loss=L1Loss()-idx=2-.pt
Saved network not found. Beginning training. Caught exception: [Errno 2] No such file or directory: '/scratch/b8armstr/thesis_results/trained_networks/NN-num_voters=50-m=7-num_winners=5-pref_dist=IAC-axioms=all-features=bcr-loss=L1Loss()-idx=2-.pt'
Epoch 1, Training loss: 0.3407, 
Epoch 2, Training loss: 0.2746, 
Epoch 3, Training loss: 0.2407, 
Epoch 4, Training loss: 0.2221, 
Epoch 5, Training loss: 0.2136, 
Epoch 6, Training loss: 0.2071, 
Epoch 7, Training loss: 0.2010, 
Epoch 8, Training loss: 0.1954, 
Epoch 9, Training loss: 0.1904, 
Epoch 10, Training loss: 0.1859, 
Epoch 11, Training loss: 0.1786, 
Epoch 12, Training loss: 0.1701, 
Epoch 13, Training loss: 0.1657, 
Epoch 14, Training loss: 0.1627, 
Epoch 15, Training loss: 0.1593, 
Epoch 16, Training loss: 0.1520, 
Epoch 17, Training loss: 0.1450, 
Epoch 18, Training loss: 0.1389, 
Epoch 19, Training loss: 0.1319, 
Epoch 20, Training loss: 0.1279, 
Epoch 21, Training loss: 0.1231, 
Epoch 22, Training loss: 0.1157, 
Epoch 23, Training loss: 0.1091, 
Epoch 24, Training loss: 0.1017, 
Epoch 25, Training loss: 0.0975, 
Epoch 26, Training loss: 0.0935, 
Epoch 27, Training loss: 0.0908, 
Epoch 28, Training loss: 0.0877, 
Epoch 29, Training loss: 0.0854, 
Epoch 30, Training loss: 0.0827, 
Epoch 31, Training loss: 0.0808, 
Epoch 32, Training loss: 0.0782, 
Epoch 33, Training loss: 0.0768, 
Epoch 34, Training loss: 0.0746, 
Epoch 35, Training loss: 0.0724, 
Epoch 36, Training loss: 0.0722, 
Epoch 37, Training loss: 0.0695, 
Epoch 38, Training loss: 0.0689, 
Epoch 39, Training loss: 0.0676, 
Epoch 40, Training loss: 0.0662, 
Epoch 41, Training loss: 0.0650, 
Epoch 42, Training loss: 0.0639, 
Epoch 43, Training loss: 0.0640, 
Epoch 44, Training loss: 0.0631, 
Epoch 45, Training loss: 0.0617, 
Epoch 46, Training loss: 0.0609, 
Epoch 47, Training loss: 0.0608, 
Epoch 48, Training loss: 0.0608, 
Epoch 49, Training loss: 0.0593, 
Epoch 50, Training loss: 0.0582, 
Network count: 4
Finished making config for num_voters=50-m=7-num_winners=5-pref_dist=IAC-axioms=all-features=bcr-loss=L1Loss()-idx=3
Beginning to train num_voters=50-m=7-num_winners=5-pref_dist=IAC-axioms=all-features=bcr-loss=L1Loss()-idx=3
LOAD MODEL PATH: /scratch/b8armstr/thesis_results/trained_networks/NN-num_voters=50-m=7-num_winners=5-pref_dist=IAC-axioms=all-features=bcr-loss=L1Loss()-idx=3-.pt
Saved network not found. Beginning training. Caught exception: [Errno 2] No such file or directory: '/scratch/b8armstr/thesis_results/trained_networks/NN-num_voters=50-m=7-num_winners=5-pref_dist=IAC-axioms=all-features=bcr-loss=L1Loss()-idx=3-.pt'
Epoch 1, Training loss: 0.3368, 
Epoch 2, Training loss: 0.2713, 
Epoch 3, Training loss: 0.2304, 
Epoch 4, Training loss: 0.2187, 
Epoch 5, Training loss: 0.2107, 
Epoch 6, Training loss: 0.2043, 
Epoch 7, Training loss: 0.1979, 
Epoch 8, Training loss: 0.1920, 
Epoch 9, Training loss: 0.1871, 
Epoch 10, Training loss: 0.1823, 
Epoch 11, Training loss: 0.1721, 
Epoch 12, Training loss: 0.1666, 
Epoch 13, Training loss: 0.1626, 
Epoch 14, Training loss: 0.1596, 
Epoch 15, Training loss: 0.1568, 
Epoch 16, Training loss: 0.1537, 
Epoch 17, Training loss: 0.1487, 
Epoch 18, Training loss: 0.1419, 
Epoch 19, Training loss: 0.1337, 
Epoch 20, Training loss: 0.1267, 
Epoch 21, Training loss: 0.1210, 
Epoch 22, Training loss: 0.1089, 
Epoch 23, Training loss: 0.1018, 
Epoch 24, Training loss: 0.0968, 
Epoch 25, Training loss: 0.0931, 
Epoch 26, Training loss: 0.0896, 
Epoch 27, Training loss: 0.0868, 
Epoch 28, Training loss: 0.0841, 
Epoch 29, Training loss: 0.0814, 
Epoch 30, Training loss: 0.0794, 
Epoch 31, Training loss: 0.0771, 
Epoch 32, Training loss: 0.0749, 
Epoch 33, Training loss: 0.0732, 
Epoch 34, Training loss: 0.0711, 
Epoch 35, Training loss: 0.0702, 
Epoch 36, Training loss: 0.0681, 
Epoch 37, Training loss: 0.0673, 
Epoch 38, Training loss: 0.0666, 
Epoch 39, Training loss: 0.0647, 
Epoch 40, Training loss: 0.0642, 
Epoch 41, Training loss: 0.0629, 
Epoch 42, Training loss: 0.0619, 
Epoch 43, Training loss: 0.0612, 
Epoch 44, Training loss: 0.0611, 
Epoch 45, Training loss: 0.0599, 
Epoch 46, Training loss: 0.0590, 
Epoch 47, Training loss: 0.0579, 
Epoch 48, Training loss: 0.0575, 
Epoch 49, Training loss: 0.0574, 
Epoch 50, Training loss: 0.0568, 
Network count: 5
Finished making config for num_voters=50-m=7-num_winners=5-pref_dist=IAC-axioms=all-features=bcr-loss=L1Loss()-idx=4
Beginning to train num_voters=50-m=7-num_winners=5-pref_dist=IAC-axioms=all-features=bcr-loss=L1Loss()-idx=4
LOAD MODEL PATH: /scratch/b8armstr/thesis_results/trained_networks/NN-num_voters=50-m=7-num_winners=5-pref_dist=IAC-axioms=all-features=bcr-loss=L1Loss()-idx=4-.pt
Saved network not found. Beginning training. Caught exception: [Errno 2] No such file or directory: '/scratch/b8armstr/thesis_results/trained_networks/NN-num_voters=50-m=7-num_winners=5-pref_dist=IAC-axioms=all-features=bcr-loss=L1Loss()-idx=4-.pt'
Epoch 1, Training loss: 0.3449, 
Epoch 2, Training loss: 0.2741, 
Epoch 3, Training loss: 0.2413, 
Epoch 4, Training loss: 0.2229, 
Epoch 5, Training loss: 0.2141, 
Epoch 6, Training loss: 0.2089, 
Epoch 7, Training loss: 0.2038, 
Epoch 8, Training loss: 0.1982, 
Epoch 9, Training loss: 0.1923, 
Epoch 10, Training loss: 0.1874, 
Epoch 11, Training loss: 0.1824, 
Epoch 12, Training loss: 0.1731, 
Epoch 13, Training loss: 0.1679, 
Epoch 14, Training loss: 0.1642, 
Epoch 15, Training loss: 0.1607, 
Epoch 16, Training loss: 0.1578, 
Epoch 17, Training loss: 0.1548, 
Epoch 18, Training loss: 0.1494, 
Epoch 19, Training loss: 0.1429, 
Epoch 20, Training loss: 0.1356, 
Epoch 21, Training loss: 0.1249, 
Epoch 22, Training loss: 0.1149, 
Epoch 23, Training loss: 0.1063, 
Epoch 24, Training loss: 0.1016, 
Epoch 25, Training loss: 0.0977, 
Epoch 26, Training loss: 0.0947, 
Epoch 27, Training loss: 0.0914, 
Epoch 28, Training loss: 0.0886, 
Epoch 29, Training loss: 0.0858, 
Epoch 30, Training loss: 0.0833, 
Epoch 31, Training loss: 0.0813, 
Epoch 32, Training loss: 0.0789, 
Epoch 33, Training loss: 0.0775, 
Epoch 34, Training loss: 0.0757, 
Epoch 35, Training loss: 0.0741, 
Epoch 36, Training loss: 0.0724, 
Epoch 37, Training loss: 0.0709, 
Epoch 38, Training loss: 0.0698, 
Epoch 39, Training loss: 0.0690, 
Epoch 40, Training loss: 0.0674, 
Epoch 41, Training loss: 0.0663, 
Epoch 42, Training loss: 0.0657, 
Epoch 43, Training loss: 0.0651, 
Epoch 44, Training loss: 0.0648, 
Epoch 45, Training loss: 0.0635, 
Epoch 46, Training loss: 0.0628, 
Epoch 47, Training loss: 0.0617, 
Epoch 48, Training loss: 0.0620, 
Epoch 49, Training loss: 0.0609, 
Epoch 50, Training loss: 0.0604, 
Network count: 6
Finished making config for num_voters=50-m=7-num_winners=5-pref_dist=IAC-axioms=all-features=bcr-loss=L1Loss()-idx=5
Beginning to train num_voters=50-m=7-num_winners=5-pref_dist=IAC-axioms=all-features=bcr-loss=L1Loss()-idx=5
LOAD MODEL PATH: /scratch/b8armstr/thesis_results/trained_networks/NN-num_voters=50-m=7-num_winners=5-pref_dist=IAC-axioms=all-features=bcr-loss=L1Loss()-idx=5-.pt
Saved network not found. Beginning training. Caught exception: [Errno 2] No such file or directory: '/scratch/b8armstr/thesis_results/trained_networks/NN-num_voters=50-m=7-num_winners=5-pref_dist=IAC-axioms=all-features=bcr-loss=L1Loss()-idx=5-.pt'
Epoch 1, Training loss: 0.3438, 
Epoch 2, Training loss: 0.2724, 
Epoch 3, Training loss: 0.2369, 
Epoch 4, Training loss: 0.2219, 
Epoch 5, Training loss: 0.2137, 
Epoch 6, Training loss: 0.2063, 
Epoch 7, Training loss: 0.1994, 
Epoch 8, Training loss: 0.1926, 
Epoch 9, Training loss: 0.1872, 
Epoch 10, Training loss: 0.1770, 
Epoch 11, Training loss: 0.1708, 
Epoch 12, Training loss: 0.1671, 
Epoch 13, Training loss: 0.1638, 
Epoch 14, Training loss: 0.1597, 
Epoch 15, Training loss: 0.1563, 
Epoch 16, Training loss: 0.1494, 
Epoch 17, Training loss: 0.1417, 
Epoch 18, Training loss: 0.1346, 
Epoch 19, Training loss: 0.1302, 
Epoch 20, Training loss: 0.1258, 
Epoch 21, Training loss: 0.1172, 
Epoch 22, Training loss: 0.1075, 
Epoch 23, Training loss: 0.1028, 
Epoch 24, Training loss: 0.0986, 
Epoch 25, Training loss: 0.0953, 
Epoch 26, Training loss: 0.0918, 
Epoch 27, Training loss: 0.0888, 
Epoch 28, Training loss: 0.0867, 
Epoch 29, Training loss: 0.0839, 
Epoch 30, Training loss: 0.0814, 
Epoch 31, Training loss: 0.0788, 
Epoch 32, Training loss: 0.0770, 
Epoch 33, Training loss: 0.0758, 
Epoch 34, Training loss: 0.0741, 
Epoch 35, Training loss: 0.0722, 
Epoch 36, Training loss: 0.0708, 
Epoch 37, Training loss: 0.0699, 
Epoch 38, Training loss: 0.0687, 
Epoch 39, Training loss: 0.0676, 
Epoch 40, Training loss: 0.0669, 
Epoch 41, Training loss: 0.0654, 
Epoch 42, Training loss: 0.0649, 
Epoch 43, Training loss: 0.0642, 
Epoch 44, Training loss: 0.0629, 
Epoch 45, Training loss: 0.0628, 
Epoch 46, Training loss: 0.0612, 
Epoch 47, Training loss: 0.0613, 
Epoch 48, Training loss: 0.0603, 
Epoch 49, Training loss: 0.0602, 
Epoch 50, Training loss: 0.0591, 
Network count: 7
Finished making config for num_voters=50-m=7-num_winners=5-pref_dist=IAC-axioms=all-features=bcr-loss=L1Loss()-idx=6
Beginning to train num_voters=50-m=7-num_winners=5-pref_dist=IAC-axioms=all-features=bcr-loss=L1Loss()-idx=6
LOAD MODEL PATH: /scratch/b8armstr/thesis_results/trained_networks/NN-num_voters=50-m=7-num_winners=5-pref_dist=IAC-axioms=all-features=bcr-loss=L1Loss()-idx=6-.pt
Saved network not found. Beginning training. Caught exception: [Errno 2] No such file or directory: '/scratch/b8armstr/thesis_results/trained_networks/NN-num_voters=50-m=7-num_winners=5-pref_dist=IAC-axioms=all-features=bcr-loss=L1Loss()-idx=6-.pt'
Epoch 1, Training loss: 0.3435, 
Epoch 2, Training loss: 0.2721, 
Epoch 3, Training loss: 0.2326, 
Epoch 4, Training loss: 0.2188, 
Epoch 5, Training loss: 0.2113, 
Epoch 6, Training loss: 0.2071, 
Epoch 7, Training loss: 0.2028, 
Epoch 8, Training loss: 0.1975, 
Epoch 9, Training loss: 0.1927, 
Epoch 10, Training loss: 0.1887, 
Epoch 11, Training loss: 0.1848, 
Epoch 12, Training loss: 0.1776, 
Epoch 13, Training loss: 0.1698, 
Epoch 14, Training loss: 0.1661, 
Epoch 15, Training loss: 0.1631, 
Epoch 16, Training loss: 0.1611, 
Epoch 17, Training loss: 0.1587, 
Epoch 18, Training loss: 0.1564, 
Epoch 19, Training loss: 0.1520, 
Epoch 20, Training loss: 0.1447, 
Epoch 21, Training loss: 0.1414, 
Epoch 22, Training loss: 0.1346, 
Epoch 23, Training loss: 0.1249, 
Epoch 24, Training loss: 0.1172, 
Epoch 25, Training loss: 0.1116, 
Epoch 26, Training loss: 0.1047, 
Epoch 27, Training loss: 0.0990, 
Epoch 28, Training loss: 0.0958, 
Epoch 29, Training loss: 0.0917, 
Epoch 30, Training loss: 0.0887, 
Epoch 31, Training loss: 0.0866, 
Epoch 32, Training loss: 0.0835, 
Epoch 33, Training loss: 0.0811, 
Epoch 34, Training loss: 0.0787, 
Epoch 35, Training loss: 0.0773, 
Epoch 36, Training loss: 0.0758, 
Epoch 37, Training loss: 0.0741, 
Epoch 38, Training loss: 0.0725, 
Epoch 39, Training loss: 0.0711, 
Epoch 40, Training loss: 0.0701, 
Epoch 41, Training loss: 0.0692, 
Epoch 42, Training loss: 0.0683, 
Epoch 43, Training loss: 0.0668, 
Epoch 44, Training loss: 0.0663, 
Epoch 45, Training loss: 0.0653, 
Epoch 46, Training loss: 0.0644, 
Epoch 47, Training loss: 0.0637, 
Epoch 48, Training loss: 0.0629, 
Epoch 49, Training loss: 0.0622, 
Epoch 50, Training loss: 0.0618, 
Network count: 8
Finished making config for num_voters=50-m=7-num_winners=5-pref_dist=IAC-axioms=all-features=bcr-loss=L1Loss()-idx=7
Beginning to train num_voters=50-m=7-num_winners=5-pref_dist=IAC-axioms=all-features=bcr-loss=L1Loss()-idx=7
LOAD MODEL PATH: /scratch/b8armstr/thesis_results/trained_networks/NN-num_voters=50-m=7-num_winners=5-pref_dist=IAC-axioms=all-features=bcr-loss=L1Loss()-idx=7-.pt
Saved network not found. Beginning training. Caught exception: [Errno 2] No such file or directory: '/scratch/b8armstr/thesis_results/trained_networks/NN-num_voters=50-m=7-num_winners=5-pref_dist=IAC-axioms=all-features=bcr-loss=L1Loss()-idx=7-.pt'
Epoch 1, Training loss: 0.3461, 
Epoch 2, Training loss: 0.2756, 
Epoch 3, Training loss: 0.2454, 
Epoch 4, Training loss: 0.2210, 
Epoch 5, Training loss: 0.2129, 
Epoch 6, Training loss: 0.2079, 
Epoch 7, Training loss: 0.2028, 
Epoch 8, Training loss: 0.1967, 
Epoch 9, Training loss: 0.1911, 
Epoch 10, Training loss: 0.1860, 
Epoch 11, Training loss: 0.1824, 
Epoch 12, Training loss: 0.1799, 
Epoch 13, Training loss: 0.1775, 
Epoch 14, Training loss: 0.1745, 
Epoch 15, Training loss: 0.1659, 
Epoch 16, Training loss: 0.1554, 
Epoch 17, Training loss: 0.1487, 
Epoch 18, Training loss: 0.1455, 
Epoch 19, Training loss: 0.1425, 
Epoch 20, Training loss: 0.1396, 
Epoch 21, Training loss: 0.1365, 
Epoch 22, Training loss: 0.1296, 
Epoch 23, Training loss: 0.1191, 
Epoch 24, Training loss: 0.1079, 
Epoch 25, Training loss: 0.1005, 
Epoch 26, Training loss: 0.0966, 
Epoch 27, Training loss: 0.0932, 
Epoch 28, Training loss: 0.0902, 
Epoch 29, Training loss: 0.0872, 
Epoch 30, Training loss: 0.0844, 
Epoch 31, Training loss: 0.0827, 
Epoch 32, Training loss: 0.0793, 
Epoch 33, Training loss: 0.0776, 
Epoch 34, Training loss: 0.0757, 
Epoch 35, Training loss: 0.0736, 
Epoch 36, Training loss: 0.0720, 
Epoch 37, Training loss: 0.0714, 
Epoch 38, Training loss: 0.0695, 
Epoch 39, Training loss: 0.0685, 
Epoch 40, Training loss: 0.0672, 
Epoch 41, Training loss: 0.0668, 
Epoch 42, Training loss: 0.0656, 
Epoch 43, Training loss: 0.0642, 
Epoch 44, Training loss: 0.0638, 
Epoch 45, Training loss: 0.0624, 
Epoch 46, Training loss: 0.0621, 
Epoch 47, Training loss: 0.0616, 
Epoch 48, Training loss: 0.0607, 
Epoch 49, Training loss: 0.0604, 
Epoch 50, Training loss: 0.0594, 
Network count: 9
Finished making config for num_voters=50-m=7-num_winners=5-pref_dist=IAC-axioms=all-features=bcr-loss=L1Loss()-idx=8
Beginning to train num_voters=50-m=7-num_winners=5-pref_dist=IAC-axioms=all-features=bcr-loss=L1Loss()-idx=8
LOAD MODEL PATH: /scratch/b8armstr/thesis_results/trained_networks/NN-num_voters=50-m=7-num_winners=5-pref_dist=IAC-axioms=all-features=bcr-loss=L1Loss()-idx=8-.pt
Saved network not found. Beginning training. Caught exception: [Errno 2] No such file or directory: '/scratch/b8armstr/thesis_results/trained_networks/NN-num_voters=50-m=7-num_winners=5-pref_dist=IAC-axioms=all-features=bcr-loss=L1Loss()-idx=8-.pt'
Epoch 1, Training loss: 0.3414, 
Epoch 2, Training loss: 0.2760, 
Epoch 3, Training loss: 0.2550, 
Epoch 4, Training loss: 0.2258, 
Epoch 5, Training loss: 0.2155, 
Epoch 6, Training loss: 0.2084, 
Epoch 7, Training loss: 0.2034, 
Epoch 8, Training loss: 0.1975, 
Epoch 9, Training loss: 0.1901, 
Epoch 10, Training loss: 0.1785, 
Epoch 11, Training loss: 0.1724, 
Epoch 12, Training loss: 0.1678, 
Epoch 13, Training loss: 0.1643, 
Epoch 14, Training loss: 0.1613, 
Epoch 15, Training loss: 0.1591, 
Epoch 16, Training loss: 0.1559, 
Epoch 17, Training loss: 0.1522, 
Epoch 18, Training loss: 0.1449, 
Epoch 19, Training loss: 0.1391, 
Epoch 20, Training loss: 0.1288, 
Epoch 21, Training loss: 0.1195, 
Epoch 22, Training loss: 0.1124, 
Epoch 23, Training loss: 0.1050, 
Epoch 24, Training loss: 0.1009, 
Epoch 25, Training loss: 0.0970, 
Epoch 26, Training loss: 0.0935, 
Epoch 27, Training loss: 0.0908, 
Epoch 28, Training loss: 0.0877, 
Epoch 29, Training loss: 0.0851, 
Epoch 30, Training loss: 0.0824, 
Epoch 31, Training loss: 0.0798, 
Epoch 32, Training loss: 0.0778, 
Epoch 33, Training loss: 0.0755, 
Epoch 34, Training loss: 0.0748, 
Epoch 35, Training loss: 0.0720, 
Epoch 36, Training loss: 0.0709, 
Epoch 37, Training loss: 0.0696, 
Epoch 38, Training loss: 0.0684, 
Epoch 39, Training loss: 0.0674, 
Epoch 40, Training loss: 0.0666, 
Epoch 41, Training loss: 0.0653, 
Epoch 42, Training loss: 0.0643, 
Epoch 43, Training loss: 0.0638, 
Epoch 44, Training loss: 0.0629, 
Epoch 45, Training loss: 0.0623, 
Epoch 46, Training loss: 0.0614, 
Epoch 47, Training loss: 0.0610, 
Epoch 48, Training loss: 0.0600, 
Epoch 49, Training loss: 0.0596, 
Epoch 50, Training loss: 0.0585, 
Network count: 10
Finished making config for num_voters=50-m=7-num_winners=5-pref_dist=IAC-axioms=all-features=bcr-loss=L1Loss()-idx=9
Beginning to train num_voters=50-m=7-num_winners=5-pref_dist=IAC-axioms=all-features=bcr-loss=L1Loss()-idx=9
LOAD MODEL PATH: /scratch/b8armstr/thesis_results/trained_networks/NN-num_voters=50-m=7-num_winners=5-pref_dist=IAC-axioms=all-features=bcr-loss=L1Loss()-idx=9-.pt
Saved network not found. Beginning training. Caught exception: [Errno 2] No such file or directory: '/scratch/b8armstr/thesis_results/trained_networks/NN-num_voters=50-m=7-num_winners=5-pref_dist=IAC-axioms=all-features=bcr-loss=L1Loss()-idx=9-.pt'
Epoch 1, Training loss: 0.3454, 
Epoch 2, Training loss: 0.2765, 
Epoch 3, Training loss: 0.2583, 
Epoch 4, Training loss: 0.2245, 
Epoch 5, Training loss: 0.2143, 
Epoch 6, Training loss: 0.2086, 
Epoch 7, Training loss: 0.2036, 
Epoch 8, Training loss: 0.1977, 
Epoch 9, Training loss: 0.1919, 
Epoch 10, Training loss: 0.1859, 
Epoch 11, Training loss: 0.1758, 
Epoch 12, Training loss: 0.1694, 
Epoch 13, Training loss: 0.1655, 
Epoch 14, Training loss: 0.1620, 
Epoch 15, Training loss: 0.1558, 
Epoch 16, Training loss: 0.1445, 
Epoch 17, Training loss: 0.1361, 
Epoch 18, Training loss: 0.1285, 
Epoch 19, Training loss: 0.1210, 
Epoch 20, Training loss: 0.1158, 
Epoch 21, Training loss: 0.1081, 
Epoch 22, Training loss: 0.1020, 
Epoch 23, Training loss: 0.0987, 
Epoch 24, Training loss: 0.0953, 
Epoch 25, Training loss: 0.0920, 
Epoch 26, Training loss: 0.0887, 
Epoch 27, Training loss: 0.0858, 
Epoch 28, Training loss: 0.0829, 
Epoch 29, Training loss: 0.0807, 
Epoch 30, Training loss: 0.0782, 
Epoch 31, Training loss: 0.0768, 
Epoch 32, Training loss: 0.0749, 
Epoch 33, Training loss: 0.0728, 
Epoch 34, Training loss: 0.0716, 
Epoch 35, Training loss: 0.0707, 
Epoch 36, Training loss: 0.0692, 
Epoch 37, Training loss: 0.0682, 
Epoch 38, Training loss: 0.0668, 
Epoch 39, Training loss: 0.0673, 
Epoch 40, Training loss: 0.0653, 
Epoch 41, Training loss: 0.0650, 
Epoch 42, Training loss: 0.0642, 
Epoch 43, Training loss: 0.0629, 
Epoch 44, Training loss: 0.0624, 
Epoch 45, Training loss: 0.0620, 
Epoch 46, Training loss: 0.0612, 
Epoch 47, Training loss: 0.0604, 
Epoch 48, Training loss: 0.0599, 
Epoch 49, Training loss: 0.0599, 
Epoch 50, Training loss: 0.0587, 
Network count: 11
Finished making config for num_voters=50-m=7-num_winners=5-pref_dist=IAC-axioms=all-features=bcr-loss=L1Loss()-idx=10
Beginning to train num_voters=50-m=7-num_winners=5-pref_dist=IAC-axioms=all-features=bcr-loss=L1Loss()-idx=10
LOAD MODEL PATH: /scratch/b8armstr/thesis_results/trained_networks/NN-num_voters=50-m=7-num_winners=5-pref_dist=IAC-axioms=all-features=bcr-loss=L1Loss()-idx=10-.pt
Saved network not found. Beginning training. Caught exception: [Errno 2] No such file or directory: '/scratch/b8armstr/thesis_results/trained_networks/NN-num_voters=50-m=7-num_winners=5-pref_dist=IAC-axioms=all-features=bcr-loss=L1Loss()-idx=10-.pt'
Epoch 1, Training loss: 0.3436, 
Epoch 2, Training loss: 0.2755, 
Epoch 3, Training loss: 0.2518, 
Epoch 4, Training loss: 0.2391, 
Epoch 5, Training loss: 0.2179, 
Epoch 6, Training loss: 0.2124, 
Epoch 7, Training loss: 0.2072, 
Epoch 8, Training loss: 0.2010, 
Epoch 9, Training loss: 0.1947, 
Epoch 10, Training loss: 0.1867, 
Epoch 11, Training loss: 0.1767, 
Epoch 12, Training loss: 0.1716, 
Epoch 13, Training loss: 0.1678, 
Epoch 14, Training loss: 0.1645, 
Epoch 15, Training loss: 0.1615, 
Epoch 16, Training loss: 0.1587, 
Epoch 17, Training loss: 0.1565, 
Epoch 18, Training loss: 0.1540, 
Epoch 19, Training loss: 0.1514, 
Epoch 20, Training loss: 0.1482, 
Epoch 21, Training loss: 0.1395, 
Epoch 22, Training loss: 0.1289, 
Epoch 23, Training loss: 0.1203, 
Epoch 24, Training loss: 0.1123, 
Epoch 25, Training loss: 0.1076, 
Epoch 26, Training loss: 0.1040, 
Epoch 27, Training loss: 0.1004, 
Epoch 28, Training loss: 0.0970, 
Epoch 29, Training loss: 0.0932, 
Epoch 30, Training loss: 0.0909, 
Epoch 31, Training loss: 0.0875, 
Epoch 32, Training loss: 0.0854, 
Epoch 33, Training loss: 0.0824, 
Epoch 34, Training loss: 0.0800, 
Epoch 35, Training loss: 0.0777, 
Epoch 36, Training loss: 0.0767, 
Epoch 37, Training loss: 0.0746, 
Epoch 38, Training loss: 0.0737, 
Epoch 39, Training loss: 0.0721, 
Epoch 40, Training loss: 0.0710, 
Epoch 41, Training loss: 0.0695, 
Epoch 42, Training loss: 0.0686, 
Epoch 43, Training loss: 0.0674, 
Epoch 44, Training loss: 0.0679, 
Epoch 45, Training loss: 0.0658, 
Epoch 46, Training loss: 0.0651, 
Epoch 47, Training loss: 0.0643, 
Epoch 48, Training loss: 0.0639, 
Epoch 49, Training loss: 0.0627, 
Epoch 50, Training loss: 0.0626, 
Network count: 12
Finished making config for num_voters=50-m=7-num_winners=5-pref_dist=IAC-axioms=all-features=bcr-loss=L1Loss()-idx=11
Beginning to train num_voters=50-m=7-num_winners=5-pref_dist=IAC-axioms=all-features=bcr-loss=L1Loss()-idx=11
LOAD MODEL PATH: /scratch/b8armstr/thesis_results/trained_networks/NN-num_voters=50-m=7-num_winners=5-pref_dist=IAC-axioms=all-features=bcr-loss=L1Loss()-idx=11-.pt
Saved network not found. Beginning training. Caught exception: [Errno 2] No such file or directory: '/scratch/b8armstr/thesis_results/trained_networks/NN-num_voters=50-m=7-num_winners=5-pref_dist=IAC-axioms=all-features=bcr-loss=L1Loss()-idx=11-.pt'
Epoch 1, Training loss: 0.3408, 
Epoch 2, Training loss: 0.2765, 
Epoch 3, Training loss: 0.2601, 
Epoch 4, Training loss: 0.2261, 
Epoch 5, Training loss: 0.2151, 
Epoch 6, Training loss: 0.2096, 
Epoch 7, Training loss: 0.2050, 
Epoch 8, Training loss: 0.1993, 
Epoch 9, Training loss: 0.1933, 
Epoch 10, Training loss: 0.1828, 
Epoch 11, Training loss: 0.1746, 
Epoch 12, Training loss: 0.1705, 
Epoch 13, Training loss: 0.1670, 
Epoch 14, Training loss: 0.1644, 
Epoch 15, Training loss: 0.1611, 
Epoch 16, Training loss: 0.1587, 
Epoch 17, Training loss: 0.1566, 
Epoch 18, Training loss: 0.1547, 
Epoch 19, Training loss: 0.1527, 
Epoch 20, Training loss: 0.1511, 
Epoch 21, Training loss: 0.1491, 
Epoch 22, Training loss: 0.1454, 
Epoch 23, Training loss: 0.1346, 
Epoch 24, Training loss: 0.1229, 
Epoch 25, Training loss: 0.1120, 
Epoch 26, Training loss: 0.1050, 
Epoch 27, Training loss: 0.1010, 
Epoch 28, Training loss: 0.0965, 
Epoch 29, Training loss: 0.0928, 
Epoch 30, Training loss: 0.0897, 
Epoch 31, Training loss: 0.0870, 
Epoch 32, Training loss: 0.0846, 
Epoch 33, Training loss: 0.0815, 
Epoch 34, Training loss: 0.0795, 
Epoch 35, Training loss: 0.0772, 
Epoch 36, Training loss: 0.0756, 
Epoch 37, Training loss: 0.0741, 
Epoch 38, Training loss: 0.0730, 
Epoch 39, Training loss: 0.0720, 
Epoch 40, Training loss: 0.0704, 
Epoch 41, Training loss: 0.0693, 
Epoch 42, Training loss: 0.0683, 
Epoch 43, Training loss: 0.0668, 
Epoch 44, Training loss: 0.0663, 
Epoch 45, Training loss: 0.0657, 
Epoch 46, Training loss: 0.0654, 
Epoch 47, Training loss: 0.0637, 
Epoch 48, Training loss: 0.0633, 
Epoch 49, Training loss: 0.0627, 
Epoch 50, Training loss: 0.0612, 
Network count: 13
Finished making config for num_voters=50-m=7-num_winners=5-pref_dist=IAC-axioms=all-features=bcr-loss=L1Loss()-idx=12
Beginning to train num_voters=50-m=7-num_winners=5-pref_dist=IAC-axioms=all-features=bcr-loss=L1Loss()-idx=12
LOAD MODEL PATH: /scratch/b8armstr/thesis_results/trained_networks/NN-num_voters=50-m=7-num_winners=5-pref_dist=IAC-axioms=all-features=bcr-loss=L1Loss()-idx=12-.pt
Saved network not found. Beginning training. Caught exception: [Errno 2] No such file or directory: '/scratch/b8armstr/thesis_results/trained_networks/NN-num_voters=50-m=7-num_winners=5-pref_dist=IAC-axioms=all-features=bcr-loss=L1Loss()-idx=12-.pt'
Epoch 1, Training loss: 0.3420, 
Epoch 2, Training loss: 0.2758, 
Epoch 3, Training loss: 0.2483, 
Epoch 4, Training loss: 0.2208, 
Epoch 5, Training loss: 0.2126, 
Epoch 6, Training loss: 0.2070, 
Epoch 7, Training loss: 0.1997, 
Epoch 8, Training loss: 0.1933, 
Epoch 9, Training loss: 0.1865, 
Epoch 10, Training loss: 0.1760, 
Epoch 11, Training loss: 0.1697, 
Epoch 12, Training loss: 0.1662, 
Epoch 13, Training loss: 0.1627, 
Epoch 14, Training loss: 0.1598, 
Epoch 15, Training loss: 0.1575, 
Epoch 16, Training loss: 0.1552, 
Epoch 17, Training loss: 0.1535, 
Epoch 18, Training loss: 0.1510, 
Epoch 19, Training loss: 0.1480, 
Epoch 20, Training loss: 0.1411, 
Epoch 21, Training loss: 0.1330, 
Epoch 22, Training loss: 0.1207, 
Epoch 23, Training loss: 0.1128, 
Epoch 24, Training loss: 0.1069, 
Epoch 25, Training loss: 0.1027, 
Epoch 26, Training loss: 0.0989, 
Epoch 27, Training loss: 0.0962, 
Epoch 28, Training loss: 0.0932, 
Epoch 29, Training loss: 0.0907, 
Epoch 30, Training loss: 0.0883, 
Epoch 31, Training loss: 0.0852, 
Epoch 32, Training loss: 0.0825, 
Epoch 33, Training loss: 0.0804, 
Epoch 34, Training loss: 0.0785, 
Epoch 35, Training loss: 0.0769, 
Epoch 36, Training loss: 0.0756, 
Epoch 37, Training loss: 0.0733, 
Epoch 38, Training loss: 0.0728, 
Epoch 39, Training loss: 0.0707, 
Epoch 40, Training loss: 0.0699, 
Epoch 41, Training loss: 0.0688, 
Epoch 42, Training loss: 0.0675, 
Epoch 43, Training loss: 0.0675, 
Epoch 44, Training loss: 0.0662, 
Epoch 45, Training loss: 0.0654, 
Epoch 46, Training loss: 0.0641, 
Epoch 47, Training loss: 0.0630, 
Epoch 48, Training loss: 0.0624, 
Epoch 49, Training loss: 0.0625, 
Epoch 50, Training loss: 0.0616, 
Network count: 14
Finished making config for num_voters=50-m=7-num_winners=5-pref_dist=IAC-axioms=all-features=bcr-loss=L1Loss()-idx=13
Beginning to train num_voters=50-m=7-num_winners=5-pref_dist=IAC-axioms=all-features=bcr-loss=L1Loss()-idx=13
LOAD MODEL PATH: /scratch/b8armstr/thesis_results/trained_networks/NN-num_voters=50-m=7-num_winners=5-pref_dist=IAC-axioms=all-features=bcr-loss=L1Loss()-idx=13-.pt
Saved network not found. Beginning training. Caught exception: [Errno 2] No such file or directory: '/scratch/b8armstr/thesis_results/trained_networks/NN-num_voters=50-m=7-num_winners=5-pref_dist=IAC-axioms=all-features=bcr-loss=L1Loss()-idx=13-.pt'
Epoch 1, Training loss: 0.3439, 
Epoch 2, Training loss: 0.2769, 
Epoch 3, Training loss: 0.2711, 
Epoch 4, Training loss: 0.2312, 
Epoch 5, Training loss: 0.2188, 
Epoch 6, Training loss: 0.2121, 
Epoch 7, Training loss: 0.2081, 
Epoch 8, Training loss: 0.2043, 
Epoch 9, Training loss: 0.1993, 
Epoch 10, Training loss: 0.1923, 
Epoch 11, Training loss: 0.1846, 
Epoch 12, Training loss: 0.1736, 
Epoch 13, Training loss: 0.1685, 
Epoch 14, Training loss: 0.1647, 
Epoch 15, Training loss: 0.1619, 
Epoch 16, Training loss: 0.1590, 
Epoch 17, Training loss: 0.1571, 
Epoch 18, Training loss: 0.1544, 
Epoch 19, Training loss: 0.1525, 
Epoch 20, Training loss: 0.1482, 
Epoch 21, Training loss: 0.1389, 
Epoch 22, Training loss: 0.1306, 
Epoch 23, Training loss: 0.1268, 
Epoch 24, Training loss: 0.1221, 
Epoch 25, Training loss: 0.1167, 
Epoch 26, Training loss: 0.1099, 
Epoch 27, Training loss: 0.1055, 
Epoch 28, Training loss: 0.1009, 
Epoch 29, Training loss: 0.0939, 
Epoch 30, Training loss: 0.0906, 
Epoch 31, Training loss: 0.0879, 
Epoch 32, Training loss: 0.0854, 
Epoch 33, Training loss: 0.0835, 
Epoch 34, Training loss: 0.0821, 
Epoch 35, Training loss: 0.0802, 
Epoch 36, Training loss: 0.0780, 
Epoch 37, Training loss: 0.0767, 
Epoch 38, Training loss: 0.0749, 
Epoch 39, Training loss: 0.0734, 
Epoch 40, Training loss: 0.0717, 
Epoch 41, Training loss: 0.0707, 
Epoch 42, Training loss: 0.0692, 
Epoch 43, Training loss: 0.0684, 
Epoch 44, Training loss: 0.0664, 
Epoch 45, Training loss: 0.0658, 
Epoch 46, Training loss: 0.0655, 
Epoch 47, Training loss: 0.0647, 
Epoch 48, Training loss: 0.0631, 
Epoch 49, Training loss: 0.0622, 
Epoch 50, Training loss: 0.0622, 
Network count: 15
Finished making config for num_voters=50-m=7-num_winners=5-pref_dist=IAC-axioms=all-features=bcr-loss=L1Loss()-idx=14
Beginning to train num_voters=50-m=7-num_winners=5-pref_dist=IAC-axioms=all-features=bcr-loss=L1Loss()-idx=14
LOAD MODEL PATH: /scratch/b8armstr/thesis_results/trained_networks/NN-num_voters=50-m=7-num_winners=5-pref_dist=IAC-axioms=all-features=bcr-loss=L1Loss()-idx=14-.pt
Saved network not found. Beginning training. Caught exception: [Errno 2] No such file or directory: '/scratch/b8armstr/thesis_results/trained_networks/NN-num_voters=50-m=7-num_winners=5-pref_dist=IAC-axioms=all-features=bcr-loss=L1Loss()-idx=14-.pt'
Epoch 1, Training loss: 0.3417, 
Epoch 2, Training loss: 0.2753, 
Epoch 3, Training loss: 0.2423, 
Epoch 4, Training loss: 0.2275, 
Epoch 5, Training loss: 0.2179, 
Epoch 6, Training loss: 0.2114, 
Epoch 7, Training loss: 0.2058, 
Epoch 8, Training loss: 0.1993, 
Epoch 9, Training loss: 0.1923, 
Epoch 10, Training loss: 0.1826, 
Epoch 11, Training loss: 0.1727, 
Epoch 12, Training loss: 0.1677, 
Epoch 13, Training loss: 0.1632, 
Epoch 14, Training loss: 0.1595, 
Epoch 15, Training loss: 0.1570, 
Epoch 16, Training loss: 0.1539, 
Epoch 17, Training loss: 0.1499, 
Epoch 18, Training loss: 0.1414, 
Epoch 19, Training loss: 0.1309, 
Epoch 20, Training loss: 0.1207, 
Epoch 21, Training loss: 0.1140, 
Epoch 22, Training loss: 0.1056, 
Epoch 23, Training loss: 0.1004, 
Epoch 24, Training loss: 0.0967, 
Epoch 25, Training loss: 0.0927, 
Epoch 26, Training loss: 0.0895, 
Epoch 27, Training loss: 0.0875, 
Epoch 28, Training loss: 0.0842, 
Epoch 29, Training loss: 0.0818, 
Epoch 30, Training loss: 0.0789, 
Epoch 31, Training loss: 0.0764, 
Epoch 32, Training loss: 0.0745, 
Epoch 33, Training loss: 0.0730, 
Epoch 34, Training loss: 0.0718, 
Epoch 35, Training loss: 0.0707, 
Epoch 36, Training loss: 0.0692, 
Epoch 37, Training loss: 0.0683, 
Epoch 38, Training loss: 0.0667, 
Epoch 39, Training loss: 0.0661, 
Epoch 40, Training loss: 0.0650, 
Epoch 41, Training loss: 0.0644, 
Epoch 42, Training loss: 0.0636, 
Epoch 43, Training loss: 0.0636, 
Epoch 44, Training loss: 0.0623, 
Epoch 45, Training loss: 0.0611, 
Epoch 46, Training loss: 0.0609, 
Epoch 47, Training loss: 0.0601, 
Epoch 48, Training loss: 0.0591, 
Epoch 49, Training loss: 0.0590, 
Epoch 50, Training loss: 0.0582, 
Network count: 16
Finished making config for num_voters=50-m=7-num_winners=5-pref_dist=IAC-axioms=all-features=bcr-loss=L1Loss()-idx=15
Beginning to train num_voters=50-m=7-num_winners=5-pref_dist=IAC-axioms=all-features=bcr-loss=L1Loss()-idx=15
LOAD MODEL PATH: /scratch/b8armstr/thesis_results/trained_networks/NN-num_voters=50-m=7-num_winners=5-pref_dist=IAC-axioms=all-features=bcr-loss=L1Loss()-idx=15-.pt
Saved network not found. Beginning training. Caught exception: [Errno 2] No such file or directory: '/scratch/b8armstr/thesis_results/trained_networks/NN-num_voters=50-m=7-num_winners=5-pref_dist=IAC-axioms=all-features=bcr-loss=L1Loss()-idx=15-.pt'
Epoch 1, Training loss: 0.3423, 
Epoch 2, Training loss: 0.2764, 
Epoch 3, Training loss: 0.2540, 
Epoch 4, Training loss: 0.2282, 
Epoch 5, Training loss: 0.2168, 
Epoch 6, Training loss: 0.2090, 
Epoch 7, Training loss: 0.2035, 
Epoch 8, Training loss: 0.1959, 
Epoch 9, Training loss: 0.1844, 
Epoch 10, Training loss: 0.1747, 
Epoch 11, Training loss: 0.1697, 
Epoch 12, Training loss: 0.1657, 
Epoch 13, Training loss: 0.1617, 
Epoch 14, Training loss: 0.1593, 
Epoch 15, Training loss: 0.1568, 
Epoch 16, Training loss: 0.1549, 
Epoch 17, Training loss: 0.1526, 
Epoch 18, Training loss: 0.1498, 
Epoch 19, Training loss: 0.1442, 
Epoch 20, Training loss: 0.1382, 
Epoch 21, Training loss: 0.1312, 
Epoch 22, Training loss: 0.1201, 
Epoch 23, Training loss: 0.1127, 
Epoch 24, Training loss: 0.1046, 
Epoch 25, Training loss: 0.1003, 
Epoch 26, Training loss: 0.0969, 
Epoch 27, Training loss: 0.0942, 
Epoch 28, Training loss: 0.0912, 
Epoch 29, Training loss: 0.0880, 
Epoch 30, Training loss: 0.0858, 
Epoch 31, Training loss: 0.0839, 
Epoch 32, Training loss: 0.0823, 
Epoch 33, Training loss: 0.0795, 
Epoch 34, Training loss: 0.0781, 
Epoch 35, Training loss: 0.0759, 
Epoch 36, Training loss: 0.0743, 
Epoch 37, Training loss: 0.0728, 
Epoch 38, Training loss: 0.0716, 
Epoch 39, Training loss: 0.0704, 
Epoch 40, Training loss: 0.0692, 
Epoch 41, Training loss: 0.0678, 
Epoch 42, Training loss: 0.0669, 
Epoch 43, Training loss: 0.0658, 
Epoch 44, Training loss: 0.0650, 
Epoch 45, Training loss: 0.0640, 
Epoch 46, Training loss: 0.0631, 
Epoch 47, Training loss: 0.0631, 
Epoch 48, Training loss: 0.0619, 
Epoch 49, Training loss: 0.0619, 
Epoch 50, Training loss: 0.0603, 
Network count: 17
Finished making config for num_voters=50-m=7-num_winners=5-pref_dist=IAC-axioms=all-features=bcr-loss=L1Loss()-idx=16
Beginning to train num_voters=50-m=7-num_winners=5-pref_dist=IAC-axioms=all-features=bcr-loss=L1Loss()-idx=16
LOAD MODEL PATH: /scratch/b8armstr/thesis_results/trained_networks/NN-num_voters=50-m=7-num_winners=5-pref_dist=IAC-axioms=all-features=bcr-loss=L1Loss()-idx=16-.pt
Saved network not found. Beginning training. Caught exception: [Errno 2] No such file or directory: '/scratch/b8armstr/thesis_results/trained_networks/NN-num_voters=50-m=7-num_winners=5-pref_dist=IAC-axioms=all-features=bcr-loss=L1Loss()-idx=16-.pt'
Epoch 1, Training loss: 0.3369, 
Epoch 2, Training loss: 0.2722, 
Epoch 3, Training loss: 0.2287, 
Epoch 4, Training loss: 0.2175, 
Epoch 5, Training loss: 0.2098, 
Epoch 6, Training loss: 0.2026, 
Epoch 7, Training loss: 0.1883, 
Epoch 8, Training loss: 0.1800, 
Epoch 9, Training loss: 0.1741, 
Epoch 10, Training loss: 0.1692, 
Epoch 11, Training loss: 0.1656, 
Epoch 12, Training loss: 0.1619, 
Epoch 13, Training loss: 0.1583, 
Epoch 14, Training loss: 0.1510, 
Epoch 15, Training loss: 0.1403, 
Epoch 16, Training loss: 0.1347, 
Epoch 17, Training loss: 0.1308, 
Epoch 18, Training loss: 0.1280, 
Epoch 19, Training loss: 0.1244, 
Epoch 20, Training loss: 0.1211, 
Epoch 21, Training loss: 0.1152, 
Epoch 22, Training loss: 0.1050, 
Epoch 23, Training loss: 0.0987, 
Epoch 24, Training loss: 0.0950, 
Epoch 25, Training loss: 0.0917, 
Epoch 26, Training loss: 0.0880, 
Epoch 27, Training loss: 0.0858, 
Epoch 28, Training loss: 0.0833, 
Epoch 29, Training loss: 0.0813, 
Epoch 30, Training loss: 0.0796, 
Epoch 31, Training loss: 0.0774, 
Epoch 32, Training loss: 0.0753, 
Epoch 33, Training loss: 0.0736, 
Epoch 34, Training loss: 0.0723, 
Epoch 35, Training loss: 0.0713, 
Epoch 36, Training loss: 0.0698, 
Epoch 37, Training loss: 0.0687, 
Epoch 38, Training loss: 0.0677, 
Epoch 39, Training loss: 0.0670, 
Epoch 40, Training loss: 0.0657, 
Epoch 41, Training loss: 0.0648, 
Epoch 42, Training loss: 0.0646, 
Epoch 43, Training loss: 0.0644, 
Epoch 44, Training loss: 0.0630, 
Epoch 45, Training loss: 0.0625, 
Epoch 46, Training loss: 0.0615, 
Epoch 47, Training loss: 0.0608, 
Epoch 48, Training loss: 0.0598, 
Epoch 49, Training loss: 0.0603, 
Epoch 50, Training loss: 0.0591, 
Network count: 18
Finished making config for num_voters=50-m=7-num_winners=5-pref_dist=IAC-axioms=all-features=bcr-loss=L1Loss()-idx=17
Beginning to train num_voters=50-m=7-num_winners=5-pref_dist=IAC-axioms=all-features=bcr-loss=L1Loss()-idx=17
LOAD MODEL PATH: /scratch/b8armstr/thesis_results/trained_networks/NN-num_voters=50-m=7-num_winners=5-pref_dist=IAC-axioms=all-features=bcr-loss=L1Loss()-idx=17-.pt
Saved network not found. Beginning training. Caught exception: [Errno 2] No such file or directory: '/scratch/b8armstr/thesis_results/trained_networks/NN-num_voters=50-m=7-num_winners=5-pref_dist=IAC-axioms=all-features=bcr-loss=L1Loss()-idx=17-.pt'
Epoch 1, Training loss: 0.3430, 
Epoch 2, Training loss: 0.2750, 
Epoch 3, Training loss: 0.2454, 
Epoch 4, Training loss: 0.2215, 
Epoch 5, Training loss: 0.2121, 
Epoch 6, Training loss: 0.2073, 
Epoch 7, Training loss: 0.2023, 
Epoch 8, Training loss: 0.1966, 
Epoch 9, Training loss: 0.1915, 
Epoch 10, Training loss: 0.1880, 
Epoch 11, Training loss: 0.1841, 
Epoch 12, Training loss: 0.1796, 
Epoch 13, Training loss: 0.1713, 
Epoch 14, Training loss: 0.1666, 
Epoch 15, Training loss: 0.1636, 
Epoch 16, Training loss: 0.1604, 
Epoch 17, Training loss: 0.1577, 
Epoch 18, Training loss: 0.1549, 
Epoch 19, Training loss: 0.1487, 
Epoch 20, Training loss: 0.1417, 
Epoch 21, Training loss: 0.1348, 
Epoch 22, Training loss: 0.1289, 
Epoch 23, Training loss: 0.1257, 
Epoch 24, Training loss: 0.1231, 
Epoch 25, Training loss: 0.1195, 
Epoch 26, Training loss: 0.1138, 
Epoch 27, Training loss: 0.1065, 
Epoch 28, Training loss: 0.0996, 
Epoch 29, Training loss: 0.0959, 
Epoch 30, Training loss: 0.0921, 
Epoch 31, Training loss: 0.0896, 
Epoch 32, Training loss: 0.0865, 
Epoch 33, Training loss: 0.0841, 
Epoch 34, Training loss: 0.0814, 
Epoch 35, Training loss: 0.0790, 
Epoch 36, Training loss: 0.0773, 
Epoch 37, Training loss: 0.0752, 
Epoch 38, Training loss: 0.0735, 
Epoch 39, Training loss: 0.0719, 
Epoch 40, Training loss: 0.0708, 
Epoch 41, Training loss: 0.0690, 
Epoch 42, Training loss: 0.0686, 
Epoch 43, Training loss: 0.0670, 
Epoch 44, Training loss: 0.0661, 
Epoch 45, Training loss: 0.0652, 
Epoch 46, Training loss: 0.0643, 
Epoch 47, Training loss: 0.0635, 
Epoch 48, Training loss: 0.0629, 
Epoch 49, Training loss: 0.0617, 
Epoch 50, Training loss: 0.0606, 
Network count: 19
Finished making config for num_voters=50-m=7-num_winners=5-pref_dist=IAC-axioms=all-features=bcr-loss=L1Loss()-idx=18
Beginning to train num_voters=50-m=7-num_winners=5-pref_dist=IAC-axioms=all-features=bcr-loss=L1Loss()-idx=18
LOAD MODEL PATH: /scratch/b8armstr/thesis_results/trained_networks/NN-num_voters=50-m=7-num_winners=5-pref_dist=IAC-axioms=all-features=bcr-loss=L1Loss()-idx=18-.pt
Saved network not found. Beginning training. Caught exception: [Errno 2] No such file or directory: '/scratch/b8armstr/thesis_results/trained_networks/NN-num_voters=50-m=7-num_winners=5-pref_dist=IAC-axioms=all-features=bcr-loss=L1Loss()-idx=18-.pt'
Epoch 1, Training loss: 0.3393, 
Epoch 2, Training loss: 0.2755, 
Epoch 3, Training loss: 0.2499, 
Epoch 4, Training loss: 0.2206, 
Epoch 5, Training loss: 0.2123, 
Epoch 6, Training loss: 0.2073, 
Epoch 7, Training loss: 0.2013, 
Epoch 8, Training loss: 0.1953, 
Epoch 9, Training loss: 0.1896, 
Epoch 10, Training loss: 0.1849, 
Epoch 11, Training loss: 0.1795, 
Epoch 12, Training loss: 0.1703, 
Epoch 13, Training loss: 0.1655, 
Epoch 14, Training loss: 0.1621, 
Epoch 15, Training loss: 0.1597, 
Epoch 16, Training loss: 0.1564, 
Epoch 17, Training loss: 0.1531, 
Epoch 18, Training loss: 0.1477, 
Epoch 19, Training loss: 0.1407, 
Epoch 20, Training loss: 0.1315, 
Epoch 21, Training loss: 0.1200, 
Epoch 22, Training loss: 0.1110, 
Epoch 23, Training loss: 0.1058, 
Epoch 24, Training loss: 0.1015, 
Epoch 25, Training loss: 0.0984, 
Epoch 26, Training loss: 0.0947, 
Epoch 27, Training loss: 0.0914, 
Epoch 28, Training loss: 0.0887, 
Epoch 29, Training loss: 0.0859, 
Epoch 30, Training loss: 0.0834, 
Epoch 31, Training loss: 0.0812, 
Epoch 32, Training loss: 0.0790, 
Epoch 33, Training loss: 0.0774, 
Epoch 34, Training loss: 0.0752, 
Epoch 35, Training loss: 0.0740, 
Epoch 36, Training loss: 0.0729, 
Epoch 37, Training loss: 0.0717, 
Epoch 38, Training loss: 0.0707, 
Epoch 39, Training loss: 0.0693, 
Epoch 40, Training loss: 0.0689, 
Epoch 41, Training loss: 0.0672, 
Epoch 42, Training loss: 0.0668, 
Epoch 43, Training loss: 0.0658, 
Epoch 44, Training loss: 0.0651, 
Epoch 45, Training loss: 0.0640, 
Epoch 46, Training loss: 0.0631, 
Epoch 47, Training loss: 0.0628, 
Epoch 48, Training loss: 0.0620, 
Epoch 49, Training loss: 0.0622, 
Epoch 50, Training loss: 0.0614, 
Network count: 20
Finished making config for num_voters=50-m=7-num_winners=5-pref_dist=IAC-axioms=all-features=bcr-loss=L1Loss()-idx=19
Beginning to train num_voters=50-m=7-num_winners=5-pref_dist=IAC-axioms=all-features=bcr-loss=L1Loss()-idx=19
LOAD MODEL PATH: /scratch/b8armstr/thesis_results/trained_networks/NN-num_voters=50-m=7-num_winners=5-pref_dist=IAC-axioms=all-features=bcr-loss=L1Loss()-idx=19-.pt
Saved network not found. Beginning training. Caught exception: [Errno 2] No such file or directory: '/scratch/b8armstr/thesis_results/trained_networks/NN-num_voters=50-m=7-num_winners=5-pref_dist=IAC-axioms=all-features=bcr-loss=L1Loss()-idx=19-.pt'
Epoch 1, Training loss: 0.3451, 
Epoch 2, Training loss: 0.2740, 
Epoch 3, Training loss: 0.2443, 
Epoch 4, Training loss: 0.2201, 
Epoch 5, Training loss: 0.2115, 
Epoch 6, Training loss: 0.2052, 
Epoch 7, Training loss: 0.1978, 
Epoch 8, Training loss: 0.1905, 
Epoch 9, Training loss: 0.1797, 
Epoch 10, Training loss: 0.1711, 
Epoch 11, Training loss: 0.1670, 
Epoch 12, Training loss: 0.1638, 
Epoch 13, Training loss: 0.1608, 
Epoch 14, Training loss: 0.1584, 
Epoch 15, Training loss: 0.1553, 
Epoch 16, Training loss: 0.1511, 
Epoch 17, Training loss: 0.1429, 
Epoch 18, Training loss: 0.1372, 
Epoch 19, Training loss: 0.1261, 
Epoch 20, Training loss: 0.1112, 
Epoch 21, Training loss: 0.1038, 
Epoch 22, Training loss: 0.0991, 
Epoch 23, Training loss: 0.0954, 
Epoch 24, Training loss: 0.0918, 
Epoch 25, Training loss: 0.0893, 
Epoch 26, Training loss: 0.0864, 
Epoch 27, Training loss: 0.0832, 
Epoch 28, Training loss: 0.0805, 
Epoch 29, Training loss: 0.0784, 
Epoch 30, Training loss: 0.0758, 
Epoch 31, Training loss: 0.0743, 
Epoch 32, Training loss: 0.0728, 
Epoch 33, Training loss: 0.0715, 
Epoch 34, Training loss: 0.0703, 
Epoch 35, Training loss: 0.0697, 
Epoch 36, Training loss: 0.0679, 
Epoch 37, Training loss: 0.0667, 
Epoch 38, Training loss: 0.0656, 
Epoch 39, Training loss: 0.0651, 
Epoch 40, Training loss: 0.0641, 
Epoch 41, Training loss: 0.0630, 
Epoch 42, Training loss: 0.0625, 
Epoch 43, Training loss: 0.0612, 
Epoch 44, Training loss: 0.0609, 
Epoch 45, Training loss: 0.0597, 
Epoch 46, Training loss: 0.0598, 
Epoch 47, Training loss: 0.0588, 
Epoch 48, Training loss: 0.0578, 
Epoch 49, Training loss: 0.0577, 
Epoch 50, Training loss: 0.0568, 
