1731180924
About to load modules
created virtual environment CPython3.11.5.final.0-64 in 978ms
  creator CPython3Posix(dest=/local/b8armstr.26771986.0/env, clear=False, no_vcs_ignore=False, global=False)
  seeder FromAppData(download=False, pip=bundle, setuptools=bundle, wheel=bundle, via=copy, app_data_dir=/home/b8armstr/.local/share/virtualenv)
    added seed packages: pip==24.2, setuptools==68.0.0, wheel==0.44.0
  activators BashActivator,CShellActivator,FishActivator,NushellActivator,PowerShellActivator,PythonActivator
1731180926
About to install requirements
Looking in links: /cvmfs/soft.computecanada.ca/custom/python/wheelhouse/gentoo2023/x86-64-v3, /cvmfs/soft.computecanada.ca/custom/python/wheelhouse/gentoo2023/generic, /cvmfs/soft.computecanada.ca/custom/python/wheelhouse/generic
Processing /cvmfs/soft.computecanada.ca/custom/python/wheelhouse/generic/Deprecated-1.2.14+computecanada-py2.py3-none-any.whl
Processing /cvmfs/soft.computecanada.ca/custom/python/wheelhouse/generic/wrapt-1.16.0+computecanada-cp311-cp311-linux_x86_64.whl (from deprecated)
Installing collected packages: wrapt, deprecated
Successfully installed deprecated-1.2.14+computecanada wrapt-1.16.0+computecanada
Looking in links: /cvmfs/soft.computecanada.ca/custom/python/wheelhouse/gentoo2023/x86-64-v3, /cvmfs/soft.computecanada.ca/custom/python/wheelhouse/gentoo2023/generic, /cvmfs/soft.computecanada.ca/custom/python/wheelhouse/generic
Processing ./cc_libs/abcvoting-2.10.0-py3-none-any.whl
Processing ./cc_libs/absl_py-2.1.0+computecanada-py3-none-any.whl
Processing ./cc_libs/appnope-0.1.4-py2.py3-none-any.whl
Processing ./cc_libs/asttokens-2.4.1+computecanada-py2.py3-none-any.whl
Processing ./cc_libs/astunparse-1.6.3+computecanada-py2.py3-none-any.whl
Processing ./cc_libs/attrs-24.2.0+computecanada-py3-none-any.whl
Processing ./cc_libs/backcall-0.2.0+computecanada-py3-none-any.whl
Processing ./cc_libs/beautifulsoup4-4.12.3+computecanada-py3-none-any.whl
Processing ./cc_libs/bleach-6.1.0+computecanada-py3-none-any.whl
Processing ./cc_libs/certifi-2024.6.2-py3-none-any.whl
Processing ./cc_libs/cffi-1.15.1+computecanada-cp311-cp311-linux_x86_64.whl
Processing ./cc_libs/charset_normalizer-3.3.2-py3-none-any.whl
Processing ./cc_libs/contourpy-1.2.1+computecanada-cp311-cp311-linux_x86_64.whl
Processing ./cc_libs/cycler-0.12.1+computecanada-py3-none-any.whl
Processing ./cc_libs/decorator-5.1.1+computecanada-py3-none-any.whl
Processing ./cc_libs/defusedxml-0.7.1+computecanada-py2.py3-none-any.whl
Processing ./cc_libs/Deprecated-1.2.14+computecanada-py2.py3-none-any.whl
Processing ./cc_libs/docopt-0.6.2+computecanada-py2.py3-none-any.whl
Processing ./cc_libs/executing-2.1.0-py2.py3-none-any.whl
Processing ./cc_libs/fastjsonschema-2.20.0+computecanada-py3-none-any.whl
Processing ./cc_libs/filelock-3.14.0-py3-none-any.whl
Processing ./cc_libs/flatbuffers-24.3.25+computecanada-py2.py3-none-any.whl
Processing ./cc_libs/fonttools-4.53.0+computecanada-cp311-cp311-linux_x86_64.whl
Processing ./cc_libs/fsspec-2024.6.0+computecanada-py3-none-any.whl
Processing ./cc_libs/gast-0.5.4+computecanada-py3-none-any.whl
Processing ./cc_libs/google_pasta-0.2.0+computecanada-py3-none-any.whl
Processing ./cc_libs/gurobipy-11.0.1-cp311-cp311-linux_x86_64.whl
Processing ./cc_libs/h5py-3.11.0+computecanada-cp311-cp311-linux_x86_64.whl
Processing ./cc_libs/idna-3.7-py3-none-any.whl
Processing ./cc_libs/immutabledict-4.2.0-py3-none-any.whl
Processing ./cc_libs/ipython-8.12.3-py3-none-any.whl
Processing ./cc_libs/jedi-0.19.1+computecanada-py2.py3-none-any.whl
Processing ./cc_libs/jinja2-3.1.4+computecanada-py3-none-any.whl
Processing ./cc_libs/joblib-1.4.2+computecanada-py3-none-any.whl
Processing ./cc_libs/jsonschema-4.23.0+computecanada-py3-none-any.whl
Processing ./cc_libs/jsonschema_specifications-2023.12.1+computecanada-py3-none-any.whl
Processing ./cc_libs/jupyter_client-8.6.2+computecanada-py3-none-any.whl
Processing ./cc_libs/jupyter_core-5.7.2+computecanada-py3-none-any.whl
Processing ./cc_libs/jupyterlab_pygments-0.3.0+computecanada-py3-none-any.whl
Processing ./cc_libs/kiwisolver-1.4.5+computecanada-cp311-cp311-linux_x86_64.whl
Processing ./cc_libs/llvmlite-0.41.1+computecanada-cp311-cp311-linux_x86_64.whl
Processing ./cc_libs/Markdown-3.6-py3-none-any.whl
Processing ./cc_libs/markdown_it_py-3.0.0+computecanada-py3-none-any.whl
Processing ./cc_libs/MarkupSafe-2.1.5+computecanada-cp311-cp311-linux_x86_64.whl
Processing ./cc_libs/matplotlib-3.9.0+computecanada-cp311-cp311-linux_x86_64.whl
Processing ./cc_libs/matplotlib_inline-0.1.7+computecanada-py3-none-any.whl
Processing ./cc_libs/mdurl-0.1.2+computecanada-py3-none-any.whl
Processing ./cc_libs/mip-1.15.0-py3-none-any.whl
Processing ./cc_libs/mistune-3.0.2+computecanada-py3-none-any.whl
Processing ./cc_libs/ml_dtypes-0.3.2-cp311-cp311-linux_x86_64.whl
Processing ./cc_libs/mpmath-1.3.0+computecanada-py3-none-any.whl
Processing ./cc_libs/namex-0.0.8+computecanada-py3-none-any.whl
Processing ./cc_libs/nashpy-0.0.40-py3-none-any.whl
Processing ./cc_libs/nbclient-0.10.0+computecanada-py3-none-any.whl
Processing ./cc_libs/nbconvert-7.16.4+computecanada-py3-none-any.whl
Processing ./cc_libs/nbformat-5.10.4+computecanada-py3-none-any.whl
Processing ./cc_libs/networkx-3.3+computecanada-py3-none-any.whl
Processing ./cc_libs/numba-0.58.1+computecanada-cp311-cp311-linux_x86_64.whl
Processing ./cc_libs/numpy-1.26.4+computecanada-cp311-cp311-linux_x86_64.whl
Processing ./cc_libs/opt_einsum-3.3.0+computecanada-py3-none-any.whl
Processing ./cc_libs/optree-0.11.0+computecanada-cp311-cp311-linux_x86_64.whl
Processing ./cc_libs/ortools-9.10.4067+computecanada-cp311-cp311-linux_x86_64.whl
Processing ./cc_libs/packaging-24.0-py3-none-any.whl
Processing ./cc_libs/pandas-2.2.2+computecanada-cp311-cp311-linux_x86_64.whl
Processing ./cc_libs/pandocfilters-1.5.1+computecanada-py2.py3-none-any.whl
Processing ./cc_libs/parso-0.8.4+computecanada-py2.py3-none-any.whl
Processing ./cc_libs/pexpect-4.9.0+computecanada-py2.py3-none-any.whl
Processing ./cc_libs/pickleshare-0.7.5+computecanada-py2.py3-none-any.whl
Processing ./cc_libs/pillow-10.3.0+computecanada-cp311-cp311-linux_x86_64.whl
Processing ./cc_libs/pipdeptree-2.23.1-py3-none-any.whl
Processing ./cc_libs/pipreqs-0.5.0-py3-none-any.whl
Processing ./cc_libs/platformdirs-4.3.3-py3-none-any.whl
Processing ./cc_libs/preflibtools-2.0.22-py3-none-any.whl
Processing ./cc_libs/prefsampling-0.1.20-py3-none-any.whl
Processing ./cc_libs/pref_voting-1.13.18-py3-none-any.whl
Processing ./cc_libs/prompt_toolkit-3.0.47+computecanada-py3-none-any.whl
Processing ./cc_libs/protobuf-4.25.3+computecanada-cp311-cp311-linux_x86_64.whl
Processing ./cc_libs/ptyprocess-0.7.0+computecanada-py2.py3-none-any.whl
Processing ./cc_libs/pure_eval-0.2.3+computecanada-py3-none-any.whl
Processing ./cc_libs/pycparser-2.22-py3-none-any.whl
Processing ./cc_libs/pygments-2.18.0+computecanada-py3-none-any.whl
Processing ./cc_libs/pyparsing-3.1.2+computecanada-py3-none-any.whl
Processing ./cc_libs/pyrankvote-2.0.6-py3-none-any.whl
Processing ./cc_libs/python_dateutil-2.9.0.post0+computecanada-py2.py3-none-any.whl
Processing ./cc_libs/pytorch_ignite-0.5.1-py3-none-any.whl
Processing ./cc_libs/pytz-2024.1+computecanada-py2.py3-none-any.whl
Processing ./cc_libs/random2-1.0.2-py3-none-any.whl
Processing ./cc_libs/referencing-0.35.1+computecanada-py3-none-any.whl
Processing ./cc_libs/requests-2.32.3-py3-none-any.whl
Processing ./cc_libs/rich-13.7.1+computecanada-py3-none-any.whl
Processing ./cc_libs/ruamel.yaml-0.18.6+computecanada-py3-none-any.whl
Processing ./cc_libs/ruamel.yaml.clib-0.2.8+computecanada-cp311-cp311-linux_x86_64.whl
Processing ./cc_libs/scikit_learn-1.5.0+computecanada-cp311-cp311-linux_x86_64.whl
Processing ./cc_libs/scipy-1.13.1+computecanada-cp311-cp311-linux_x86_64.whl
Processing ./cc_libs/seaborn-0.13.2+computecanada-py3-none-any.whl
Processing ./cc_libs/six-1.16.0+computecanada-py2.py3-none-any.whl
Processing ./cc_libs/snakeviz-2.2.0-py2.py3-none-any.whl
Processing ./cc_libs/soupsieve-2.6+computecanada-py3-none-any.whl
Processing ./cc_libs/stack_data-0.6.3+computecanada-py3-none-any.whl
Processing ./cc_libs/sympy-1.12.1+computecanada-py3-none-any.whl
Processing ./cc_libs/tabulate-0.9.0+computecanada-py3-none-any.whl
Processing ./cc_libs/termcolor-2.4.0+computecanada-py3-none-any.whl
Processing ./cc_libs/threadpoolctl-3.5.0+computecanada-py3-none-any.whl
Processing ./cc_libs/tinycss2-1.3.0+computecanada-py3-none-any.whl
Processing ./cc_libs/traitlets-5.14.3+computecanada-py3-none-any.whl
Processing ./cc_libs/typing_extensions-4.12.1-py3-none-any.whl
Processing ./cc_libs/tzdata-2024.1+computecanada-py2.py3-none-any.whl
Processing ./cc_libs/urllib3-2.2.1-py3-none-any.whl
Processing ./cc_libs/wcwidth-0.2.13+computecanada-py2.py3-none-any.whl
Processing ./cc_libs/webencodings-0.5.1+computecanada-py2.py3-none-any.whl
Processing ./cc_libs/werkzeug-3.0.3+computecanada-py3-none-any.whl
Processing ./cc_libs/wrapt-1.16.0+computecanada-cp311-cp311-linux_x86_64.whl
Processing ./cc_libs/yarg-0.1.9-py2.py3-none-any.whl
asttokens is already installed with the same version as the provided wheel. Use --force-reinstall to force an installation of the wheel.
cycler is already installed with the same version as the provided wheel. Use --force-reinstall to force an installation of the wheel.
decorator is already installed with the same version as the provided wheel. Use --force-reinstall to force an installation of the wheel.
Deprecated is already installed with the same version as the provided wheel. Use --force-reinstall to force an installation of the wheel.
jedi is already installed with the same version as the provided wheel. Use --force-reinstall to force an installation of the wheel.
jupyter-client is already installed with the same version as the provided wheel. Use --force-reinstall to force an installation of the wheel.
jupyter-core is already installed with the same version as the provided wheel. Use --force-reinstall to force an installation of the wheel.
matplotlib-inline is already installed with the same version as the provided wheel. Use --force-reinstall to force an installation of the wheel.
mpmath is already installed with the same version as the provided wheel. Use --force-reinstall to force an installation of the wheel.
pandas is already installed with the same version as the provided wheel. Use --force-reinstall to force an installation of the wheel.
parso is already installed with the same version as the provided wheel. Use --force-reinstall to force an installation of the wheel.
pexpect is already installed with the same version as the provided wheel. Use --force-reinstall to force an installation of the wheel.
prompt-toolkit is already installed with the same version as the provided wheel. Use --force-reinstall to force an installation of the wheel.
ptyprocess is already installed with the same version as the provided wheel. Use --force-reinstall to force an installation of the wheel.
pygments is already installed with the same version as the provided wheel. Use --force-reinstall to force an installation of the wheel.
python-dateutil is already installed with the same version as the provided wheel. Use --force-reinstall to force an installation of the wheel.
six is already installed with the same version as the provided wheel. Use --force-reinstall to force an installation of the wheel.
stack-data is already installed with the same version as the provided wheel. Use --force-reinstall to force an installation of the wheel.
traitlets is already installed with the same version as the provided wheel. Use --force-reinstall to force an installation of the wheel.
tzdata is already installed with the same version as the provided wheel. Use --force-reinstall to force an installation of the wheel.
wcwidth is already installed with the same version as the provided wheel. Use --force-reinstall to force an installation of the wheel.
wrapt is already installed with the same version as the provided wheel. Use --force-reinstall to force an installation of the wheel.
Installing collected packages: yarg, webencodings, random2, pytz, pytorch-ignite, pyrankvote, pure-eval, pickleshare, namex, gurobipy, google-pasta, flatbuffers, fastjsonschema, docopt, cffi, backcall, astunparse, werkzeug, urllib3, typing-extensions, tinycss2, threadpoolctl, termcolor, tabulate, sympy, soupsieve, snakeviz, seaborn, scipy, scikit-learn, ruamel.yaml.clib, ruamel.yaml, rich, requests, referencing, pyparsing, pycparser, protobuf, prefsampling, preflibtools, pref-voting, platformdirs, pipreqs, pipdeptree, pillow, pandocfilters, packaging, ortools, optree, opt-einsum, numpy, numba, networkx, nbformat, nbconvert, nbclient, nashpy, ml-dtypes, mistune, mip, mdurl, matplotlib, MarkupSafe, markdown-it-py, Markdown, llvmlite, kiwisolver, jupyterlab-pygments, jsonschema-specifications, jsonschema, joblib, jinja2, ipython, immutabledict, idna, h5py, gast, fsspec, fonttools, filelock, executing, defusedxml, contourpy, charset-normalizer, certifi, bleach, beautifulsoup4, attrs, appnope, absl-py, abcvoting
  Attempting uninstall: pytz
    Found existing installation: pytz 2024.2+computecanada
    Not uninstalling pytz at /cvmfs/soft.computecanada.ca/easybuild/software/2023/x86-64-v3/Compiler/gcccore/scipy-stack/2024b/lib/python3.11/site-packages, outside environment /local/b8armstr.26771986.0/env
    Can't uninstall 'pytz'. No files were found to uninstall.
  Attempting uninstall: pure-eval
    Found existing installation: pure_eval 0.2.2+computecanada
    Not uninstalling pure-eval at /cvmfs/soft.computecanada.ca/easybuild/software/2023/x86-64-v3/Compiler/gcccore/ipykernel/2024b/lib/python3.11/site-packages, outside environment /local/b8armstr.26771986.0/env
    Can't uninstall 'pure_eval'. No files were found to uninstall.
  Attempting uninstall: typing-extensions
    Found existing installation: typing_extensions 4.12.2+computecanada
    Not uninstalling typing-extensions at /cvmfs/soft.computecanada.ca/easybuild/software/2023/x86-64-v3/Compiler/gcccore/ipykernel/2024b/lib/python3.11/site-packages, outside environment /local/b8armstr.26771986.0/env
    Can't uninstall 'typing_extensions'. No files were found to uninstall.
  Attempting uninstall: sympy
    Found existing installation: sympy 1.13.3+computecanada
    Not uninstalling sympy at /cvmfs/soft.computecanada.ca/easybuild/software/2023/x86-64-v3/Compiler/gcccore/scipy-stack/2024b/lib/python3.11/site-packages, outside environment /local/b8armstr.26771986.0/env
    Can't uninstall 'sympy'. No files were found to uninstall.
  Attempting uninstall: scipy
    Found existing installation: scipy 1.14.1+computecanada
    Not uninstalling scipy at /cvmfs/soft.computecanada.ca/easybuild/software/2023/x86-64-v3/Compiler/gcccore/scipy-stack/2024b/lib/python3.11/site-packages, outside environment /local/b8armstr.26771986.0/env
    Can't uninstall 'scipy'. No files were found to uninstall.
  Attempting uninstall: pyparsing
    Found existing installation: pyparsing 3.1.4+computecanada
    Not uninstalling pyparsing at /cvmfs/soft.computecanada.ca/easybuild/software/2023/x86-64-v3/Compiler/gcccore/scipy-stack/2024b/lib/python3.11/site-packages, outside environment /local/b8armstr.26771986.0/env
    Can't uninstall 'pyparsing'. No files were found to uninstall.
  Attempting uninstall: platformdirs
    Found existing installation: platformdirs 3.9.1+computecanada
    Not uninstalling platformdirs at /cvmfs/soft.computecanada.ca/easybuild/software/2023/x86-64-v3/Compiler/gcccore/ipykernel/2024b/lib/python3.11/site-packages, outside environment /local/b8armstr.26771986.0/env
    Can't uninstall 'platformdirs'. No files were found to uninstall.
  Attempting uninstall: pillow
    Found existing installation: pillow 10.4.0+computecanada
    Not uninstalling pillow at /cvmfs/soft.computecanada.ca/easybuild/software/2023/x86-64-v3/Compiler/gcccore/scipy-stack/2024b/lib/python3.11/site-packages, outside environment /local/b8armstr.26771986.0/env
    Can't uninstall 'pillow'. No files were found to uninstall.
  Attempting uninstall: packaging
    Found existing installation: packaging 24.1+computecanada
    Not uninstalling packaging at /cvmfs/soft.computecanada.ca/easybuild/software/2023/x86-64-v3/Compiler/gcccore/scipy-stack/2024b/lib/python3.11/site-packages, outside environment /local/b8armstr.26771986.0/env
    Can't uninstall 'packaging'. No files were found to uninstall.
  Attempting uninstall: numpy
    Found existing installation: numpy 2.1.1+computecanada
    Not uninstalling numpy at /cvmfs/soft.computecanada.ca/easybuild/software/2023/x86-64-v3/Compiler/gcccore/scipy-stack/2024b/lib/python3.11/site-packages, outside environment /local/b8armstr.26771986.0/env
    Can't uninstall 'numpy'. No files were found to uninstall.
  Attempting uninstall: matplotlib
    Found existing installation: matplotlib 3.9.2+computecanada
    Not uninstalling matplotlib at /cvmfs/soft.computecanada.ca/easybuild/software/2023/x86-64-v3/Compiler/gcccore/scipy-stack/2024b/lib/python3.11/site-packages, outside environment /local/b8armstr.26771986.0/env
    Can't uninstall 'matplotlib'. No files were found to uninstall.
  Attempting uninstall: kiwisolver
    Found existing installation: kiwisolver 1.4.7+computecanada
    Not uninstalling kiwisolver at /cvmfs/soft.computecanada.ca/easybuild/software/2023/x86-64-v3/Compiler/gcccore/scipy-stack/2024b/lib/python3.11/site-packages, outside environment /local/b8armstr.26771986.0/env
    Can't uninstall 'kiwisolver'. No files were found to uninstall.
  Attempting uninstall: ipython
    Found existing installation: ipython 8.25.0+computecanada
    Not uninstalling ipython at /cvmfs/soft.computecanada.ca/easybuild/software/2023/x86-64-v3/Compiler/gcccore/ipykernel/2024b/lib/python3.11/site-packages, outside environment /local/b8armstr.26771986.0/env
    Can't uninstall 'ipython'. No files were found to uninstall.
  Attempting uninstall: fonttools
    Found existing installation: fonttools 4.53.1+computecanada
    Not uninstalling fonttools at /cvmfs/soft.computecanada.ca/easybuild/software/2023/x86-64-v3/Compiler/gcccore/scipy-stack/2024b/lib/python3.11/site-packages, outside environment /local/b8armstr.26771986.0/env
    Can't uninstall 'fonttools'. No files were found to uninstall.
  Attempting uninstall: executing
    Found existing installation: executing 2.0.1+computecanada
    Not uninstalling executing at /cvmfs/soft.computecanada.ca/easybuild/software/2023/x86-64-v3/Compiler/gcccore/ipykernel/2024b/lib/python3.11/site-packages, outside environment /local/b8armstr.26771986.0/env
    Can't uninstall 'executing'. No files were found to uninstall.
  Attempting uninstall: contourpy
    Found existing installation: contourpy 1.3.0+computecanada
    Not uninstalling contourpy at /cvmfs/soft.computecanada.ca/easybuild/software/2023/x86-64-v3/Compiler/gcccore/scipy-stack/2024b/lib/python3.11/site-packages, outside environment /local/b8armstr.26771986.0/env
    Can't uninstall 'contourpy'. No files were found to uninstall.
Successfully installed Markdown-3.6 MarkupSafe-2.1.5+computecanada abcvoting-2.10.0 absl-py-2.1.0+computecanada appnope-0.1.4 astunparse-1.6.3+computecanada attrs-24.2.0+computecanada backcall-0.2.0+computecanada beautifulsoup4-4.12.3+computecanada bleach-6.1.0+computecanada certifi-2024.6.2 cffi-1.15.1+computecanada charset-normalizer-3.3.2 contourpy-1.2.1+computecanada defusedxml-0.7.1+computecanada docopt-0.6.2+computecanada executing-2.1.0 fastjsonschema-2.20.0+computecanada filelock-3.14.0 flatbuffers-24.3.25+computecanada fonttools-4.53.0+computecanada fsspec-2024.6.0+computecanada gast-0.5.4+computecanada google-pasta-0.2.0+computecanada gurobipy-11.0.1 h5py-3.11.0+computecanada idna-3.7 immutabledict-4.2.0 ipython-8.12.3 jinja2-3.1.4+computecanada joblib-1.4.2+computecanada jsonschema-4.23.0+computecanada jsonschema-specifications-2023.12.1+computecanada jupyterlab-pygments-0.3.0+computecanada kiwisolver-1.4.5+computecanada llvmlite-0.41.1+computecanada markdown-it-py-3.0.0+computecanada matplotlib-3.9.0+computecanada mdurl-0.1.2+computecanada mip-1.15.0 mistune-3.0.2+computecanada ml-dtypes-0.3.2 namex-0.0.8+computecanada nashpy-0.0.40 nbclient-0.10.0+computecanada nbconvert-7.16.4+computecanada nbformat-5.10.4+computecanada networkx-3.3+computecanada numba-0.58.1+computecanada numpy-1.26.4+computecanada opt-einsum-3.3.0+computecanada optree-0.11.0+computecanada ortools-9.10.4067+computecanada packaging-24.0 pandocfilters-1.5.1+computecanada pickleshare-0.7.5+computecanada pillow-10.3.0+computecanada pipdeptree-2.23.1 pipreqs-0.5.0 platformdirs-4.3.3 pref-voting-1.13.18 preflibtools-2.0.22 prefsampling-0.1.20 protobuf-4.25.3+computecanada pure-eval-0.2.3+computecanada pycparser-2.22 pyparsing-3.1.2+computecanada pyrankvote-2.0.6 pytorch-ignite-0.5.1 pytz-2024.1+computecanada random2-1.0.2 referencing-0.35.1+computecanada requests-2.32.3 rich-13.7.1+computecanada ruamel.yaml-0.18.6+computecanada ruamel.yaml.clib-0.2.8+computecanada scikit-learn-1.5.0+computecanada scipy-1.13.1+computecanada seaborn-0.13.2+computecanada snakeviz-2.2.0 soupsieve-2.6+computecanada sympy-1.12.1+computecanada tabulate-0.9.0+computecanada termcolor-2.4.0+computecanada threadpoolctl-3.5.0+computecanada tinycss2-1.3.0+computecanada typing-extensions-4.12.1 urllib3-2.2.1 webencodings-0.5.1+computecanada werkzeug-3.0.3+computecanada yarg-0.1.9
Looking in links: /cvmfs/soft.computecanada.ca/custom/python/wheelhouse/gentoo2023/x86-64-v3, /cvmfs/soft.computecanada.ca/custom/python/wheelhouse/gentoo2023/generic, /cvmfs/soft.computecanada.ca/custom/python/wheelhouse/generic
Requirement already satisfied: scikit_learn in /local/b8armstr.26771986.0/env/lib/python3.11/site-packages (1.5.0+computecanada)
Processing /cvmfs/soft.computecanada.ca/custom/python/wheelhouse/gentoo2023/generic/scikit_learn-1.5.2+computecanada-cp311-cp311-linux_x86_64.whl
Requirement already satisfied: llvmlite in /local/b8armstr.26771986.0/env/lib/python3.11/site-packages (0.41.1+computecanada)
Processing /cvmfs/soft.computecanada.ca/custom/python/wheelhouse/gentoo2023/x86-64-v3/llvmlite-0.43.0+computecanada-cp311-cp311-linux_x86_64.whl
Requirement already satisfied: ortools in /local/b8armstr.26771986.0/env/lib/python3.11/site-packages (9.10.4067+computecanada)
Requirement already satisfied: numpy>=1.19.5 in /local/b8armstr.26771986.0/env/lib/python3.11/site-packages (from scikit_learn) (1.26.4+computecanada)
Requirement already satisfied: scipy>=1.6.0 in /local/b8armstr.26771986.0/env/lib/python3.11/site-packages (from scikit_learn) (1.13.1+computecanada)
Requirement already satisfied: joblib>=1.2.0 in /local/b8armstr.26771986.0/env/lib/python3.11/site-packages (from scikit_learn) (1.4.2+computecanada)
Requirement already satisfied: threadpoolctl>=3.1.0 in /local/b8armstr.26771986.0/env/lib/python3.11/site-packages (from scikit_learn) (3.5.0+computecanada)
Requirement already satisfied: absl-py>=2.0.0 in /local/b8armstr.26771986.0/env/lib/python3.11/site-packages (from ortools) (2.1.0+computecanada)
Requirement already satisfied: pandas>=2.0.0 in /cvmfs/soft.computecanada.ca/easybuild/software/2023/x86-64-v3/Compiler/gcccore/scipy-stack/2024b/lib/python3.11/site-packages (from ortools) (2.2.2+computecanada)
Processing /cvmfs/soft.computecanada.ca/custom/python/wheelhouse/gentoo2023/x86-64-v3/protobuf-5.28.0+computecanada-cp311-cp311-linux_x86_64.whl (from ortools)
Requirement already satisfied: immutabledict>=3.0.0 in /local/b8armstr.26771986.0/env/lib/python3.11/site-packages (from ortools) (4.2.0)
Requirement already satisfied: python-dateutil>=2.8.2 in /cvmfs/soft.computecanada.ca/easybuild/software/2023/x86-64-v3/Compiler/gcccore/scipy-stack/2024b/lib/python3.11/site-packages (from pandas>=2.0.0->ortools) (2.9.0.post0+computecanada)
Requirement already satisfied: pytz>=2020.1 in /local/b8armstr.26771986.0/env/lib/python3.11/site-packages (from pandas>=2.0.0->ortools) (2024.1+computecanada)
Requirement already satisfied: tzdata>=2022.7 in /cvmfs/soft.computecanada.ca/easybuild/software/2023/x86-64-v3/Compiler/gcccore/scipy-stack/2024b/lib/python3.11/site-packages (from pandas>=2.0.0->ortools) (2024.1+computecanada)
Requirement already satisfied: six>=1.5 in /cvmfs/soft.computecanada.ca/easybuild/software/2023/x86-64-v3/Compiler/gcccore/scipy-stack/2024b/lib/python3.11/site-packages (from python-dateutil>=2.8.2->pandas>=2.0.0->ortools) (1.16.0+computecanada)
Installing collected packages: protobuf, llvmlite, scikit_learn
  Attempting uninstall: protobuf
    Found existing installation: protobuf 4.25.3+computecanada
    Uninstalling protobuf-4.25.3+computecanada:
      Successfully uninstalled protobuf-4.25.3+computecanada
  Attempting uninstall: llvmlite
    Found existing installation: llvmlite 0.41.1+computecanada
    Uninstalling llvmlite-0.41.1+computecanada:
      Successfully uninstalled llvmlite-0.41.1+computecanada
  Attempting uninstall: scikit_learn
    Found existing installation: scikit_learn 1.5.0+computecanada
    Uninstalling scikit_learn-1.5.0+computecanada:
      Successfully uninstalled scikit_learn-1.5.0+computecanada
ERROR: pip's dependency resolver does not currently take into account all the packages that are installed. This behaviour is the source of the following dependency conflicts.
numba 0.58.1+computecanada requires llvmlite<0.42,>=0.41.0dev0, but you have llvmlite 0.43.0+computecanada which is incompatible.
Successfully installed llvmlite-0.43.0+computecanada protobuf-5.28.0+computecanada scikit_learn-1.5.2+computecanada
Looking in links: /cvmfs/soft.computecanada.ca/custom/python/wheelhouse/gentoo2023/x86-64-v3, /cvmfs/soft.computecanada.ca/custom/python/wheelhouse/gentoo2023/generic, /cvmfs/soft.computecanada.ca/custom/python/wheelhouse/generic
Processing /cvmfs/soft.computecanada.ca/custom/python/wheelhouse/gentoo2023/x86-64-v3/torch-2.5.1+computecanada-cp311-cp311-linux_x86_64.whl
Requirement already satisfied: filelock in /local/b8armstr.26771986.0/env/lib/python3.11/site-packages (from torch) (3.14.0)
Requirement already satisfied: typing-extensions>=4.8.0 in /local/b8armstr.26771986.0/env/lib/python3.11/site-packages (from torch) (4.12.1)
Requirement already satisfied: networkx in /local/b8armstr.26771986.0/env/lib/python3.11/site-packages (from torch) (3.3+computecanada)
Requirement already satisfied: jinja2 in /local/b8armstr.26771986.0/env/lib/python3.11/site-packages (from torch) (3.1.4+computecanada)
Requirement already satisfied: fsspec in /local/b8armstr.26771986.0/env/lib/python3.11/site-packages (from torch) (2024.6.0+computecanada)
Processing /cvmfs/soft.computecanada.ca/custom/python/wheelhouse/generic/sympy-1.13.1+computecanada-py3-none-any.whl (from torch)
Requirement already satisfied: mpmath<1.4,>=1.1.0 in /cvmfs/soft.computecanada.ca/easybuild/software/2023/x86-64-v3/Compiler/gcccore/scipy-stack/2024b/lib/python3.11/site-packages (from sympy==1.13.1->torch) (1.3.0+computecanada)
Requirement already satisfied: MarkupSafe>=2.0 in /local/b8armstr.26771986.0/env/lib/python3.11/site-packages (from jinja2->torch) (2.1.5+computecanada)
Installing collected packages: sympy, torch
  Attempting uninstall: sympy
    Found existing installation: sympy 1.12.1+computecanada
    Uninstalling sympy-1.12.1+computecanada:
      Successfully uninstalled sympy-1.12.1+computecanada
Successfully installed sympy-1.13.1+computecanada torch-2.5.1+computecanada
About to start experiments
/local/b8armstr.26771986.0/env/lib/python3.11/site-packages/ignite/handlers/checkpoint.py:16: DeprecationWarning: `TorchScript` support for functional optimizers is deprecated and will be removed in a future PyTorch release. Consider using the `torch.compile` optimizer instead.
  from torch.distributed.optim import ZeroRedundancyOptimizer

DATA LOADED

Network count: 1
Finished making config for num_voters=50-m=7-num_winners=6-pref_dist=euclidean__args__dimensions=3_-_space=gaussian_cube-axioms=all-features=bcr-loss=L1Loss()-idx=0
Beginning to train num_voters=50-m=7-num_winners=6-pref_dist=euclidean__args__dimensions=3_-_space=gaussian_cube-axioms=all-features=bcr-loss=L1Loss()-idx=0
LOAD MODEL PATH: /scratch/b8armstr/thesis_results/trained_networks/NN-num_voters=50-m=7-num_winners=6-pref_dist=euclidean__args__dimensions=3_-_space=gaussian_cube-axioms=all-features=bcr-loss=L1Loss()-idx=0-.pt
Network num_voters=50-m=7-num_winners=6-pref_dist=euclidean__args__dimensions=3_-_space=gaussian_cube-axioms=all-features=bcr-loss=L1Loss()-idx=0 already trained. Skipping.
Network count: 2
Finished making config for num_voters=50-m=7-num_winners=6-pref_dist=euclidean__args__dimensions=3_-_space=gaussian_cube-axioms=all-features=bcr-loss=L1Loss()-idx=1
Beginning to train num_voters=50-m=7-num_winners=6-pref_dist=euclidean__args__dimensions=3_-_space=gaussian_cube-axioms=all-features=bcr-loss=L1Loss()-idx=1
LOAD MODEL PATH: /scratch/b8armstr/thesis_results/trained_networks/NN-num_voters=50-m=7-num_winners=6-pref_dist=euclidean__args__dimensions=3_-_space=gaussian_cube-axioms=all-features=bcr-loss=L1Loss()-idx=1-.pt
Network num_voters=50-m=7-num_winners=6-pref_dist=euclidean__args__dimensions=3_-_space=gaussian_cube-axioms=all-features=bcr-loss=L1Loss()-idx=1 already trained. Skipping.
Network count: 3
Finished making config for num_voters=50-m=7-num_winners=6-pref_dist=euclidean__args__dimensions=3_-_space=gaussian_cube-axioms=all-features=bcr-loss=L1Loss()-idx=2
Beginning to train num_voters=50-m=7-num_winners=6-pref_dist=euclidean__args__dimensions=3_-_space=gaussian_cube-axioms=all-features=bcr-loss=L1Loss()-idx=2
LOAD MODEL PATH: /scratch/b8armstr/thesis_results/trained_networks/NN-num_voters=50-m=7-num_winners=6-pref_dist=euclidean__args__dimensions=3_-_space=gaussian_cube-axioms=all-features=bcr-loss=L1Loss()-idx=2-.pt
Network num_voters=50-m=7-num_winners=6-pref_dist=euclidean__args__dimensions=3_-_space=gaussian_cube-axioms=all-features=bcr-loss=L1Loss()-idx=2 already trained. Skipping.
Network count: 4
Finished making config for num_voters=50-m=7-num_winners=6-pref_dist=euclidean__args__dimensions=3_-_space=gaussian_cube-axioms=all-features=bcr-loss=L1Loss()-idx=3
Beginning to train num_voters=50-m=7-num_winners=6-pref_dist=euclidean__args__dimensions=3_-_space=gaussian_cube-axioms=all-features=bcr-loss=L1Loss()-idx=3
LOAD MODEL PATH: /scratch/b8armstr/thesis_results/trained_networks/NN-num_voters=50-m=7-num_winners=6-pref_dist=euclidean__args__dimensions=3_-_space=gaussian_cube-axioms=all-features=bcr-loss=L1Loss()-idx=3-.pt
Saved network not found. Beginning training. Caught exception: [Errno 2] No such file or directory: '/scratch/b8armstr/thesis_results/trained_networks/NN-num_voters=50-m=7-num_winners=6-pref_dist=euclidean__args__dimensions=3_-_space=gaussian_cube-axioms=all-features=bcr-loss=L1Loss()-idx=3-.pt'
Epoch 1, Training loss: 0.2499, 
Epoch 2, Training loss: 0.1536, 
Epoch 3, Training loss: 0.1498, 
Epoch 4, Training loss: 0.1483, 
Epoch 5, Training loss: 0.1475, 
Epoch 6, Training loss: 0.1470, 
Epoch 7, Training loss: 0.1467, 
Epoch 8, Training loss: 0.1462, 
Epoch 9, Training loss: 0.1460, 
Epoch 10, Training loss: 0.1453, 
Epoch 11, Training loss: 0.1416, 
Epoch 12, Training loss: 0.1304, 
Epoch 13, Training loss: 0.1291, 
Epoch 14, Training loss: 0.1282, 
Epoch 15, Training loss: 0.1275, 
Epoch 16, Training loss: 0.1252, 
Epoch 17, Training loss: 0.1111, 
Epoch 18, Training loss: 0.0916, 
Epoch 19, Training loss: 0.0835, 
Epoch 20, Training loss: 0.0755, 
Epoch 21, Training loss: 0.0704, 
Epoch 22, Training loss: 0.0693, 
Epoch 23, Training loss: 0.0685, 
Epoch 24, Training loss: 0.0678, 
Epoch 25, Training loss: 0.0665, 
Epoch 26, Training loss: 0.0641, 
Epoch 27, Training loss: 0.0559, 
Epoch 28, Training loss: 0.0473, 
Epoch 29, Training loss: 0.0413, 
Epoch 30, Training loss: 0.0402, 
Epoch 31, Training loss: 0.0394, 
Epoch 32, Training loss: 0.0385, 
Epoch 33, Training loss: 0.0385, 
Epoch 34, Training loss: 0.0380, 
Epoch 35, Training loss: 0.0378, 
Epoch 36, Training loss: 0.0372, 
Epoch 37, Training loss: 0.0371, 
Epoch 38, Training loss: 0.0371, 
Epoch 39, Training loss: 0.0366, 
Epoch 40, Training loss: 0.0364, 
Epoch 41, Training loss: 0.0365, 
Epoch 42, Training loss: 0.0363, 
Epoch 43, Training loss: 0.0362, 
Epoch 44, Training loss: 0.0362, 
Epoch 45, Training loss: 0.0356, 
Epoch 46, Training loss: 0.0356, 
Epoch 47, Training loss: 0.0354, 
Epoch 48, Training loss: 0.0355, 
Epoch 49, Training loss: 0.0352, 
Epoch 50, Training loss: 0.0350, 
Network count: 5
Finished making config for num_voters=50-m=7-num_winners=6-pref_dist=euclidean__args__dimensions=3_-_space=gaussian_cube-axioms=all-features=bcr-loss=L1Loss()-idx=4
Beginning to train num_voters=50-m=7-num_winners=6-pref_dist=euclidean__args__dimensions=3_-_space=gaussian_cube-axioms=all-features=bcr-loss=L1Loss()-idx=4
LOAD MODEL PATH: /scratch/b8armstr/thesis_results/trained_networks/NN-num_voters=50-m=7-num_winners=6-pref_dist=euclidean__args__dimensions=3_-_space=gaussian_cube-axioms=all-features=bcr-loss=L1Loss()-idx=4-.pt
Saved network not found. Beginning training. Caught exception: [Errno 2] No such file or directory: '/scratch/b8armstr/thesis_results/trained_networks/NN-num_voters=50-m=7-num_winners=6-pref_dist=euclidean__args__dimensions=3_-_space=gaussian_cube-axioms=all-features=bcr-loss=L1Loss()-idx=4-.pt'
Epoch 1, Training loss: 0.2543, 
Epoch 2, Training loss: 0.1530, 
Epoch 3, Training loss: 0.1495, 
Epoch 4, Training loss: 0.1482, 
Epoch 5, Training loss: 0.1474, 
Epoch 6, Training loss: 0.1470, 
Epoch 7, Training loss: 0.1467, 
Epoch 8, Training loss: 0.1463, 
Epoch 9, Training loss: 0.1461, 
Epoch 10, Training loss: 0.1456, 
Epoch 11, Training loss: 0.1451, 
Epoch 12, Training loss: 0.1430, 
Epoch 13, Training loss: 0.1316, 
Epoch 14, Training loss: 0.1291, 
Epoch 15, Training loss: 0.1277, 
Epoch 16, Training loss: 0.1194, 
Epoch 17, Training loss: 0.1140, 
Epoch 18, Training loss: 0.1133, 
Epoch 19, Training loss: 0.1130, 
Epoch 20, Training loss: 0.1126, 
Epoch 21, Training loss: 0.1119, 
Epoch 22, Training loss: 0.1107, 
Epoch 23, Training loss: 0.1062, 
Epoch 24, Training loss: 0.0974, 
Epoch 25, Training loss: 0.0963, 
Epoch 26, Training loss: 0.0957, 
Epoch 27, Training loss: 0.0956, 
Epoch 28, Training loss: 0.0949, 
Epoch 29, Training loss: 0.0941, 
Epoch 30, Training loss: 0.0916, 
Epoch 31, Training loss: 0.0821, 
Epoch 32, Training loss: 0.0803, 
Epoch 33, Training loss: 0.0794, 
Epoch 34, Training loss: 0.0789, 
Epoch 35, Training loss: 0.0784, 
Epoch 36, Training loss: 0.0762, 
Epoch 37, Training loss: 0.0683, 
Epoch 38, Training loss: 0.0609, 
Epoch 39, Training loss: 0.0485, 
Epoch 40, Training loss: 0.0402, 
Epoch 41, Training loss: 0.0396, 
Epoch 42, Training loss: 0.0384, 
Epoch 43, Training loss: 0.0380, 
Epoch 44, Training loss: 0.0377, 
Epoch 45, Training loss: 0.0374, 
Epoch 46, Training loss: 0.0372, 
Epoch 47, Training loss: 0.0367, 
Epoch 48, Training loss: 0.0366, 
Epoch 49, Training loss: 0.0366, 
Epoch 50, Training loss: 0.0364, 
Network count: 6
Finished making config for num_voters=50-m=7-num_winners=6-pref_dist=euclidean__args__dimensions=3_-_space=gaussian_cube-axioms=all-features=bcr-loss=L1Loss()-idx=5
Beginning to train num_voters=50-m=7-num_winners=6-pref_dist=euclidean__args__dimensions=3_-_space=gaussian_cube-axioms=all-features=bcr-loss=L1Loss()-idx=5
LOAD MODEL PATH: /scratch/b8armstr/thesis_results/trained_networks/NN-num_voters=50-m=7-num_winners=6-pref_dist=euclidean__args__dimensions=3_-_space=gaussian_cube-axioms=all-features=bcr-loss=L1Loss()-idx=5-.pt
Saved network not found. Beginning training. Caught exception: [Errno 2] No such file or directory: '/scratch/b8armstr/thesis_results/trained_networks/NN-num_voters=50-m=7-num_winners=6-pref_dist=euclidean__args__dimensions=3_-_space=gaussian_cube-axioms=all-features=bcr-loss=L1Loss()-idx=5-.pt'
Epoch 1, Training loss: 0.2602, 
Epoch 2, Training loss: 0.1555, 
Epoch 3, Training loss: 0.1504, 
Epoch 4, Training loss: 0.1488, 
Epoch 5, Training loss: 0.1477, 
Epoch 6, Training loss: 0.1473, 
Epoch 7, Training loss: 0.1469, 
Epoch 8, Training loss: 0.1465, 
Epoch 9, Training loss: 0.1465, 
Epoch 10, Training loss: 0.1459, 
Epoch 11, Training loss: 0.1460, 
Epoch 12, Training loss: 0.1457, 
Epoch 13, Training loss: 0.1451, 
Epoch 14, Training loss: 0.1444, 
Epoch 15, Training loss: 0.1345, 
Epoch 16, Training loss: 0.1172, 
Epoch 17, Training loss: 0.1153, 
Epoch 18, Training loss: 0.1148, 
Epoch 19, Training loss: 0.1138, 
Epoch 20, Training loss: 0.1136, 
Epoch 21, Training loss: 0.1130, 
Epoch 22, Training loss: 0.1123, 
Epoch 23, Training loss: 0.1107, 
Epoch 24, Training loss: 0.1044, 
Epoch 25, Training loss: 0.0969, 
Epoch 26, Training loss: 0.0944, 
Epoch 27, Training loss: 0.0868, 
Epoch 28, Training loss: 0.0827, 
Epoch 29, Training loss: 0.0813, 
Epoch 30, Training loss: 0.0782, 
Epoch 31, Training loss: 0.0687, 
Epoch 32, Training loss: 0.0672, 
Epoch 33, Training loss: 0.0661, 
Epoch 34, Training loss: 0.0650, 
Epoch 35, Training loss: 0.0633, 
Epoch 36, Training loss: 0.0582, 
Epoch 37, Training loss: 0.0447, 
Epoch 38, Training loss: 0.0406, 
Epoch 39, Training loss: 0.0397, 
Epoch 40, Training loss: 0.0391, 
Epoch 41, Training loss: 0.0387, 
Epoch 42, Training loss: 0.0381, 
Epoch 43, Training loss: 0.0379, 
Epoch 44, Training loss: 0.0376, 
Epoch 45, Training loss: 0.0377, 
Epoch 46, Training loss: 0.0371, 
Epoch 47, Training loss: 0.0367, 
Epoch 48, Training loss: 0.0368, 
Epoch 49, Training loss: 0.0367, 
Epoch 50, Training loss: 0.0365, 
Network count: 7
Finished making config for num_voters=50-m=7-num_winners=6-pref_dist=euclidean__args__dimensions=3_-_space=gaussian_cube-axioms=all-features=bcr-loss=L1Loss()-idx=6
Beginning to train num_voters=50-m=7-num_winners=6-pref_dist=euclidean__args__dimensions=3_-_space=gaussian_cube-axioms=all-features=bcr-loss=L1Loss()-idx=6
LOAD MODEL PATH: /scratch/b8armstr/thesis_results/trained_networks/NN-num_voters=50-m=7-num_winners=6-pref_dist=euclidean__args__dimensions=3_-_space=gaussian_cube-axioms=all-features=bcr-loss=L1Loss()-idx=6-.pt
Saved network not found. Beginning training. Caught exception: [Errno 2] No such file or directory: '/scratch/b8armstr/thesis_results/trained_networks/NN-num_voters=50-m=7-num_winners=6-pref_dist=euclidean__args__dimensions=3_-_space=gaussian_cube-axioms=all-features=bcr-loss=L1Loss()-idx=6-.pt'
Epoch 1, Training loss: 0.2508, 
Epoch 2, Training loss: 0.1540, 
Epoch 3, Training loss: 0.1501, 
Epoch 4, Training loss: 0.1485, 
Epoch 5, Training loss: 0.1476, 
Epoch 6, Training loss: 0.1471, 
Epoch 7, Training loss: 0.1470, 
Epoch 8, Training loss: 0.1466, 
Epoch 9, Training loss: 0.1463, 
Epoch 10, Training loss: 0.1462, 
Epoch 11, Training loss: 0.1454, 
Epoch 12, Training loss: 0.1447, 
Epoch 13, Training loss: 0.1383, 
Epoch 14, Training loss: 0.1284, 
Epoch 15, Training loss: 0.1253, 
Epoch 16, Training loss: 0.1110, 
Epoch 17, Training loss: 0.0999, 
Epoch 18, Training loss: 0.0991, 
Epoch 19, Training loss: 0.0980, 
Epoch 20, Training loss: 0.0973, 
Epoch 21, Training loss: 0.0975, 
Epoch 22, Training loss: 0.0970, 
Epoch 23, Training loss: 0.0965, 
Epoch 24, Training loss: 0.0963, 
Epoch 25, Training loss: 0.0962, 
Epoch 26, Training loss: 0.0960, 
Epoch 27, Training loss: 0.0952, 
Epoch 28, Training loss: 0.0949, 
Epoch 29, Training loss: 0.0894, 
Epoch 30, Training loss: 0.0810, 
Epoch 31, Training loss: 0.0804, 
Epoch 32, Training loss: 0.0796, 
Epoch 33, Training loss: 0.0778, 
Epoch 34, Training loss: 0.0711, 
Epoch 35, Training loss: 0.0669, 
Epoch 36, Training loss: 0.0659, 
Epoch 37, Training loss: 0.0649, 
Epoch 38, Training loss: 0.0623, 
Epoch 39, Training loss: 0.0524, 
Epoch 40, Training loss: 0.0422, 
Epoch 41, Training loss: 0.0401, 
Epoch 42, Training loss: 0.0388, 
Epoch 43, Training loss: 0.0384, 
Epoch 44, Training loss: 0.0382, 
Epoch 45, Training loss: 0.0378, 
Epoch 46, Training loss: 0.0377, 
Epoch 47, Training loss: 0.0371, 
Epoch 48, Training loss: 0.0369, 
Epoch 49, Training loss: 0.0366, 
Epoch 50, Training loss: 0.0366, 
Network count: 8
Finished making config for num_voters=50-m=7-num_winners=6-pref_dist=euclidean__args__dimensions=3_-_space=gaussian_cube-axioms=all-features=bcr-loss=L1Loss()-idx=7
Beginning to train num_voters=50-m=7-num_winners=6-pref_dist=euclidean__args__dimensions=3_-_space=gaussian_cube-axioms=all-features=bcr-loss=L1Loss()-idx=7
LOAD MODEL PATH: /scratch/b8armstr/thesis_results/trained_networks/NN-num_voters=50-m=7-num_winners=6-pref_dist=euclidean__args__dimensions=3_-_space=gaussian_cube-axioms=all-features=bcr-loss=L1Loss()-idx=7-.pt
Saved network not found. Beginning training. Caught exception: [Errno 2] No such file or directory: '/scratch/b8armstr/thesis_results/trained_networks/NN-num_voters=50-m=7-num_winners=6-pref_dist=euclidean__args__dimensions=3_-_space=gaussian_cube-axioms=all-features=bcr-loss=L1Loss()-idx=7-.pt'
Epoch 1, Training loss: 0.2496, 
Epoch 2, Training loss: 0.1538, 
Epoch 3, Training loss: 0.1503, 
Epoch 4, Training loss: 0.1484, 
Epoch 5, Training loss: 0.1479, 
Epoch 6, Training loss: 0.1471, 
Epoch 7, Training loss: 0.1467, 
Epoch 8, Training loss: 0.1465, 
Epoch 9, Training loss: 0.1463, 
Epoch 10, Training loss: 0.1462, 
Epoch 11, Training loss: 0.1458, 
Epoch 12, Training loss: 0.1455, 
Epoch 13, Training loss: 0.1453, 
Epoch 14, Training loss: 0.1448, 
Epoch 15, Training loss: 0.1376, 
Epoch 16, Training loss: 0.1314, 
Epoch 17, Training loss: 0.1302, 
Epoch 18, Training loss: 0.1301, 
Epoch 19, Training loss: 0.1292, 
Epoch 20, Training loss: 0.1248, 
Epoch 21, Training loss: 0.1131, 
Epoch 22, Training loss: 0.1064, 
Epoch 23, Training loss: 0.0864, 
Epoch 24, Training loss: 0.0741, 
Epoch 25, Training loss: 0.0681, 
Epoch 26, Training loss: 0.0655, 
Epoch 27, Training loss: 0.0597, 
Epoch 28, Training loss: 0.0498, 
Epoch 29, Training loss: 0.0431, 
Epoch 30, Training loss: 0.0408, 
Epoch 31, Training loss: 0.0394, 
Epoch 32, Training loss: 0.0389, 
Epoch 33, Training loss: 0.0386, 
Epoch 34, Training loss: 0.0381, 
Epoch 35, Training loss: 0.0379, 
Epoch 36, Training loss: 0.0372, 
Epoch 37, Training loss: 0.0374, 
Epoch 38, Training loss: 0.0371, 
Epoch 39, Training loss: 0.0370, 
Epoch 40, Training loss: 0.0364, 
Epoch 41, Training loss: 0.0364, 
Epoch 42, Training loss: 0.0364, 
Epoch 43, Training loss: 0.0364, 
Epoch 44, Training loss: 0.0364, 
Epoch 45, Training loss: 0.0358, 
Epoch 46, Training loss: 0.0359, 
Epoch 47, Training loss: 0.0354, 
Epoch 48, Training loss: 0.0353, 
Epoch 49, Training loss: 0.0356, 
Epoch 50, Training loss: 0.0355, 
Network count: 9
Finished making config for num_voters=50-m=7-num_winners=6-pref_dist=euclidean__args__dimensions=3_-_space=gaussian_cube-axioms=all-features=bcr-loss=L1Loss()-idx=8
Beginning to train num_voters=50-m=7-num_winners=6-pref_dist=euclidean__args__dimensions=3_-_space=gaussian_cube-axioms=all-features=bcr-loss=L1Loss()-idx=8
LOAD MODEL PATH: /scratch/b8armstr/thesis_results/trained_networks/NN-num_voters=50-m=7-num_winners=6-pref_dist=euclidean__args__dimensions=3_-_space=gaussian_cube-axioms=all-features=bcr-loss=L1Loss()-idx=8-.pt
Saved network not found. Beginning training. Caught exception: [Errno 2] No such file or directory: '/scratch/b8armstr/thesis_results/trained_networks/NN-num_voters=50-m=7-num_winners=6-pref_dist=euclidean__args__dimensions=3_-_space=gaussian_cube-axioms=all-features=bcr-loss=L1Loss()-idx=8-.pt'
Epoch 1, Training loss: 0.2501, 
Epoch 2, Training loss: 0.1538, 
Epoch 3, Training loss: 0.1497, 
Epoch 4, Training loss: 0.1484, 
Epoch 5, Training loss: 0.1477, 
Epoch 6, Training loss: 0.1470, 
Epoch 7, Training loss: 0.1471, 
Epoch 8, Training loss: 0.1464, 
Epoch 9, Training loss: 0.1463, 
Epoch 10, Training loss: 0.1460, 
Epoch 11, Training loss: 0.1460, 
Epoch 12, Training loss: 0.1457, 
Epoch 13, Training loss: 0.1454, 
Epoch 14, Training loss: 0.1455, 
Epoch 15, Training loss: 0.1449, 
Epoch 16, Training loss: 0.1447, 
Epoch 17, Training loss: 0.1433, 
Epoch 18, Training loss: 0.1371, 
Epoch 19, Training loss: 0.1190, 
Epoch 20, Training loss: 0.1021, 
Epoch 21, Training loss: 0.0957, 
Epoch 22, Training loss: 0.0851, 
Epoch 23, Training loss: 0.0831, 
Epoch 24, Training loss: 0.0825, 
Epoch 25, Training loss: 0.0819, 
Epoch 26, Training loss: 0.0808, 
Epoch 27, Training loss: 0.0801, 
Epoch 28, Training loss: 0.0785, 
Epoch 29, Training loss: 0.0746, 
Epoch 30, Training loss: 0.0585, 
Epoch 31, Training loss: 0.0450, 
Epoch 32, Training loss: 0.0411, 
Epoch 33, Training loss: 0.0402, 
Epoch 34, Training loss: 0.0391, 
Epoch 35, Training loss: 0.0390, 
Epoch 36, Training loss: 0.0382, 
Epoch 37, Training loss: 0.0382, 
Epoch 38, Training loss: 0.0377, 
Epoch 39, Training loss: 0.0374, 
Epoch 40, Training loss: 0.0373, 
Epoch 41, Training loss: 0.0370, 
Epoch 42, Training loss: 0.0371, 
Epoch 43, Training loss: 0.0368, 
Epoch 44, Training loss: 0.0365, 
Epoch 45, Training loss: 0.0363, 
Epoch 46, Training loss: 0.0362, 
Epoch 47, Training loss: 0.0362, 
Epoch 48, Training loss: 0.0361, 
Epoch 49, Training loss: 0.0358, 
Epoch 50, Training loss: 0.0360, 
Network count: 10
Finished making config for num_voters=50-m=7-num_winners=6-pref_dist=euclidean__args__dimensions=3_-_space=gaussian_cube-axioms=all-features=bcr-loss=L1Loss()-idx=9
Beginning to train num_voters=50-m=7-num_winners=6-pref_dist=euclidean__args__dimensions=3_-_space=gaussian_cube-axioms=all-features=bcr-loss=L1Loss()-idx=9
LOAD MODEL PATH: /scratch/b8armstr/thesis_results/trained_networks/NN-num_voters=50-m=7-num_winners=6-pref_dist=euclidean__args__dimensions=3_-_space=gaussian_cube-axioms=all-features=bcr-loss=L1Loss()-idx=9-.pt
Saved network not found. Beginning training. Caught exception: [Errno 2] No such file or directory: '/scratch/b8armstr/thesis_results/trained_networks/NN-num_voters=50-m=7-num_winners=6-pref_dist=euclidean__args__dimensions=3_-_space=gaussian_cube-axioms=all-features=bcr-loss=L1Loss()-idx=9-.pt'
Epoch 1, Training loss: 0.2541, 
Epoch 2, Training loss: 0.1540, 
Epoch 3, Training loss: 0.1498, 
Epoch 4, Training loss: 0.1484, 
Epoch 5, Training loss: 0.1478, 
Epoch 6, Training loss: 0.1469, 
Epoch 7, Training loss: 0.1468, 
Epoch 8, Training loss: 0.1466, 
Epoch 9, Training loss: 0.1467, 
Epoch 10, Training loss: 0.1462, 
Epoch 11, Training loss: 0.1461, 
Epoch 12, Training loss: 0.1457, 
Epoch 13, Training loss: 0.1456, 
Epoch 14, Training loss: 0.1448, 
Epoch 15, Training loss: 0.1421, 
Epoch 16, Training loss: 0.1301, 
Epoch 17, Training loss: 0.1289, 
Epoch 18, Training loss: 0.1287, 
Epoch 19, Training loss: 0.1282, 
Epoch 20, Training loss: 0.1273, 
Epoch 21, Training loss: 0.1257, 
Epoch 22, Training loss: 0.1184, 
Epoch 23, Training loss: 0.1022, 
Epoch 24, Training loss: 0.0963, 
Epoch 25, Training loss: 0.0876, 
Epoch 26, Training loss: 0.0730, 
Epoch 27, Training loss: 0.0580, 
Epoch 28, Training loss: 0.0528, 
Epoch 29, Training loss: 0.0508, 
Epoch 30, Training loss: 0.0483, 
Epoch 31, Training loss: 0.0440, 
Epoch 32, Training loss: 0.0410, 
Epoch 33, Training loss: 0.0399, 
Epoch 34, Training loss: 0.0390, 
Epoch 35, Training loss: 0.0386, 
Epoch 36, Training loss: 0.0381, 
Epoch 37, Training loss: 0.0377, 
Epoch 38, Training loss: 0.0377, 
Epoch 39, Training loss: 0.0375, 
Epoch 40, Training loss: 0.0368, 
Epoch 41, Training loss: 0.0371, 
Epoch 42, Training loss: 0.0368, 
Epoch 43, Training loss: 0.0364, 
Epoch 44, Training loss: 0.0363, 
Epoch 45, Training loss: 0.0366, 
Epoch 46, Training loss: 0.0360, 
Epoch 47, Training loss: 0.0362, 
Epoch 48, Training loss: 0.0358, 
Epoch 49, Training loss: 0.0359, 
Epoch 50, Training loss: 0.0355, 
Network count: 11
Finished making config for num_voters=50-m=7-num_winners=6-pref_dist=euclidean__args__dimensions=3_-_space=gaussian_cube-axioms=all-features=bcr-loss=L1Loss()-idx=10
Beginning to train num_voters=50-m=7-num_winners=6-pref_dist=euclidean__args__dimensions=3_-_space=gaussian_cube-axioms=all-features=bcr-loss=L1Loss()-idx=10
LOAD MODEL PATH: /scratch/b8armstr/thesis_results/trained_networks/NN-num_voters=50-m=7-num_winners=6-pref_dist=euclidean__args__dimensions=3_-_space=gaussian_cube-axioms=all-features=bcr-loss=L1Loss()-idx=10-.pt
Saved network not found. Beginning training. Caught exception: [Errno 2] No such file or directory: '/scratch/b8armstr/thesis_results/trained_networks/NN-num_voters=50-m=7-num_winners=6-pref_dist=euclidean__args__dimensions=3_-_space=gaussian_cube-axioms=all-features=bcr-loss=L1Loss()-idx=10-.pt'
Epoch 1, Training loss: 0.2467, 
Epoch 2, Training loss: 0.1538, 
Epoch 3, Training loss: 0.1499, 
Epoch 4, Training loss: 0.1482, 
Epoch 5, Training loss: 0.1476, 
Epoch 6, Training loss: 0.1471, 
Epoch 7, Training loss: 0.1467, 
Epoch 8, Training loss: 0.1464, 
Epoch 9, Training loss: 0.1463, 
Epoch 10, Training loss: 0.1456, 
Epoch 11, Training loss: 0.1453, 
Epoch 12, Training loss: 0.1409, 
Epoch 13, Training loss: 0.1256, 
Epoch 14, Training loss: 0.1146, 
Epoch 15, Training loss: 0.1125, 
Epoch 16, Training loss: 0.1051, 
Epoch 17, Training loss: 0.0988, 
Epoch 18, Training loss: 0.0982, 
Epoch 19, Training loss: 0.0981, 
Epoch 20, Training loss: 0.0976, 
Epoch 21, Training loss: 0.0970, 
Epoch 22, Training loss: 0.0965, 
Epoch 23, Training loss: 0.0963, 
Epoch 24, Training loss: 0.0955, 
Epoch 25, Training loss: 0.0949, 
Epoch 26, Training loss: 0.0923, 
Epoch 27, Training loss: 0.0838, 
Epoch 28, Training loss: 0.0809, 
Epoch 29, Training loss: 0.0799, 
Epoch 30, Training loss: 0.0797, 
Epoch 31, Training loss: 0.0790, 
Epoch 32, Training loss: 0.0781, 
Epoch 33, Training loss: 0.0769, 
Epoch 34, Training loss: 0.0702, 
Epoch 35, Training loss: 0.0559, 
Epoch 36, Training loss: 0.0490, 
Epoch 37, Training loss: 0.0420, 
Epoch 38, Training loss: 0.0395, 
Epoch 39, Training loss: 0.0394, 
Epoch 40, Training loss: 0.0383, 
Epoch 41, Training loss: 0.0380, 
Epoch 42, Training loss: 0.0375, 
Epoch 43, Training loss: 0.0371, 
Epoch 44, Training loss: 0.0370, 
Epoch 45, Training loss: 0.0369, 
Epoch 46, Training loss: 0.0365, 
Epoch 47, Training loss: 0.0365, 
Epoch 48, Training loss: 0.0362, 
Epoch 49, Training loss: 0.0360, 
Epoch 50, Training loss: 0.0361, 
Network count: 12
Finished making config for num_voters=50-m=7-num_winners=6-pref_dist=euclidean__args__dimensions=3_-_space=gaussian_cube-axioms=all-features=bcr-loss=L1Loss()-idx=11
Beginning to train num_voters=50-m=7-num_winners=6-pref_dist=euclidean__args__dimensions=3_-_space=gaussian_cube-axioms=all-features=bcr-loss=L1Loss()-idx=11
LOAD MODEL PATH: /scratch/b8armstr/thesis_results/trained_networks/NN-num_voters=50-m=7-num_winners=6-pref_dist=euclidean__args__dimensions=3_-_space=gaussian_cube-axioms=all-features=bcr-loss=L1Loss()-idx=11-.pt
Saved network not found. Beginning training. Caught exception: [Errno 2] No such file or directory: '/scratch/b8armstr/thesis_results/trained_networks/NN-num_voters=50-m=7-num_winners=6-pref_dist=euclidean__args__dimensions=3_-_space=gaussian_cube-axioms=all-features=bcr-loss=L1Loss()-idx=11-.pt'
Epoch 1, Training loss: 0.2468, 
Epoch 2, Training loss: 0.1534, 
Epoch 3, Training loss: 0.1497, 
Epoch 4, Training loss: 0.1483, 
Epoch 5, Training loss: 0.1479, 
Epoch 6, Training loss: 0.1469, 
Epoch 7, Training loss: 0.1467, 
Epoch 8, Training loss: 0.1466, 
Epoch 9, Training loss: 0.1460, 
Epoch 10, Training loss: 0.1459, 
Epoch 11, Training loss: 0.1452, 
Epoch 12, Training loss: 0.1438, 
Epoch 13, Training loss: 0.1324, 
Epoch 14, Training loss: 0.1294, 
Epoch 15, Training loss: 0.1289, 
Epoch 16, Training loss: 0.1288, 
Epoch 17, Training loss: 0.1282, 
Epoch 18, Training loss: 0.1277, 
Epoch 19, Training loss: 0.1270, 
Epoch 20, Training loss: 0.1253, 
Epoch 21, Training loss: 0.1135, 
Epoch 22, Training loss: 0.0977, 
Epoch 23, Training loss: 0.0863, 
Epoch 24, Training loss: 0.0842, 
Epoch 25, Training loss: 0.0827, 
Epoch 26, Training loss: 0.0810, 
Epoch 27, Training loss: 0.0763, 
Epoch 28, Training loss: 0.0601, 
Epoch 29, Training loss: 0.0510, 
Epoch 30, Training loss: 0.0427, 
Epoch 31, Training loss: 0.0406, 
Epoch 32, Training loss: 0.0398, 
Epoch 33, Training loss: 0.0389, 
Epoch 34, Training loss: 0.0386, 
Epoch 35, Training loss: 0.0380, 
Epoch 36, Training loss: 0.0375, 
Epoch 37, Training loss: 0.0375, 
Epoch 38, Training loss: 0.0373, 
Epoch 39, Training loss: 0.0368, 
Epoch 40, Training loss: 0.0366, 
Epoch 41, Training loss: 0.0366, 
Epoch 42, Training loss: 0.0363, 
Epoch 43, Training loss: 0.0363, 
Epoch 44, Training loss: 0.0364, 
Epoch 45, Training loss: 0.0360, 
Epoch 46, Training loss: 0.0357, 
Epoch 47, Training loss: 0.0356, 
Epoch 48, Training loss: 0.0355, 
Epoch 49, Training loss: 0.0354, 
Epoch 50, Training loss: 0.0353, 
Network count: 13
Finished making config for num_voters=50-m=7-num_winners=6-pref_dist=euclidean__args__dimensions=3_-_space=gaussian_cube-axioms=all-features=bcr-loss=L1Loss()-idx=12
Beginning to train num_voters=50-m=7-num_winners=6-pref_dist=euclidean__args__dimensions=3_-_space=gaussian_cube-axioms=all-features=bcr-loss=L1Loss()-idx=12
LOAD MODEL PATH: /scratch/b8armstr/thesis_results/trained_networks/NN-num_voters=50-m=7-num_winners=6-pref_dist=euclidean__args__dimensions=3_-_space=gaussian_cube-axioms=all-features=bcr-loss=L1Loss()-idx=12-.pt
Saved network not found. Beginning training. Caught exception: [Errno 2] No such file or directory: '/scratch/b8armstr/thesis_results/trained_networks/NN-num_voters=50-m=7-num_winners=6-pref_dist=euclidean__args__dimensions=3_-_space=gaussian_cube-axioms=all-features=bcr-loss=L1Loss()-idx=12-.pt'
Epoch 1, Training loss: 0.2539, 
Epoch 2, Training loss: 0.1555, 
Epoch 3, Training loss: 0.1511, 
Epoch 4, Training loss: 0.1491, 
Epoch 5, Training loss: 0.1481, 
Epoch 6, Training loss: 0.1475, 
Epoch 7, Training loss: 0.1475, 
Epoch 8, Training loss: 0.1468, 
Epoch 9, Training loss: 0.1464, 
Epoch 10, Training loss: 0.1462, 
Epoch 11, Training loss: 0.1454, 
Epoch 12, Training loss: 0.1413, 
Epoch 13, Training loss: 0.1306, 
Epoch 14, Training loss: 0.1291, 
Epoch 15, Training loss: 0.1280, 
Epoch 16, Training loss: 0.1233, 
Epoch 17, Training loss: 0.1139, 
Epoch 18, Training loss: 0.1125, 
Epoch 19, Training loss: 0.1087, 
Epoch 20, Training loss: 0.0998, 
Epoch 21, Training loss: 0.0981, 
Epoch 22, Training loss: 0.0963, 
Epoch 23, Training loss: 0.0896, 
Epoch 24, Training loss: 0.0784, 
Epoch 25, Training loss: 0.0703, 
Epoch 26, Training loss: 0.0690, 
Epoch 27, Training loss: 0.0681, 
Epoch 28, Training loss: 0.0673, 
Epoch 29, Training loss: 0.0664, 
Epoch 30, Training loss: 0.0653, 
Epoch 31, Training loss: 0.0622, 
Epoch 32, Training loss: 0.0532, 
Epoch 33, Training loss: 0.0437, 
Epoch 34, Training loss: 0.0410, 
Epoch 35, Training loss: 0.0400, 
Epoch 36, Training loss: 0.0392, 
Epoch 37, Training loss: 0.0387, 
Epoch 38, Training loss: 0.0386, 
Epoch 39, Training loss: 0.0383, 
Epoch 40, Training loss: 0.0377, 
Epoch 41, Training loss: 0.0378, 
Epoch 42, Training loss: 0.0375, 
Epoch 43, Training loss: 0.0371, 
Epoch 44, Training loss: 0.0369, 
Epoch 45, Training loss: 0.0368, 
Epoch 46, Training loss: 0.0368, 
Epoch 47, Training loss: 0.0363, 
Epoch 48, Training loss: 0.0367, 
Epoch 49, Training loss: 0.0362, 
Epoch 50, Training loss: 0.0360, 
Network count: 14
Finished making config for num_voters=50-m=7-num_winners=6-pref_dist=euclidean__args__dimensions=3_-_space=gaussian_cube-axioms=all-features=bcr-loss=L1Loss()-idx=13
Beginning to train num_voters=50-m=7-num_winners=6-pref_dist=euclidean__args__dimensions=3_-_space=gaussian_cube-axioms=all-features=bcr-loss=L1Loss()-idx=13
LOAD MODEL PATH: /scratch/b8armstr/thesis_results/trained_networks/NN-num_voters=50-m=7-num_winners=6-pref_dist=euclidean__args__dimensions=3_-_space=gaussian_cube-axioms=all-features=bcr-loss=L1Loss()-idx=13-.pt
Saved network not found. Beginning training. Caught exception: [Errno 2] No such file or directory: '/scratch/b8armstr/thesis_results/trained_networks/NN-num_voters=50-m=7-num_winners=6-pref_dist=euclidean__args__dimensions=3_-_space=gaussian_cube-axioms=all-features=bcr-loss=L1Loss()-idx=13-.pt'
Epoch 1, Training loss: 0.2507, 
Epoch 2, Training loss: 0.1520, 
Epoch 3, Training loss: 0.1488, 
Epoch 4, Training loss: 0.1477, 
Epoch 5, Training loss: 0.1470, 
Epoch 6, Training loss: 0.1467, 
Epoch 7, Training loss: 0.1462, 
Epoch 8, Training loss: 0.1463, 
Epoch 9, Training loss: 0.1458, 
Epoch 10, Training loss: 0.1458, 
Epoch 11, Training loss: 0.1454, 
Epoch 12, Training loss: 0.1453, 
Epoch 13, Training loss: 0.1450, 
Epoch 14, Training loss: 0.1448, 
Epoch 15, Training loss: 0.1444, 
Epoch 16, Training loss: 0.1438, 
Epoch 17, Training loss: 0.1400, 
Epoch 18, Training loss: 0.1198, 
Epoch 19, Training loss: 0.1021, 
Epoch 20, Training loss: 0.0978, 
Epoch 21, Training loss: 0.0913, 
Epoch 22, Training loss: 0.0762, 
Epoch 23, Training loss: 0.0695, 
Epoch 24, Training loss: 0.0680, 
Epoch 25, Training loss: 0.0667, 
Epoch 26, Training loss: 0.0637, 
Epoch 27, Training loss: 0.0548, 
Epoch 28, Training loss: 0.0489, 
Epoch 29, Training loss: 0.0433, 
Epoch 30, Training loss: 0.0404, 
Epoch 31, Training loss: 0.0392, 
Epoch 32, Training loss: 0.0387, 
Epoch 33, Training loss: 0.0383, 
Epoch 34, Training loss: 0.0379, 
Epoch 35, Training loss: 0.0374, 
Epoch 36, Training loss: 0.0373, 
Epoch 37, Training loss: 0.0372, 
Epoch 38, Training loss: 0.0370, 
Epoch 39, Training loss: 0.0367, 
Epoch 40, Training loss: 0.0365, 
Epoch 41, Training loss: 0.0363, 
Epoch 42, Training loss: 0.0364, 
Epoch 43, Training loss: 0.0360, 
Epoch 44, Training loss: 0.0358, 
Epoch 45, Training loss: 0.0360, 
Epoch 46, Training loss: 0.0360, 
Epoch 47, Training loss: 0.0356, 
Epoch 48, Training loss: 0.0356, 
Epoch 49, Training loss: 0.0354, 
Epoch 50, Training loss: 0.0351, 
Network count: 15
Finished making config for num_voters=50-m=7-num_winners=6-pref_dist=euclidean__args__dimensions=3_-_space=gaussian_cube-axioms=all-features=bcr-loss=L1Loss()-idx=14
Beginning to train num_voters=50-m=7-num_winners=6-pref_dist=euclidean__args__dimensions=3_-_space=gaussian_cube-axioms=all-features=bcr-loss=L1Loss()-idx=14
LOAD MODEL PATH: /scratch/b8armstr/thesis_results/trained_networks/NN-num_voters=50-m=7-num_winners=6-pref_dist=euclidean__args__dimensions=3_-_space=gaussian_cube-axioms=all-features=bcr-loss=L1Loss()-idx=14-.pt
Saved network not found. Beginning training. Caught exception: [Errno 2] No such file or directory: '/scratch/b8armstr/thesis_results/trained_networks/NN-num_voters=50-m=7-num_winners=6-pref_dist=euclidean__args__dimensions=3_-_space=gaussian_cube-axioms=all-features=bcr-loss=L1Loss()-idx=14-.pt'
Epoch 1, Training loss: 0.2473, 
Epoch 2, Training loss: 0.1538, 
Epoch 3, Training loss: 0.1501, 
Epoch 4, Training loss: 0.1489, 
Epoch 5, Training loss: 0.1475, 
Epoch 6, Training loss: 0.1473, 
Epoch 7, Training loss: 0.1467, 
Epoch 8, Training loss: 0.1465, 
Epoch 9, Training loss: 0.1465, 
Epoch 10, Training loss: 0.1460, 
Epoch 11, Training loss: 0.1460, 
Epoch 12, Training loss: 0.1452, 
Epoch 13, Training loss: 0.1437, 
Epoch 14, Training loss: 0.1294, 
Epoch 15, Training loss: 0.1157, 
Epoch 16, Training loss: 0.1144, 
Epoch 17, Training loss: 0.1138, 
Epoch 18, Training loss: 0.1132, 
Epoch 19, Training loss: 0.1127, 
Epoch 20, Training loss: 0.1124, 
Epoch 21, Training loss: 0.1121, 
Epoch 22, Training loss: 0.1121, 
Epoch 23, Training loss: 0.1117, 
Epoch 24, Training loss: 0.1109, 
Epoch 25, Training loss: 0.1094, 
Epoch 26, Training loss: 0.1020, 
Epoch 27, Training loss: 0.0961, 
Epoch 28, Training loss: 0.0939, 
Epoch 29, Training loss: 0.0848, 
Epoch 30, Training loss: 0.0820, 
Epoch 31, Training loss: 0.0814, 
Epoch 32, Training loss: 0.0812, 
Epoch 33, Training loss: 0.0808, 
Epoch 34, Training loss: 0.0808, 
Epoch 35, Training loss: 0.0801, 
Epoch 36, Training loss: 0.0796, 
Epoch 37, Training loss: 0.0793, 
Epoch 38, Training loss: 0.0773, 
Epoch 39, Training loss: 0.0676, 
Epoch 40, Training loss: 0.0511, 
Epoch 41, Training loss: 0.0409, 
Epoch 42, Training loss: 0.0398, 
Epoch 43, Training loss: 0.0391, 
Epoch 44, Training loss: 0.0383, 
Epoch 45, Training loss: 0.0375, 
Epoch 46, Training loss: 0.0374, 
Epoch 47, Training loss: 0.0371, 
Epoch 48, Training loss: 0.0372, 
Epoch 49, Training loss: 0.0365, 
Epoch 50, Training loss: 0.0366, 
Network count: 16
Finished making config for num_voters=50-m=7-num_winners=6-pref_dist=euclidean__args__dimensions=3_-_space=gaussian_cube-axioms=all-features=bcr-loss=L1Loss()-idx=15
Beginning to train num_voters=50-m=7-num_winners=6-pref_dist=euclidean__args__dimensions=3_-_space=gaussian_cube-axioms=all-features=bcr-loss=L1Loss()-idx=15
LOAD MODEL PATH: /scratch/b8armstr/thesis_results/trained_networks/NN-num_voters=50-m=7-num_winners=6-pref_dist=euclidean__args__dimensions=3_-_space=gaussian_cube-axioms=all-features=bcr-loss=L1Loss()-idx=15-.pt
Saved network not found. Beginning training. Caught exception: [Errno 2] No such file or directory: '/scratch/b8armstr/thesis_results/trained_networks/NN-num_voters=50-m=7-num_winners=6-pref_dist=euclidean__args__dimensions=3_-_space=gaussian_cube-axioms=all-features=bcr-loss=L1Loss()-idx=15-.pt'
Epoch 1, Training loss: 0.2487, 
Epoch 2, Training loss: 0.1537, 
Epoch 3, Training loss: 0.1500, 
Epoch 4, Training loss: 0.1485, 
Epoch 5, Training loss: 0.1479, 
Epoch 6, Training loss: 0.1472, 
Epoch 7, Training loss: 0.1468, 
Epoch 8, Training loss: 0.1465, 
Epoch 9, Training loss: 0.1464, 
Epoch 10, Training loss: 0.1460, 
Epoch 11, Training loss: 0.1458, 
Epoch 12, Training loss: 0.1457, 
Epoch 13, Training loss: 0.1455, 
Epoch 14, Training loss: 0.1453, 
Epoch 15, Training loss: 0.1447, 
Epoch 16, Training loss: 0.1375, 
Epoch 17, Training loss: 0.1295, 
Epoch 18, Training loss: 0.1286, 
Epoch 19, Training loss: 0.1278, 
Epoch 20, Training loss: 0.1269, 
Epoch 21, Training loss: 0.1227, 
Epoch 22, Training loss: 0.1145, 
Epoch 23, Training loss: 0.1138, 
Epoch 24, Training loss: 0.1118, 
Epoch 25, Training loss: 0.1013, 
Epoch 26, Training loss: 0.0957, 
Epoch 27, Training loss: 0.0893, 
Epoch 28, Training loss: 0.0658, 
Epoch 29, Training loss: 0.0543, 
Epoch 30, Training loss: 0.0517, 
Epoch 31, Training loss: 0.0484, 
Epoch 32, Training loss: 0.0433, 
Epoch 33, Training loss: 0.0405, 
Epoch 34, Training loss: 0.0396, 
Epoch 35, Training loss: 0.0391, 
Epoch 36, Training loss: 0.0385, 
Epoch 37, Training loss: 0.0383, 
Epoch 38, Training loss: 0.0377, 
Epoch 39, Training loss: 0.0372, 
Epoch 40, Training loss: 0.0377, 
Epoch 41, Training loss: 0.0370, 
Epoch 42, Training loss: 0.0370, 
Epoch 43, Training loss: 0.0363, 
Epoch 44, Training loss: 0.0369, 
Epoch 45, Training loss: 0.0363, 
Epoch 46, Training loss: 0.0367, 
Epoch 47, Training loss: 0.0360, 
Epoch 48, Training loss: 0.0358, 
Epoch 49, Training loss: 0.0362, 
Epoch 50, Training loss: 0.0359, 
Network count: 17
Finished making config for num_voters=50-m=7-num_winners=6-pref_dist=euclidean__args__dimensions=3_-_space=gaussian_cube-axioms=all-features=bcr-loss=L1Loss()-idx=16
Beginning to train num_voters=50-m=7-num_winners=6-pref_dist=euclidean__args__dimensions=3_-_space=gaussian_cube-axioms=all-features=bcr-loss=L1Loss()-idx=16
LOAD MODEL PATH: /scratch/b8armstr/thesis_results/trained_networks/NN-num_voters=50-m=7-num_winners=6-pref_dist=euclidean__args__dimensions=3_-_space=gaussian_cube-axioms=all-features=bcr-loss=L1Loss()-idx=16-.pt
Saved network not found. Beginning training. Caught exception: [Errno 2] No such file or directory: '/scratch/b8armstr/thesis_results/trained_networks/NN-num_voters=50-m=7-num_winners=6-pref_dist=euclidean__args__dimensions=3_-_space=gaussian_cube-axioms=all-features=bcr-loss=L1Loss()-idx=16-.pt'
Epoch 1, Training loss: 0.2537, 
Epoch 2, Training loss: 0.1538, 
Epoch 3, Training loss: 0.1500, 
Epoch 4, Training loss: 0.1482, 
Epoch 5, Training loss: 0.1475, 
Epoch 6, Training loss: 0.1472, 
Epoch 7, Training loss: 0.1470, 
Epoch 8, Training loss: 0.1464, 
Epoch 9, Training loss: 0.1462, 
Epoch 10, Training loss: 0.1461, 
Epoch 11, Training loss: 0.1459, 
Epoch 12, Training loss: 0.1458, 
Epoch 13, Training loss: 0.1455, 
Epoch 14, Training loss: 0.1448, 
Epoch 15, Training loss: 0.1445, 
Epoch 16, Training loss: 0.1376, 
Epoch 17, Training loss: 0.1250, 
Epoch 18, Training loss: 0.1061, 
Epoch 19, Training loss: 0.0996, 
Epoch 20, Training loss: 0.0956, 
Epoch 21, Training loss: 0.0853, 
Epoch 22, Training loss: 0.0830, 
Epoch 23, Training loss: 0.0819, 
Epoch 24, Training loss: 0.0761, 
Epoch 25, Training loss: 0.0680, 
Epoch 26, Training loss: 0.0669, 
Epoch 27, Training loss: 0.0663, 
Epoch 28, Training loss: 0.0658, 
Epoch 29, Training loss: 0.0655, 
Epoch 30, Training loss: 0.0645, 
Epoch 31, Training loss: 0.0630, 
Epoch 32, Training loss: 0.0598, 
Epoch 33, Training loss: 0.0515, 
Epoch 34, Training loss: 0.0464, 
Epoch 35, Training loss: 0.0409, 
Epoch 36, Training loss: 0.0400, 
Epoch 37, Training loss: 0.0392, 
Epoch 38, Training loss: 0.0384, 
Epoch 39, Training loss: 0.0381, 
Epoch 40, Training loss: 0.0382, 
Epoch 41, Training loss: 0.0374, 
Epoch 42, Training loss: 0.0372, 
Epoch 43, Training loss: 0.0369, 
Epoch 44, Training loss: 0.0372, 
Epoch 45, Training loss: 0.0364, 
Epoch 46, Training loss: 0.0363, 
Epoch 47, Training loss: 0.0364, 
Epoch 48, Training loss: 0.0363, 
Epoch 49, Training loss: 0.0363, 
Epoch 50, Training loss: 0.0359, 
Network count: 18
Finished making config for num_voters=50-m=7-num_winners=6-pref_dist=euclidean__args__dimensions=3_-_space=gaussian_cube-axioms=all-features=bcr-loss=L1Loss()-idx=17
Beginning to train num_voters=50-m=7-num_winners=6-pref_dist=euclidean__args__dimensions=3_-_space=gaussian_cube-axioms=all-features=bcr-loss=L1Loss()-idx=17
LOAD MODEL PATH: /scratch/b8armstr/thesis_results/trained_networks/NN-num_voters=50-m=7-num_winners=6-pref_dist=euclidean__args__dimensions=3_-_space=gaussian_cube-axioms=all-features=bcr-loss=L1Loss()-idx=17-.pt
Saved network not found. Beginning training. Caught exception: [Errno 2] No such file or directory: '/scratch/b8armstr/thesis_results/trained_networks/NN-num_voters=50-m=7-num_winners=6-pref_dist=euclidean__args__dimensions=3_-_space=gaussian_cube-axioms=all-features=bcr-loss=L1Loss()-idx=17-.pt'
Epoch 1, Training loss: 0.2494, 
Epoch 2, Training loss: 0.1537, 
Epoch 3, Training loss: 0.1501, 
Epoch 4, Training loss: 0.1480, 
Epoch 5, Training loss: 0.1478, 
Epoch 6, Training loss: 0.1472, 
Epoch 7, Training loss: 0.1466, 
Epoch 8, Training loss: 0.1463, 
Epoch 9, Training loss: 0.1460, 
Epoch 10, Training loss: 0.1459, 
Epoch 11, Training loss: 0.1451, 
Epoch 12, Training loss: 0.1401, 
Epoch 13, Training loss: 0.1301, 
Epoch 14, Training loss: 0.1294, 
Epoch 15, Training loss: 0.1285, 
Epoch 16, Training loss: 0.1284, 
Epoch 17, Training loss: 0.1251, 
Epoch 18, Training loss: 0.1147, 
Epoch 19, Training loss: 0.1130, 
Epoch 20, Training loss: 0.1127, 
Epoch 21, Training loss: 0.1121, 
Epoch 22, Training loss: 0.1116, 
Epoch 23, Training loss: 0.1110, 
Epoch 24, Training loss: 0.1094, 
Epoch 25, Training loss: 0.1021, 
Epoch 26, Training loss: 0.0967, 
Epoch 27, Training loss: 0.0963, 
Epoch 28, Training loss: 0.0956, 
Epoch 29, Training loss: 0.0954, 
Epoch 30, Training loss: 0.0950, 
Epoch 31, Training loss: 0.0945, 
Epoch 32, Training loss: 0.0940, 
Epoch 33, Training loss: 0.0927, 
Epoch 34, Training loss: 0.0862, 
Epoch 35, Training loss: 0.0757, 
Epoch 36, Training loss: 0.0669, 
Epoch 37, Training loss: 0.0646, 
Epoch 38, Training loss: 0.0575, 
Epoch 39, Training loss: 0.0500, 
Epoch 40, Training loss: 0.0461, 
Epoch 41, Training loss: 0.0409, 
Epoch 42, Training loss: 0.0395, 
Epoch 43, Training loss: 0.0390, 
Epoch 44, Training loss: 0.0384, 
Epoch 45, Training loss: 0.0375, 
Epoch 46, Training loss: 0.0374, 
Epoch 47, Training loss: 0.0375, 
Epoch 48, Training loss: 0.0375, 
Epoch 49, Training loss: 0.0367, 
Epoch 50, Training loss: 0.0363, 
Network count: 19
Finished making config for num_voters=50-m=7-num_winners=6-pref_dist=euclidean__args__dimensions=3_-_space=gaussian_cube-axioms=all-features=bcr-loss=L1Loss()-idx=18
Beginning to train num_voters=50-m=7-num_winners=6-pref_dist=euclidean__args__dimensions=3_-_space=gaussian_cube-axioms=all-features=bcr-loss=L1Loss()-idx=18
LOAD MODEL PATH: /scratch/b8armstr/thesis_results/trained_networks/NN-num_voters=50-m=7-num_winners=6-pref_dist=euclidean__args__dimensions=3_-_space=gaussian_cube-axioms=all-features=bcr-loss=L1Loss()-idx=18-.pt
Saved network not found. Beginning training. Caught exception: [Errno 2] No such file or directory: '/scratch/b8armstr/thesis_results/trained_networks/NN-num_voters=50-m=7-num_winners=6-pref_dist=euclidean__args__dimensions=3_-_space=gaussian_cube-axioms=all-features=bcr-loss=L1Loss()-idx=18-.pt'
Epoch 1, Training loss: 0.2496, 
Epoch 2, Training loss: 0.1546, 
Epoch 3, Training loss: 0.1507, 
Epoch 4, Training loss: 0.1486, 
Epoch 5, Training loss: 0.1477, 
Epoch 6, Training loss: 0.1471, 
Epoch 7, Training loss: 0.1468, 
Epoch 8, Training loss: 0.1465, 
Epoch 9, Training loss: 0.1460, 
Epoch 10, Training loss: 0.1454, 
Epoch 11, Training loss: 0.1394, 
Epoch 12, Training loss: 0.1302, 
Epoch 13, Training loss: 0.1291, 
Epoch 14, Training loss: 0.1289, 
Epoch 15, Training loss: 0.1281, 
Epoch 16, Training loss: 0.1273, 
Epoch 17, Training loss: 0.1252, 
Epoch 18, Training loss: 0.1127, 
Epoch 19, Training loss: 0.0906, 
Epoch 20, Training loss: 0.0865, 
Epoch 21, Training loss: 0.0854, 
Epoch 22, Training loss: 0.0848, 
Epoch 23, Training loss: 0.0843, 
Epoch 24, Training loss: 0.0836, 
Epoch 25, Training loss: 0.0825, 
Epoch 26, Training loss: 0.0805, 
Epoch 27, Training loss: 0.0755, 
Epoch 28, Training loss: 0.0603, 
Epoch 29, Training loss: 0.0447, 
Epoch 30, Training loss: 0.0415, 
Epoch 31, Training loss: 0.0406, 
Epoch 32, Training loss: 0.0395, 
Epoch 33, Training loss: 0.0391, 
Epoch 34, Training loss: 0.0384, 
Epoch 35, Training loss: 0.0380, 
Epoch 36, Training loss: 0.0380, 
Epoch 37, Training loss: 0.0376, 
Epoch 38, Training loss: 0.0373, 
Epoch 39, Training loss: 0.0372, 
Epoch 40, Training loss: 0.0366, 
Epoch 41, Training loss: 0.0366, 
Epoch 42, Training loss: 0.0364, 
Epoch 43, Training loss: 0.0365, 
Epoch 44, Training loss: 0.0362, 
Epoch 45, Training loss: 0.0360, 
Epoch 46, Training loss: 0.0363, 
Epoch 47, Training loss: 0.0360, 
Epoch 48, Training loss: 0.0355, 
Epoch 49, Training loss: 0.0353, 
Epoch 50, Training loss: 0.0354, 
Network count: 20
Finished making config for num_voters=50-m=7-num_winners=6-pref_dist=euclidean__args__dimensions=3_-_space=gaussian_cube-axioms=all-features=bcr-loss=L1Loss()-idx=19
Beginning to train num_voters=50-m=7-num_winners=6-pref_dist=euclidean__args__dimensions=3_-_space=gaussian_cube-axioms=all-features=bcr-loss=L1Loss()-idx=19
LOAD MODEL PATH: /scratch/b8armstr/thesis_results/trained_networks/NN-num_voters=50-m=7-num_winners=6-pref_dist=euclidean__args__dimensions=3_-_space=gaussian_cube-axioms=all-features=bcr-loss=L1Loss()-idx=19-.pt
Saved network not found. Beginning training. Caught exception: [Errno 2] No such file or directory: '/scratch/b8armstr/thesis_results/trained_networks/NN-num_voters=50-m=7-num_winners=6-pref_dist=euclidean__args__dimensions=3_-_space=gaussian_cube-axioms=all-features=bcr-loss=L1Loss()-idx=19-.pt'
Epoch 1, Training loss: 0.2524, 
Epoch 2, Training loss: 0.1529, 
Epoch 3, Training loss: 0.1496, 
Epoch 4, Training loss: 0.1481, 
Epoch 5, Training loss: 0.1475, 
Epoch 6, Training loss: 0.1469, 
Epoch 7, Training loss: 0.1465, 
Epoch 8, Training loss: 0.1467, 
Epoch 9, Training loss: 0.1462, 
Epoch 10, Training loss: 0.1457, 
Epoch 11, Training loss: 0.1426, 
Epoch 12, Training loss: 0.1319, 
Epoch 13, Training loss: 0.1305, 
Epoch 14, Training loss: 0.1302, 
Epoch 15, Training loss: 0.1299, 
Epoch 16, Training loss: 0.1294, 
Epoch 17, Training loss: 0.1289, 
Epoch 18, Training loss: 0.1268, 
Epoch 19, Training loss: 0.1115, 
Epoch 20, Training loss: 0.0989, 
Epoch 21, Training loss: 0.0972, 
Epoch 22, Training loss: 0.0965, 
Epoch 23, Training loss: 0.0956, 
Epoch 24, Training loss: 0.0945, 
Epoch 25, Training loss: 0.0908, 
Epoch 26, Training loss: 0.0792, 
Epoch 27, Training loss: 0.0701, 
Epoch 28, Training loss: 0.0682, 
Epoch 29, Training loss: 0.0670, 
Epoch 30, Training loss: 0.0654, 
Epoch 31, Training loss: 0.0569, 
Epoch 32, Training loss: 0.0432, 
Epoch 33, Training loss: 0.0407, 
Epoch 34, Training loss: 0.0398, 
Epoch 35, Training loss: 0.0389, 
Epoch 36, Training loss: 0.0385, 
Epoch 37, Training loss: 0.0385, 
Epoch 38, Training loss: 0.0379, 
Epoch 39, Training loss: 0.0375, 
Epoch 40, Training loss: 0.0370, 
Epoch 41, Training loss: 0.0369, 
Epoch 42, Training loss: 0.0369, 
Epoch 43, Training loss: 0.0365, 
Epoch 44, Training loss: 0.0363, 
Epoch 45, Training loss: 0.0364, 
Epoch 46, Training loss: 0.0364, 
Epoch 47, Training loss: 0.0356, 
Epoch 48, Training loss: 0.0360, 
Epoch 49, Training loss: 0.0359, 
Epoch 50, Training loss: 0.0354, 
