1731176820
About to load modules
created virtual environment CPython3.11.5.final.0-64 in 2624ms
  creator CPython3Posix(dest=/local/b8armstr.26771956.0/env, clear=False, no_vcs_ignore=False, global=False)
  seeder FromAppData(download=False, pip=bundle, setuptools=bundle, wheel=bundle, via=copy, app_data_dir=/home/b8armstr/.local/share/virtualenv)
    added seed packages: pip==24.2, setuptools==68.0.0, wheel==0.44.0
  activators BashActivator,CShellActivator,FishActivator,NushellActivator,PowerShellActivator,PythonActivator
1731176824
About to install requirements
Looking in links: /cvmfs/soft.computecanada.ca/custom/python/wheelhouse/gentoo2023/x86-64-v3, /cvmfs/soft.computecanada.ca/custom/python/wheelhouse/gentoo2023/generic, /cvmfs/soft.computecanada.ca/custom/python/wheelhouse/generic
Processing /cvmfs/soft.computecanada.ca/custom/python/wheelhouse/generic/Deprecated-1.2.14+computecanada-py2.py3-none-any.whl
Processing /cvmfs/soft.computecanada.ca/custom/python/wheelhouse/generic/wrapt-1.16.0+computecanada-cp311-cp311-linux_x86_64.whl (from deprecated)
Installing collected packages: wrapt, deprecated
Successfully installed deprecated-1.2.14+computecanada wrapt-1.16.0+computecanada
Looking in links: /cvmfs/soft.computecanada.ca/custom/python/wheelhouse/gentoo2023/x86-64-v3, /cvmfs/soft.computecanada.ca/custom/python/wheelhouse/gentoo2023/generic, /cvmfs/soft.computecanada.ca/custom/python/wheelhouse/generic
Processing ./cc_libs/abcvoting-2.10.0-py3-none-any.whl
Processing ./cc_libs/absl_py-2.1.0+computecanada-py3-none-any.whl
Processing ./cc_libs/appnope-0.1.4-py2.py3-none-any.whl
Processing ./cc_libs/asttokens-2.4.1+computecanada-py2.py3-none-any.whl
Processing ./cc_libs/astunparse-1.6.3+computecanada-py2.py3-none-any.whl
Processing ./cc_libs/attrs-24.2.0+computecanada-py3-none-any.whl
Processing ./cc_libs/backcall-0.2.0+computecanada-py3-none-any.whl
Processing ./cc_libs/beautifulsoup4-4.12.3+computecanada-py3-none-any.whl
Processing ./cc_libs/bleach-6.1.0+computecanada-py3-none-any.whl
Processing ./cc_libs/certifi-2024.6.2-py3-none-any.whl
Processing ./cc_libs/cffi-1.15.1+computecanada-cp311-cp311-linux_x86_64.whl
Processing ./cc_libs/charset_normalizer-3.3.2-py3-none-any.whl
Processing ./cc_libs/contourpy-1.2.1+computecanada-cp311-cp311-linux_x86_64.whl
Processing ./cc_libs/cycler-0.12.1+computecanada-py3-none-any.whl
Processing ./cc_libs/decorator-5.1.1+computecanada-py3-none-any.whl
Processing ./cc_libs/defusedxml-0.7.1+computecanada-py2.py3-none-any.whl
Processing ./cc_libs/Deprecated-1.2.14+computecanada-py2.py3-none-any.whl
Processing ./cc_libs/docopt-0.6.2+computecanada-py2.py3-none-any.whl
Processing ./cc_libs/executing-2.1.0-py2.py3-none-any.whl
Processing ./cc_libs/fastjsonschema-2.20.0+computecanada-py3-none-any.whl
Processing ./cc_libs/filelock-3.14.0-py3-none-any.whl
Processing ./cc_libs/flatbuffers-24.3.25+computecanada-py2.py3-none-any.whl
Processing ./cc_libs/fonttools-4.53.0+computecanada-cp311-cp311-linux_x86_64.whl
Processing ./cc_libs/fsspec-2024.6.0+computecanada-py3-none-any.whl
Processing ./cc_libs/gast-0.5.4+computecanada-py3-none-any.whl
Processing ./cc_libs/google_pasta-0.2.0+computecanada-py3-none-any.whl
Processing ./cc_libs/gurobipy-11.0.1-cp311-cp311-linux_x86_64.whl
Processing ./cc_libs/h5py-3.11.0+computecanada-cp311-cp311-linux_x86_64.whl
Processing ./cc_libs/idna-3.7-py3-none-any.whl
Processing ./cc_libs/immutabledict-4.2.0-py3-none-any.whl
Processing ./cc_libs/ipython-8.12.3-py3-none-any.whl
Processing ./cc_libs/jedi-0.19.1+computecanada-py2.py3-none-any.whl
Processing ./cc_libs/jinja2-3.1.4+computecanada-py3-none-any.whl
Processing ./cc_libs/joblib-1.4.2+computecanada-py3-none-any.whl
Processing ./cc_libs/jsonschema-4.23.0+computecanada-py3-none-any.whl
Processing ./cc_libs/jsonschema_specifications-2023.12.1+computecanada-py3-none-any.whl
Processing ./cc_libs/jupyter_client-8.6.2+computecanada-py3-none-any.whl
Processing ./cc_libs/jupyter_core-5.7.2+computecanada-py3-none-any.whl
Processing ./cc_libs/jupyterlab_pygments-0.3.0+computecanada-py3-none-any.whl
Processing ./cc_libs/kiwisolver-1.4.5+computecanada-cp311-cp311-linux_x86_64.whl
Processing ./cc_libs/llvmlite-0.41.1+computecanada-cp311-cp311-linux_x86_64.whl
Processing ./cc_libs/Markdown-3.6-py3-none-any.whl
Processing ./cc_libs/markdown_it_py-3.0.0+computecanada-py3-none-any.whl
Processing ./cc_libs/MarkupSafe-2.1.5+computecanada-cp311-cp311-linux_x86_64.whl
Processing ./cc_libs/matplotlib-3.9.0+computecanada-cp311-cp311-linux_x86_64.whl
Processing ./cc_libs/matplotlib_inline-0.1.7+computecanada-py3-none-any.whl
Processing ./cc_libs/mdurl-0.1.2+computecanada-py3-none-any.whl
Processing ./cc_libs/mip-1.15.0-py3-none-any.whl
Processing ./cc_libs/mistune-3.0.2+computecanada-py3-none-any.whl
Processing ./cc_libs/ml_dtypes-0.3.2-cp311-cp311-linux_x86_64.whl
Processing ./cc_libs/mpmath-1.3.0+computecanada-py3-none-any.whl
Processing ./cc_libs/namex-0.0.8+computecanada-py3-none-any.whl
Processing ./cc_libs/nashpy-0.0.40-py3-none-any.whl
Processing ./cc_libs/nbclient-0.10.0+computecanada-py3-none-any.whl
Processing ./cc_libs/nbconvert-7.16.4+computecanada-py3-none-any.whl
Processing ./cc_libs/nbformat-5.10.4+computecanada-py3-none-any.whl
Processing ./cc_libs/networkx-3.3+computecanada-py3-none-any.whl
Processing ./cc_libs/numba-0.58.1+computecanada-cp311-cp311-linux_x86_64.whl
Processing ./cc_libs/numpy-1.26.4+computecanada-cp311-cp311-linux_x86_64.whl
Processing ./cc_libs/opt_einsum-3.3.0+computecanada-py3-none-any.whl
Processing ./cc_libs/optree-0.11.0+computecanada-cp311-cp311-linux_x86_64.whl
Processing ./cc_libs/ortools-9.10.4067+computecanada-cp311-cp311-linux_x86_64.whl
Processing ./cc_libs/packaging-24.0-py3-none-any.whl
Processing ./cc_libs/pandas-2.2.2+computecanada-cp311-cp311-linux_x86_64.whl
Processing ./cc_libs/pandocfilters-1.5.1+computecanada-py2.py3-none-any.whl
Processing ./cc_libs/parso-0.8.4+computecanada-py2.py3-none-any.whl
Processing ./cc_libs/pexpect-4.9.0+computecanada-py2.py3-none-any.whl
Processing ./cc_libs/pickleshare-0.7.5+computecanada-py2.py3-none-any.whl
Processing ./cc_libs/pillow-10.3.0+computecanada-cp311-cp311-linux_x86_64.whl
Processing ./cc_libs/pipdeptree-2.23.1-py3-none-any.whl
Processing ./cc_libs/pipreqs-0.5.0-py3-none-any.whl
Processing ./cc_libs/platformdirs-4.3.3-py3-none-any.whl
Processing ./cc_libs/preflibtools-2.0.22-py3-none-any.whl
Processing ./cc_libs/prefsampling-0.1.20-py3-none-any.whl
Processing ./cc_libs/pref_voting-1.13.18-py3-none-any.whl
Processing ./cc_libs/prompt_toolkit-3.0.47+computecanada-py3-none-any.whl
Processing ./cc_libs/protobuf-4.25.3+computecanada-cp311-cp311-linux_x86_64.whl
Processing ./cc_libs/ptyprocess-0.7.0+computecanada-py2.py3-none-any.whl
Processing ./cc_libs/pure_eval-0.2.3+computecanada-py3-none-any.whl
Processing ./cc_libs/pycparser-2.22-py3-none-any.whl
Processing ./cc_libs/pygments-2.18.0+computecanada-py3-none-any.whl
Processing ./cc_libs/pyparsing-3.1.2+computecanada-py3-none-any.whl
Processing ./cc_libs/pyrankvote-2.0.6-py3-none-any.whl
Processing ./cc_libs/python_dateutil-2.9.0.post0+computecanada-py2.py3-none-any.whl
Processing ./cc_libs/pytorch_ignite-0.5.1-py3-none-any.whl
Processing ./cc_libs/pytz-2024.1+computecanada-py2.py3-none-any.whl
Processing ./cc_libs/random2-1.0.2-py3-none-any.whl
Processing ./cc_libs/referencing-0.35.1+computecanada-py3-none-any.whl
Processing ./cc_libs/requests-2.32.3-py3-none-any.whl
Processing ./cc_libs/rich-13.7.1+computecanada-py3-none-any.whl
Processing ./cc_libs/ruamel.yaml-0.18.6+computecanada-py3-none-any.whl
Processing ./cc_libs/ruamel.yaml.clib-0.2.8+computecanada-cp311-cp311-linux_x86_64.whl
Processing ./cc_libs/scikit_learn-1.5.0+computecanada-cp311-cp311-linux_x86_64.whl
Processing ./cc_libs/scipy-1.13.1+computecanada-cp311-cp311-linux_x86_64.whl
Processing ./cc_libs/seaborn-0.13.2+computecanada-py3-none-any.whl
Processing ./cc_libs/six-1.16.0+computecanada-py2.py3-none-any.whl
Processing ./cc_libs/snakeviz-2.2.0-py2.py3-none-any.whl
Processing ./cc_libs/soupsieve-2.6+computecanada-py3-none-any.whl
Processing ./cc_libs/stack_data-0.6.3+computecanada-py3-none-any.whl
Processing ./cc_libs/sympy-1.12.1+computecanada-py3-none-any.whl
Processing ./cc_libs/tabulate-0.9.0+computecanada-py3-none-any.whl
Processing ./cc_libs/termcolor-2.4.0+computecanada-py3-none-any.whl
Processing ./cc_libs/threadpoolctl-3.5.0+computecanada-py3-none-any.whl
Processing ./cc_libs/tinycss2-1.3.0+computecanada-py3-none-any.whl
Processing ./cc_libs/traitlets-5.14.3+computecanada-py3-none-any.whl
Processing ./cc_libs/typing_extensions-4.12.1-py3-none-any.whl
Processing ./cc_libs/tzdata-2024.1+computecanada-py2.py3-none-any.whl
Processing ./cc_libs/urllib3-2.2.1-py3-none-any.whl
Processing ./cc_libs/wcwidth-0.2.13+computecanada-py2.py3-none-any.whl
Processing ./cc_libs/webencodings-0.5.1+computecanada-py2.py3-none-any.whl
Processing ./cc_libs/werkzeug-3.0.3+computecanada-py3-none-any.whl
Processing ./cc_libs/wrapt-1.16.0+computecanada-cp311-cp311-linux_x86_64.whl
Processing ./cc_libs/yarg-0.1.9-py2.py3-none-any.whl
asttokens is already installed with the same version as the provided wheel. Use --force-reinstall to force an installation of the wheel.
cycler is already installed with the same version as the provided wheel. Use --force-reinstall to force an installation of the wheel.
decorator is already installed with the same version as the provided wheel. Use --force-reinstall to force an installation of the wheel.
Deprecated is already installed with the same version as the provided wheel. Use --force-reinstall to force an installation of the wheel.
jedi is already installed with the same version as the provided wheel. Use --force-reinstall to force an installation of the wheel.
jupyter-client is already installed with the same version as the provided wheel. Use --force-reinstall to force an installation of the wheel.
jupyter-core is already installed with the same version as the provided wheel. Use --force-reinstall to force an installation of the wheel.
matplotlib-inline is already installed with the same version as the provided wheel. Use --force-reinstall to force an installation of the wheel.
mpmath is already installed with the same version as the provided wheel. Use --force-reinstall to force an installation of the wheel.
pandas is already installed with the same version as the provided wheel. Use --force-reinstall to force an installation of the wheel.
parso is already installed with the same version as the provided wheel. Use --force-reinstall to force an installation of the wheel.
pexpect is already installed with the same version as the provided wheel. Use --force-reinstall to force an installation of the wheel.
prompt-toolkit is already installed with the same version as the provided wheel. Use --force-reinstall to force an installation of the wheel.
ptyprocess is already installed with the same version as the provided wheel. Use --force-reinstall to force an installation of the wheel.
pygments is already installed with the same version as the provided wheel. Use --force-reinstall to force an installation of the wheel.
python-dateutil is already installed with the same version as the provided wheel. Use --force-reinstall to force an installation of the wheel.
six is already installed with the same version as the provided wheel. Use --force-reinstall to force an installation of the wheel.
stack-data is already installed with the same version as the provided wheel. Use --force-reinstall to force an installation of the wheel.
traitlets is already installed with the same version as the provided wheel. Use --force-reinstall to force an installation of the wheel.
tzdata is already installed with the same version as the provided wheel. Use --force-reinstall to force an installation of the wheel.
wcwidth is already installed with the same version as the provided wheel. Use --force-reinstall to force an installation of the wheel.
wrapt is already installed with the same version as the provided wheel. Use --force-reinstall to force an installation of the wheel.
Installing collected packages: yarg, webencodings, random2, pytz, pytorch-ignite, pyrankvote, pure-eval, pickleshare, namex, gurobipy, google-pasta, flatbuffers, fastjsonschema, docopt, cffi, backcall, astunparse, werkzeug, urllib3, typing-extensions, tinycss2, threadpoolctl, termcolor, tabulate, sympy, soupsieve, snakeviz, seaborn, scipy, scikit-learn, ruamel.yaml.clib, ruamel.yaml, rich, requests, referencing, pyparsing, pycparser, protobuf, prefsampling, preflibtools, pref-voting, platformdirs, pipreqs, pipdeptree, pillow, pandocfilters, packaging, ortools, optree, opt-einsum, numpy, numba, networkx, nbformat, nbconvert, nbclient, nashpy, ml-dtypes, mistune, mip, mdurl, matplotlib, MarkupSafe, markdown-it-py, Markdown, llvmlite, kiwisolver, jupyterlab-pygments, jsonschema-specifications, jsonschema, joblib, jinja2, ipython, immutabledict, idna, h5py, gast, fsspec, fonttools, filelock, executing, defusedxml, contourpy, charset-normalizer, certifi, bleach, beautifulsoup4, attrs, appnope, absl-py, abcvoting
  Attempting uninstall: pytz
    Found existing installation: pytz 2024.2+computecanada
    Not uninstalling pytz at /cvmfs/soft.computecanada.ca/easybuild/software/2023/x86-64-v3/Compiler/gcccore/scipy-stack/2024b/lib/python3.11/site-packages, outside environment /local/b8armstr.26771956.0/env
    Can't uninstall 'pytz'. No files were found to uninstall.
  Attempting uninstall: pure-eval
    Found existing installation: pure_eval 0.2.2+computecanada
    Not uninstalling pure-eval at /cvmfs/soft.computecanada.ca/easybuild/software/2023/x86-64-v3/Compiler/gcccore/ipykernel/2024b/lib/python3.11/site-packages, outside environment /local/b8armstr.26771956.0/env
    Can't uninstall 'pure_eval'. No files were found to uninstall.
  Attempting uninstall: typing-extensions
    Found existing installation: typing_extensions 4.12.2+computecanada
    Not uninstalling typing-extensions at /cvmfs/soft.computecanada.ca/easybuild/software/2023/x86-64-v3/Compiler/gcccore/ipykernel/2024b/lib/python3.11/site-packages, outside environment /local/b8armstr.26771956.0/env
    Can't uninstall 'typing_extensions'. No files were found to uninstall.
  Attempting uninstall: sympy
    Found existing installation: sympy 1.13.3+computecanada
    Not uninstalling sympy at /cvmfs/soft.computecanada.ca/easybuild/software/2023/x86-64-v3/Compiler/gcccore/scipy-stack/2024b/lib/python3.11/site-packages, outside environment /local/b8armstr.26771956.0/env
    Can't uninstall 'sympy'. No files were found to uninstall.
  Attempting uninstall: scipy
    Found existing installation: scipy 1.14.1+computecanada
    Not uninstalling scipy at /cvmfs/soft.computecanada.ca/easybuild/software/2023/x86-64-v3/Compiler/gcccore/scipy-stack/2024b/lib/python3.11/site-packages, outside environment /local/b8armstr.26771956.0/env
    Can't uninstall 'scipy'. No files were found to uninstall.
  Attempting uninstall: pyparsing
    Found existing installation: pyparsing 3.1.4+computecanada
    Not uninstalling pyparsing at /cvmfs/soft.computecanada.ca/easybuild/software/2023/x86-64-v3/Compiler/gcccore/scipy-stack/2024b/lib/python3.11/site-packages, outside environment /local/b8armstr.26771956.0/env
    Can't uninstall 'pyparsing'. No files were found to uninstall.
  Attempting uninstall: platformdirs
    Found existing installation: platformdirs 3.9.1+computecanada
    Not uninstalling platformdirs at /cvmfs/soft.computecanada.ca/easybuild/software/2023/x86-64-v3/Compiler/gcccore/ipykernel/2024b/lib/python3.11/site-packages, outside environment /local/b8armstr.26771956.0/env
    Can't uninstall 'platformdirs'. No files were found to uninstall.
  Attempting uninstall: pillow
    Found existing installation: pillow 10.4.0+computecanada
    Not uninstalling pillow at /cvmfs/soft.computecanada.ca/easybuild/software/2023/x86-64-v3/Compiler/gcccore/scipy-stack/2024b/lib/python3.11/site-packages, outside environment /local/b8armstr.26771956.0/env
    Can't uninstall 'pillow'. No files were found to uninstall.
  Attempting uninstall: packaging
    Found existing installation: packaging 24.1+computecanada
    Not uninstalling packaging at /cvmfs/soft.computecanada.ca/easybuild/software/2023/x86-64-v3/Compiler/gcccore/scipy-stack/2024b/lib/python3.11/site-packages, outside environment /local/b8armstr.26771956.0/env
    Can't uninstall 'packaging'. No files were found to uninstall.
  Attempting uninstall: numpy
    Found existing installation: numpy 2.1.1+computecanada
    Not uninstalling numpy at /cvmfs/soft.computecanada.ca/easybuild/software/2023/x86-64-v3/Compiler/gcccore/scipy-stack/2024b/lib/python3.11/site-packages, outside environment /local/b8armstr.26771956.0/env
    Can't uninstall 'numpy'. No files were found to uninstall.
  Attempting uninstall: matplotlib
    Found existing installation: matplotlib 3.9.2+computecanada
    Not uninstalling matplotlib at /cvmfs/soft.computecanada.ca/easybuild/software/2023/x86-64-v3/Compiler/gcccore/scipy-stack/2024b/lib/python3.11/site-packages, outside environment /local/b8armstr.26771956.0/env
    Can't uninstall 'matplotlib'. No files were found to uninstall.
  Attempting uninstall: kiwisolver
    Found existing installation: kiwisolver 1.4.7+computecanada
    Not uninstalling kiwisolver at /cvmfs/soft.computecanada.ca/easybuild/software/2023/x86-64-v3/Compiler/gcccore/scipy-stack/2024b/lib/python3.11/site-packages, outside environment /local/b8armstr.26771956.0/env
    Can't uninstall 'kiwisolver'. No files were found to uninstall.
  Attempting uninstall: ipython
    Found existing installation: ipython 8.25.0+computecanada
    Not uninstalling ipython at /cvmfs/soft.computecanada.ca/easybuild/software/2023/x86-64-v3/Compiler/gcccore/ipykernel/2024b/lib/python3.11/site-packages, outside environment /local/b8armstr.26771956.0/env
    Can't uninstall 'ipython'. No files were found to uninstall.
  Attempting uninstall: fonttools
    Found existing installation: fonttools 4.53.1+computecanada
    Not uninstalling fonttools at /cvmfs/soft.computecanada.ca/easybuild/software/2023/x86-64-v3/Compiler/gcccore/scipy-stack/2024b/lib/python3.11/site-packages, outside environment /local/b8armstr.26771956.0/env
    Can't uninstall 'fonttools'. No files were found to uninstall.
  Attempting uninstall: executing
    Found existing installation: executing 2.0.1+computecanada
    Not uninstalling executing at /cvmfs/soft.computecanada.ca/easybuild/software/2023/x86-64-v3/Compiler/gcccore/ipykernel/2024b/lib/python3.11/site-packages, outside environment /local/b8armstr.26771956.0/env
    Can't uninstall 'executing'. No files were found to uninstall.
  Attempting uninstall: contourpy
    Found existing installation: contourpy 1.3.0+computecanada
    Not uninstalling contourpy at /cvmfs/soft.computecanada.ca/easybuild/software/2023/x86-64-v3/Compiler/gcccore/scipy-stack/2024b/lib/python3.11/site-packages, outside environment /local/b8armstr.26771956.0/env
    Can't uninstall 'contourpy'. No files were found to uninstall.
Successfully installed Markdown-3.6 MarkupSafe-2.1.5+computecanada abcvoting-2.10.0 absl-py-2.1.0+computecanada appnope-0.1.4 astunparse-1.6.3+computecanada attrs-24.2.0+computecanada backcall-0.2.0+computecanada beautifulsoup4-4.12.3+computecanada bleach-6.1.0+computecanada certifi-2024.6.2 cffi-1.15.1+computecanada charset-normalizer-3.3.2 contourpy-1.2.1+computecanada defusedxml-0.7.1+computecanada docopt-0.6.2+computecanada executing-2.1.0 fastjsonschema-2.20.0+computecanada filelock-3.14.0 flatbuffers-24.3.25+computecanada fonttools-4.53.0+computecanada fsspec-2024.6.0+computecanada gast-0.5.4+computecanada google-pasta-0.2.0+computecanada gurobipy-11.0.1 h5py-3.11.0+computecanada idna-3.7 immutabledict-4.2.0 ipython-8.12.3 jinja2-3.1.4+computecanada joblib-1.4.2+computecanada jsonschema-4.23.0+computecanada jsonschema-specifications-2023.12.1+computecanada jupyterlab-pygments-0.3.0+computecanada kiwisolver-1.4.5+computecanada llvmlite-0.41.1+computecanada markdown-it-py-3.0.0+computecanada matplotlib-3.9.0+computecanada mdurl-0.1.2+computecanada mip-1.15.0 mistune-3.0.2+computecanada ml-dtypes-0.3.2 namex-0.0.8+computecanada nashpy-0.0.40 nbclient-0.10.0+computecanada nbconvert-7.16.4+computecanada nbformat-5.10.4+computecanada networkx-3.3+computecanada numba-0.58.1+computecanada numpy-1.26.4+computecanada opt-einsum-3.3.0+computecanada optree-0.11.0+computecanada ortools-9.10.4067+computecanada packaging-24.0 pandocfilters-1.5.1+computecanada pickleshare-0.7.5+computecanada pillow-10.3.0+computecanada pipdeptree-2.23.1 pipreqs-0.5.0 platformdirs-4.3.3 pref-voting-1.13.18 preflibtools-2.0.22 prefsampling-0.1.20 protobuf-4.25.3+computecanada pure-eval-0.2.3+computecanada pycparser-2.22 pyparsing-3.1.2+computecanada pyrankvote-2.0.6 pytorch-ignite-0.5.1 pytz-2024.1+computecanada random2-1.0.2 referencing-0.35.1+computecanada requests-2.32.3 rich-13.7.1+computecanada ruamel.yaml-0.18.6+computecanada ruamel.yaml.clib-0.2.8+computecanada scikit-learn-1.5.0+computecanada scipy-1.13.1+computecanada seaborn-0.13.2+computecanada snakeviz-2.2.0 soupsieve-2.6+computecanada sympy-1.12.1+computecanada tabulate-0.9.0+computecanada termcolor-2.4.0+computecanada threadpoolctl-3.5.0+computecanada tinycss2-1.3.0+computecanada typing-extensions-4.12.1 urllib3-2.2.1 webencodings-0.5.1+computecanada werkzeug-3.0.3+computecanada yarg-0.1.9
Looking in links: /cvmfs/soft.computecanada.ca/custom/python/wheelhouse/gentoo2023/x86-64-v3, /cvmfs/soft.computecanada.ca/custom/python/wheelhouse/gentoo2023/generic, /cvmfs/soft.computecanada.ca/custom/python/wheelhouse/generic
Requirement already satisfied: scikit_learn in /local/b8armstr.26771956.0/env/lib/python3.11/site-packages (1.5.0+computecanada)
Processing /cvmfs/soft.computecanada.ca/custom/python/wheelhouse/gentoo2023/generic/scikit_learn-1.5.2+computecanada-cp311-cp311-linux_x86_64.whl
Requirement already satisfied: llvmlite in /local/b8armstr.26771956.0/env/lib/python3.11/site-packages (0.41.1+computecanada)
Processing /cvmfs/soft.computecanada.ca/custom/python/wheelhouse/gentoo2023/x86-64-v3/llvmlite-0.43.0+computecanada-cp311-cp311-linux_x86_64.whl
Requirement already satisfied: ortools in /local/b8armstr.26771956.0/env/lib/python3.11/site-packages (9.10.4067+computecanada)
Requirement already satisfied: numpy>=1.19.5 in /local/b8armstr.26771956.0/env/lib/python3.11/site-packages (from scikit_learn) (1.26.4+computecanada)
Requirement already satisfied: scipy>=1.6.0 in /local/b8armstr.26771956.0/env/lib/python3.11/site-packages (from scikit_learn) (1.13.1+computecanada)
Requirement already satisfied: joblib>=1.2.0 in /local/b8armstr.26771956.0/env/lib/python3.11/site-packages (from scikit_learn) (1.4.2+computecanada)
Requirement already satisfied: threadpoolctl>=3.1.0 in /local/b8armstr.26771956.0/env/lib/python3.11/site-packages (from scikit_learn) (3.5.0+computecanada)
Requirement already satisfied: absl-py>=2.0.0 in /local/b8armstr.26771956.0/env/lib/python3.11/site-packages (from ortools) (2.1.0+computecanada)
Requirement already satisfied: pandas>=2.0.0 in /cvmfs/soft.computecanada.ca/easybuild/software/2023/x86-64-v3/Compiler/gcccore/scipy-stack/2024b/lib/python3.11/site-packages (from ortools) (2.2.2+computecanada)
Processing /cvmfs/soft.computecanada.ca/custom/python/wheelhouse/gentoo2023/x86-64-v3/protobuf-5.28.0+computecanada-cp311-cp311-linux_x86_64.whl (from ortools)
Requirement already satisfied: immutabledict>=3.0.0 in /local/b8armstr.26771956.0/env/lib/python3.11/site-packages (from ortools) (4.2.0)
Requirement already satisfied: python-dateutil>=2.8.2 in /cvmfs/soft.computecanada.ca/easybuild/software/2023/x86-64-v3/Compiler/gcccore/scipy-stack/2024b/lib/python3.11/site-packages (from pandas>=2.0.0->ortools) (2.9.0.post0+computecanada)
Requirement already satisfied: pytz>=2020.1 in /local/b8armstr.26771956.0/env/lib/python3.11/site-packages (from pandas>=2.0.0->ortools) (2024.1+computecanada)
Requirement already satisfied: tzdata>=2022.7 in /cvmfs/soft.computecanada.ca/easybuild/software/2023/x86-64-v3/Compiler/gcccore/scipy-stack/2024b/lib/python3.11/site-packages (from pandas>=2.0.0->ortools) (2024.1+computecanada)
Requirement already satisfied: six>=1.5 in /cvmfs/soft.computecanada.ca/easybuild/software/2023/x86-64-v3/Compiler/gcccore/scipy-stack/2024b/lib/python3.11/site-packages (from python-dateutil>=2.8.2->pandas>=2.0.0->ortools) (1.16.0+computecanada)
Installing collected packages: protobuf, llvmlite, scikit_learn
  Attempting uninstall: protobuf
    Found existing installation: protobuf 4.25.3+computecanada
    Uninstalling protobuf-4.25.3+computecanada:
      Successfully uninstalled protobuf-4.25.3+computecanada
  Attempting uninstall: llvmlite
    Found existing installation: llvmlite 0.41.1+computecanada
    Uninstalling llvmlite-0.41.1+computecanada:
      Successfully uninstalled llvmlite-0.41.1+computecanada
  Attempting uninstall: scikit_learn
    Found existing installation: scikit_learn 1.5.0+computecanada
    Uninstalling scikit_learn-1.5.0+computecanada:
      Successfully uninstalled scikit_learn-1.5.0+computecanada
ERROR: pip's dependency resolver does not currently take into account all the packages that are installed. This behaviour is the source of the following dependency conflicts.
numba 0.58.1+computecanada requires llvmlite<0.42,>=0.41.0dev0, but you have llvmlite 0.43.0+computecanada which is incompatible.
Successfully installed llvmlite-0.43.0+computecanada protobuf-5.28.0+computecanada scikit_learn-1.5.2+computecanada
Looking in links: /cvmfs/soft.computecanada.ca/custom/python/wheelhouse/gentoo2023/x86-64-v3, /cvmfs/soft.computecanada.ca/custom/python/wheelhouse/gentoo2023/generic, /cvmfs/soft.computecanada.ca/custom/python/wheelhouse/generic
Processing /cvmfs/soft.computecanada.ca/custom/python/wheelhouse/gentoo2023/x86-64-v3/torch-2.5.1+computecanada-cp311-cp311-linux_x86_64.whl
Requirement already satisfied: filelock in /local/b8armstr.26771956.0/env/lib/python3.11/site-packages (from torch) (3.14.0)
Requirement already satisfied: typing-extensions>=4.8.0 in /local/b8armstr.26771956.0/env/lib/python3.11/site-packages (from torch) (4.12.1)
Requirement already satisfied: networkx in /local/b8armstr.26771956.0/env/lib/python3.11/site-packages (from torch) (3.3+computecanada)
Requirement already satisfied: jinja2 in /local/b8armstr.26771956.0/env/lib/python3.11/site-packages (from torch) (3.1.4+computecanada)
Requirement already satisfied: fsspec in /local/b8armstr.26771956.0/env/lib/python3.11/site-packages (from torch) (2024.6.0+computecanada)
Processing /cvmfs/soft.computecanada.ca/custom/python/wheelhouse/generic/sympy-1.13.1+computecanada-py3-none-any.whl (from torch)
Requirement already satisfied: mpmath<1.4,>=1.1.0 in /cvmfs/soft.computecanada.ca/easybuild/software/2023/x86-64-v3/Compiler/gcccore/scipy-stack/2024b/lib/python3.11/site-packages (from sympy==1.13.1->torch) (1.3.0+computecanada)
Requirement already satisfied: MarkupSafe>=2.0 in /local/b8armstr.26771956.0/env/lib/python3.11/site-packages (from jinja2->torch) (2.1.5+computecanada)
Installing collected packages: sympy, torch
  Attempting uninstall: sympy
    Found existing installation: sympy 1.12.1+computecanada
    Uninstalling sympy-1.12.1+computecanada:
      Successfully uninstalled sympy-1.12.1+computecanada
Successfully installed sympy-1.13.1+computecanada torch-2.5.1+computecanada
About to start experiments
/local/b8armstr.26771956.0/env/lib/python3.11/site-packages/ignite/handlers/checkpoint.py:16: DeprecationWarning: `TorchScript` support for functional optimizers is deprecated and will be removed in a future PyTorch release. Consider using the `torch.compile` optimizer instead.
  from torch.distributed.optim import ZeroRedundancyOptimizer

DATA LOADED

Network count: 1
Finished making config for num_voters=50-m=7-num_winners=4-pref_dist=IC-axioms=all-features=bcr-loss=L1Loss()-idx=0
Beginning to train num_voters=50-m=7-num_winners=4-pref_dist=IC-axioms=all-features=bcr-loss=L1Loss()-idx=0
LOAD MODEL PATH: /scratch/b8armstr/thesis_results/trained_networks/NN-num_voters=50-m=7-num_winners=4-pref_dist=IC-axioms=all-features=bcr-loss=L1Loss()-idx=0-.pt
Saved network not found. Beginning training. Caught exception: [Errno 2] No such file or directory: '/scratch/b8armstr/thesis_results/trained_networks/NN-num_voters=50-m=7-num_winners=4-pref_dist=IC-axioms=all-features=bcr-loss=L1Loss()-idx=0-.pt'
Epoch 1, Training loss: 0.3148, 
Epoch 2, Training loss: 0.2663, 
Epoch 3, Training loss: 0.2644, 
Epoch 4, Training loss: 0.2635, 
Epoch 5, Training loss: 0.2629, 
Epoch 6, Training loss: 0.2594, 
Epoch 7, Training loss: 0.2533, 
Epoch 8, Training loss: 0.2516, 
Epoch 9, Training loss: 0.2500, 
Epoch 10, Training loss: 0.2482, 
Epoch 11, Training loss: 0.2446, 
Epoch 12, Training loss: 0.2351, 
Epoch 13, Training loss: 0.2129, 
Epoch 14, Training loss: 0.1957, 
Epoch 15, Training loss: 0.1737, 
Epoch 16, Training loss: 0.1520, 
Epoch 17, Training loss: 0.1367, 
Epoch 18, Training loss: 0.1259, 
Epoch 19, Training loss: 0.1156, 
Epoch 20, Training loss: 0.1073, 
Epoch 21, Training loss: 0.1005, 
Epoch 22, Training loss: 0.0945, 
Epoch 23, Training loss: 0.0895, 
Epoch 24, Training loss: 0.0855, 
Epoch 25, Training loss: 0.0818, 
Epoch 26, Training loss: 0.0798, 
Epoch 27, Training loss: 0.0775, 
Epoch 28, Training loss: 0.0750, 
Epoch 29, Training loss: 0.0731, 
Epoch 30, Training loss: 0.0711, 
Epoch 31, Training loss: 0.0688, 
Epoch 32, Training loss: 0.0674, 
Epoch 33, Training loss: 0.0658, 
Epoch 34, Training loss: 0.0643, 
Epoch 35, Training loss: 0.0634, 
Epoch 36, Training loss: 0.0617, 
Epoch 37, Training loss: 0.0612, 
Epoch 38, Training loss: 0.0596, 
Epoch 39, Training loss: 0.0590, 
Epoch 40, Training loss: 0.0583, 
Epoch 41, Training loss: 0.0558, 
Epoch 42, Training loss: 0.0553, 
Epoch 43, Training loss: 0.0551, 
Epoch 44, Training loss: 0.0536, 
Epoch 45, Training loss: 0.0523, 
Epoch 46, Training loss: 0.0527, 
Epoch 47, Training loss: 0.0509, 
Epoch 48, Training loss: 0.0500, 
Epoch 49, Training loss: 0.0491, 
Epoch 50, Training loss: 0.0483, 
Network count: 2
Finished making config for num_voters=50-m=7-num_winners=4-pref_dist=IC-axioms=all-features=bcr-loss=L1Loss()-idx=1
Beginning to train num_voters=50-m=7-num_winners=4-pref_dist=IC-axioms=all-features=bcr-loss=L1Loss()-idx=1
LOAD MODEL PATH: /scratch/b8armstr/thesis_results/trained_networks/NN-num_voters=50-m=7-num_winners=4-pref_dist=IC-axioms=all-features=bcr-loss=L1Loss()-idx=1-.pt
Saved network not found. Beginning training. Caught exception: [Errno 2] No such file or directory: '/scratch/b8armstr/thesis_results/trained_networks/NN-num_voters=50-m=7-num_winners=4-pref_dist=IC-axioms=all-features=bcr-loss=L1Loss()-idx=1-.pt'
Epoch 1, Training loss: 0.3163, 
Epoch 2, Training loss: 0.2664, 
Epoch 3, Training loss: 0.2646, 
Epoch 4, Training loss: 0.2639, 
Epoch 5, Training loss: 0.2634, 
Epoch 6, Training loss: 0.2627, 
Epoch 7, Training loss: 0.2594, 
Epoch 8, Training loss: 0.2534, 
Epoch 9, Training loss: 0.2516, 
Epoch 10, Training loss: 0.2492, 
Epoch 11, Training loss: 0.2422, 
Epoch 12, Training loss: 0.2280, 
Epoch 13, Training loss: 0.2109, 
Epoch 14, Training loss: 0.1991, 
Epoch 15, Training loss: 0.1856, 
Epoch 16, Training loss: 0.1728, 
Epoch 17, Training loss: 0.1636, 
Epoch 18, Training loss: 0.1509, 
Epoch 19, Training loss: 0.1349, 
Epoch 20, Training loss: 0.1250, 
Epoch 21, Training loss: 0.1168, 
Epoch 22, Training loss: 0.1097, 
Epoch 23, Training loss: 0.1037, 
Epoch 24, Training loss: 0.0972, 
Epoch 25, Training loss: 0.0933, 
Epoch 26, Training loss: 0.0897, 
Epoch 27, Training loss: 0.0865, 
Epoch 28, Training loss: 0.0827, 
Epoch 29, Training loss: 0.0801, 
Epoch 30, Training loss: 0.0778, 
Epoch 31, Training loss: 0.0753, 
Epoch 32, Training loss: 0.0751, 
Epoch 33, Training loss: 0.0725, 
Epoch 34, Training loss: 0.0707, 
Epoch 35, Training loss: 0.0693, 
Epoch 36, Training loss: 0.0680, 
Epoch 37, Training loss: 0.0653, 
Epoch 38, Training loss: 0.0651, 
Epoch 39, Training loss: 0.0642, 
Epoch 40, Training loss: 0.0622, 
Epoch 41, Training loss: 0.0606, 
Epoch 42, Training loss: 0.0600, 
Epoch 43, Training loss: 0.0592, 
Epoch 44, Training loss: 0.0590, 
Epoch 45, Training loss: 0.0561, 
Epoch 46, Training loss: 0.0561, 
Epoch 47, Training loss: 0.0545, 
Epoch 48, Training loss: 0.0540, 
Epoch 49, Training loss: 0.0527, 
Epoch 50, Training loss: 0.0516, 
Network count: 3
Finished making config for num_voters=50-m=7-num_winners=4-pref_dist=IC-axioms=all-features=bcr-loss=L1Loss()-idx=2
Beginning to train num_voters=50-m=7-num_winners=4-pref_dist=IC-axioms=all-features=bcr-loss=L1Loss()-idx=2
LOAD MODEL PATH: /scratch/b8armstr/thesis_results/trained_networks/NN-num_voters=50-m=7-num_winners=4-pref_dist=IC-axioms=all-features=bcr-loss=L1Loss()-idx=2-.pt
Saved network not found. Beginning training. Caught exception: [Errno 2] No such file or directory: '/scratch/b8armstr/thesis_results/trained_networks/NN-num_voters=50-m=7-num_winners=4-pref_dist=IC-axioms=all-features=bcr-loss=L1Loss()-idx=2-.pt'
Epoch 1, Training loss: 0.3149, 
Epoch 2, Training loss: 0.2666, 
Epoch 3, Training loss: 0.2645, 
Epoch 4, Training loss: 0.2636, 
Epoch 5, Training loss: 0.2628, 
Epoch 6, Training loss: 0.2582, 
Epoch 7, Training loss: 0.2534, 
Epoch 8, Training loss: 0.2517, 
Epoch 9, Training loss: 0.2498, 
Epoch 10, Training loss: 0.2477, 
Epoch 11, Training loss: 0.2434, 
Epoch 12, Training loss: 0.2236, 
Epoch 13, Training loss: 0.1948, 
Epoch 14, Training loss: 0.1708, 
Epoch 15, Training loss: 0.1518, 
Epoch 16, Training loss: 0.1392, 
Epoch 17, Training loss: 0.1306, 
Epoch 18, Training loss: 0.1207, 
Epoch 19, Training loss: 0.1121, 
Epoch 20, Training loss: 0.1047, 
Epoch 21, Training loss: 0.0992, 
Epoch 22, Training loss: 0.0940, 
Epoch 23, Training loss: 0.0912, 
Epoch 24, Training loss: 0.0882, 
Epoch 25, Training loss: 0.0840, 
Epoch 26, Training loss: 0.0811, 
Epoch 27, Training loss: 0.0790, 
Epoch 28, Training loss: 0.0766, 
Epoch 29, Training loss: 0.0761, 
Epoch 30, Training loss: 0.0729, 
Epoch 31, Training loss: 0.0716, 
Epoch 32, Training loss: 0.0697, 
Epoch 33, Training loss: 0.0682, 
Epoch 34, Training loss: 0.0669, 
Epoch 35, Training loss: 0.0650, 
Epoch 36, Training loss: 0.0640, 
Epoch 37, Training loss: 0.0635, 
Epoch 38, Training loss: 0.0613, 
Epoch 39, Training loss: 0.0600, 
Epoch 40, Training loss: 0.0594, 
Epoch 41, Training loss: 0.0578, 
Epoch 42, Training loss: 0.0567, 
Epoch 43, Training loss: 0.0573, 
Epoch 44, Training loss: 0.0550, 
Epoch 45, Training loss: 0.0538, 
Epoch 46, Training loss: 0.0539, 
Epoch 47, Training loss: 0.0520, 
Epoch 48, Training loss: 0.0524, 
Epoch 49, Training loss: 0.0511, 
Epoch 50, Training loss: 0.0495, 
Network count: 4
Finished making config for num_voters=50-m=7-num_winners=4-pref_dist=IC-axioms=all-features=bcr-loss=L1Loss()-idx=3
Beginning to train num_voters=50-m=7-num_winners=4-pref_dist=IC-axioms=all-features=bcr-loss=L1Loss()-idx=3
LOAD MODEL PATH: /scratch/b8armstr/thesis_results/trained_networks/NN-num_voters=50-m=7-num_winners=4-pref_dist=IC-axioms=all-features=bcr-loss=L1Loss()-idx=3-.pt
Saved network not found. Beginning training. Caught exception: [Errno 2] No such file or directory: '/scratch/b8armstr/thesis_results/trained_networks/NN-num_voters=50-m=7-num_winners=4-pref_dist=IC-axioms=all-features=bcr-loss=L1Loss()-idx=3-.pt'
Epoch 1, Training loss: 0.3166, 
Epoch 2, Training loss: 0.2667, 
Epoch 3, Training loss: 0.2645, 
Epoch 4, Training loss: 0.2635, 
Epoch 5, Training loss: 0.2603, 
Epoch 6, Training loss: 0.2539, 
Epoch 7, Training loss: 0.2523, 
Epoch 8, Training loss: 0.2506, 
Epoch 9, Training loss: 0.2486, 
Epoch 10, Training loss: 0.2463, 
Epoch 11, Training loss: 0.2389, 
Epoch 12, Training loss: 0.2224, 
Epoch 13, Training loss: 0.2034, 
Epoch 14, Training loss: 0.1809, 
Epoch 15, Training loss: 0.1622, 
Epoch 16, Training loss: 0.1458, 
Epoch 17, Training loss: 0.1304, 
Epoch 18, Training loss: 0.1198, 
Epoch 19, Training loss: 0.1110, 
Epoch 20, Training loss: 0.1041, 
Epoch 21, Training loss: 0.0977, 
Epoch 22, Training loss: 0.0926, 
Epoch 23, Training loss: 0.0884, 
Epoch 24, Training loss: 0.0861, 
Epoch 25, Training loss: 0.0828, 
Epoch 26, Training loss: 0.0796, 
Epoch 27, Training loss: 0.0774, 
Epoch 28, Training loss: 0.0757, 
Epoch 29, Training loss: 0.0739, 
Epoch 30, Training loss: 0.0723, 
Epoch 31, Training loss: 0.0701, 
Epoch 32, Training loss: 0.0684, 
Epoch 33, Training loss: 0.0672, 
Epoch 34, Training loss: 0.0661, 
Epoch 35, Training loss: 0.0639, 
Epoch 36, Training loss: 0.0623, 
Epoch 37, Training loss: 0.0616, 
Epoch 38, Training loss: 0.0604, 
Epoch 39, Training loss: 0.0593, 
Epoch 40, Training loss: 0.0591, 
Epoch 41, Training loss: 0.0575, 
Epoch 42, Training loss: 0.0571, 
Epoch 43, Training loss: 0.0554, 
Epoch 44, Training loss: 0.0546, 
Epoch 45, Training loss: 0.0531, 
Epoch 46, Training loss: 0.0531, 
Epoch 47, Training loss: 0.0530, 
Epoch 48, Training loss: 0.0515, 
Epoch 49, Training loss: 0.0501, 
Epoch 50, Training loss: 0.0501, 
Network count: 5
Finished making config for num_voters=50-m=7-num_winners=4-pref_dist=IC-axioms=all-features=bcr-loss=L1Loss()-idx=4
Beginning to train num_voters=50-m=7-num_winners=4-pref_dist=IC-axioms=all-features=bcr-loss=L1Loss()-idx=4
LOAD MODEL PATH: /scratch/b8armstr/thesis_results/trained_networks/NN-num_voters=50-m=7-num_winners=4-pref_dist=IC-axioms=all-features=bcr-loss=L1Loss()-idx=4-.pt
Saved network not found. Beginning training. Caught exception: [Errno 2] No such file or directory: '/scratch/b8armstr/thesis_results/trained_networks/NN-num_voters=50-m=7-num_winners=4-pref_dist=IC-axioms=all-features=bcr-loss=L1Loss()-idx=4-.pt'
Epoch 1, Training loss: 0.3153, 
Epoch 2, Training loss: 0.2662, 
Epoch 3, Training loss: 0.2643, 
Epoch 4, Training loss: 0.2636, 
Epoch 5, Training loss: 0.2621, 
Epoch 6, Training loss: 0.2549, 
Epoch 7, Training loss: 0.2522, 
Epoch 8, Training loss: 0.2485, 
Epoch 9, Training loss: 0.2410, 
Epoch 10, Training loss: 0.2288, 
Epoch 11, Training loss: 0.2094, 
Epoch 12, Training loss: 0.1973, 
Epoch 13, Training loss: 0.1854, 
Epoch 14, Training loss: 0.1675, 
Epoch 15, Training loss: 0.1520, 
Epoch 16, Training loss: 0.1363, 
Epoch 17, Training loss: 0.1256, 
Epoch 18, Training loss: 0.1171, 
Epoch 19, Training loss: 0.1097, 
Epoch 20, Training loss: 0.1034, 
Epoch 21, Training loss: 0.0975, 
Epoch 22, Training loss: 0.0933, 
Epoch 23, Training loss: 0.0889, 
Epoch 24, Training loss: 0.0864, 
Epoch 25, Training loss: 0.0841, 
Epoch 26, Training loss: 0.0795, 
Epoch 27, Training loss: 0.0769, 
Epoch 28, Training loss: 0.0749, 
Epoch 29, Training loss: 0.0734, 
Epoch 30, Training loss: 0.0722, 
Epoch 31, Training loss: 0.0689, 
Epoch 32, Training loss: 0.0672, 
Epoch 33, Training loss: 0.0656, 
Epoch 34, Training loss: 0.0645, 
Epoch 35, Training loss: 0.0632, 
Epoch 36, Training loss: 0.0613, 
Epoch 37, Training loss: 0.0610, 
Epoch 38, Training loss: 0.0587, 
Epoch 39, Training loss: 0.0576, 
Epoch 40, Training loss: 0.0560, 
Epoch 41, Training loss: 0.0546, 
Epoch 42, Training loss: 0.0545, 
Epoch 43, Training loss: 0.0531, 
Epoch 44, Training loss: 0.0520, 
Epoch 45, Training loss: 0.0504, 
Epoch 46, Training loss: 0.0504, 
Epoch 47, Training loss: 0.0501, 
Epoch 48, Training loss: 0.0479, 
Epoch 49, Training loss: 0.0478, 
Epoch 50, Training loss: 0.0472, 
Network count: 6
Finished making config for num_voters=50-m=7-num_winners=4-pref_dist=IC-axioms=all-features=bcr-loss=L1Loss()-idx=5
Beginning to train num_voters=50-m=7-num_winners=4-pref_dist=IC-axioms=all-features=bcr-loss=L1Loss()-idx=5
LOAD MODEL PATH: /scratch/b8armstr/thesis_results/trained_networks/NN-num_voters=50-m=7-num_winners=4-pref_dist=IC-axioms=all-features=bcr-loss=L1Loss()-idx=5-.pt
Saved network not found. Beginning training. Caught exception: [Errno 2] No such file or directory: '/scratch/b8armstr/thesis_results/trained_networks/NN-num_voters=50-m=7-num_winners=4-pref_dist=IC-axioms=all-features=bcr-loss=L1Loss()-idx=5-.pt'
Epoch 1, Training loss: 0.3199, 
Epoch 2, Training loss: 0.2669, 
Epoch 3, Training loss: 0.2648, 
Epoch 4, Training loss: 0.2639, 
Epoch 5, Training loss: 0.2631, 
Epoch 6, Training loss: 0.2593, 
Epoch 7, Training loss: 0.2532, 
Epoch 8, Training loss: 0.2515, 
Epoch 9, Training loss: 0.2498, 
Epoch 10, Training loss: 0.2463, 
Epoch 11, Training loss: 0.2360, 
Epoch 12, Training loss: 0.2165, 
Epoch 13, Training loss: 0.1866, 
Epoch 14, Training loss: 0.1655, 
Epoch 15, Training loss: 0.1484, 
Epoch 16, Training loss: 0.1364, 
Epoch 17, Training loss: 0.1271, 
Epoch 18, Training loss: 0.1186, 
Epoch 19, Training loss: 0.1119, 
Epoch 20, Training loss: 0.1059, 
Epoch 21, Training loss: 0.0995, 
Epoch 22, Training loss: 0.0948, 
Epoch 23, Training loss: 0.0907, 
Epoch 24, Training loss: 0.0868, 
Epoch 25, Training loss: 0.0845, 
Epoch 26, Training loss: 0.0820, 
Epoch 27, Training loss: 0.0790, 
Epoch 28, Training loss: 0.0770, 
Epoch 29, Training loss: 0.0750, 
Epoch 30, Training loss: 0.0729, 
Epoch 31, Training loss: 0.0708, 
Epoch 32, Training loss: 0.0695, 
Epoch 33, Training loss: 0.0679, 
Epoch 34, Training loss: 0.0657, 
Epoch 35, Training loss: 0.0655, 
Epoch 36, Training loss: 0.0642, 
Epoch 37, Training loss: 0.0624, 
Epoch 38, Training loss: 0.0616, 
Epoch 39, Training loss: 0.0598, 
Epoch 40, Training loss: 0.0594, 
Epoch 41, Training loss: 0.0584, 
Epoch 42, Training loss: 0.0576, 
Epoch 43, Training loss: 0.0556, 
Epoch 44, Training loss: 0.0546, 
Epoch 45, Training loss: 0.0550, 
Epoch 46, Training loss: 0.0530, 
Epoch 47, Training loss: 0.0511, 
Epoch 48, Training loss: 0.0525, 
Epoch 49, Training loss: 0.0513, 
Epoch 50, Training loss: 0.0496, 
Network count: 7
Finished making config for num_voters=50-m=7-num_winners=4-pref_dist=IC-axioms=all-features=bcr-loss=L1Loss()-idx=6
Beginning to train num_voters=50-m=7-num_winners=4-pref_dist=IC-axioms=all-features=bcr-loss=L1Loss()-idx=6
LOAD MODEL PATH: /scratch/b8armstr/thesis_results/trained_networks/NN-num_voters=50-m=7-num_winners=4-pref_dist=IC-axioms=all-features=bcr-loss=L1Loss()-idx=6-.pt
Saved network not found. Beginning training. Caught exception: [Errno 2] No such file or directory: '/scratch/b8armstr/thesis_results/trained_networks/NN-num_voters=50-m=7-num_winners=4-pref_dist=IC-axioms=all-features=bcr-loss=L1Loss()-idx=6-.pt'
Epoch 1, Training loss: 0.3188, 
Epoch 2, Training loss: 0.2663, 
Epoch 3, Training loss: 0.2643, 
Epoch 4, Training loss: 0.2635, 
Epoch 5, Training loss: 0.2628, 
Epoch 6, Training loss: 0.2594, 
Epoch 7, Training loss: 0.2531, 
Epoch 8, Training loss: 0.2507, 
Epoch 9, Training loss: 0.2445, 
Epoch 10, Training loss: 0.2259, 
Epoch 11, Training loss: 0.2047, 
Epoch 12, Training loss: 0.1844, 
Epoch 13, Training loss: 0.1605, 
Epoch 14, Training loss: 0.1444, 
Epoch 15, Training loss: 0.1335, 
Epoch 16, Training loss: 0.1252, 
Epoch 17, Training loss: 0.1163, 
Epoch 18, Training loss: 0.1088, 
Epoch 19, Training loss: 0.1032, 
Epoch 20, Training loss: 0.0973, 
Epoch 21, Training loss: 0.0933, 
Epoch 22, Training loss: 0.0888, 
Epoch 23, Training loss: 0.0863, 
Epoch 24, Training loss: 0.0838, 
Epoch 25, Training loss: 0.0810, 
Epoch 26, Training loss: 0.0778, 
Epoch 27, Training loss: 0.0777, 
Epoch 28, Training loss: 0.0740, 
Epoch 29, Training loss: 0.0728, 
Epoch 30, Training loss: 0.0702, 
Epoch 31, Training loss: 0.0690, 
Epoch 32, Training loss: 0.0673, 
Epoch 33, Training loss: 0.0657, 
Epoch 34, Training loss: 0.0654, 
Epoch 35, Training loss: 0.0642, 
Epoch 36, Training loss: 0.0625, 
Epoch 37, Training loss: 0.0608, 
Epoch 38, Training loss: 0.0598, 
Epoch 39, Training loss: 0.0586, 
Epoch 40, Training loss: 0.0566, 
Epoch 41, Training loss: 0.0563, 
Epoch 42, Training loss: 0.0551, 
Epoch 43, Training loss: 0.0540, 
Epoch 44, Training loss: 0.0527, 
Epoch 45, Training loss: 0.0524, 
Epoch 46, Training loss: 0.0518, 
Epoch 47, Training loss: 0.0513, 
Epoch 48, Training loss: 0.0496, 
Epoch 49, Training loss: 0.0486, 
Epoch 50, Training loss: 0.0473, 
Network count: 8
Finished making config for num_voters=50-m=7-num_winners=4-pref_dist=IC-axioms=all-features=bcr-loss=L1Loss()-idx=7
Beginning to train num_voters=50-m=7-num_winners=4-pref_dist=IC-axioms=all-features=bcr-loss=L1Loss()-idx=7
LOAD MODEL PATH: /scratch/b8armstr/thesis_results/trained_networks/NN-num_voters=50-m=7-num_winners=4-pref_dist=IC-axioms=all-features=bcr-loss=L1Loss()-idx=7-.pt
Saved network not found. Beginning training. Caught exception: [Errno 2] No such file or directory: '/scratch/b8armstr/thesis_results/trained_networks/NN-num_voters=50-m=7-num_winners=4-pref_dist=IC-axioms=all-features=bcr-loss=L1Loss()-idx=7-.pt'
Epoch 1, Training loss: 0.3162, 
Epoch 2, Training loss: 0.2669, 
Epoch 3, Training loss: 0.2648, 
Epoch 4, Training loss: 0.2638, 
Epoch 5, Training loss: 0.2632, 
Epoch 6, Training loss: 0.2618, 
Epoch 7, Training loss: 0.2552, 
Epoch 8, Training loss: 0.2522, 
Epoch 9, Training loss: 0.2506, 
Epoch 10, Training loss: 0.2491, 
Epoch 11, Training loss: 0.2469, 
Epoch 12, Training loss: 0.2434, 
Epoch 13, Training loss: 0.2284, 
Epoch 14, Training loss: 0.2106, 
Epoch 15, Training loss: 0.1870, 
Epoch 16, Training loss: 0.1629, 
Epoch 17, Training loss: 0.1475, 
Epoch 18, Training loss: 0.1361, 
Epoch 19, Training loss: 0.1257, 
Epoch 20, Training loss: 0.1166, 
Epoch 21, Training loss: 0.1091, 
Epoch 22, Training loss: 0.1027, 
Epoch 23, Training loss: 0.0972, 
Epoch 24, Training loss: 0.0921, 
Epoch 25, Training loss: 0.0883, 
Epoch 26, Training loss: 0.0849, 
Epoch 27, Training loss: 0.0820, 
Epoch 28, Training loss: 0.0795, 
Epoch 29, Training loss: 0.0765, 
Epoch 30, Training loss: 0.0745, 
Epoch 31, Training loss: 0.0720, 
Epoch 32, Training loss: 0.0703, 
Epoch 33, Training loss: 0.0687, 
Epoch 34, Training loss: 0.0676, 
Epoch 35, Training loss: 0.0657, 
Epoch 36, Training loss: 0.0634, 
Epoch 37, Training loss: 0.0625, 
Epoch 38, Training loss: 0.0614, 
Epoch 39, Training loss: 0.0602, 
Epoch 40, Training loss: 0.0594, 
Epoch 41, Training loss: 0.0573, 
Epoch 42, Training loss: 0.0558, 
Epoch 43, Training loss: 0.0556, 
Epoch 44, Training loss: 0.0532, 
Epoch 45, Training loss: 0.0530, 
Epoch 46, Training loss: 0.0520, 
Epoch 47, Training loss: 0.0513, 
Epoch 48, Training loss: 0.0510, 
Epoch 49, Training loss: 0.0498, 
Epoch 50, Training loss: 0.0490, 
Network count: 9
Finished making config for num_voters=50-m=7-num_winners=4-pref_dist=IC-axioms=all-features=bcr-loss=L1Loss()-idx=8
Beginning to train num_voters=50-m=7-num_winners=4-pref_dist=IC-axioms=all-features=bcr-loss=L1Loss()-idx=8
LOAD MODEL PATH: /scratch/b8armstr/thesis_results/trained_networks/NN-num_voters=50-m=7-num_winners=4-pref_dist=IC-axioms=all-features=bcr-loss=L1Loss()-idx=8-.pt
Saved network not found. Beginning training. Caught exception: [Errno 2] No such file or directory: '/scratch/b8armstr/thesis_results/trained_networks/NN-num_voters=50-m=7-num_winners=4-pref_dist=IC-axioms=all-features=bcr-loss=L1Loss()-idx=8-.pt'
Epoch 1, Training loss: 0.3195, 
Epoch 2, Training loss: 0.2674, 
Epoch 3, Training loss: 0.2651, 
Epoch 4, Training loss: 0.2639, 
Epoch 5, Training loss: 0.2631, 
Epoch 6, Training loss: 0.2612, 
Epoch 7, Training loss: 0.2535, 
Epoch 8, Training loss: 0.2509, 
Epoch 9, Training loss: 0.2463, 
Epoch 10, Training loss: 0.2398, 
Epoch 11, Training loss: 0.2288, 
Epoch 12, Training loss: 0.2173, 
Epoch 13, Training loss: 0.2072, 
Epoch 14, Training loss: 0.1924, 
Epoch 15, Training loss: 0.1754, 
Epoch 16, Training loss: 0.1573, 
Epoch 17, Training loss: 0.1394, 
Epoch 18, Training loss: 0.1285, 
Epoch 19, Training loss: 0.1197, 
Epoch 20, Training loss: 0.1121, 
Epoch 21, Training loss: 0.1058, 
Epoch 22, Training loss: 0.0999, 
Epoch 23, Training loss: 0.0949, 
Epoch 24, Training loss: 0.0905, 
Epoch 25, Training loss: 0.0861, 
Epoch 26, Training loss: 0.0824, 
Epoch 27, Training loss: 0.0794, 
Epoch 28, Training loss: 0.0773, 
Epoch 29, Training loss: 0.0748, 
Epoch 30, Training loss: 0.0731, 
Epoch 31, Training loss: 0.0709, 
Epoch 32, Training loss: 0.0684, 
Epoch 33, Training loss: 0.0673, 
Epoch 34, Training loss: 0.0659, 
Epoch 35, Training loss: 0.0648, 
Epoch 36, Training loss: 0.0618, 
Epoch 37, Training loss: 0.0611, 
Epoch 38, Training loss: 0.0595, 
Epoch 39, Training loss: 0.0589, 
Epoch 40, Training loss: 0.0578, 
Epoch 41, Training loss: 0.0566, 
Epoch 42, Training loss: 0.0549, 
Epoch 43, Training loss: 0.0538, 
Epoch 44, Training loss: 0.0541, 
Epoch 45, Training loss: 0.0532, 
Epoch 46, Training loss: 0.0511, 
Epoch 47, Training loss: 0.0503, 
Epoch 48, Training loss: 0.0496, 
Epoch 49, Training loss: 0.0487, 
Epoch 50, Training loss: 0.0484, 
Network count: 10
Finished making config for num_voters=50-m=7-num_winners=4-pref_dist=IC-axioms=all-features=bcr-loss=L1Loss()-idx=9
Beginning to train num_voters=50-m=7-num_winners=4-pref_dist=IC-axioms=all-features=bcr-loss=L1Loss()-idx=9
LOAD MODEL PATH: /scratch/b8armstr/thesis_results/trained_networks/NN-num_voters=50-m=7-num_winners=4-pref_dist=IC-axioms=all-features=bcr-loss=L1Loss()-idx=9-.pt
Saved network not found. Beginning training. Caught exception: [Errno 2] No such file or directory: '/scratch/b8armstr/thesis_results/trained_networks/NN-num_voters=50-m=7-num_winners=4-pref_dist=IC-axioms=all-features=bcr-loss=L1Loss()-idx=9-.pt'
Epoch 1, Training loss: 0.3173, 
Epoch 2, Training loss: 0.2675, 
Epoch 3, Training loss: 0.2648, 
Epoch 4, Training loss: 0.2637, 
Epoch 5, Training loss: 0.2616, 
Epoch 6, Training loss: 0.2543, 
Epoch 7, Training loss: 0.2526, 
Epoch 8, Training loss: 0.2511, 
Epoch 9, Training loss: 0.2494, 
Epoch 10, Training loss: 0.2479, 
Epoch 11, Training loss: 0.2447, 
Epoch 12, Training loss: 0.2325, 
Epoch 13, Training loss: 0.2090, 
Epoch 14, Training loss: 0.1898, 
Epoch 15, Training loss: 0.1698, 
Epoch 16, Training loss: 0.1512, 
Epoch 17, Training loss: 0.1391, 
Epoch 18, Training loss: 0.1300, 
Epoch 19, Training loss: 0.1224, 
Epoch 20, Training loss: 0.1133, 
Epoch 21, Training loss: 0.1067, 
Epoch 22, Training loss: 0.1003, 
Epoch 23, Training loss: 0.0946, 
Epoch 24, Training loss: 0.0913, 
Epoch 25, Training loss: 0.0876, 
Epoch 26, Training loss: 0.0841, 
Epoch 27, Training loss: 0.0812, 
Epoch 28, Training loss: 0.0784, 
Epoch 29, Training loss: 0.0759, 
Epoch 30, Training loss: 0.0743, 
Epoch 31, Training loss: 0.0727, 
Epoch 32, Training loss: 0.0701, 
Epoch 33, Training loss: 0.0681, 
Epoch 34, Training loss: 0.0673, 
Epoch 35, Training loss: 0.0652, 
Epoch 36, Training loss: 0.0636, 
Epoch 37, Training loss: 0.0616, 
Epoch 38, Training loss: 0.0607, 
Epoch 39, Training loss: 0.0604, 
Epoch 40, Training loss: 0.0595, 
Epoch 41, Training loss: 0.0579, 
Epoch 42, Training loss: 0.0560, 
Epoch 43, Training loss: 0.0555, 
Epoch 44, Training loss: 0.0548, 
Epoch 45, Training loss: 0.0541, 
Epoch 46, Training loss: 0.0526, 
Epoch 47, Training loss: 0.0518, 
Epoch 48, Training loss: 0.0502, 
Epoch 49, Training loss: 0.0492, 
Epoch 50, Training loss: 0.0508, 
Network count: 11
Finished making config for num_voters=50-m=7-num_winners=4-pref_dist=IC-axioms=all-features=bcr-loss=L1Loss()-idx=10
Beginning to train num_voters=50-m=7-num_winners=4-pref_dist=IC-axioms=all-features=bcr-loss=L1Loss()-idx=10
LOAD MODEL PATH: /scratch/b8armstr/thesis_results/trained_networks/NN-num_voters=50-m=7-num_winners=4-pref_dist=IC-axioms=all-features=bcr-loss=L1Loss()-idx=10-.pt
Saved network not found. Beginning training. Caught exception: [Errno 2] No such file or directory: '/scratch/b8armstr/thesis_results/trained_networks/NN-num_voters=50-m=7-num_winners=4-pref_dist=IC-axioms=all-features=bcr-loss=L1Loss()-idx=10-.pt'
Epoch 1, Training loss: 0.3192, 
Epoch 2, Training loss: 0.2669, 
Epoch 3, Training loss: 0.2645, 
Epoch 4, Training loss: 0.2635, 
Epoch 5, Training loss: 0.2622, 
Epoch 6, Training loss: 0.2548, 
Epoch 7, Training loss: 0.2527, 
Epoch 8, Training loss: 0.2507, 
Epoch 9, Training loss: 0.2482, 
Epoch 10, Training loss: 0.2424, 
Epoch 11, Training loss: 0.2297, 
Epoch 12, Training loss: 0.2114, 
Epoch 13, Training loss: 0.1895, 
Epoch 14, Training loss: 0.1680, 
Epoch 15, Training loss: 0.1544, 
Epoch 16, Training loss: 0.1419, 
Epoch 17, Training loss: 0.1287, 
Epoch 18, Training loss: 0.1193, 
Epoch 19, Training loss: 0.1121, 
Epoch 20, Training loss: 0.1055, 
Epoch 21, Training loss: 0.0998, 
Epoch 22, Training loss: 0.0944, 
Epoch 23, Training loss: 0.0902, 
Epoch 24, Training loss: 0.0862, 
Epoch 25, Training loss: 0.0842, 
Epoch 26, Training loss: 0.0804, 
Epoch 27, Training loss: 0.0790, 
Epoch 28, Training loss: 0.0761, 
Epoch 29, Training loss: 0.0739, 
Epoch 30, Training loss: 0.0725, 
Epoch 31, Training loss: 0.0701, 
Epoch 32, Training loss: 0.0681, 
Epoch 33, Training loss: 0.0658, 
Epoch 34, Training loss: 0.0651, 
Epoch 35, Training loss: 0.0637, 
Epoch 36, Training loss: 0.0620, 
Epoch 37, Training loss: 0.0607, 
Epoch 38, Training loss: 0.0595, 
Epoch 39, Training loss: 0.0580, 
Epoch 40, Training loss: 0.0572, 
Epoch 41, Training loss: 0.0557, 
Epoch 42, Training loss: 0.0551, 
Epoch 43, Training loss: 0.0541, 
Epoch 44, Training loss: 0.0532, 
Epoch 45, Training loss: 0.0524, 
Epoch 46, Training loss: 0.0523, 
Epoch 47, Training loss: 0.0503, 
Epoch 48, Training loss: 0.0492, 
Epoch 49, Training loss: 0.0502, 
Epoch 50, Training loss: 0.0476, 
Network count: 12
Finished making config for num_voters=50-m=7-num_winners=4-pref_dist=IC-axioms=all-features=bcr-loss=L1Loss()-idx=11
Beginning to train num_voters=50-m=7-num_winners=4-pref_dist=IC-axioms=all-features=bcr-loss=L1Loss()-idx=11
LOAD MODEL PATH: /scratch/b8armstr/thesis_results/trained_networks/NN-num_voters=50-m=7-num_winners=4-pref_dist=IC-axioms=all-features=bcr-loss=L1Loss()-idx=11-.pt
Saved network not found. Beginning training. Caught exception: [Errno 2] No such file or directory: '/scratch/b8armstr/thesis_results/trained_networks/NN-num_voters=50-m=7-num_winners=4-pref_dist=IC-axioms=all-features=bcr-loss=L1Loss()-idx=11-.pt'
Epoch 1, Training loss: 0.3175, 
Epoch 2, Training loss: 0.2673, 
Epoch 3, Training loss: 0.2650, 
Epoch 4, Training loss: 0.2640, 
Epoch 5, Training loss: 0.2632, 
Epoch 6, Training loss: 0.2594, 
Epoch 7, Training loss: 0.2537, 
Epoch 8, Training loss: 0.2524, 
Epoch 9, Training loss: 0.2505, 
Epoch 10, Training loss: 0.2489, 
Epoch 11, Training loss: 0.2467, 
Epoch 12, Training loss: 0.2437, 
Epoch 13, Training loss: 0.2343, 
Epoch 14, Training loss: 0.2086, 
Epoch 15, Training loss: 0.1782, 
Epoch 16, Training loss: 0.1564, 
Epoch 17, Training loss: 0.1441, 
Epoch 18, Training loss: 0.1338, 
Epoch 19, Training loss: 0.1245, 
Epoch 20, Training loss: 0.1153, 
Epoch 21, Training loss: 0.1083, 
Epoch 22, Training loss: 0.1020, 
Epoch 23, Training loss: 0.0972, 
Epoch 24, Training loss: 0.0923, 
Epoch 25, Training loss: 0.0893, 
Epoch 26, Training loss: 0.0851, 
Epoch 27, Training loss: 0.0827, 
Epoch 28, Training loss: 0.0808, 
Epoch 29, Training loss: 0.0787, 
Epoch 30, Training loss: 0.0762, 
Epoch 31, Training loss: 0.0741, 
Epoch 32, Training loss: 0.0722, 
Epoch 33, Training loss: 0.0705, 
Epoch 34, Training loss: 0.0705, 
Epoch 35, Training loss: 0.0687, 
Epoch 36, Training loss: 0.0670, 
Epoch 37, Training loss: 0.0648, 
Epoch 38, Training loss: 0.0635, 
Epoch 39, Training loss: 0.0635, 
Epoch 40, Training loss: 0.0616, 
Epoch 41, Training loss: 0.0610, 
Epoch 42, Training loss: 0.0592, 
Epoch 43, Training loss: 0.0579, 
Epoch 44, Training loss: 0.0572, 
Epoch 45, Training loss: 0.0579, 
Epoch 46, Training loss: 0.0549, 
Epoch 47, Training loss: 0.0547, 
Epoch 48, Training loss: 0.0531, 
Epoch 49, Training loss: 0.0523, 
Epoch 50, Training loss: 0.0520, 
Network count: 13
Finished making config for num_voters=50-m=7-num_winners=4-pref_dist=IC-axioms=all-features=bcr-loss=L1Loss()-idx=12
Beginning to train num_voters=50-m=7-num_winners=4-pref_dist=IC-axioms=all-features=bcr-loss=L1Loss()-idx=12
LOAD MODEL PATH: /scratch/b8armstr/thesis_results/trained_networks/NN-num_voters=50-m=7-num_winners=4-pref_dist=IC-axioms=all-features=bcr-loss=L1Loss()-idx=12-.pt
Saved network not found. Beginning training. Caught exception: [Errno 2] No such file or directory: '/scratch/b8armstr/thesis_results/trained_networks/NN-num_voters=50-m=7-num_winners=4-pref_dist=IC-axioms=all-features=bcr-loss=L1Loss()-idx=12-.pt'
Epoch 1, Training loss: 0.3132, 
Epoch 2, Training loss: 0.2662, 
Epoch 3, Training loss: 0.2643, 
Epoch 4, Training loss: 0.2635, 
Epoch 5, Training loss: 0.2629, 
Epoch 6, Training loss: 0.2609, 
Epoch 7, Training loss: 0.2533, 
Epoch 8, Training loss: 0.2507, 
Epoch 9, Training loss: 0.2481, 
Epoch 10, Training loss: 0.2345, 
Epoch 11, Training loss: 0.2061, 
Epoch 12, Training loss: 0.1860, 
Epoch 13, Training loss: 0.1618, 
Epoch 14, Training loss: 0.1431, 
Epoch 15, Training loss: 0.1309, 
Epoch 16, Training loss: 0.1206, 
Epoch 17, Training loss: 0.1127, 
Epoch 18, Training loss: 0.1055, 
Epoch 19, Training loss: 0.1007, 
Epoch 20, Training loss: 0.0944, 
Epoch 21, Training loss: 0.0902, 
Epoch 22, Training loss: 0.0869, 
Epoch 23, Training loss: 0.0835, 
Epoch 24, Training loss: 0.0807, 
Epoch 25, Training loss: 0.0788, 
Epoch 26, Training loss: 0.0756, 
Epoch 27, Training loss: 0.0733, 
Epoch 28, Training loss: 0.0713, 
Epoch 29, Training loss: 0.0695, 
Epoch 30, Training loss: 0.0685, 
Epoch 31, Training loss: 0.0673, 
Epoch 32, Training loss: 0.0652, 
Epoch 33, Training loss: 0.0642, 
Epoch 34, Training loss: 0.0618, 
Epoch 35, Training loss: 0.0614, 
Epoch 36, Training loss: 0.0605, 
Epoch 37, Training loss: 0.0586, 
Epoch 38, Training loss: 0.0580, 
Epoch 39, Training loss: 0.0563, 
Epoch 40, Training loss: 0.0553, 
Epoch 41, Training loss: 0.0549, 
Epoch 42, Training loss: 0.0539, 
Epoch 43, Training loss: 0.0526, 
Epoch 44, Training loss: 0.0518, 
Epoch 45, Training loss: 0.0513, 
Epoch 46, Training loss: 0.0501, 
Epoch 47, Training loss: 0.0491, 
Epoch 48, Training loss: 0.0485, 
Epoch 49, Training loss: 0.0482, 
Epoch 50, Training loss: 0.0474, 
Network count: 14
Finished making config for num_voters=50-m=7-num_winners=4-pref_dist=IC-axioms=all-features=bcr-loss=L1Loss()-idx=13
Beginning to train num_voters=50-m=7-num_winners=4-pref_dist=IC-axioms=all-features=bcr-loss=L1Loss()-idx=13
LOAD MODEL PATH: /scratch/b8armstr/thesis_results/trained_networks/NN-num_voters=50-m=7-num_winners=4-pref_dist=IC-axioms=all-features=bcr-loss=L1Loss()-idx=13-.pt
Saved network not found. Beginning training. Caught exception: [Errno 2] No such file or directory: '/scratch/b8armstr/thesis_results/trained_networks/NN-num_voters=50-m=7-num_winners=4-pref_dist=IC-axioms=all-features=bcr-loss=L1Loss()-idx=13-.pt'
Epoch 1, Training loss: 0.3186, 
Epoch 2, Training loss: 0.2672, 
Epoch 3, Training loss: 0.2648, 
Epoch 4, Training loss: 0.2639, 
Epoch 5, Training loss: 0.2611, 
Epoch 6, Training loss: 0.2542, 
Epoch 7, Training loss: 0.2521, 
Epoch 8, Training loss: 0.2500, 
Epoch 9, Training loss: 0.2474, 
Epoch 10, Training loss: 0.2371, 
Epoch 11, Training loss: 0.2148, 
Epoch 12, Training loss: 0.1953, 
Epoch 13, Training loss: 0.1702, 
Epoch 14, Training loss: 0.1490, 
Epoch 15, Training loss: 0.1360, 
Epoch 16, Training loss: 0.1261, 
Epoch 17, Training loss: 0.1166, 
Epoch 18, Training loss: 0.1091, 
Epoch 19, Training loss: 0.1018, 
Epoch 20, Training loss: 0.0963, 
Epoch 21, Training loss: 0.0912, 
Epoch 22, Training loss: 0.0868, 
Epoch 23, Training loss: 0.0829, 
Epoch 24, Training loss: 0.0801, 
Epoch 25, Training loss: 0.0773, 
Epoch 26, Training loss: 0.0763, 
Epoch 27, Training loss: 0.0736, 
Epoch 28, Training loss: 0.0715, 
Epoch 29, Training loss: 0.0700, 
Epoch 30, Training loss: 0.0687, 
Epoch 31, Training loss: 0.0660, 
Epoch 32, Training loss: 0.0651, 
Epoch 33, Training loss: 0.0641, 
Epoch 34, Training loss: 0.0633, 
Epoch 35, Training loss: 0.0610, 
Epoch 36, Training loss: 0.0593, 
Epoch 37, Training loss: 0.0589, 
Epoch 38, Training loss: 0.0575, 
Epoch 39, Training loss: 0.0560, 
Epoch 40, Training loss: 0.0554, 
Epoch 41, Training loss: 0.0548, 
Epoch 42, Training loss: 0.0536, 
Epoch 43, Training loss: 0.0538, 
Epoch 44, Training loss: 0.0508, 
Epoch 45, Training loss: 0.0511, 
Epoch 46, Training loss: 0.0497, 
Epoch 47, Training loss: 0.0493, 
Epoch 48, Training loss: 0.0478, 
Epoch 49, Training loss: 0.0478, 
Epoch 50, Training loss: 0.0477, 
Network count: 15
Finished making config for num_voters=50-m=7-num_winners=4-pref_dist=IC-axioms=all-features=bcr-loss=L1Loss()-idx=14
Beginning to train num_voters=50-m=7-num_winners=4-pref_dist=IC-axioms=all-features=bcr-loss=L1Loss()-idx=14
LOAD MODEL PATH: /scratch/b8armstr/thesis_results/trained_networks/NN-num_voters=50-m=7-num_winners=4-pref_dist=IC-axioms=all-features=bcr-loss=L1Loss()-idx=14-.pt
Saved network not found. Beginning training. Caught exception: [Errno 2] No such file or directory: '/scratch/b8armstr/thesis_results/trained_networks/NN-num_voters=50-m=7-num_winners=4-pref_dist=IC-axioms=all-features=bcr-loss=L1Loss()-idx=14-.pt'
Epoch 1, Training loss: 0.3160, 
Epoch 2, Training loss: 0.2668, 
Epoch 3, Training loss: 0.2645, 
Epoch 4, Training loss: 0.2635, 
Epoch 5, Training loss: 0.2624, 
Epoch 6, Training loss: 0.2560, 
Epoch 7, Training loss: 0.2522, 
Epoch 8, Training loss: 0.2502, 
Epoch 9, Training loss: 0.2480, 
Epoch 10, Training loss: 0.2452, 
Epoch 11, Training loss: 0.2352, 
Epoch 12, Training loss: 0.2132, 
Epoch 13, Training loss: 0.1880, 
Epoch 14, Training loss: 0.1652, 
Epoch 15, Training loss: 0.1492, 
Epoch 16, Training loss: 0.1373, 
Epoch 17, Training loss: 0.1263, 
Epoch 18, Training loss: 0.1175, 
Epoch 19, Training loss: 0.1108, 
Epoch 20, Training loss: 0.1045, 
Epoch 21, Training loss: 0.0994, 
Epoch 22, Training loss: 0.0949, 
Epoch 23, Training loss: 0.0922, 
Epoch 24, Training loss: 0.0876, 
Epoch 25, Training loss: 0.0852, 
Epoch 26, Training loss: 0.0823, 
Epoch 27, Training loss: 0.0799, 
Epoch 28, Training loss: 0.0775, 
Epoch 29, Training loss: 0.0754, 
Epoch 30, Training loss: 0.0739, 
Epoch 31, Training loss: 0.0721, 
Epoch 32, Training loss: 0.0707, 
Epoch 33, Training loss: 0.0689, 
Epoch 34, Training loss: 0.0667, 
Epoch 35, Training loss: 0.0663, 
Epoch 36, Training loss: 0.0638, 
Epoch 37, Training loss: 0.0628, 
Epoch 38, Training loss: 0.0619, 
Epoch 39, Training loss: 0.0612, 
Epoch 40, Training loss: 0.0592, 
Epoch 41, Training loss: 0.0579, 
Epoch 42, Training loss: 0.0565, 
Epoch 43, Training loss: 0.0564, 
Epoch 44, Training loss: 0.0555, 
Epoch 45, Training loss: 0.0546, 
Epoch 46, Training loss: 0.0531, 
Epoch 47, Training loss: 0.0525, 
Epoch 48, Training loss: 0.0526, 
Epoch 49, Training loss: 0.0510, 
Epoch 50, Training loss: 0.0494, 
Network count: 16
Finished making config for num_voters=50-m=7-num_winners=4-pref_dist=IC-axioms=all-features=bcr-loss=L1Loss()-idx=15
Beginning to train num_voters=50-m=7-num_winners=4-pref_dist=IC-axioms=all-features=bcr-loss=L1Loss()-idx=15
LOAD MODEL PATH: /scratch/b8armstr/thesis_results/trained_networks/NN-num_voters=50-m=7-num_winners=4-pref_dist=IC-axioms=all-features=bcr-loss=L1Loss()-idx=15-.pt
Saved network not found. Beginning training. Caught exception: [Errno 2] No such file or directory: '/scratch/b8armstr/thesis_results/trained_networks/NN-num_voters=50-m=7-num_winners=4-pref_dist=IC-axioms=all-features=bcr-loss=L1Loss()-idx=15-.pt'
Epoch 1, Training loss: 0.3152, 
Epoch 2, Training loss: 0.2661, 
Epoch 3, Training loss: 0.2641, 
Epoch 4, Training loss: 0.2635, 
Epoch 5, Training loss: 0.2625, 
Epoch 6, Training loss: 0.2571, 
Epoch 7, Training loss: 0.2528, 
Epoch 8, Training loss: 0.2512, 
Epoch 9, Training loss: 0.2491, 
Epoch 10, Training loss: 0.2462, 
Epoch 11, Training loss: 0.2412, 
Epoch 12, Training loss: 0.2179, 
Epoch 13, Training loss: 0.1798, 
Epoch 14, Training loss: 0.1552, 
Epoch 15, Training loss: 0.1418, 
Epoch 16, Training loss: 0.1303, 
Epoch 17, Training loss: 0.1208, 
Epoch 18, Training loss: 0.1116, 
Epoch 19, Training loss: 0.1044, 
Epoch 20, Training loss: 0.0979, 
Epoch 21, Training loss: 0.0932, 
Epoch 22, Training loss: 0.0904, 
Epoch 23, Training loss: 0.0853, 
Epoch 24, Training loss: 0.0835, 
Epoch 25, Training loss: 0.0800, 
Epoch 26, Training loss: 0.0781, 
Epoch 27, Training loss: 0.0755, 
Epoch 28, Training loss: 0.0739, 
Epoch 29, Training loss: 0.0720, 
Epoch 30, Training loss: 0.0697, 
Epoch 31, Training loss: 0.0686, 
Epoch 32, Training loss: 0.0674, 
Epoch 33, Training loss: 0.0650, 
Epoch 34, Training loss: 0.0648, 
Epoch 35, Training loss: 0.0639, 
Epoch 36, Training loss: 0.0620, 
Epoch 37, Training loss: 0.0609, 
Epoch 38, Training loss: 0.0589, 
Epoch 39, Training loss: 0.0584, 
Epoch 40, Training loss: 0.0571, 
Epoch 41, Training loss: 0.0572, 
Epoch 42, Training loss: 0.0563, 
Epoch 43, Training loss: 0.0555, 
Epoch 44, Training loss: 0.0532, 
Epoch 45, Training loss: 0.0531, 
Epoch 46, Training loss: 0.0524, 
Epoch 47, Training loss: 0.0516, 
Epoch 48, Training loss: 0.0501, 
Epoch 49, Training loss: 0.0499, 
Epoch 50, Training loss: 0.0497, 
Network count: 17
Finished making config for num_voters=50-m=7-num_winners=4-pref_dist=IC-axioms=all-features=bcr-loss=L1Loss()-idx=16
Beginning to train num_voters=50-m=7-num_winners=4-pref_dist=IC-axioms=all-features=bcr-loss=L1Loss()-idx=16
LOAD MODEL PATH: /scratch/b8armstr/thesis_results/trained_networks/NN-num_voters=50-m=7-num_winners=4-pref_dist=IC-axioms=all-features=bcr-loss=L1Loss()-idx=16-.pt
Saved network not found. Beginning training. Caught exception: [Errno 2] No such file or directory: '/scratch/b8armstr/thesis_results/trained_networks/NN-num_voters=50-m=7-num_winners=4-pref_dist=IC-axioms=all-features=bcr-loss=L1Loss()-idx=16-.pt'
Epoch 1, Training loss: 0.3153, 
Epoch 2, Training loss: 0.2671, 
Epoch 3, Training loss: 0.2645, 
Epoch 4, Training loss: 0.2636, 
Epoch 5, Training loss: 0.2613, 
Epoch 6, Training loss: 0.2544, 
Epoch 7, Training loss: 0.2524, 
Epoch 8, Training loss: 0.2501, 
Epoch 9, Training loss: 0.2475, 
Epoch 10, Training loss: 0.2451, 
Epoch 11, Training loss: 0.2399, 
Epoch 12, Training loss: 0.2293, 
Epoch 13, Training loss: 0.2225, 
Epoch 14, Training loss: 0.2103, 
Epoch 15, Training loss: 0.1946, 
Epoch 16, Training loss: 0.1759, 
Epoch 17, Training loss: 0.1534, 
Epoch 18, Training loss: 0.1382, 
Epoch 19, Training loss: 0.1283, 
Epoch 20, Training loss: 0.1197, 
Epoch 21, Training loss: 0.1113, 
Epoch 22, Training loss: 0.1055, 
Epoch 23, Training loss: 0.0994, 
Epoch 24, Training loss: 0.0950, 
Epoch 25, Training loss: 0.0912, 
Epoch 26, Training loss: 0.0883, 
Epoch 27, Training loss: 0.0850, 
Epoch 28, Training loss: 0.0824, 
Epoch 29, Training loss: 0.0789, 
Epoch 30, Training loss: 0.0768, 
Epoch 31, Training loss: 0.0763, 
Epoch 32, Training loss: 0.0733, 
Epoch 33, Training loss: 0.0710, 
Epoch 34, Training loss: 0.0696, 
Epoch 35, Training loss: 0.0678, 
Epoch 36, Training loss: 0.0666, 
Epoch 37, Training loss: 0.0649, 
Epoch 38, Training loss: 0.0644, 
Epoch 39, Training loss: 0.0630, 
Epoch 40, Training loss: 0.0622, 
Epoch 41, Training loss: 0.0610, 
Epoch 42, Training loss: 0.0590, 
Epoch 43, Training loss: 0.0581, 
Epoch 44, Training loss: 0.0583, 
Epoch 45, Training loss: 0.0563, 
Epoch 46, Training loss: 0.0546, 
Epoch 47, Training loss: 0.0534, 
Epoch 48, Training loss: 0.0523, 
Epoch 49, Training loss: 0.0536, 
Epoch 50, Training loss: 0.0513, 
Network count: 18
Finished making config for num_voters=50-m=7-num_winners=4-pref_dist=IC-axioms=all-features=bcr-loss=L1Loss()-idx=17
Beginning to train num_voters=50-m=7-num_winners=4-pref_dist=IC-axioms=all-features=bcr-loss=L1Loss()-idx=17
LOAD MODEL PATH: /scratch/b8armstr/thesis_results/trained_networks/NN-num_voters=50-m=7-num_winners=4-pref_dist=IC-axioms=all-features=bcr-loss=L1Loss()-idx=17-.pt
Saved network not found. Beginning training. Caught exception: [Errno 2] No such file or directory: '/scratch/b8armstr/thesis_results/trained_networks/NN-num_voters=50-m=7-num_winners=4-pref_dist=IC-axioms=all-features=bcr-loss=L1Loss()-idx=17-.pt'
Epoch 1, Training loss: 0.3174, 
Epoch 2, Training loss: 0.2670, 
Epoch 3, Training loss: 0.2646, 
Epoch 4, Training loss: 0.2634, 
Epoch 5, Training loss: 0.2582, 
Epoch 6, Training loss: 0.2534, 
Epoch 7, Training loss: 0.2514, 
Epoch 8, Training loss: 0.2495, 
Epoch 9, Training loss: 0.2474, 
Epoch 10, Training loss: 0.2450, 
Epoch 11, Training loss: 0.2401, 
Epoch 12, Training loss: 0.2255, 
Epoch 13, Training loss: 0.1998, 
Epoch 14, Training loss: 0.1739, 
Epoch 15, Training loss: 0.1531, 
Epoch 16, Training loss: 0.1403, 
Epoch 17, Training loss: 0.1306, 
Epoch 18, Training loss: 0.1204, 
Epoch 19, Training loss: 0.1121, 
Epoch 20, Training loss: 0.1044, 
Epoch 21, Training loss: 0.0985, 
Epoch 22, Training loss: 0.0928, 
Epoch 23, Training loss: 0.0884, 
Epoch 24, Training loss: 0.0858, 
Epoch 25, Training loss: 0.0817, 
Epoch 26, Training loss: 0.0796, 
Epoch 27, Training loss: 0.0769, 
Epoch 28, Training loss: 0.0751, 
Epoch 29, Training loss: 0.0727, 
Epoch 30, Training loss: 0.0704, 
Epoch 31, Training loss: 0.0686, 
Epoch 32, Training loss: 0.0676, 
Epoch 33, Training loss: 0.0666, 
Epoch 34, Training loss: 0.0659, 
Epoch 35, Training loss: 0.0630, 
Epoch 36, Training loss: 0.0614, 
Epoch 37, Training loss: 0.0601, 
Epoch 38, Training loss: 0.0600, 
Epoch 39, Training loss: 0.0581, 
Epoch 40, Training loss: 0.0571, 
Epoch 41, Training loss: 0.0557, 
Epoch 42, Training loss: 0.0548, 
Epoch 43, Training loss: 0.0540, 
Epoch 44, Training loss: 0.0540, 
Epoch 45, Training loss: 0.0539, 
Epoch 46, Training loss: 0.0522, 
Epoch 47, Training loss: 0.0509, 
Epoch 48, Training loss: 0.0504, 
Epoch 49, Training loss: 0.0491, 
Epoch 50, Training loss: 0.0482, 
Network count: 19
Finished making config for num_voters=50-m=7-num_winners=4-pref_dist=IC-axioms=all-features=bcr-loss=L1Loss()-idx=18
Beginning to train num_voters=50-m=7-num_winners=4-pref_dist=IC-axioms=all-features=bcr-loss=L1Loss()-idx=18
LOAD MODEL PATH: /scratch/b8armstr/thesis_results/trained_networks/NN-num_voters=50-m=7-num_winners=4-pref_dist=IC-axioms=all-features=bcr-loss=L1Loss()-idx=18-.pt
Saved network not found. Beginning training. Caught exception: [Errno 2] No such file or directory: '/scratch/b8armstr/thesis_results/trained_networks/NN-num_voters=50-m=7-num_winners=4-pref_dist=IC-axioms=all-features=bcr-loss=L1Loss()-idx=18-.pt'
Epoch 1, Training loss: 0.3136, 
Epoch 2, Training loss: 0.2671, 
Epoch 3, Training loss: 0.2646, 
Epoch 4, Training loss: 0.2637, 
Epoch 5, Training loss: 0.2630, 
Epoch 6, Training loss: 0.2595, 
Epoch 7, Training loss: 0.2534, 
Epoch 8, Training loss: 0.2512, 
Epoch 9, Training loss: 0.2482, 
Epoch 10, Training loss: 0.2412, 
Epoch 11, Training loss: 0.2297, 
Epoch 12, Training loss: 0.2101, 
Epoch 13, Training loss: 0.1866, 
Epoch 14, Training loss: 0.1599, 
Epoch 15, Training loss: 0.1448, 
Epoch 16, Training loss: 0.1344, 
Epoch 17, Training loss: 0.1251, 
Epoch 18, Training loss: 0.1173, 
Epoch 19, Training loss: 0.1100, 
Epoch 20, Training loss: 0.1042, 
Epoch 21, Training loss: 0.0991, 
Epoch 22, Training loss: 0.0943, 
Epoch 23, Training loss: 0.0898, 
Epoch 24, Training loss: 0.0870, 
Epoch 25, Training loss: 0.0833, 
Epoch 26, Training loss: 0.0805, 
Epoch 27, Training loss: 0.0784, 
Epoch 28, Training loss: 0.0753, 
Epoch 29, Training loss: 0.0732, 
Epoch 30, Training loss: 0.0719, 
Epoch 31, Training loss: 0.0693, 
Epoch 32, Training loss: 0.0683, 
Epoch 33, Training loss: 0.0656, 
Epoch 34, Training loss: 0.0649, 
Epoch 35, Training loss: 0.0632, 
Epoch 36, Training loss: 0.0622, 
Epoch 37, Training loss: 0.0612, 
Epoch 38, Training loss: 0.0596, 
Epoch 39, Training loss: 0.0576, 
Epoch 40, Training loss: 0.0569, 
Epoch 41, Training loss: 0.0558, 
Epoch 42, Training loss: 0.0536, 
Epoch 43, Training loss: 0.0540, 
Epoch 44, Training loss: 0.0549, 
Epoch 45, Training loss: 0.0509, 
Epoch 46, Training loss: 0.0529, 
Epoch 47, Training loss: 0.0508, 
Epoch 48, Training loss: 0.0492, 
Epoch 49, Training loss: 0.0484, 
Epoch 50, Training loss: 0.0482, 
Network count: 20
Finished making config for num_voters=50-m=7-num_winners=4-pref_dist=IC-axioms=all-features=bcr-loss=L1Loss()-idx=19
Beginning to train num_voters=50-m=7-num_winners=4-pref_dist=IC-axioms=all-features=bcr-loss=L1Loss()-idx=19
LOAD MODEL PATH: /scratch/b8armstr/thesis_results/trained_networks/NN-num_voters=50-m=7-num_winners=4-pref_dist=IC-axioms=all-features=bcr-loss=L1Loss()-idx=19-.pt
Saved network not found. Beginning training. Caught exception: [Errno 2] No such file or directory: '/scratch/b8armstr/thesis_results/trained_networks/NN-num_voters=50-m=7-num_winners=4-pref_dist=IC-axioms=all-features=bcr-loss=L1Loss()-idx=19-.pt'
Epoch 1, Training loss: 0.3151, 
Epoch 2, Training loss: 0.2667, 
Epoch 3, Training loss: 0.2645, 
Epoch 4, Training loss: 0.2635, 
Epoch 5, Training loss: 0.2592, 
Epoch 6, Training loss: 0.2540, 
Epoch 7, Training loss: 0.2519, 
Epoch 8, Training loss: 0.2500, 
Epoch 9, Training loss: 0.2479, 
Epoch 10, Training loss: 0.2436, 
Epoch 11, Training loss: 0.2364, 
Epoch 12, Training loss: 0.2211, 
Epoch 13, Training loss: 0.1967, 
Epoch 14, Training loss: 0.1691, 
Epoch 15, Training loss: 0.1502, 
Epoch 16, Training loss: 0.1384, 
Epoch 17, Training loss: 0.1294, 
Epoch 18, Training loss: 0.1211, 
Epoch 19, Training loss: 0.1142, 
Epoch 20, Training loss: 0.1078, 
Epoch 21, Training loss: 0.1025, 
Epoch 22, Training loss: 0.0969, 
Epoch 23, Training loss: 0.0935, 
Epoch 24, Training loss: 0.0897, 
Epoch 25, Training loss: 0.0864, 
Epoch 26, Training loss: 0.0839, 
Epoch 27, Training loss: 0.0814, 
Epoch 28, Training loss: 0.0786, 
Epoch 29, Training loss: 0.0762, 
Epoch 30, Training loss: 0.0754, 
Epoch 31, Training loss: 0.0728, 
Epoch 32, Training loss: 0.0706, 
Epoch 33, Training loss: 0.0695, 
Epoch 34, Training loss: 0.0684, 
Epoch 35, Training loss: 0.0670, 
Epoch 36, Training loss: 0.0651, 
Epoch 37, Training loss: 0.0636, 
Epoch 38, Training loss: 0.0629, 
Epoch 39, Training loss: 0.0617, 
Epoch 40, Training loss: 0.0611, 
Epoch 41, Training loss: 0.0596, 
Epoch 42, Training loss: 0.0581, 
Epoch 43, Training loss: 0.0574, 
Epoch 44, Training loss: 0.0558, 
Epoch 45, Training loss: 0.0545, 
Epoch 46, Training loss: 0.0548, 
Epoch 47, Training loss: 0.0541, 
Epoch 48, Training loss: 0.0531, 
Epoch 49, Training loss: 0.0511, 
Epoch 50, Training loss: 0.0519, 
