1731177202
About to load modules
created virtual environment CPython3.11.5.final.0-64 in 1042ms
  creator CPython3Posix(dest=/local/b8armstr.26771963.0/env, clear=False, no_vcs_ignore=False, global=False)
  seeder FromAppData(download=False, pip=bundle, setuptools=bundle, wheel=bundle, via=copy, app_data_dir=/home/b8armstr/.local/share/virtualenv)
    added seed packages: pip==24.2, setuptools==68.0.0, wheel==0.44.0
  activators BashActivator,CShellActivator,FishActivator,NushellActivator,PowerShellActivator,PythonActivator
1731177205
About to install requirements
Looking in links: /cvmfs/soft.computecanada.ca/custom/python/wheelhouse/gentoo2023/x86-64-v3, /cvmfs/soft.computecanada.ca/custom/python/wheelhouse/gentoo2023/generic, /cvmfs/soft.computecanada.ca/custom/python/wheelhouse/generic
Processing /cvmfs/soft.computecanada.ca/custom/python/wheelhouse/generic/Deprecated-1.2.14+computecanada-py2.py3-none-any.whl
Processing /cvmfs/soft.computecanada.ca/custom/python/wheelhouse/generic/wrapt-1.16.0+computecanada-cp311-cp311-linux_x86_64.whl (from deprecated)
Installing collected packages: wrapt, deprecated
Successfully installed deprecated-1.2.14+computecanada wrapt-1.16.0+computecanada
Looking in links: /cvmfs/soft.computecanada.ca/custom/python/wheelhouse/gentoo2023/x86-64-v3, /cvmfs/soft.computecanada.ca/custom/python/wheelhouse/gentoo2023/generic, /cvmfs/soft.computecanada.ca/custom/python/wheelhouse/generic
Processing ./cc_libs/abcvoting-2.10.0-py3-none-any.whl
Processing ./cc_libs/absl_py-2.1.0+computecanada-py3-none-any.whl
Processing ./cc_libs/appnope-0.1.4-py2.py3-none-any.whl
Processing ./cc_libs/asttokens-2.4.1+computecanada-py2.py3-none-any.whl
Processing ./cc_libs/astunparse-1.6.3+computecanada-py2.py3-none-any.whl
Processing ./cc_libs/attrs-24.2.0+computecanada-py3-none-any.whl
Processing ./cc_libs/backcall-0.2.0+computecanada-py3-none-any.whl
Processing ./cc_libs/beautifulsoup4-4.12.3+computecanada-py3-none-any.whl
Processing ./cc_libs/bleach-6.1.0+computecanada-py3-none-any.whl
Processing ./cc_libs/certifi-2024.6.2-py3-none-any.whl
Processing ./cc_libs/cffi-1.15.1+computecanada-cp311-cp311-linux_x86_64.whl
Processing ./cc_libs/charset_normalizer-3.3.2-py3-none-any.whl
Processing ./cc_libs/contourpy-1.2.1+computecanada-cp311-cp311-linux_x86_64.whl
Processing ./cc_libs/cycler-0.12.1+computecanada-py3-none-any.whl
Processing ./cc_libs/decorator-5.1.1+computecanada-py3-none-any.whl
Processing ./cc_libs/defusedxml-0.7.1+computecanada-py2.py3-none-any.whl
Processing ./cc_libs/Deprecated-1.2.14+computecanada-py2.py3-none-any.whl
Processing ./cc_libs/docopt-0.6.2+computecanada-py2.py3-none-any.whl
Processing ./cc_libs/executing-2.1.0-py2.py3-none-any.whl
Processing ./cc_libs/fastjsonschema-2.20.0+computecanada-py3-none-any.whl
Processing ./cc_libs/filelock-3.14.0-py3-none-any.whl
Processing ./cc_libs/flatbuffers-24.3.25+computecanada-py2.py3-none-any.whl
Processing ./cc_libs/fonttools-4.53.0+computecanada-cp311-cp311-linux_x86_64.whl
Processing ./cc_libs/fsspec-2024.6.0+computecanada-py3-none-any.whl
Processing ./cc_libs/gast-0.5.4+computecanada-py3-none-any.whl
Processing ./cc_libs/google_pasta-0.2.0+computecanada-py3-none-any.whl
Processing ./cc_libs/gurobipy-11.0.1-cp311-cp311-linux_x86_64.whl
Processing ./cc_libs/h5py-3.11.0+computecanada-cp311-cp311-linux_x86_64.whl
Processing ./cc_libs/idna-3.7-py3-none-any.whl
Processing ./cc_libs/immutabledict-4.2.0-py3-none-any.whl
Processing ./cc_libs/ipython-8.12.3-py3-none-any.whl
Processing ./cc_libs/jedi-0.19.1+computecanada-py2.py3-none-any.whl
Processing ./cc_libs/jinja2-3.1.4+computecanada-py3-none-any.whl
Processing ./cc_libs/joblib-1.4.2+computecanada-py3-none-any.whl
Processing ./cc_libs/jsonschema-4.23.0+computecanada-py3-none-any.whl
Processing ./cc_libs/jsonschema_specifications-2023.12.1+computecanada-py3-none-any.whl
Processing ./cc_libs/jupyter_client-8.6.2+computecanada-py3-none-any.whl
Processing ./cc_libs/jupyter_core-5.7.2+computecanada-py3-none-any.whl
Processing ./cc_libs/jupyterlab_pygments-0.3.0+computecanada-py3-none-any.whl
Processing ./cc_libs/kiwisolver-1.4.5+computecanada-cp311-cp311-linux_x86_64.whl
Processing ./cc_libs/llvmlite-0.41.1+computecanada-cp311-cp311-linux_x86_64.whl
Processing ./cc_libs/Markdown-3.6-py3-none-any.whl
Processing ./cc_libs/markdown_it_py-3.0.0+computecanada-py3-none-any.whl
Processing ./cc_libs/MarkupSafe-2.1.5+computecanada-cp311-cp311-linux_x86_64.whl
Processing ./cc_libs/matplotlib-3.9.0+computecanada-cp311-cp311-linux_x86_64.whl
Processing ./cc_libs/matplotlib_inline-0.1.7+computecanada-py3-none-any.whl
Processing ./cc_libs/mdurl-0.1.2+computecanada-py3-none-any.whl
Processing ./cc_libs/mip-1.15.0-py3-none-any.whl
Processing ./cc_libs/mistune-3.0.2+computecanada-py3-none-any.whl
Processing ./cc_libs/ml_dtypes-0.3.2-cp311-cp311-linux_x86_64.whl
Processing ./cc_libs/mpmath-1.3.0+computecanada-py3-none-any.whl
Processing ./cc_libs/namex-0.0.8+computecanada-py3-none-any.whl
Processing ./cc_libs/nashpy-0.0.40-py3-none-any.whl
Processing ./cc_libs/nbclient-0.10.0+computecanada-py3-none-any.whl
Processing ./cc_libs/nbconvert-7.16.4+computecanada-py3-none-any.whl
Processing ./cc_libs/nbformat-5.10.4+computecanada-py3-none-any.whl
Processing ./cc_libs/networkx-3.3+computecanada-py3-none-any.whl
Processing ./cc_libs/numba-0.58.1+computecanada-cp311-cp311-linux_x86_64.whl
Processing ./cc_libs/numpy-1.26.4+computecanada-cp311-cp311-linux_x86_64.whl
Processing ./cc_libs/opt_einsum-3.3.0+computecanada-py3-none-any.whl
Processing ./cc_libs/optree-0.11.0+computecanada-cp311-cp311-linux_x86_64.whl
Processing ./cc_libs/ortools-9.10.4067+computecanada-cp311-cp311-linux_x86_64.whl
Processing ./cc_libs/packaging-24.0-py3-none-any.whl
Processing ./cc_libs/pandas-2.2.2+computecanada-cp311-cp311-linux_x86_64.whl
Processing ./cc_libs/pandocfilters-1.5.1+computecanada-py2.py3-none-any.whl
Processing ./cc_libs/parso-0.8.4+computecanada-py2.py3-none-any.whl
Processing ./cc_libs/pexpect-4.9.0+computecanada-py2.py3-none-any.whl
Processing ./cc_libs/pickleshare-0.7.5+computecanada-py2.py3-none-any.whl
Processing ./cc_libs/pillow-10.3.0+computecanada-cp311-cp311-linux_x86_64.whl
Processing ./cc_libs/pipdeptree-2.23.1-py3-none-any.whl
Processing ./cc_libs/pipreqs-0.5.0-py3-none-any.whl
Processing ./cc_libs/platformdirs-4.3.3-py3-none-any.whl
Processing ./cc_libs/preflibtools-2.0.22-py3-none-any.whl
Processing ./cc_libs/prefsampling-0.1.20-py3-none-any.whl
Processing ./cc_libs/pref_voting-1.13.18-py3-none-any.whl
Processing ./cc_libs/prompt_toolkit-3.0.47+computecanada-py3-none-any.whl
Processing ./cc_libs/protobuf-4.25.3+computecanada-cp311-cp311-linux_x86_64.whl
Processing ./cc_libs/ptyprocess-0.7.0+computecanada-py2.py3-none-any.whl
Processing ./cc_libs/pure_eval-0.2.3+computecanada-py3-none-any.whl
Processing ./cc_libs/pycparser-2.22-py3-none-any.whl
Processing ./cc_libs/pygments-2.18.0+computecanada-py3-none-any.whl
Processing ./cc_libs/pyparsing-3.1.2+computecanada-py3-none-any.whl
Processing ./cc_libs/pyrankvote-2.0.6-py3-none-any.whl
Processing ./cc_libs/python_dateutil-2.9.0.post0+computecanada-py2.py3-none-any.whl
Processing ./cc_libs/pytorch_ignite-0.5.1-py3-none-any.whl
Processing ./cc_libs/pytz-2024.1+computecanada-py2.py3-none-any.whl
Processing ./cc_libs/random2-1.0.2-py3-none-any.whl
Processing ./cc_libs/referencing-0.35.1+computecanada-py3-none-any.whl
Processing ./cc_libs/requests-2.32.3-py3-none-any.whl
Processing ./cc_libs/rich-13.7.1+computecanada-py3-none-any.whl
Processing ./cc_libs/ruamel.yaml-0.18.6+computecanada-py3-none-any.whl
Processing ./cc_libs/ruamel.yaml.clib-0.2.8+computecanada-cp311-cp311-linux_x86_64.whl
Processing ./cc_libs/scikit_learn-1.5.0+computecanada-cp311-cp311-linux_x86_64.whl
Processing ./cc_libs/scipy-1.13.1+computecanada-cp311-cp311-linux_x86_64.whl
Processing ./cc_libs/seaborn-0.13.2+computecanada-py3-none-any.whl
Processing ./cc_libs/six-1.16.0+computecanada-py2.py3-none-any.whl
Processing ./cc_libs/snakeviz-2.2.0-py2.py3-none-any.whl
Processing ./cc_libs/soupsieve-2.6+computecanada-py3-none-any.whl
Processing ./cc_libs/stack_data-0.6.3+computecanada-py3-none-any.whl
Processing ./cc_libs/sympy-1.12.1+computecanada-py3-none-any.whl
Processing ./cc_libs/tabulate-0.9.0+computecanada-py3-none-any.whl
Processing ./cc_libs/termcolor-2.4.0+computecanada-py3-none-any.whl
Processing ./cc_libs/threadpoolctl-3.5.0+computecanada-py3-none-any.whl
Processing ./cc_libs/tinycss2-1.3.0+computecanada-py3-none-any.whl
Processing ./cc_libs/traitlets-5.14.3+computecanada-py3-none-any.whl
Processing ./cc_libs/typing_extensions-4.12.1-py3-none-any.whl
Processing ./cc_libs/tzdata-2024.1+computecanada-py2.py3-none-any.whl
Processing ./cc_libs/urllib3-2.2.1-py3-none-any.whl
Processing ./cc_libs/wcwidth-0.2.13+computecanada-py2.py3-none-any.whl
Processing ./cc_libs/webencodings-0.5.1+computecanada-py2.py3-none-any.whl
Processing ./cc_libs/werkzeug-3.0.3+computecanada-py3-none-any.whl
Processing ./cc_libs/wrapt-1.16.0+computecanada-cp311-cp311-linux_x86_64.whl
Processing ./cc_libs/yarg-0.1.9-py2.py3-none-any.whl
asttokens is already installed with the same version as the provided wheel. Use --force-reinstall to force an installation of the wheel.
cycler is already installed with the same version as the provided wheel. Use --force-reinstall to force an installation of the wheel.
decorator is already installed with the same version as the provided wheel. Use --force-reinstall to force an installation of the wheel.
Deprecated is already installed with the same version as the provided wheel. Use --force-reinstall to force an installation of the wheel.
jedi is already installed with the same version as the provided wheel. Use --force-reinstall to force an installation of the wheel.
jupyter-client is already installed with the same version as the provided wheel. Use --force-reinstall to force an installation of the wheel.
jupyter-core is already installed with the same version as the provided wheel. Use --force-reinstall to force an installation of the wheel.
matplotlib-inline is already installed with the same version as the provided wheel. Use --force-reinstall to force an installation of the wheel.
mpmath is already installed with the same version as the provided wheel. Use --force-reinstall to force an installation of the wheel.
pandas is already installed with the same version as the provided wheel. Use --force-reinstall to force an installation of the wheel.
parso is already installed with the same version as the provided wheel. Use --force-reinstall to force an installation of the wheel.
pexpect is already installed with the same version as the provided wheel. Use --force-reinstall to force an installation of the wheel.
prompt-toolkit is already installed with the same version as the provided wheel. Use --force-reinstall to force an installation of the wheel.
ptyprocess is already installed with the same version as the provided wheel. Use --force-reinstall to force an installation of the wheel.
pygments is already installed with the same version as the provided wheel. Use --force-reinstall to force an installation of the wheel.
python-dateutil is already installed with the same version as the provided wheel. Use --force-reinstall to force an installation of the wheel.
six is already installed with the same version as the provided wheel. Use --force-reinstall to force an installation of the wheel.
stack-data is already installed with the same version as the provided wheel. Use --force-reinstall to force an installation of the wheel.
traitlets is already installed with the same version as the provided wheel. Use --force-reinstall to force an installation of the wheel.
tzdata is already installed with the same version as the provided wheel. Use --force-reinstall to force an installation of the wheel.
wcwidth is already installed with the same version as the provided wheel. Use --force-reinstall to force an installation of the wheel.
wrapt is already installed with the same version as the provided wheel. Use --force-reinstall to force an installation of the wheel.
Installing collected packages: yarg, webencodings, random2, pytz, pytorch-ignite, pyrankvote, pure-eval, pickleshare, namex, gurobipy, google-pasta, flatbuffers, fastjsonschema, docopt, cffi, backcall, astunparse, werkzeug, urllib3, typing-extensions, tinycss2, threadpoolctl, termcolor, tabulate, sympy, soupsieve, snakeviz, seaborn, scipy, scikit-learn, ruamel.yaml.clib, ruamel.yaml, rich, requests, referencing, pyparsing, pycparser, protobuf, prefsampling, preflibtools, pref-voting, platformdirs, pipreqs, pipdeptree, pillow, pandocfilters, packaging, ortools, optree, opt-einsum, numpy, numba, networkx, nbformat, nbconvert, nbclient, nashpy, ml-dtypes, mistune, mip, mdurl, matplotlib, MarkupSafe, markdown-it-py, Markdown, llvmlite, kiwisolver, jupyterlab-pygments, jsonschema-specifications, jsonschema, joblib, jinja2, ipython, immutabledict, idna, h5py, gast, fsspec, fonttools, filelock, executing, defusedxml, contourpy, charset-normalizer, certifi, bleach, beautifulsoup4, attrs, appnope, absl-py, abcvoting
  Attempting uninstall: pytz
    Found existing installation: pytz 2024.2+computecanada
    Not uninstalling pytz at /cvmfs/soft.computecanada.ca/easybuild/software/2023/x86-64-v3/Compiler/gcccore/scipy-stack/2024b/lib/python3.11/site-packages, outside environment /local/b8armstr.26771963.0/env
    Can't uninstall 'pytz'. No files were found to uninstall.
  Attempting uninstall: pure-eval
    Found existing installation: pure_eval 0.2.2+computecanada
    Not uninstalling pure-eval at /cvmfs/soft.computecanada.ca/easybuild/software/2023/x86-64-v3/Compiler/gcccore/ipykernel/2024b/lib/python3.11/site-packages, outside environment /local/b8armstr.26771963.0/env
    Can't uninstall 'pure_eval'. No files were found to uninstall.
  Attempting uninstall: typing-extensions
    Found existing installation: typing_extensions 4.12.2+computecanada
    Not uninstalling typing-extensions at /cvmfs/soft.computecanada.ca/easybuild/software/2023/x86-64-v3/Compiler/gcccore/ipykernel/2024b/lib/python3.11/site-packages, outside environment /local/b8armstr.26771963.0/env
    Can't uninstall 'typing_extensions'. No files were found to uninstall.
  Attempting uninstall: sympy
    Found existing installation: sympy 1.13.3+computecanada
    Not uninstalling sympy at /cvmfs/soft.computecanada.ca/easybuild/software/2023/x86-64-v3/Compiler/gcccore/scipy-stack/2024b/lib/python3.11/site-packages, outside environment /local/b8armstr.26771963.0/env
    Can't uninstall 'sympy'. No files were found to uninstall.
  Attempting uninstall: scipy
    Found existing installation: scipy 1.14.1+computecanada
    Not uninstalling scipy at /cvmfs/soft.computecanada.ca/easybuild/software/2023/x86-64-v3/Compiler/gcccore/scipy-stack/2024b/lib/python3.11/site-packages, outside environment /local/b8armstr.26771963.0/env
    Can't uninstall 'scipy'. No files were found to uninstall.
  Attempting uninstall: pyparsing
    Found existing installation: pyparsing 3.1.4+computecanada
    Not uninstalling pyparsing at /cvmfs/soft.computecanada.ca/easybuild/software/2023/x86-64-v3/Compiler/gcccore/scipy-stack/2024b/lib/python3.11/site-packages, outside environment /local/b8armstr.26771963.0/env
    Can't uninstall 'pyparsing'. No files were found to uninstall.
  Attempting uninstall: platformdirs
    Found existing installation: platformdirs 3.9.1+computecanada
    Not uninstalling platformdirs at /cvmfs/soft.computecanada.ca/easybuild/software/2023/x86-64-v3/Compiler/gcccore/ipykernel/2024b/lib/python3.11/site-packages, outside environment /local/b8armstr.26771963.0/env
    Can't uninstall 'platformdirs'. No files were found to uninstall.
  Attempting uninstall: pillow
    Found existing installation: pillow 10.4.0+computecanada
    Not uninstalling pillow at /cvmfs/soft.computecanada.ca/easybuild/software/2023/x86-64-v3/Compiler/gcccore/scipy-stack/2024b/lib/python3.11/site-packages, outside environment /local/b8armstr.26771963.0/env
    Can't uninstall 'pillow'. No files were found to uninstall.
  Attempting uninstall: packaging
    Found existing installation: packaging 24.1+computecanada
    Not uninstalling packaging at /cvmfs/soft.computecanada.ca/easybuild/software/2023/x86-64-v3/Compiler/gcccore/scipy-stack/2024b/lib/python3.11/site-packages, outside environment /local/b8armstr.26771963.0/env
    Can't uninstall 'packaging'. No files were found to uninstall.
  Attempting uninstall: numpy
    Found existing installation: numpy 2.1.1+computecanada
    Not uninstalling numpy at /cvmfs/soft.computecanada.ca/easybuild/software/2023/x86-64-v3/Compiler/gcccore/scipy-stack/2024b/lib/python3.11/site-packages, outside environment /local/b8armstr.26771963.0/env
    Can't uninstall 'numpy'. No files were found to uninstall.
  Attempting uninstall: matplotlib
    Found existing installation: matplotlib 3.9.2+computecanada
    Not uninstalling matplotlib at /cvmfs/soft.computecanada.ca/easybuild/software/2023/x86-64-v3/Compiler/gcccore/scipy-stack/2024b/lib/python3.11/site-packages, outside environment /local/b8armstr.26771963.0/env
    Can't uninstall 'matplotlib'. No files were found to uninstall.
  Attempting uninstall: kiwisolver
    Found existing installation: kiwisolver 1.4.7+computecanada
    Not uninstalling kiwisolver at /cvmfs/soft.computecanada.ca/easybuild/software/2023/x86-64-v3/Compiler/gcccore/scipy-stack/2024b/lib/python3.11/site-packages, outside environment /local/b8armstr.26771963.0/env
    Can't uninstall 'kiwisolver'. No files were found to uninstall.
  Attempting uninstall: ipython
    Found existing installation: ipython 8.25.0+computecanada
    Not uninstalling ipython at /cvmfs/soft.computecanada.ca/easybuild/software/2023/x86-64-v3/Compiler/gcccore/ipykernel/2024b/lib/python3.11/site-packages, outside environment /local/b8armstr.26771963.0/env
    Can't uninstall 'ipython'. No files were found to uninstall.
  Attempting uninstall: fonttools
    Found existing installation: fonttools 4.53.1+computecanada
    Not uninstalling fonttools at /cvmfs/soft.computecanada.ca/easybuild/software/2023/x86-64-v3/Compiler/gcccore/scipy-stack/2024b/lib/python3.11/site-packages, outside environment /local/b8armstr.26771963.0/env
    Can't uninstall 'fonttools'. No files were found to uninstall.
  Attempting uninstall: executing
    Found existing installation: executing 2.0.1+computecanada
    Not uninstalling executing at /cvmfs/soft.computecanada.ca/easybuild/software/2023/x86-64-v3/Compiler/gcccore/ipykernel/2024b/lib/python3.11/site-packages, outside environment /local/b8armstr.26771963.0/env
    Can't uninstall 'executing'. No files were found to uninstall.
  Attempting uninstall: contourpy
    Found existing installation: contourpy 1.3.0+computecanada
    Not uninstalling contourpy at /cvmfs/soft.computecanada.ca/easybuild/software/2023/x86-64-v3/Compiler/gcccore/scipy-stack/2024b/lib/python3.11/site-packages, outside environment /local/b8armstr.26771963.0/env
    Can't uninstall 'contourpy'. No files were found to uninstall.
Successfully installed Markdown-3.6 MarkupSafe-2.1.5+computecanada abcvoting-2.10.0 absl-py-2.1.0+computecanada appnope-0.1.4 astunparse-1.6.3+computecanada attrs-24.2.0+computecanada backcall-0.2.0+computecanada beautifulsoup4-4.12.3+computecanada bleach-6.1.0+computecanada certifi-2024.6.2 cffi-1.15.1+computecanada charset-normalizer-3.3.2 contourpy-1.2.1+computecanada defusedxml-0.7.1+computecanada docopt-0.6.2+computecanada executing-2.1.0 fastjsonschema-2.20.0+computecanada filelock-3.14.0 flatbuffers-24.3.25+computecanada fonttools-4.53.0+computecanada fsspec-2024.6.0+computecanada gast-0.5.4+computecanada google-pasta-0.2.0+computecanada gurobipy-11.0.1 h5py-3.11.0+computecanada idna-3.7 immutabledict-4.2.0 ipython-8.12.3 jinja2-3.1.4+computecanada joblib-1.4.2+computecanada jsonschema-4.23.0+computecanada jsonschema-specifications-2023.12.1+computecanada jupyterlab-pygments-0.3.0+computecanada kiwisolver-1.4.5+computecanada llvmlite-0.41.1+computecanada markdown-it-py-3.0.0+computecanada matplotlib-3.9.0+computecanada mdurl-0.1.2+computecanada mip-1.15.0 mistune-3.0.2+computecanada ml-dtypes-0.3.2 namex-0.0.8+computecanada nashpy-0.0.40 nbclient-0.10.0+computecanada nbconvert-7.16.4+computecanada nbformat-5.10.4+computecanada networkx-3.3+computecanada numba-0.58.1+computecanada numpy-1.26.4+computecanada opt-einsum-3.3.0+computecanada optree-0.11.0+computecanada ortools-9.10.4067+computecanada packaging-24.0 pandocfilters-1.5.1+computecanada pickleshare-0.7.5+computecanada pillow-10.3.0+computecanada pipdeptree-2.23.1 pipreqs-0.5.0 platformdirs-4.3.3 pref-voting-1.13.18 preflibtools-2.0.22 prefsampling-0.1.20 protobuf-4.25.3+computecanada pure-eval-0.2.3+computecanada pycparser-2.22 pyparsing-3.1.2+computecanada pyrankvote-2.0.6 pytorch-ignite-0.5.1 pytz-2024.1+computecanada random2-1.0.2 referencing-0.35.1+computecanada requests-2.32.3 rich-13.7.1+computecanada ruamel.yaml-0.18.6+computecanada ruamel.yaml.clib-0.2.8+computecanada scikit-learn-1.5.0+computecanada scipy-1.13.1+computecanada seaborn-0.13.2+computecanada snakeviz-2.2.0 soupsieve-2.6+computecanada sympy-1.12.1+computecanada tabulate-0.9.0+computecanada termcolor-2.4.0+computecanada threadpoolctl-3.5.0+computecanada tinycss2-1.3.0+computecanada typing-extensions-4.12.1 urllib3-2.2.1 webencodings-0.5.1+computecanada werkzeug-3.0.3+computecanada yarg-0.1.9
Looking in links: /cvmfs/soft.computecanada.ca/custom/python/wheelhouse/gentoo2023/x86-64-v3, /cvmfs/soft.computecanada.ca/custom/python/wheelhouse/gentoo2023/generic, /cvmfs/soft.computecanada.ca/custom/python/wheelhouse/generic
Requirement already satisfied: scikit_learn in /local/b8armstr.26771963.0/env/lib/python3.11/site-packages (1.5.0+computecanada)
Processing /cvmfs/soft.computecanada.ca/custom/python/wheelhouse/gentoo2023/generic/scikit_learn-1.5.2+computecanada-cp311-cp311-linux_x86_64.whl
Requirement already satisfied: llvmlite in /local/b8armstr.26771963.0/env/lib/python3.11/site-packages (0.41.1+computecanada)
Processing /cvmfs/soft.computecanada.ca/custom/python/wheelhouse/gentoo2023/x86-64-v3/llvmlite-0.43.0+computecanada-cp311-cp311-linux_x86_64.whl
Requirement already satisfied: ortools in /local/b8armstr.26771963.0/env/lib/python3.11/site-packages (9.10.4067+computecanada)
Requirement already satisfied: numpy>=1.19.5 in /local/b8armstr.26771963.0/env/lib/python3.11/site-packages (from scikit_learn) (1.26.4+computecanada)
Requirement already satisfied: scipy>=1.6.0 in /local/b8armstr.26771963.0/env/lib/python3.11/site-packages (from scikit_learn) (1.13.1+computecanada)
Requirement already satisfied: joblib>=1.2.0 in /local/b8armstr.26771963.0/env/lib/python3.11/site-packages (from scikit_learn) (1.4.2+computecanada)
Requirement already satisfied: threadpoolctl>=3.1.0 in /local/b8armstr.26771963.0/env/lib/python3.11/site-packages (from scikit_learn) (3.5.0+computecanada)
Requirement already satisfied: absl-py>=2.0.0 in /local/b8armstr.26771963.0/env/lib/python3.11/site-packages (from ortools) (2.1.0+computecanada)
Requirement already satisfied: pandas>=2.0.0 in /cvmfs/soft.computecanada.ca/easybuild/software/2023/x86-64-v3/Compiler/gcccore/scipy-stack/2024b/lib/python3.11/site-packages (from ortools) (2.2.2+computecanada)
Processing /cvmfs/soft.computecanada.ca/custom/python/wheelhouse/gentoo2023/x86-64-v3/protobuf-5.28.0+computecanada-cp311-cp311-linux_x86_64.whl (from ortools)
Requirement already satisfied: immutabledict>=3.0.0 in /local/b8armstr.26771963.0/env/lib/python3.11/site-packages (from ortools) (4.2.0)
Requirement already satisfied: python-dateutil>=2.8.2 in /cvmfs/soft.computecanada.ca/easybuild/software/2023/x86-64-v3/Compiler/gcccore/scipy-stack/2024b/lib/python3.11/site-packages (from pandas>=2.0.0->ortools) (2.9.0.post0+computecanada)
Requirement already satisfied: pytz>=2020.1 in /local/b8armstr.26771963.0/env/lib/python3.11/site-packages (from pandas>=2.0.0->ortools) (2024.1+computecanada)
Requirement already satisfied: tzdata>=2022.7 in /cvmfs/soft.computecanada.ca/easybuild/software/2023/x86-64-v3/Compiler/gcccore/scipy-stack/2024b/lib/python3.11/site-packages (from pandas>=2.0.0->ortools) (2024.1+computecanada)
Requirement already satisfied: six>=1.5 in /cvmfs/soft.computecanada.ca/easybuild/software/2023/x86-64-v3/Compiler/gcccore/scipy-stack/2024b/lib/python3.11/site-packages (from python-dateutil>=2.8.2->pandas>=2.0.0->ortools) (1.16.0+computecanada)
Installing collected packages: protobuf, llvmlite, scikit_learn
  Attempting uninstall: protobuf
    Found existing installation: protobuf 4.25.3+computecanada
    Uninstalling protobuf-4.25.3+computecanada:
      Successfully uninstalled protobuf-4.25.3+computecanada
  Attempting uninstall: llvmlite
    Found existing installation: llvmlite 0.41.1+computecanada
    Uninstalling llvmlite-0.41.1+computecanada:
      Successfully uninstalled llvmlite-0.41.1+computecanada
  Attempting uninstall: scikit_learn
    Found existing installation: scikit_learn 1.5.0+computecanada
    Uninstalling scikit_learn-1.5.0+computecanada:
      Successfully uninstalled scikit_learn-1.5.0+computecanada
ERROR: pip's dependency resolver does not currently take into account all the packages that are installed. This behaviour is the source of the following dependency conflicts.
numba 0.58.1+computecanada requires llvmlite<0.42,>=0.41.0dev0, but you have llvmlite 0.43.0+computecanada which is incompatible.
Successfully installed llvmlite-0.43.0+computecanada protobuf-5.28.0+computecanada scikit_learn-1.5.2+computecanada
Looking in links: /cvmfs/soft.computecanada.ca/custom/python/wheelhouse/gentoo2023/x86-64-v3, /cvmfs/soft.computecanada.ca/custom/python/wheelhouse/gentoo2023/generic, /cvmfs/soft.computecanada.ca/custom/python/wheelhouse/generic
Processing /cvmfs/soft.computecanada.ca/custom/python/wheelhouse/gentoo2023/x86-64-v3/torch-2.5.1+computecanada-cp311-cp311-linux_x86_64.whl
Requirement already satisfied: filelock in /local/b8armstr.26771963.0/env/lib/python3.11/site-packages (from torch) (3.14.0)
Requirement already satisfied: typing-extensions>=4.8.0 in /local/b8armstr.26771963.0/env/lib/python3.11/site-packages (from torch) (4.12.1)
Requirement already satisfied: networkx in /local/b8armstr.26771963.0/env/lib/python3.11/site-packages (from torch) (3.3+computecanada)
Requirement already satisfied: jinja2 in /local/b8armstr.26771963.0/env/lib/python3.11/site-packages (from torch) (3.1.4+computecanada)
Requirement already satisfied: fsspec in /local/b8armstr.26771963.0/env/lib/python3.11/site-packages (from torch) (2024.6.0+computecanada)
Processing /cvmfs/soft.computecanada.ca/custom/python/wheelhouse/generic/sympy-1.13.1+computecanada-py3-none-any.whl (from torch)
Requirement already satisfied: mpmath<1.4,>=1.1.0 in /cvmfs/soft.computecanada.ca/easybuild/software/2023/x86-64-v3/Compiler/gcccore/scipy-stack/2024b/lib/python3.11/site-packages (from sympy==1.13.1->torch) (1.3.0+computecanada)
Requirement already satisfied: MarkupSafe>=2.0 in /local/b8armstr.26771963.0/env/lib/python3.11/site-packages (from jinja2->torch) (2.1.5+computecanada)
Installing collected packages: sympy, torch
  Attempting uninstall: sympy
    Found existing installation: sympy 1.12.1+computecanada
    Uninstalling sympy-1.12.1+computecanada:
      Successfully uninstalled sympy-1.12.1+computecanada
Successfully installed sympy-1.13.1+computecanada torch-2.5.1+computecanada
About to start experiments
/local/b8armstr.26771963.0/env/lib/python3.11/site-packages/ignite/handlers/checkpoint.py:16: DeprecationWarning: `TorchScript` support for functional optimizers is deprecated and will be removed in a future PyTorch release. Consider using the `torch.compile` optimizer instead.
  from torch.distributed.optim import ZeroRedundancyOptimizer

DATA LOADED

Network count: 1
Finished making config for num_voters=50-m=7-num_winners=4-pref_dist=URN-R-axioms=all-features=bcr-loss=L1Loss()-idx=0
Beginning to train num_voters=50-m=7-num_winners=4-pref_dist=URN-R-axioms=all-features=bcr-loss=L1Loss()-idx=0
LOAD MODEL PATH: /scratch/b8armstr/thesis_results/trained_networks/NN-num_voters=50-m=7-num_winners=4-pref_dist=URN-R-axioms=all-features=bcr-loss=L1Loss()-idx=0-.pt
Saved network not found. Beginning training. Caught exception: [Errno 2] No such file or directory: '/scratch/b8armstr/thesis_results/trained_networks/NN-num_voters=50-m=7-num_winners=4-pref_dist=URN-R-axioms=all-features=bcr-loss=L1Loss()-idx=0-.pt'
Epoch 1, Training loss: 0.4204, 
Epoch 2, Training loss: 0.2780, 
Epoch 3, Training loss: 0.2196, 
Epoch 4, Training loss: 0.1744, 
Epoch 5, Training loss: 0.1508, 
Epoch 6, Training loss: 0.1375, 
Epoch 7, Training loss: 0.1283, 
Epoch 8, Training loss: 0.1217, 
Epoch 9, Training loss: 0.1168, 
Epoch 10, Training loss: 0.1134, 
Epoch 11, Training loss: 0.1102, 
Epoch 12, Training loss: 0.1080, 
Epoch 13, Training loss: 0.1057, 
Epoch 14, Training loss: 0.1038, 
Epoch 15, Training loss: 0.1019, 
Epoch 16, Training loss: 0.1002, 
Epoch 17, Training loss: 0.0986, 
Epoch 18, Training loss: 0.0974, 
Epoch 19, Training loss: 0.0965, 
Epoch 20, Training loss: 0.0950, 
Epoch 21, Training loss: 0.0940, 
Epoch 22, Training loss: 0.0930, 
Epoch 23, Training loss: 0.0921, 
Epoch 24, Training loss: 0.0914, 
Epoch 25, Training loss: 0.0904, 
Epoch 26, Training loss: 0.0896, 
Epoch 27, Training loss: 0.0888, 
Epoch 28, Training loss: 0.0883, 
Epoch 29, Training loss: 0.0874, 
Epoch 30, Training loss: 0.0871, 
Epoch 31, Training loss: 0.0863, 
Epoch 32, Training loss: 0.0858, 
Epoch 33, Training loss: 0.0852, 
Epoch 34, Training loss: 0.0848, 
Epoch 35, Training loss: 0.0842, 
Epoch 36, Training loss: 0.0836, 
Epoch 37, Training loss: 0.0834, 
Epoch 38, Training loss: 0.0827, 
Epoch 39, Training loss: 0.0823, 
Epoch 40, Training loss: 0.0820, 
Epoch 41, Training loss: 0.0815, 
Epoch 42, Training loss: 0.0806, 
Epoch 43, Training loss: 0.0805, 
Epoch 44, Training loss: 0.0799, 
Epoch 45, Training loss: 0.0793, 
Epoch 46, Training loss: 0.0790, 
Epoch 47, Training loss: 0.0787, 
Epoch 48, Training loss: 0.0783, 
Epoch 49, Training loss: 0.0783, 
Epoch 50, Training loss: 0.0775, 
Network count: 2
Finished making config for num_voters=50-m=7-num_winners=4-pref_dist=URN-R-axioms=all-features=bcr-loss=L1Loss()-idx=1
Beginning to train num_voters=50-m=7-num_winners=4-pref_dist=URN-R-axioms=all-features=bcr-loss=L1Loss()-idx=1
LOAD MODEL PATH: /scratch/b8armstr/thesis_results/trained_networks/NN-num_voters=50-m=7-num_winners=4-pref_dist=URN-R-axioms=all-features=bcr-loss=L1Loss()-idx=1-.pt
Saved network not found. Beginning training. Caught exception: [Errno 2] No such file or directory: '/scratch/b8armstr/thesis_results/trained_networks/NN-num_voters=50-m=7-num_winners=4-pref_dist=URN-R-axioms=all-features=bcr-loss=L1Loss()-idx=1-.pt'
Epoch 1, Training loss: 0.3946, 
Epoch 2, Training loss: 0.2480, 
Epoch 3, Training loss: 0.1932, 
Epoch 4, Training loss: 0.1568, 
Epoch 5, Training loss: 0.1385, 
Epoch 6, Training loss: 0.1286, 
Epoch 7, Training loss: 0.1215, 
Epoch 8, Training loss: 0.1164, 
Epoch 9, Training loss: 0.1130, 
Epoch 10, Training loss: 0.1102, 
Epoch 11, Training loss: 0.1076, 
Epoch 12, Training loss: 0.1058, 
Epoch 13, Training loss: 0.1037, 
Epoch 14, Training loss: 0.1018, 
Epoch 15, Training loss: 0.0999, 
Epoch 16, Training loss: 0.0986, 
Epoch 17, Training loss: 0.0971, 
Epoch 18, Training loss: 0.0958, 
Epoch 19, Training loss: 0.0945, 
Epoch 20, Training loss: 0.0935, 
Epoch 21, Training loss: 0.0927, 
Epoch 22, Training loss: 0.0913, 
Epoch 23, Training loss: 0.0906, 
Epoch 24, Training loss: 0.0899, 
Epoch 25, Training loss: 0.0893, 
Epoch 26, Training loss: 0.0880, 
Epoch 27, Training loss: 0.0878, 
Epoch 28, Training loss: 0.0872, 
Epoch 29, Training loss: 0.0866, 
Epoch 30, Training loss: 0.0860, 
Epoch 31, Training loss: 0.0857, 
Epoch 32, Training loss: 0.0851, 
Epoch 33, Training loss: 0.0844, 
Epoch 34, Training loss: 0.0835, 
Epoch 35, Training loss: 0.0838, 
Epoch 36, Training loss: 0.0829, 
Epoch 37, Training loss: 0.0824, 
Epoch 38, Training loss: 0.0824, 
Epoch 39, Training loss: 0.0816, 
Epoch 40, Training loss: 0.0812, 
Epoch 41, Training loss: 0.0806, 
Epoch 42, Training loss: 0.0803, 
Epoch 43, Training loss: 0.0796, 
Epoch 44, Training loss: 0.0798, 
Epoch 45, Training loss: 0.0791, 
Epoch 46, Training loss: 0.0785, 
Epoch 47, Training loss: 0.0780, 
Epoch 48, Training loss: 0.0781, 
Epoch 49, Training loss: 0.0774, 
Epoch 50, Training loss: 0.0770, 
Network count: 3
Finished making config for num_voters=50-m=7-num_winners=4-pref_dist=URN-R-axioms=all-features=bcr-loss=L1Loss()-idx=2
Beginning to train num_voters=50-m=7-num_winners=4-pref_dist=URN-R-axioms=all-features=bcr-loss=L1Loss()-idx=2
LOAD MODEL PATH: /scratch/b8armstr/thesis_results/trained_networks/NN-num_voters=50-m=7-num_winners=4-pref_dist=URN-R-axioms=all-features=bcr-loss=L1Loss()-idx=2-.pt
Saved network not found. Beginning training. Caught exception: [Errno 2] No such file or directory: '/scratch/b8armstr/thesis_results/trained_networks/NN-num_voters=50-m=7-num_winners=4-pref_dist=URN-R-axioms=all-features=bcr-loss=L1Loss()-idx=2-.pt'
Epoch 1, Training loss: 0.4053, 
Epoch 2, Training loss: 0.2654, 
Epoch 3, Training loss: 0.2111, 
Epoch 4, Training loss: 0.1634, 
Epoch 5, Training loss: 0.1446, 
Epoch 6, Training loss: 0.1339, 
Epoch 7, Training loss: 0.1261, 
Epoch 8, Training loss: 0.1201, 
Epoch 9, Training loss: 0.1156, 
Epoch 10, Training loss: 0.1122, 
Epoch 11, Training loss: 0.1093, 
Epoch 12, Training loss: 0.1069, 
Epoch 13, Training loss: 0.1051, 
Epoch 14, Training loss: 0.1033, 
Epoch 15, Training loss: 0.1016, 
Epoch 16, Training loss: 0.1002, 
Epoch 17, Training loss: 0.0991, 
Epoch 18, Training loss: 0.0976, 
Epoch 19, Training loss: 0.0968, 
Epoch 20, Training loss: 0.0957, 
Epoch 21, Training loss: 0.0944, 
Epoch 22, Training loss: 0.0941, 
Epoch 23, Training loss: 0.0928, 
Epoch 24, Training loss: 0.0920, 
Epoch 25, Training loss: 0.0909, 
Epoch 26, Training loss: 0.0902, 
Epoch 27, Training loss: 0.0896, 
Epoch 28, Training loss: 0.0889, 
Epoch 29, Training loss: 0.0882, 
Epoch 30, Training loss: 0.0876, 
Epoch 31, Training loss: 0.0868, 
Epoch 32, Training loss: 0.0861, 
Epoch 33, Training loss: 0.0857, 
Epoch 34, Training loss: 0.0849, 
Epoch 35, Training loss: 0.0841, 
Epoch 36, Training loss: 0.0836, 
Epoch 37, Training loss: 0.0833, 
Epoch 38, Training loss: 0.0826, 
Epoch 39, Training loss: 0.0824, 
Epoch 40, Training loss: 0.0819, 
Epoch 41, Training loss: 0.0816, 
Epoch 42, Training loss: 0.0806, 
Epoch 43, Training loss: 0.0801, 
Epoch 44, Training loss: 0.0797, 
Epoch 45, Training loss: 0.0796, 
Epoch 46, Training loss: 0.0791, 
Epoch 47, Training loss: 0.0784, 
Epoch 48, Training loss: 0.0778, 
Epoch 49, Training loss: 0.0779, 
Epoch 50, Training loss: 0.0775, 
Network count: 4
Finished making config for num_voters=50-m=7-num_winners=4-pref_dist=URN-R-axioms=all-features=bcr-loss=L1Loss()-idx=3
Beginning to train num_voters=50-m=7-num_winners=4-pref_dist=URN-R-axioms=all-features=bcr-loss=L1Loss()-idx=3
LOAD MODEL PATH: /scratch/b8armstr/thesis_results/trained_networks/NN-num_voters=50-m=7-num_winners=4-pref_dist=URN-R-axioms=all-features=bcr-loss=L1Loss()-idx=3-.pt
Saved network not found. Beginning training. Caught exception: [Errno 2] No such file or directory: '/scratch/b8armstr/thesis_results/trained_networks/NN-num_voters=50-m=7-num_winners=4-pref_dist=URN-R-axioms=all-features=bcr-loss=L1Loss()-idx=3-.pt'
Epoch 1, Training loss: 0.3754, 
Epoch 2, Training loss: 0.2342, 
Epoch 3, Training loss: 0.1775, 
Epoch 4, Training loss: 0.1463, 
Epoch 5, Training loss: 0.1322, 
Epoch 6, Training loss: 0.1233, 
Epoch 7, Training loss: 0.1170, 
Epoch 8, Training loss: 0.1125, 
Epoch 9, Training loss: 0.1091, 
Epoch 10, Training loss: 0.1063, 
Epoch 11, Training loss: 0.1043, 
Epoch 12, Training loss: 0.1023, 
Epoch 13, Training loss: 0.1002, 
Epoch 14, Training loss: 0.0989, 
Epoch 15, Training loss: 0.0976, 
Epoch 16, Training loss: 0.0962, 
Epoch 17, Training loss: 0.0949, 
Epoch 18, Training loss: 0.0937, 
Epoch 19, Training loss: 0.0929, 
Epoch 20, Training loss: 0.0919, 
Epoch 21, Training loss: 0.0908, 
Epoch 22, Training loss: 0.0902, 
Epoch 23, Training loss: 0.0896, 
Epoch 24, Training loss: 0.0887, 
Epoch 25, Training loss: 0.0878, 
Epoch 26, Training loss: 0.0878, 
Epoch 27, Training loss: 0.0870, 
Epoch 28, Training loss: 0.0862, 
Epoch 29, Training loss: 0.0856, 
Epoch 30, Training loss: 0.0847, 
Epoch 31, Training loss: 0.0844, 
Epoch 32, Training loss: 0.0838, 
Epoch 33, Training loss: 0.0833, 
Epoch 34, Training loss: 0.0826, 
Epoch 35, Training loss: 0.0823, 
Epoch 36, Training loss: 0.0819, 
Epoch 37, Training loss: 0.0814, 
Epoch 38, Training loss: 0.0808, 
Epoch 39, Training loss: 0.0803, 
Epoch 40, Training loss: 0.0800, 
Epoch 41, Training loss: 0.0797, 
Epoch 42, Training loss: 0.0790, 
Epoch 43, Training loss: 0.0784, 
Epoch 44, Training loss: 0.0782, 
Epoch 45, Training loss: 0.0781, 
Epoch 46, Training loss: 0.0773, 
Epoch 47, Training loss: 0.0766, 
Epoch 48, Training loss: 0.0765, 
Epoch 49, Training loss: 0.0759, 
Epoch 50, Training loss: 0.0754, 
Network count: 5
Finished making config for num_voters=50-m=7-num_winners=4-pref_dist=URN-R-axioms=all-features=bcr-loss=L1Loss()-idx=4
Beginning to train num_voters=50-m=7-num_winners=4-pref_dist=URN-R-axioms=all-features=bcr-loss=L1Loss()-idx=4
LOAD MODEL PATH: /scratch/b8armstr/thesis_results/trained_networks/NN-num_voters=50-m=7-num_winners=4-pref_dist=URN-R-axioms=all-features=bcr-loss=L1Loss()-idx=4-.pt
Saved network not found. Beginning training. Caught exception: [Errno 2] No such file or directory: '/scratch/b8armstr/thesis_results/trained_networks/NN-num_voters=50-m=7-num_winners=4-pref_dist=URN-R-axioms=all-features=bcr-loss=L1Loss()-idx=4-.pt'
Epoch 1, Training loss: 0.3830, 
Epoch 2, Training loss: 0.2528, 
Epoch 3, Training loss: 0.1921, 
Epoch 4, Training loss: 0.1532, 
Epoch 5, Training loss: 0.1366, 
Epoch 6, Training loss: 0.1268, 
Epoch 7, Training loss: 0.1197, 
Epoch 8, Training loss: 0.1154, 
Epoch 9, Training loss: 0.1117, 
Epoch 10, Training loss: 0.1087, 
Epoch 11, Training loss: 0.1061, 
Epoch 12, Training loss: 0.1039, 
Epoch 13, Training loss: 0.1022, 
Epoch 14, Training loss: 0.1005, 
Epoch 15, Training loss: 0.0989, 
Epoch 16, Training loss: 0.0974, 
Epoch 17, Training loss: 0.0962, 
Epoch 18, Training loss: 0.0949, 
Epoch 19, Training loss: 0.0940, 
Epoch 20, Training loss: 0.0928, 
Epoch 21, Training loss: 0.0920, 
Epoch 22, Training loss: 0.0912, 
Epoch 23, Training loss: 0.0899, 
Epoch 24, Training loss: 0.0895, 
Epoch 25, Training loss: 0.0888, 
Epoch 26, Training loss: 0.0877, 
Epoch 27, Training loss: 0.0870, 
Epoch 28, Training loss: 0.0866, 
Epoch 29, Training loss: 0.0860, 
Epoch 30, Training loss: 0.0854, 
Epoch 31, Training loss: 0.0848, 
Epoch 32, Training loss: 0.0843, 
Epoch 33, Training loss: 0.0836, 
Epoch 34, Training loss: 0.0829, 
Epoch 35, Training loss: 0.0830, 
Epoch 36, Training loss: 0.0824, 
Epoch 37, Training loss: 0.0819, 
Epoch 38, Training loss: 0.0816, 
Epoch 39, Training loss: 0.0810, 
Epoch 40, Training loss: 0.0803, 
Epoch 41, Training loss: 0.0800, 
Epoch 42, Training loss: 0.0795, 
Epoch 43, Training loss: 0.0793, 
Epoch 44, Training loss: 0.0786, 
Epoch 45, Training loss: 0.0782, 
Epoch 46, Training loss: 0.0781, 
Epoch 47, Training loss: 0.0772, 
Epoch 48, Training loss: 0.0771, 
Epoch 49, Training loss: 0.0764, 
Epoch 50, Training loss: 0.0764, 
Network count: 6
Finished making config for num_voters=50-m=7-num_winners=4-pref_dist=URN-R-axioms=all-features=bcr-loss=L1Loss()-idx=5
Beginning to train num_voters=50-m=7-num_winners=4-pref_dist=URN-R-axioms=all-features=bcr-loss=L1Loss()-idx=5
LOAD MODEL PATH: /scratch/b8armstr/thesis_results/trained_networks/NN-num_voters=50-m=7-num_winners=4-pref_dist=URN-R-axioms=all-features=bcr-loss=L1Loss()-idx=5-.pt
Saved network not found. Beginning training. Caught exception: [Errno 2] No such file or directory: '/scratch/b8armstr/thesis_results/trained_networks/NN-num_voters=50-m=7-num_winners=4-pref_dist=URN-R-axioms=all-features=bcr-loss=L1Loss()-idx=5-.pt'
Epoch 1, Training loss: 0.3903, 
Epoch 2, Training loss: 0.2551, 
Epoch 3, Training loss: 0.2022, 
Epoch 4, Training loss: 0.1591, 
Epoch 5, Training loss: 0.1392, 
Epoch 6, Training loss: 0.1290, 
Epoch 7, Training loss: 0.1218, 
Epoch 8, Training loss: 0.1170, 
Epoch 9, Training loss: 0.1136, 
Epoch 10, Training loss: 0.1114, 
Epoch 11, Training loss: 0.1086, 
Epoch 12, Training loss: 0.1069, 
Epoch 13, Training loss: 0.1049, 
Epoch 14, Training loss: 0.1031, 
Epoch 15, Training loss: 0.1014, 
Epoch 16, Training loss: 0.1001, 
Epoch 17, Training loss: 0.0988, 
Epoch 18, Training loss: 0.0976, 
Epoch 19, Training loss: 0.0960, 
Epoch 20, Training loss: 0.0952, 
Epoch 21, Training loss: 0.0940, 
Epoch 22, Training loss: 0.0931, 
Epoch 23, Training loss: 0.0921, 
Epoch 24, Training loss: 0.0915, 
Epoch 25, Training loss: 0.0907, 
Epoch 26, Training loss: 0.0897, 
Epoch 27, Training loss: 0.0892, 
Epoch 28, Training loss: 0.0884, 
Epoch 29, Training loss: 0.0878, 
Epoch 30, Training loss: 0.0871, 
Epoch 31, Training loss: 0.0864, 
Epoch 32, Training loss: 0.0860, 
Epoch 33, Training loss: 0.0854, 
Epoch 34, Training loss: 0.0854, 
Epoch 35, Training loss: 0.0848, 
Epoch 36, Training loss: 0.0842, 
Epoch 37, Training loss: 0.0833, 
Epoch 38, Training loss: 0.0831, 
Epoch 39, Training loss: 0.0824, 
Epoch 40, Training loss: 0.0818, 
Epoch 41, Training loss: 0.0818, 
Epoch 42, Training loss: 0.0812, 
Epoch 43, Training loss: 0.0811, 
Epoch 44, Training loss: 0.0804, 
Epoch 45, Training loss: 0.0802, 
Epoch 46, Training loss: 0.0799, 
Epoch 47, Training loss: 0.0791, 
Epoch 48, Training loss: 0.0791, 
Epoch 49, Training loss: 0.0788, 
Epoch 50, Training loss: 0.0784, 
Network count: 7
Finished making config for num_voters=50-m=7-num_winners=4-pref_dist=URN-R-axioms=all-features=bcr-loss=L1Loss()-idx=6
Beginning to train num_voters=50-m=7-num_winners=4-pref_dist=URN-R-axioms=all-features=bcr-loss=L1Loss()-idx=6
LOAD MODEL PATH: /scratch/b8armstr/thesis_results/trained_networks/NN-num_voters=50-m=7-num_winners=4-pref_dist=URN-R-axioms=all-features=bcr-loss=L1Loss()-idx=6-.pt
Saved network not found. Beginning training. Caught exception: [Errno 2] No such file or directory: '/scratch/b8armstr/thesis_results/trained_networks/NN-num_voters=50-m=7-num_winners=4-pref_dist=URN-R-axioms=all-features=bcr-loss=L1Loss()-idx=6-.pt'
Epoch 1, Training loss: 0.3741, 
Epoch 2, Training loss: 0.2391, 
Epoch 3, Training loss: 0.1809, 
Epoch 4, Training loss: 0.1493, 
Epoch 5, Training loss: 0.1335, 
Epoch 6, Training loss: 0.1237, 
Epoch 7, Training loss: 0.1174, 
Epoch 8, Training loss: 0.1129, 
Epoch 9, Training loss: 0.1095, 
Epoch 10, Training loss: 0.1063, 
Epoch 11, Training loss: 0.1042, 
Epoch 12, Training loss: 0.1018, 
Epoch 13, Training loss: 0.1002, 
Epoch 14, Training loss: 0.0983, 
Epoch 15, Training loss: 0.0968, 
Epoch 16, Training loss: 0.0956, 
Epoch 17, Training loss: 0.0944, 
Epoch 18, Training loss: 0.0934, 
Epoch 19, Training loss: 0.0922, 
Epoch 20, Training loss: 0.0913, 
Epoch 21, Training loss: 0.0906, 
Epoch 22, Training loss: 0.0897, 
Epoch 23, Training loss: 0.0889, 
Epoch 24, Training loss: 0.0883, 
Epoch 25, Training loss: 0.0876, 
Epoch 26, Training loss: 0.0872, 
Epoch 27, Training loss: 0.0862, 
Epoch 28, Training loss: 0.0860, 
Epoch 29, Training loss: 0.0850, 
Epoch 30, Training loss: 0.0847, 
Epoch 31, Training loss: 0.0840, 
Epoch 32, Training loss: 0.0839, 
Epoch 33, Training loss: 0.0832, 
Epoch 34, Training loss: 0.0823, 
Epoch 35, Training loss: 0.0821, 
Epoch 36, Training loss: 0.0815, 
Epoch 37, Training loss: 0.0810, 
Epoch 38, Training loss: 0.0805, 
Epoch 39, Training loss: 0.0800, 
Epoch 40, Training loss: 0.0793, 
Epoch 41, Training loss: 0.0791, 
Epoch 42, Training loss: 0.0784, 
Epoch 43, Training loss: 0.0784, 
Epoch 44, Training loss: 0.0782, 
Epoch 45, Training loss: 0.0774, 
Epoch 46, Training loss: 0.0769, 
Epoch 47, Training loss: 0.0770, 
Epoch 48, Training loss: 0.0760, 
Epoch 49, Training loss: 0.0756, 
Epoch 50, Training loss: 0.0756, 
Network count: 8
Finished making config for num_voters=50-m=7-num_winners=4-pref_dist=URN-R-axioms=all-features=bcr-loss=L1Loss()-idx=7
Beginning to train num_voters=50-m=7-num_winners=4-pref_dist=URN-R-axioms=all-features=bcr-loss=L1Loss()-idx=7
LOAD MODEL PATH: /scratch/b8armstr/thesis_results/trained_networks/NN-num_voters=50-m=7-num_winners=4-pref_dist=URN-R-axioms=all-features=bcr-loss=L1Loss()-idx=7-.pt
Saved network not found. Beginning training. Caught exception: [Errno 2] No such file or directory: '/scratch/b8armstr/thesis_results/trained_networks/NN-num_voters=50-m=7-num_winners=4-pref_dist=URN-R-axioms=all-features=bcr-loss=L1Loss()-idx=7-.pt'
Epoch 1, Training loss: 0.4148, 
Epoch 2, Training loss: 0.2616, 
Epoch 3, Training loss: 0.1990, 
Epoch 4, Training loss: 0.1646, 
Epoch 5, Training loss: 0.1453, 
Epoch 6, Training loss: 0.1327, 
Epoch 7, Training loss: 0.1240, 
Epoch 8, Training loss: 0.1183, 
Epoch 9, Training loss: 0.1143, 
Epoch 10, Training loss: 0.1105, 
Epoch 11, Training loss: 0.1077, 
Epoch 12, Training loss: 0.1053, 
Epoch 13, Training loss: 0.1031, 
Epoch 14, Training loss: 0.1013, 
Epoch 15, Training loss: 0.0996, 
Epoch 16, Training loss: 0.0981, 
Epoch 17, Training loss: 0.0965, 
Epoch 18, Training loss: 0.0956, 
Epoch 19, Training loss: 0.0944, 
Epoch 20, Training loss: 0.0932, 
Epoch 21, Training loss: 0.0924, 
Epoch 22, Training loss: 0.0914, 
Epoch 23, Training loss: 0.0907, 
Epoch 24, Training loss: 0.0898, 
Epoch 25, Training loss: 0.0890, 
Epoch 26, Training loss: 0.0886, 
Epoch 27, Training loss: 0.0878, 
Epoch 28, Training loss: 0.0870, 
Epoch 29, Training loss: 0.0866, 
Epoch 30, Training loss: 0.0862, 
Epoch 31, Training loss: 0.0853, 
Epoch 32, Training loss: 0.0849, 
Epoch 33, Training loss: 0.0841, 
Epoch 34, Training loss: 0.0841, 
Epoch 35, Training loss: 0.0836, 
Epoch 36, Training loss: 0.0828, 
Epoch 37, Training loss: 0.0822, 
Epoch 38, Training loss: 0.0819, 
Epoch 39, Training loss: 0.0818, 
Epoch 40, Training loss: 0.0812, 
Epoch 41, Training loss: 0.0809, 
Epoch 42, Training loss: 0.0800, 
Epoch 43, Training loss: 0.0795, 
Epoch 44, Training loss: 0.0795, 
Epoch 45, Training loss: 0.0789, 
Epoch 46, Training loss: 0.0786, 
Epoch 47, Training loss: 0.0778, 
Epoch 48, Training loss: 0.0775, 
Epoch 49, Training loss: 0.0771, 
Epoch 50, Training loss: 0.0768, 
Network count: 9
Finished making config for num_voters=50-m=7-num_winners=4-pref_dist=URN-R-axioms=all-features=bcr-loss=L1Loss()-idx=8
Beginning to train num_voters=50-m=7-num_winners=4-pref_dist=URN-R-axioms=all-features=bcr-loss=L1Loss()-idx=8
LOAD MODEL PATH: /scratch/b8armstr/thesis_results/trained_networks/NN-num_voters=50-m=7-num_winners=4-pref_dist=URN-R-axioms=all-features=bcr-loss=L1Loss()-idx=8-.pt
Saved network not found. Beginning training. Caught exception: [Errno 2] No such file or directory: '/scratch/b8armstr/thesis_results/trained_networks/NN-num_voters=50-m=7-num_winners=4-pref_dist=URN-R-axioms=all-features=bcr-loss=L1Loss()-idx=8-.pt'
Epoch 1, Training loss: 0.3818, 
Epoch 2, Training loss: 0.2468, 
Epoch 3, Training loss: 0.1873, 
Epoch 4, Training loss: 0.1550, 
Epoch 5, Training loss: 0.1382, 
Epoch 6, Training loss: 0.1276, 
Epoch 7, Training loss: 0.1212, 
Epoch 8, Training loss: 0.1166, 
Epoch 9, Training loss: 0.1135, 
Epoch 10, Training loss: 0.1103, 
Epoch 11, Training loss: 0.1077, 
Epoch 12, Training loss: 0.1054, 
Epoch 13, Training loss: 0.1033, 
Epoch 14, Training loss: 0.1016, 
Epoch 15, Training loss: 0.1000, 
Epoch 16, Training loss: 0.0981, 
Epoch 17, Training loss: 0.0968, 
Epoch 18, Training loss: 0.0955, 
Epoch 19, Training loss: 0.0942, 
Epoch 20, Training loss: 0.0928, 
Epoch 21, Training loss: 0.0920, 
Epoch 22, Training loss: 0.0911, 
Epoch 23, Training loss: 0.0903, 
Epoch 24, Training loss: 0.0893, 
Epoch 25, Training loss: 0.0888, 
Epoch 26, Training loss: 0.0878, 
Epoch 27, Training loss: 0.0872, 
Epoch 28, Training loss: 0.0868, 
Epoch 29, Training loss: 0.0861, 
Epoch 30, Training loss: 0.0853, 
Epoch 31, Training loss: 0.0845, 
Epoch 32, Training loss: 0.0841, 
Epoch 33, Training loss: 0.0838, 
Epoch 34, Training loss: 0.0828, 
Epoch 35, Training loss: 0.0825, 
Epoch 36, Training loss: 0.0818, 
Epoch 37, Training loss: 0.0819, 
Epoch 38, Training loss: 0.0810, 
Epoch 39, Training loss: 0.0804, 
Epoch 40, Training loss: 0.0799, 
Epoch 41, Training loss: 0.0796, 
Epoch 42, Training loss: 0.0792, 
Epoch 43, Training loss: 0.0786, 
Epoch 44, Training loss: 0.0786, 
Epoch 45, Training loss: 0.0783, 
Epoch 46, Training loss: 0.0776, 
Epoch 47, Training loss: 0.0771, 
Epoch 48, Training loss: 0.0766, 
Epoch 49, Training loss: 0.0763, 
Epoch 50, Training loss: 0.0759, 
Network count: 10
Finished making config for num_voters=50-m=7-num_winners=4-pref_dist=URN-R-axioms=all-features=bcr-loss=L1Loss()-idx=9
Beginning to train num_voters=50-m=7-num_winners=4-pref_dist=URN-R-axioms=all-features=bcr-loss=L1Loss()-idx=9
LOAD MODEL PATH: /scratch/b8armstr/thesis_results/trained_networks/NN-num_voters=50-m=7-num_winners=4-pref_dist=URN-R-axioms=all-features=bcr-loss=L1Loss()-idx=9-.pt
Saved network not found. Beginning training. Caught exception: [Errno 2] No such file or directory: '/scratch/b8armstr/thesis_results/trained_networks/NN-num_voters=50-m=7-num_winners=4-pref_dist=URN-R-axioms=all-features=bcr-loss=L1Loss()-idx=9-.pt'
Epoch 1, Training loss: 0.3942, 
Epoch 2, Training loss: 0.2719, 
Epoch 3, Training loss: 0.2081, 
Epoch 4, Training loss: 0.1631, 
Epoch 5, Training loss: 0.1451, 
Epoch 6, Training loss: 0.1334, 
Epoch 7, Training loss: 0.1250, 
Epoch 8, Training loss: 0.1187, 
Epoch 9, Training loss: 0.1142, 
Epoch 10, Training loss: 0.1108, 
Epoch 11, Training loss: 0.1080, 
Epoch 12, Training loss: 0.1059, 
Epoch 13, Training loss: 0.1037, 
Epoch 14, Training loss: 0.1014, 
Epoch 15, Training loss: 0.0998, 
Epoch 16, Training loss: 0.0980, 
Epoch 17, Training loss: 0.0968, 
Epoch 18, Training loss: 0.0954, 
Epoch 19, Training loss: 0.0941, 
Epoch 20, Training loss: 0.0930, 
Epoch 21, Training loss: 0.0920, 
Epoch 22, Training loss: 0.0911, 
Epoch 23, Training loss: 0.0902, 
Epoch 24, Training loss: 0.0897, 
Epoch 25, Training loss: 0.0889, 
Epoch 26, Training loss: 0.0880, 
Epoch 27, Training loss: 0.0874, 
Epoch 28, Training loss: 0.0868, 
Epoch 29, Training loss: 0.0862, 
Epoch 30, Training loss: 0.0857, 
Epoch 31, Training loss: 0.0850, 
Epoch 32, Training loss: 0.0845, 
Epoch 33, Training loss: 0.0837, 
Epoch 34, Training loss: 0.0835, 
Epoch 35, Training loss: 0.0830, 
Epoch 36, Training loss: 0.0820, 
Epoch 37, Training loss: 0.0817, 
Epoch 38, Training loss: 0.0813, 
Epoch 39, Training loss: 0.0806, 
Epoch 40, Training loss: 0.0807, 
Epoch 41, Training loss: 0.0799, 
Epoch 42, Training loss: 0.0794, 
Epoch 43, Training loss: 0.0792, 
Epoch 44, Training loss: 0.0787, 
Epoch 45, Training loss: 0.0781, 
Epoch 46, Training loss: 0.0779, 
Epoch 47, Training loss: 0.0775, 
Epoch 48, Training loss: 0.0770, 
Epoch 49, Training loss: 0.0770, 
Epoch 50, Training loss: 0.0762, 
Network count: 11
Finished making config for num_voters=50-m=7-num_winners=4-pref_dist=URN-R-axioms=all-features=bcr-loss=L1Loss()-idx=10
Beginning to train num_voters=50-m=7-num_winners=4-pref_dist=URN-R-axioms=all-features=bcr-loss=L1Loss()-idx=10
LOAD MODEL PATH: /scratch/b8armstr/thesis_results/trained_networks/NN-num_voters=50-m=7-num_winners=4-pref_dist=URN-R-axioms=all-features=bcr-loss=L1Loss()-idx=10-.pt
Saved network not found. Beginning training. Caught exception: [Errno 2] No such file or directory: '/scratch/b8armstr/thesis_results/trained_networks/NN-num_voters=50-m=7-num_winners=4-pref_dist=URN-R-axioms=all-features=bcr-loss=L1Loss()-idx=10-.pt'
Epoch 1, Training loss: 0.3922, 
Epoch 2, Training loss: 0.2456, 
Epoch 3, Training loss: 0.1814, 
Epoch 4, Training loss: 0.1496, 
Epoch 5, Training loss: 0.1333, 
Epoch 6, Training loss: 0.1242, 
Epoch 7, Training loss: 0.1182, 
Epoch 8, Training loss: 0.1142, 
Epoch 9, Training loss: 0.1110, 
Epoch 10, Training loss: 0.1084, 
Epoch 11, Training loss: 0.1054, 
Epoch 12, Training loss: 0.1033, 
Epoch 13, Training loss: 0.1015, 
Epoch 14, Training loss: 0.0998, 
Epoch 15, Training loss: 0.0982, 
Epoch 16, Training loss: 0.0968, 
Epoch 17, Training loss: 0.0956, 
Epoch 18, Training loss: 0.0942, 
Epoch 19, Training loss: 0.0934, 
Epoch 20, Training loss: 0.0924, 
Epoch 21, Training loss: 0.0913, 
Epoch 22, Training loss: 0.0905, 
Epoch 23, Training loss: 0.0901, 
Epoch 24, Training loss: 0.0891, 
Epoch 25, Training loss: 0.0883, 
Epoch 26, Training loss: 0.0880, 
Epoch 27, Training loss: 0.0874, 
Epoch 28, Training loss: 0.0867, 
Epoch 29, Training loss: 0.0860, 
Epoch 30, Training loss: 0.0852, 
Epoch 31, Training loss: 0.0847, 
Epoch 32, Training loss: 0.0843, 
Epoch 33, Training loss: 0.0838, 
Epoch 34, Training loss: 0.0829, 
Epoch 35, Training loss: 0.0827, 
Epoch 36, Training loss: 0.0823, 
Epoch 37, Training loss: 0.0817, 
Epoch 38, Training loss: 0.0815, 
Epoch 39, Training loss: 0.0804, 
Epoch 40, Training loss: 0.0803, 
Epoch 41, Training loss: 0.0802, 
Epoch 42, Training loss: 0.0797, 
Epoch 43, Training loss: 0.0790, 
Epoch 44, Training loss: 0.0785, 
Epoch 45, Training loss: 0.0781, 
Epoch 46, Training loss: 0.0777, 
Epoch 47, Training loss: 0.0772, 
Epoch 48, Training loss: 0.0769, 
Epoch 49, Training loss: 0.0767, 
Epoch 50, Training loss: 0.0762, 
Network count: 12
Finished making config for num_voters=50-m=7-num_winners=4-pref_dist=URN-R-axioms=all-features=bcr-loss=L1Loss()-idx=11
Beginning to train num_voters=50-m=7-num_winners=4-pref_dist=URN-R-axioms=all-features=bcr-loss=L1Loss()-idx=11
LOAD MODEL PATH: /scratch/b8armstr/thesis_results/trained_networks/NN-num_voters=50-m=7-num_winners=4-pref_dist=URN-R-axioms=all-features=bcr-loss=L1Loss()-idx=11-.pt
Saved network not found. Beginning training. Caught exception: [Errno 2] No such file or directory: '/scratch/b8armstr/thesis_results/trained_networks/NN-num_voters=50-m=7-num_winners=4-pref_dist=URN-R-axioms=all-features=bcr-loss=L1Loss()-idx=11-.pt'
Epoch 1, Training loss: 0.3818, 
Epoch 2, Training loss: 0.2443, 
Epoch 3, Training loss: 0.1851, 
Epoch 4, Training loss: 0.1561, 
Epoch 5, Training loss: 0.1397, 
Epoch 6, Training loss: 0.1293, 
Epoch 7, Training loss: 0.1221, 
Epoch 8, Training loss: 0.1167, 
Epoch 9, Training loss: 0.1126, 
Epoch 10, Training loss: 0.1095, 
Epoch 11, Training loss: 0.1070, 
Epoch 12, Training loss: 0.1050, 
Epoch 13, Training loss: 0.1031, 
Epoch 14, Training loss: 0.1013, 
Epoch 15, Training loss: 0.0998, 
Epoch 16, Training loss: 0.0982, 
Epoch 17, Training loss: 0.0968, 
Epoch 18, Training loss: 0.0956, 
Epoch 19, Training loss: 0.0943, 
Epoch 20, Training loss: 0.0934, 
Epoch 21, Training loss: 0.0924, 
Epoch 22, Training loss: 0.0916, 
Epoch 23, Training loss: 0.0905, 
Epoch 24, Training loss: 0.0900, 
Epoch 25, Training loss: 0.0887, 
Epoch 26, Training loss: 0.0882, 
Epoch 27, Training loss: 0.0874, 
Epoch 28, Training loss: 0.0869, 
Epoch 29, Training loss: 0.0866, 
Epoch 30, Training loss: 0.0859, 
Epoch 31, Training loss: 0.0853, 
Epoch 32, Training loss: 0.0850, 
Epoch 33, Training loss: 0.0842, 
Epoch 34, Training loss: 0.0835, 
Epoch 35, Training loss: 0.0833, 
Epoch 36, Training loss: 0.0828, 
Epoch 37, Training loss: 0.0821, 
Epoch 38, Training loss: 0.0819, 
Epoch 39, Training loss: 0.0812, 
Epoch 40, Training loss: 0.0809, 
Epoch 41, Training loss: 0.0808, 
Epoch 42, Training loss: 0.0801, 
Epoch 43, Training loss: 0.0799, 
Epoch 44, Training loss: 0.0792, 
Epoch 45, Training loss: 0.0792, 
Epoch 46, Training loss: 0.0785, 
Epoch 47, Training loss: 0.0783, 
Epoch 48, Training loss: 0.0777, 
Epoch 49, Training loss: 0.0771, 
Epoch 50, Training loss: 0.0772, 
Network count: 13
Finished making config for num_voters=50-m=7-num_winners=4-pref_dist=URN-R-axioms=all-features=bcr-loss=L1Loss()-idx=12
Beginning to train num_voters=50-m=7-num_winners=4-pref_dist=URN-R-axioms=all-features=bcr-loss=L1Loss()-idx=12
LOAD MODEL PATH: /scratch/b8armstr/thesis_results/trained_networks/NN-num_voters=50-m=7-num_winners=4-pref_dist=URN-R-axioms=all-features=bcr-loss=L1Loss()-idx=12-.pt
Saved network not found. Beginning training. Caught exception: [Errno 2] No such file or directory: '/scratch/b8armstr/thesis_results/trained_networks/NN-num_voters=50-m=7-num_winners=4-pref_dist=URN-R-axioms=all-features=bcr-loss=L1Loss()-idx=12-.pt'
Epoch 1, Training loss: 0.4016, 
Epoch 2, Training loss: 0.2587, 
Epoch 3, Training loss: 0.2086, 
Epoch 4, Training loss: 0.1641, 
Epoch 5, Training loss: 0.1446, 
Epoch 6, Training loss: 0.1346, 
Epoch 7, Training loss: 0.1272, 
Epoch 8, Training loss: 0.1219, 
Epoch 9, Training loss: 0.1177, 
Epoch 10, Training loss: 0.1145, 
Epoch 11, Training loss: 0.1117, 
Epoch 12, Training loss: 0.1091, 
Epoch 13, Training loss: 0.1068, 
Epoch 14, Training loss: 0.1048, 
Epoch 15, Training loss: 0.1027, 
Epoch 16, Training loss: 0.1008, 
Epoch 17, Training loss: 0.0990, 
Epoch 18, Training loss: 0.0976, 
Epoch 19, Training loss: 0.0961, 
Epoch 20, Training loss: 0.0948, 
Epoch 21, Training loss: 0.0937, 
Epoch 22, Training loss: 0.0926, 
Epoch 23, Training loss: 0.0922, 
Epoch 24, Training loss: 0.0912, 
Epoch 25, Training loss: 0.0905, 
Epoch 26, Training loss: 0.0897, 
Epoch 27, Training loss: 0.0891, 
Epoch 28, Training loss: 0.0884, 
Epoch 29, Training loss: 0.0877, 
Epoch 30, Training loss: 0.0872, 
Epoch 31, Training loss: 0.0866, 
Epoch 32, Training loss: 0.0858, 
Epoch 33, Training loss: 0.0855, 
Epoch 34, Training loss: 0.0853, 
Epoch 35, Training loss: 0.0848, 
Epoch 36, Training loss: 0.0842, 
Epoch 37, Training loss: 0.0840, 
Epoch 38, Training loss: 0.0830, 
Epoch 39, Training loss: 0.0829, 
Epoch 40, Training loss: 0.0824, 
Epoch 41, Training loss: 0.0821, 
Epoch 42, Training loss: 0.0816, 
Epoch 43, Training loss: 0.0810, 
Epoch 44, Training loss: 0.0805, 
Epoch 45, Training loss: 0.0804, 
Epoch 46, Training loss: 0.0797, 
Epoch 47, Training loss: 0.0796, 
Epoch 48, Training loss: 0.0793, 
Epoch 49, Training loss: 0.0789, 
Epoch 50, Training loss: 0.0786, 
Network count: 14
Finished making config for num_voters=50-m=7-num_winners=4-pref_dist=URN-R-axioms=all-features=bcr-loss=L1Loss()-idx=13
Beginning to train num_voters=50-m=7-num_winners=4-pref_dist=URN-R-axioms=all-features=bcr-loss=L1Loss()-idx=13
LOAD MODEL PATH: /scratch/b8armstr/thesis_results/trained_networks/NN-num_voters=50-m=7-num_winners=4-pref_dist=URN-R-axioms=all-features=bcr-loss=L1Loss()-idx=13-.pt
Saved network not found. Beginning training. Caught exception: [Errno 2] No such file or directory: '/scratch/b8armstr/thesis_results/trained_networks/NN-num_voters=50-m=7-num_winners=4-pref_dist=URN-R-axioms=all-features=bcr-loss=L1Loss()-idx=13-.pt'
Epoch 1, Training loss: 0.4041, 
Epoch 2, Training loss: 0.2496, 
Epoch 3, Training loss: 0.1948, 
Epoch 4, Training loss: 0.1572, 
Epoch 5, Training loss: 0.1396, 
Epoch 6, Training loss: 0.1298, 
Epoch 7, Training loss: 0.1229, 
Epoch 8, Training loss: 0.1169, 
Epoch 9, Training loss: 0.1131, 
Epoch 10, Training loss: 0.1102, 
Epoch 11, Training loss: 0.1078, 
Epoch 12, Training loss: 0.1058, 
Epoch 13, Training loss: 0.1037, 
Epoch 14, Training loss: 0.1017, 
Epoch 15, Training loss: 0.1004, 
Epoch 16, Training loss: 0.0989, 
Epoch 17, Training loss: 0.0974, 
Epoch 18, Training loss: 0.0961, 
Epoch 19, Training loss: 0.0951, 
Epoch 20, Training loss: 0.0940, 
Epoch 21, Training loss: 0.0931, 
Epoch 22, Training loss: 0.0918, 
Epoch 23, Training loss: 0.0910, 
Epoch 24, Training loss: 0.0905, 
Epoch 25, Training loss: 0.0898, 
Epoch 26, Training loss: 0.0892, 
Epoch 27, Training loss: 0.0884, 
Epoch 28, Training loss: 0.0877, 
Epoch 29, Training loss: 0.0870, 
Epoch 30, Training loss: 0.0863, 
Epoch 31, Training loss: 0.0859, 
Epoch 32, Training loss: 0.0851, 
Epoch 33, Training loss: 0.0851, 
Epoch 34, Training loss: 0.0846, 
Epoch 35, Training loss: 0.0837, 
Epoch 36, Training loss: 0.0832, 
Epoch 37, Training loss: 0.0827, 
Epoch 38, Training loss: 0.0824, 
Epoch 39, Training loss: 0.0817, 
Epoch 40, Training loss: 0.0812, 
Epoch 41, Training loss: 0.0809, 
Epoch 42, Training loss: 0.0806, 
Epoch 43, Training loss: 0.0796, 
Epoch 44, Training loss: 0.0793, 
Epoch 45, Training loss: 0.0790, 
Epoch 46, Training loss: 0.0784, 
Epoch 47, Training loss: 0.0784, 
Epoch 48, Training loss: 0.0779, 
Epoch 49, Training loss: 0.0776, 
Epoch 50, Training loss: 0.0768, 
Network count: 15
Finished making config for num_voters=50-m=7-num_winners=4-pref_dist=URN-R-axioms=all-features=bcr-loss=L1Loss()-idx=14
Beginning to train num_voters=50-m=7-num_winners=4-pref_dist=URN-R-axioms=all-features=bcr-loss=L1Loss()-idx=14
LOAD MODEL PATH: /scratch/b8armstr/thesis_results/trained_networks/NN-num_voters=50-m=7-num_winners=4-pref_dist=URN-R-axioms=all-features=bcr-loss=L1Loss()-idx=14-.pt
Saved network not found. Beginning training. Caught exception: [Errno 2] No such file or directory: '/scratch/b8armstr/thesis_results/trained_networks/NN-num_voters=50-m=7-num_winners=4-pref_dist=URN-R-axioms=all-features=bcr-loss=L1Loss()-idx=14-.pt'
Epoch 1, Training loss: 0.4047, 
Epoch 2, Training loss: 0.2574, 
Epoch 3, Training loss: 0.1865, 
Epoch 4, Training loss: 0.1528, 
Epoch 5, Training loss: 0.1376, 
Epoch 6, Training loss: 0.1275, 
Epoch 7, Training loss: 0.1211, 
Epoch 8, Training loss: 0.1166, 
Epoch 9, Training loss: 0.1132, 
Epoch 10, Training loss: 0.1106, 
Epoch 11, Training loss: 0.1082, 
Epoch 12, Training loss: 0.1057, 
Epoch 13, Training loss: 0.1034, 
Epoch 14, Training loss: 0.1017, 
Epoch 15, Training loss: 0.1002, 
Epoch 16, Training loss: 0.0986, 
Epoch 17, Training loss: 0.0967, 
Epoch 18, Training loss: 0.0957, 
Epoch 19, Training loss: 0.0945, 
Epoch 20, Training loss: 0.0935, 
Epoch 21, Training loss: 0.0927, 
Epoch 22, Training loss: 0.0917, 
Epoch 23, Training loss: 0.0909, 
Epoch 24, Training loss: 0.0900, 
Epoch 25, Training loss: 0.0891, 
Epoch 26, Training loss: 0.0886, 
Epoch 27, Training loss: 0.0878, 
Epoch 28, Training loss: 0.0870, 
Epoch 29, Training loss: 0.0865, 
Epoch 30, Training loss: 0.0861, 
Epoch 31, Training loss: 0.0856, 
Epoch 32, Training loss: 0.0848, 
Epoch 33, Training loss: 0.0843, 
Epoch 34, Training loss: 0.0842, 
Epoch 35, Training loss: 0.0832, 
Epoch 36, Training loss: 0.0829, 
Epoch 37, Training loss: 0.0823, 
Epoch 38, Training loss: 0.0820, 
Epoch 39, Training loss: 0.0813, 
Epoch 40, Training loss: 0.0809, 
Epoch 41, Training loss: 0.0806, 
Epoch 42, Training loss: 0.0800, 
Epoch 43, Training loss: 0.0798, 
Epoch 44, Training loss: 0.0793, 
Epoch 45, Training loss: 0.0789, 
Epoch 46, Training loss: 0.0786, 
Epoch 47, Training loss: 0.0778, 
Epoch 48, Training loss: 0.0776, 
Epoch 49, Training loss: 0.0773, 
Epoch 50, Training loss: 0.0770, 
Network count: 16
Finished making config for num_voters=50-m=7-num_winners=4-pref_dist=URN-R-axioms=all-features=bcr-loss=L1Loss()-idx=15
Beginning to train num_voters=50-m=7-num_winners=4-pref_dist=URN-R-axioms=all-features=bcr-loss=L1Loss()-idx=15
LOAD MODEL PATH: /scratch/b8armstr/thesis_results/trained_networks/NN-num_voters=50-m=7-num_winners=4-pref_dist=URN-R-axioms=all-features=bcr-loss=L1Loss()-idx=15-.pt
Saved network not found. Beginning training. Caught exception: [Errno 2] No such file or directory: '/scratch/b8armstr/thesis_results/trained_networks/NN-num_voters=50-m=7-num_winners=4-pref_dist=URN-R-axioms=all-features=bcr-loss=L1Loss()-idx=15-.pt'
Epoch 1, Training loss: 0.4113, 
Epoch 2, Training loss: 0.2502, 
Epoch 3, Training loss: 0.1895, 
Epoch 4, Training loss: 0.1559, 
Epoch 5, Training loss: 0.1374, 
Epoch 6, Training loss: 0.1262, 
Epoch 7, Training loss: 0.1189, 
Epoch 8, Training loss: 0.1134, 
Epoch 9, Training loss: 0.1090, 
Epoch 10, Training loss: 0.1057, 
Epoch 11, Training loss: 0.1032, 
Epoch 12, Training loss: 0.1011, 
Epoch 13, Training loss: 0.0993, 
Epoch 14, Training loss: 0.0975, 
Epoch 15, Training loss: 0.0960, 
Epoch 16, Training loss: 0.0952, 
Epoch 17, Training loss: 0.0941, 
Epoch 18, Training loss: 0.0925, 
Epoch 19, Training loss: 0.0919, 
Epoch 20, Training loss: 0.0911, 
Epoch 21, Training loss: 0.0902, 
Epoch 22, Training loss: 0.0895, 
Epoch 23, Training loss: 0.0888, 
Epoch 24, Training loss: 0.0880, 
Epoch 25, Training loss: 0.0875, 
Epoch 26, Training loss: 0.0870, 
Epoch 27, Training loss: 0.0862, 
Epoch 28, Training loss: 0.0858, 
Epoch 29, Training loss: 0.0852, 
Epoch 30, Training loss: 0.0845, 
Epoch 31, Training loss: 0.0840, 
Epoch 32, Training loss: 0.0836, 
Epoch 33, Training loss: 0.0830, 
Epoch 34, Training loss: 0.0825, 
Epoch 35, Training loss: 0.0822, 
Epoch 36, Training loss: 0.0815, 
Epoch 37, Training loss: 0.0816, 
Epoch 38, Training loss: 0.0805, 
Epoch 39, Training loss: 0.0802, 
Epoch 40, Training loss: 0.0797, 
Epoch 41, Training loss: 0.0796, 
Epoch 42, Training loss: 0.0789, 
Epoch 43, Training loss: 0.0788, 
Epoch 44, Training loss: 0.0779, 
Epoch 45, Training loss: 0.0775, 
Epoch 46, Training loss: 0.0770, 
Epoch 47, Training loss: 0.0769, 
Epoch 48, Training loss: 0.0766, 
Epoch 49, Training loss: 0.0760, 
Epoch 50, Training loss: 0.0753, 
Network count: 17
Finished making config for num_voters=50-m=7-num_winners=4-pref_dist=URN-R-axioms=all-features=bcr-loss=L1Loss()-idx=16
Beginning to train num_voters=50-m=7-num_winners=4-pref_dist=URN-R-axioms=all-features=bcr-loss=L1Loss()-idx=16
LOAD MODEL PATH: /scratch/b8armstr/thesis_results/trained_networks/NN-num_voters=50-m=7-num_winners=4-pref_dist=URN-R-axioms=all-features=bcr-loss=L1Loss()-idx=16-.pt
Saved network not found. Beginning training. Caught exception: [Errno 2] No such file or directory: '/scratch/b8armstr/thesis_results/trained_networks/NN-num_voters=50-m=7-num_winners=4-pref_dist=URN-R-axioms=all-features=bcr-loss=L1Loss()-idx=16-.pt'
Epoch 1, Training loss: 0.3862, 
Epoch 2, Training loss: 0.2548, 
Epoch 3, Training loss: 0.1943, 
Epoch 4, Training loss: 0.1571, 
Epoch 5, Training loss: 0.1398, 
Epoch 6, Training loss: 0.1286, 
Epoch 7, Training loss: 0.1207, 
Epoch 8, Training loss: 0.1153, 
Epoch 9, Training loss: 0.1110, 
Epoch 10, Training loss: 0.1076, 
Epoch 11, Training loss: 0.1047, 
Epoch 12, Training loss: 0.1022, 
Epoch 13, Training loss: 0.1002, 
Epoch 14, Training loss: 0.0981, 
Epoch 15, Training loss: 0.0968, 
Epoch 16, Training loss: 0.0954, 
Epoch 17, Training loss: 0.0940, 
Epoch 18, Training loss: 0.0931, 
Epoch 19, Training loss: 0.0917, 
Epoch 20, Training loss: 0.0912, 
Epoch 21, Training loss: 0.0902, 
Epoch 22, Training loss: 0.0891, 
Epoch 23, Training loss: 0.0882, 
Epoch 24, Training loss: 0.0876, 
Epoch 25, Training loss: 0.0867, 
Epoch 26, Training loss: 0.0860, 
Epoch 27, Training loss: 0.0857, 
Epoch 28, Training loss: 0.0848, 
Epoch 29, Training loss: 0.0843, 
Epoch 30, Training loss: 0.0838, 
Epoch 31, Training loss: 0.0831, 
Epoch 32, Training loss: 0.0825, 
Epoch 33, Training loss: 0.0820, 
Epoch 34, Training loss: 0.0813, 
Epoch 35, Training loss: 0.0808, 
Epoch 36, Training loss: 0.0805, 
Epoch 37, Training loss: 0.0798, 
Epoch 38, Training loss: 0.0793, 
Epoch 39, Training loss: 0.0787, 
Epoch 40, Training loss: 0.0781, 
Epoch 41, Training loss: 0.0777, 
Epoch 42, Training loss: 0.0773, 
Epoch 43, Training loss: 0.0773, 
Epoch 44, Training loss: 0.0765, 
Epoch 45, Training loss: 0.0761, 
Epoch 46, Training loss: 0.0756, 
Epoch 47, Training loss: 0.0752, 
Epoch 48, Training loss: 0.0746, 
Epoch 49, Training loss: 0.0746, 
Epoch 50, Training loss: 0.0738, 
Network count: 18
Finished making config for num_voters=50-m=7-num_winners=4-pref_dist=URN-R-axioms=all-features=bcr-loss=L1Loss()-idx=17
Beginning to train num_voters=50-m=7-num_winners=4-pref_dist=URN-R-axioms=all-features=bcr-loss=L1Loss()-idx=17
LOAD MODEL PATH: /scratch/b8armstr/thesis_results/trained_networks/NN-num_voters=50-m=7-num_winners=4-pref_dist=URN-R-axioms=all-features=bcr-loss=L1Loss()-idx=17-.pt
Saved network not found. Beginning training. Caught exception: [Errno 2] No such file or directory: '/scratch/b8armstr/thesis_results/trained_networks/NN-num_voters=50-m=7-num_winners=4-pref_dist=URN-R-axioms=all-features=bcr-loss=L1Loss()-idx=17-.pt'
Epoch 1, Training loss: 0.4052, 
Epoch 2, Training loss: 0.2601, 
Epoch 3, Training loss: 0.1975, 
Epoch 4, Training loss: 0.1616, 
Epoch 5, Training loss: 0.1428, 
Epoch 6, Training loss: 0.1318, 
Epoch 7, Training loss: 0.1241, 
Epoch 8, Training loss: 0.1191, 
Epoch 9, Training loss: 0.1153, 
Epoch 10, Training loss: 0.1125, 
Epoch 11, Training loss: 0.1098, 
Epoch 12, Training loss: 0.1074, 
Epoch 13, Training loss: 0.1057, 
Epoch 14, Training loss: 0.1037, 
Epoch 15, Training loss: 0.1021, 
Epoch 16, Training loss: 0.1006, 
Epoch 17, Training loss: 0.0991, 
Epoch 18, Training loss: 0.0978, 
Epoch 19, Training loss: 0.0969, 
Epoch 20, Training loss: 0.0958, 
Epoch 21, Training loss: 0.0947, 
Epoch 22, Training loss: 0.0939, 
Epoch 23, Training loss: 0.0926, 
Epoch 24, Training loss: 0.0919, 
Epoch 25, Training loss: 0.0911, 
Epoch 26, Training loss: 0.0901, 
Epoch 27, Training loss: 0.0897, 
Epoch 28, Training loss: 0.0886, 
Epoch 29, Training loss: 0.0883, 
Epoch 30, Training loss: 0.0878, 
Epoch 31, Training loss: 0.0866, 
Epoch 32, Training loss: 0.0861, 
Epoch 33, Training loss: 0.0858, 
Epoch 34, Training loss: 0.0850, 
Epoch 35, Training loss: 0.0845, 
Epoch 36, Training loss: 0.0838, 
Epoch 37, Training loss: 0.0839, 
Epoch 38, Training loss: 0.0830, 
Epoch 39, Training loss: 0.0827, 
Epoch 40, Training loss: 0.0818, 
Epoch 41, Training loss: 0.0813, 
Epoch 42, Training loss: 0.0811, 
Epoch 43, Training loss: 0.0806, 
Epoch 44, Training loss: 0.0803, 
Epoch 45, Training loss: 0.0799, 
Epoch 46, Training loss: 0.0792, 
Epoch 47, Training loss: 0.0785, 
Epoch 48, Training loss: 0.0785, 
Epoch 49, Training loss: 0.0781, 
Epoch 50, Training loss: 0.0773, 
Network count: 19
Finished making config for num_voters=50-m=7-num_winners=4-pref_dist=URN-R-axioms=all-features=bcr-loss=L1Loss()-idx=18
Beginning to train num_voters=50-m=7-num_winners=4-pref_dist=URN-R-axioms=all-features=bcr-loss=L1Loss()-idx=18
LOAD MODEL PATH: /scratch/b8armstr/thesis_results/trained_networks/NN-num_voters=50-m=7-num_winners=4-pref_dist=URN-R-axioms=all-features=bcr-loss=L1Loss()-idx=18-.pt
Saved network not found. Beginning training. Caught exception: [Errno 2] No such file or directory: '/scratch/b8armstr/thesis_results/trained_networks/NN-num_voters=50-m=7-num_winners=4-pref_dist=URN-R-axioms=all-features=bcr-loss=L1Loss()-idx=18-.pt'
Epoch 1, Training loss: 0.4086, 
Epoch 2, Training loss: 0.2611, 
Epoch 3, Training loss: 0.2012, 
Epoch 4, Training loss: 0.1594, 
Epoch 5, Training loss: 0.1418, 
Epoch 6, Training loss: 0.1312, 
Epoch 7, Training loss: 0.1238, 
Epoch 8, Training loss: 0.1189, 
Epoch 9, Training loss: 0.1153, 
Epoch 10, Training loss: 0.1126, 
Epoch 11, Training loss: 0.1103, 
Epoch 12, Training loss: 0.1078, 
Epoch 13, Training loss: 0.1055, 
Epoch 14, Training loss: 0.1034, 
Epoch 15, Training loss: 0.1017, 
Epoch 16, Training loss: 0.1001, 
Epoch 17, Training loss: 0.0985, 
Epoch 18, Training loss: 0.0972, 
Epoch 19, Training loss: 0.0963, 
Epoch 20, Training loss: 0.0949, 
Epoch 21, Training loss: 0.0941, 
Epoch 22, Training loss: 0.0926, 
Epoch 23, Training loss: 0.0916, 
Epoch 24, Training loss: 0.0915, 
Epoch 25, Training loss: 0.0905, 
Epoch 26, Training loss: 0.0894, 
Epoch 27, Training loss: 0.0887, 
Epoch 28, Training loss: 0.0880, 
Epoch 29, Training loss: 0.0878, 
Epoch 30, Training loss: 0.0869, 
Epoch 31, Training loss: 0.0863, 
Epoch 32, Training loss: 0.0858, 
Epoch 33, Training loss: 0.0854, 
Epoch 34, Training loss: 0.0846, 
Epoch 35, Training loss: 0.0839, 
Epoch 36, Training loss: 0.0834, 
Epoch 37, Training loss: 0.0831, 
Epoch 38, Training loss: 0.0825, 
Epoch 39, Training loss: 0.0825, 
Epoch 40, Training loss: 0.0814, 
Epoch 41, Training loss: 0.0809, 
Epoch 42, Training loss: 0.0808, 
Epoch 43, Training loss: 0.0801, 
Epoch 44, Training loss: 0.0798, 
Epoch 45, Training loss: 0.0793, 
Epoch 46, Training loss: 0.0789, 
Epoch 47, Training loss: 0.0786, 
Epoch 48, Training loss: 0.0782, 
Epoch 49, Training loss: 0.0777, 
Epoch 50, Training loss: 0.0770, 
Network count: 20
Finished making config for num_voters=50-m=7-num_winners=4-pref_dist=URN-R-axioms=all-features=bcr-loss=L1Loss()-idx=19
Beginning to train num_voters=50-m=7-num_winners=4-pref_dist=URN-R-axioms=all-features=bcr-loss=L1Loss()-idx=19
LOAD MODEL PATH: /scratch/b8armstr/thesis_results/trained_networks/NN-num_voters=50-m=7-num_winners=4-pref_dist=URN-R-axioms=all-features=bcr-loss=L1Loss()-idx=19-.pt
Saved network not found. Beginning training. Caught exception: [Errno 2] No such file or directory: '/scratch/b8armstr/thesis_results/trained_networks/NN-num_voters=50-m=7-num_winners=4-pref_dist=URN-R-axioms=all-features=bcr-loss=L1Loss()-idx=19-.pt'
Epoch 1, Training loss: 0.3708, 
Epoch 2, Training loss: 0.2334, 
Epoch 3, Training loss: 0.1831, 
Epoch 4, Training loss: 0.1515, 
Epoch 5, Training loss: 0.1342, 
Epoch 6, Training loss: 0.1249, 
Epoch 7, Training loss: 0.1184, 
Epoch 8, Training loss: 0.1136, 
Epoch 9, Training loss: 0.1097, 
Epoch 10, Training loss: 0.1066, 
Epoch 11, Training loss: 0.1037, 
Epoch 12, Training loss: 0.1013, 
Epoch 13, Training loss: 0.0995, 
Epoch 14, Training loss: 0.0977, 
Epoch 15, Training loss: 0.0959, 
Epoch 16, Training loss: 0.0949, 
Epoch 17, Training loss: 0.0937, 
Epoch 18, Training loss: 0.0928, 
Epoch 19, Training loss: 0.0917, 
Epoch 20, Training loss: 0.0911, 
Epoch 21, Training loss: 0.0901, 
Epoch 22, Training loss: 0.0896, 
Epoch 23, Training loss: 0.0885, 
Epoch 24, Training loss: 0.0880, 
Epoch 25, Training loss: 0.0873, 
Epoch 26, Training loss: 0.0870, 
Epoch 27, Training loss: 0.0863, 
Epoch 28, Training loss: 0.0859, 
Epoch 29, Training loss: 0.0855, 
Epoch 30, Training loss: 0.0844, 
Epoch 31, Training loss: 0.0842, 
Epoch 32, Training loss: 0.0834, 
Epoch 33, Training loss: 0.0831, 
Epoch 34, Training loss: 0.0825, 
Epoch 35, Training loss: 0.0824, 
Epoch 36, Training loss: 0.0814, 
Epoch 37, Training loss: 0.0810, 
Epoch 38, Training loss: 0.0808, 
Epoch 39, Training loss: 0.0801, 
Epoch 40, Training loss: 0.0797, 
Epoch 41, Training loss: 0.0794, 
Epoch 42, Training loss: 0.0788, 
Epoch 43, Training loss: 0.0782, 
Epoch 44, Training loss: 0.0778, 
Epoch 45, Training loss: 0.0775, 
Epoch 46, Training loss: 0.0771, 
Epoch 47, Training loss: 0.0766, 
Epoch 48, Training loss: 0.0762, 
Epoch 49, Training loss: 0.0755, 
Epoch 50, Training loss: 0.0753, 
