1731176820
About to load modules
created virtual environment CPython3.11.5.final.0-64 in 2552ms
  creator CPython3Posix(dest=/local/b8armstr.26771955.0/env, clear=False, no_vcs_ignore=False, global=False)
  seeder FromAppData(download=False, pip=bundle, setuptools=bundle, wheel=bundle, via=copy, app_data_dir=/home/b8armstr/.local/share/virtualenv)
    added seed packages: pip==24.2, setuptools==68.0.0, wheel==0.44.0
  activators BashActivator,CShellActivator,FishActivator,NushellActivator,PowerShellActivator,PythonActivator
1731176824
About to install requirements
Looking in links: /cvmfs/soft.computecanada.ca/custom/python/wheelhouse/gentoo2023/x86-64-v3, /cvmfs/soft.computecanada.ca/custom/python/wheelhouse/gentoo2023/generic, /cvmfs/soft.computecanada.ca/custom/python/wheelhouse/generic
Processing /cvmfs/soft.computecanada.ca/custom/python/wheelhouse/generic/Deprecated-1.2.14+computecanada-py2.py3-none-any.whl
Processing /cvmfs/soft.computecanada.ca/custom/python/wheelhouse/generic/wrapt-1.16.0+computecanada-cp311-cp311-linux_x86_64.whl (from deprecated)
Installing collected packages: wrapt, deprecated
Successfully installed deprecated-1.2.14+computecanada wrapt-1.16.0+computecanada
Looking in links: /cvmfs/soft.computecanada.ca/custom/python/wheelhouse/gentoo2023/x86-64-v3, /cvmfs/soft.computecanada.ca/custom/python/wheelhouse/gentoo2023/generic, /cvmfs/soft.computecanada.ca/custom/python/wheelhouse/generic
Processing ./cc_libs/abcvoting-2.10.0-py3-none-any.whl
Processing ./cc_libs/absl_py-2.1.0+computecanada-py3-none-any.whl
Processing ./cc_libs/appnope-0.1.4-py2.py3-none-any.whl
Processing ./cc_libs/asttokens-2.4.1+computecanada-py2.py3-none-any.whl
Processing ./cc_libs/astunparse-1.6.3+computecanada-py2.py3-none-any.whl
Processing ./cc_libs/attrs-24.2.0+computecanada-py3-none-any.whl
Processing ./cc_libs/backcall-0.2.0+computecanada-py3-none-any.whl
Processing ./cc_libs/beautifulsoup4-4.12.3+computecanada-py3-none-any.whl
Processing ./cc_libs/bleach-6.1.0+computecanada-py3-none-any.whl
Processing ./cc_libs/certifi-2024.6.2-py3-none-any.whl
Processing ./cc_libs/cffi-1.15.1+computecanada-cp311-cp311-linux_x86_64.whl
Processing ./cc_libs/charset_normalizer-3.3.2-py3-none-any.whl
Processing ./cc_libs/contourpy-1.2.1+computecanada-cp311-cp311-linux_x86_64.whl
Processing ./cc_libs/cycler-0.12.1+computecanada-py3-none-any.whl
Processing ./cc_libs/decorator-5.1.1+computecanada-py3-none-any.whl
Processing ./cc_libs/defusedxml-0.7.1+computecanada-py2.py3-none-any.whl
Processing ./cc_libs/Deprecated-1.2.14+computecanada-py2.py3-none-any.whl
Processing ./cc_libs/docopt-0.6.2+computecanada-py2.py3-none-any.whl
Processing ./cc_libs/executing-2.1.0-py2.py3-none-any.whl
Processing ./cc_libs/fastjsonschema-2.20.0+computecanada-py3-none-any.whl
Processing ./cc_libs/filelock-3.14.0-py3-none-any.whl
Processing ./cc_libs/flatbuffers-24.3.25+computecanada-py2.py3-none-any.whl
Processing ./cc_libs/fonttools-4.53.0+computecanada-cp311-cp311-linux_x86_64.whl
Processing ./cc_libs/fsspec-2024.6.0+computecanada-py3-none-any.whl
Processing ./cc_libs/gast-0.5.4+computecanada-py3-none-any.whl
Processing ./cc_libs/google_pasta-0.2.0+computecanada-py3-none-any.whl
Processing ./cc_libs/gurobipy-11.0.1-cp311-cp311-linux_x86_64.whl
Processing ./cc_libs/h5py-3.11.0+computecanada-cp311-cp311-linux_x86_64.whl
Processing ./cc_libs/idna-3.7-py3-none-any.whl
Processing ./cc_libs/immutabledict-4.2.0-py3-none-any.whl
Processing ./cc_libs/ipython-8.12.3-py3-none-any.whl
Processing ./cc_libs/jedi-0.19.1+computecanada-py2.py3-none-any.whl
Processing ./cc_libs/jinja2-3.1.4+computecanada-py3-none-any.whl
Processing ./cc_libs/joblib-1.4.2+computecanada-py3-none-any.whl
Processing ./cc_libs/jsonschema-4.23.0+computecanada-py3-none-any.whl
Processing ./cc_libs/jsonschema_specifications-2023.12.1+computecanada-py3-none-any.whl
Processing ./cc_libs/jupyter_client-8.6.2+computecanada-py3-none-any.whl
Processing ./cc_libs/jupyter_core-5.7.2+computecanada-py3-none-any.whl
Processing ./cc_libs/jupyterlab_pygments-0.3.0+computecanada-py3-none-any.whl
Processing ./cc_libs/kiwisolver-1.4.5+computecanada-cp311-cp311-linux_x86_64.whl
Processing ./cc_libs/llvmlite-0.41.1+computecanada-cp311-cp311-linux_x86_64.whl
Processing ./cc_libs/Markdown-3.6-py3-none-any.whl
Processing ./cc_libs/markdown_it_py-3.0.0+computecanada-py3-none-any.whl
Processing ./cc_libs/MarkupSafe-2.1.5+computecanada-cp311-cp311-linux_x86_64.whl
Processing ./cc_libs/matplotlib-3.9.0+computecanada-cp311-cp311-linux_x86_64.whl
Processing ./cc_libs/matplotlib_inline-0.1.7+computecanada-py3-none-any.whl
Processing ./cc_libs/mdurl-0.1.2+computecanada-py3-none-any.whl
Processing ./cc_libs/mip-1.15.0-py3-none-any.whl
Processing ./cc_libs/mistune-3.0.2+computecanada-py3-none-any.whl
Processing ./cc_libs/ml_dtypes-0.3.2-cp311-cp311-linux_x86_64.whl
Processing ./cc_libs/mpmath-1.3.0+computecanada-py3-none-any.whl
Processing ./cc_libs/namex-0.0.8+computecanada-py3-none-any.whl
Processing ./cc_libs/nashpy-0.0.40-py3-none-any.whl
Processing ./cc_libs/nbclient-0.10.0+computecanada-py3-none-any.whl
Processing ./cc_libs/nbconvert-7.16.4+computecanada-py3-none-any.whl
Processing ./cc_libs/nbformat-5.10.4+computecanada-py3-none-any.whl
Processing ./cc_libs/networkx-3.3+computecanada-py3-none-any.whl
Processing ./cc_libs/numba-0.58.1+computecanada-cp311-cp311-linux_x86_64.whl
Processing ./cc_libs/numpy-1.26.4+computecanada-cp311-cp311-linux_x86_64.whl
Processing ./cc_libs/opt_einsum-3.3.0+computecanada-py3-none-any.whl
Processing ./cc_libs/optree-0.11.0+computecanada-cp311-cp311-linux_x86_64.whl
Processing ./cc_libs/ortools-9.10.4067+computecanada-cp311-cp311-linux_x86_64.whl
Processing ./cc_libs/packaging-24.0-py3-none-any.whl
Processing ./cc_libs/pandas-2.2.2+computecanada-cp311-cp311-linux_x86_64.whl
Processing ./cc_libs/pandocfilters-1.5.1+computecanada-py2.py3-none-any.whl
Processing ./cc_libs/parso-0.8.4+computecanada-py2.py3-none-any.whl
Processing ./cc_libs/pexpect-4.9.0+computecanada-py2.py3-none-any.whl
Processing ./cc_libs/pickleshare-0.7.5+computecanada-py2.py3-none-any.whl
Processing ./cc_libs/pillow-10.3.0+computecanada-cp311-cp311-linux_x86_64.whl
Processing ./cc_libs/pipdeptree-2.23.1-py3-none-any.whl
Processing ./cc_libs/pipreqs-0.5.0-py3-none-any.whl
Processing ./cc_libs/platformdirs-4.3.3-py3-none-any.whl
Processing ./cc_libs/preflibtools-2.0.22-py3-none-any.whl
Processing ./cc_libs/prefsampling-0.1.20-py3-none-any.whl
Processing ./cc_libs/pref_voting-1.13.18-py3-none-any.whl
Processing ./cc_libs/prompt_toolkit-3.0.47+computecanada-py3-none-any.whl
Processing ./cc_libs/protobuf-4.25.3+computecanada-cp311-cp311-linux_x86_64.whl
Processing ./cc_libs/ptyprocess-0.7.0+computecanada-py2.py3-none-any.whl
Processing ./cc_libs/pure_eval-0.2.3+computecanada-py3-none-any.whl
Processing ./cc_libs/pycparser-2.22-py3-none-any.whl
Processing ./cc_libs/pygments-2.18.0+computecanada-py3-none-any.whl
Processing ./cc_libs/pyparsing-3.1.2+computecanada-py3-none-any.whl
Processing ./cc_libs/pyrankvote-2.0.6-py3-none-any.whl
Processing ./cc_libs/python_dateutil-2.9.0.post0+computecanada-py2.py3-none-any.whl
Processing ./cc_libs/pytorch_ignite-0.5.1-py3-none-any.whl
Processing ./cc_libs/pytz-2024.1+computecanada-py2.py3-none-any.whl
Processing ./cc_libs/random2-1.0.2-py3-none-any.whl
Processing ./cc_libs/referencing-0.35.1+computecanada-py3-none-any.whl
Processing ./cc_libs/requests-2.32.3-py3-none-any.whl
Processing ./cc_libs/rich-13.7.1+computecanada-py3-none-any.whl
Processing ./cc_libs/ruamel.yaml-0.18.6+computecanada-py3-none-any.whl
Processing ./cc_libs/ruamel.yaml.clib-0.2.8+computecanada-cp311-cp311-linux_x86_64.whl
Processing ./cc_libs/scikit_learn-1.5.0+computecanada-cp311-cp311-linux_x86_64.whl
Processing ./cc_libs/scipy-1.13.1+computecanada-cp311-cp311-linux_x86_64.whl
Processing ./cc_libs/seaborn-0.13.2+computecanada-py3-none-any.whl
Processing ./cc_libs/six-1.16.0+computecanada-py2.py3-none-any.whl
Processing ./cc_libs/snakeviz-2.2.0-py2.py3-none-any.whl
Processing ./cc_libs/soupsieve-2.6+computecanada-py3-none-any.whl
Processing ./cc_libs/stack_data-0.6.3+computecanada-py3-none-any.whl
Processing ./cc_libs/sympy-1.12.1+computecanada-py3-none-any.whl
Processing ./cc_libs/tabulate-0.9.0+computecanada-py3-none-any.whl
Processing ./cc_libs/termcolor-2.4.0+computecanada-py3-none-any.whl
Processing ./cc_libs/threadpoolctl-3.5.0+computecanada-py3-none-any.whl
Processing ./cc_libs/tinycss2-1.3.0+computecanada-py3-none-any.whl
Processing ./cc_libs/traitlets-5.14.3+computecanada-py3-none-any.whl
Processing ./cc_libs/typing_extensions-4.12.1-py3-none-any.whl
Processing ./cc_libs/tzdata-2024.1+computecanada-py2.py3-none-any.whl
Processing ./cc_libs/urllib3-2.2.1-py3-none-any.whl
Processing ./cc_libs/wcwidth-0.2.13+computecanada-py2.py3-none-any.whl
Processing ./cc_libs/webencodings-0.5.1+computecanada-py2.py3-none-any.whl
Processing ./cc_libs/werkzeug-3.0.3+computecanada-py3-none-any.whl
Processing ./cc_libs/wrapt-1.16.0+computecanada-cp311-cp311-linux_x86_64.whl
Processing ./cc_libs/yarg-0.1.9-py2.py3-none-any.whl
asttokens is already installed with the same version as the provided wheel. Use --force-reinstall to force an installation of the wheel.
cycler is already installed with the same version as the provided wheel. Use --force-reinstall to force an installation of the wheel.
decorator is already installed with the same version as the provided wheel. Use --force-reinstall to force an installation of the wheel.
Deprecated is already installed with the same version as the provided wheel. Use --force-reinstall to force an installation of the wheel.
jedi is already installed with the same version as the provided wheel. Use --force-reinstall to force an installation of the wheel.
jupyter-client is already installed with the same version as the provided wheel. Use --force-reinstall to force an installation of the wheel.
jupyter-core is already installed with the same version as the provided wheel. Use --force-reinstall to force an installation of the wheel.
matplotlib-inline is already installed with the same version as the provided wheel. Use --force-reinstall to force an installation of the wheel.
mpmath is already installed with the same version as the provided wheel. Use --force-reinstall to force an installation of the wheel.
pandas is already installed with the same version as the provided wheel. Use --force-reinstall to force an installation of the wheel.
parso is already installed with the same version as the provided wheel. Use --force-reinstall to force an installation of the wheel.
pexpect is already installed with the same version as the provided wheel. Use --force-reinstall to force an installation of the wheel.
prompt-toolkit is already installed with the same version as the provided wheel. Use --force-reinstall to force an installation of the wheel.
ptyprocess is already installed with the same version as the provided wheel. Use --force-reinstall to force an installation of the wheel.
pygments is already installed with the same version as the provided wheel. Use --force-reinstall to force an installation of the wheel.
python-dateutil is already installed with the same version as the provided wheel. Use --force-reinstall to force an installation of the wheel.
six is already installed with the same version as the provided wheel. Use --force-reinstall to force an installation of the wheel.
stack-data is already installed with the same version as the provided wheel. Use --force-reinstall to force an installation of the wheel.
traitlets is already installed with the same version as the provided wheel. Use --force-reinstall to force an installation of the wheel.
tzdata is already installed with the same version as the provided wheel. Use --force-reinstall to force an installation of the wheel.
wcwidth is already installed with the same version as the provided wheel. Use --force-reinstall to force an installation of the wheel.
wrapt is already installed with the same version as the provided wheel. Use --force-reinstall to force an installation of the wheel.
Installing collected packages: yarg, webencodings, random2, pytz, pytorch-ignite, pyrankvote, pure-eval, pickleshare, namex, gurobipy, google-pasta, flatbuffers, fastjsonschema, docopt, cffi, backcall, astunparse, werkzeug, urllib3, typing-extensions, tinycss2, threadpoolctl, termcolor, tabulate, sympy, soupsieve, snakeviz, seaborn, scipy, scikit-learn, ruamel.yaml.clib, ruamel.yaml, rich, requests, referencing, pyparsing, pycparser, protobuf, prefsampling, preflibtools, pref-voting, platformdirs, pipreqs, pipdeptree, pillow, pandocfilters, packaging, ortools, optree, opt-einsum, numpy, numba, networkx, nbformat, nbconvert, nbclient, nashpy, ml-dtypes, mistune, mip, mdurl, matplotlib, MarkupSafe, markdown-it-py, Markdown, llvmlite, kiwisolver, jupyterlab-pygments, jsonschema-specifications, jsonschema, joblib, jinja2, ipython, immutabledict, idna, h5py, gast, fsspec, fonttools, filelock, executing, defusedxml, contourpy, charset-normalizer, certifi, bleach, beautifulsoup4, attrs, appnope, absl-py, abcvoting
  Attempting uninstall: pytz
    Found existing installation: pytz 2024.2+computecanada
    Not uninstalling pytz at /cvmfs/soft.computecanada.ca/easybuild/software/2023/x86-64-v3/Compiler/gcccore/scipy-stack/2024b/lib/python3.11/site-packages, outside environment /local/b8armstr.26771955.0/env
    Can't uninstall 'pytz'. No files were found to uninstall.
  Attempting uninstall: pure-eval
    Found existing installation: pure_eval 0.2.2+computecanada
    Not uninstalling pure-eval at /cvmfs/soft.computecanada.ca/easybuild/software/2023/x86-64-v3/Compiler/gcccore/ipykernel/2024b/lib/python3.11/site-packages, outside environment /local/b8armstr.26771955.0/env
    Can't uninstall 'pure_eval'. No files were found to uninstall.
  Attempting uninstall: typing-extensions
    Found existing installation: typing_extensions 4.12.2+computecanada
    Not uninstalling typing-extensions at /cvmfs/soft.computecanada.ca/easybuild/software/2023/x86-64-v3/Compiler/gcccore/ipykernel/2024b/lib/python3.11/site-packages, outside environment /local/b8armstr.26771955.0/env
    Can't uninstall 'typing_extensions'. No files were found to uninstall.
  Attempting uninstall: sympy
    Found existing installation: sympy 1.13.3+computecanada
    Not uninstalling sympy at /cvmfs/soft.computecanada.ca/easybuild/software/2023/x86-64-v3/Compiler/gcccore/scipy-stack/2024b/lib/python3.11/site-packages, outside environment /local/b8armstr.26771955.0/env
    Can't uninstall 'sympy'. No files were found to uninstall.
  Attempting uninstall: scipy
    Found existing installation: scipy 1.14.1+computecanada
    Not uninstalling scipy at /cvmfs/soft.computecanada.ca/easybuild/software/2023/x86-64-v3/Compiler/gcccore/scipy-stack/2024b/lib/python3.11/site-packages, outside environment /local/b8armstr.26771955.0/env
    Can't uninstall 'scipy'. No files were found to uninstall.
  Attempting uninstall: pyparsing
    Found existing installation: pyparsing 3.1.4+computecanada
    Not uninstalling pyparsing at /cvmfs/soft.computecanada.ca/easybuild/software/2023/x86-64-v3/Compiler/gcccore/scipy-stack/2024b/lib/python3.11/site-packages, outside environment /local/b8armstr.26771955.0/env
    Can't uninstall 'pyparsing'. No files were found to uninstall.
  Attempting uninstall: platformdirs
    Found existing installation: platformdirs 3.9.1+computecanada
    Not uninstalling platformdirs at /cvmfs/soft.computecanada.ca/easybuild/software/2023/x86-64-v3/Compiler/gcccore/ipykernel/2024b/lib/python3.11/site-packages, outside environment /local/b8armstr.26771955.0/env
    Can't uninstall 'platformdirs'. No files were found to uninstall.
  Attempting uninstall: pillow
    Found existing installation: pillow 10.4.0+computecanada
    Not uninstalling pillow at /cvmfs/soft.computecanada.ca/easybuild/software/2023/x86-64-v3/Compiler/gcccore/scipy-stack/2024b/lib/python3.11/site-packages, outside environment /local/b8armstr.26771955.0/env
    Can't uninstall 'pillow'. No files were found to uninstall.
  Attempting uninstall: packaging
    Found existing installation: packaging 24.1+computecanada
    Not uninstalling packaging at /cvmfs/soft.computecanada.ca/easybuild/software/2023/x86-64-v3/Compiler/gcccore/scipy-stack/2024b/lib/python3.11/site-packages, outside environment /local/b8armstr.26771955.0/env
    Can't uninstall 'packaging'. No files were found to uninstall.
  Attempting uninstall: numpy
    Found existing installation: numpy 2.1.1+computecanada
    Not uninstalling numpy at /cvmfs/soft.computecanada.ca/easybuild/software/2023/x86-64-v3/Compiler/gcccore/scipy-stack/2024b/lib/python3.11/site-packages, outside environment /local/b8armstr.26771955.0/env
    Can't uninstall 'numpy'. No files were found to uninstall.
  Attempting uninstall: matplotlib
    Found existing installation: matplotlib 3.9.2+computecanada
    Not uninstalling matplotlib at /cvmfs/soft.computecanada.ca/easybuild/software/2023/x86-64-v3/Compiler/gcccore/scipy-stack/2024b/lib/python3.11/site-packages, outside environment /local/b8armstr.26771955.0/env
    Can't uninstall 'matplotlib'. No files were found to uninstall.
  Attempting uninstall: kiwisolver
    Found existing installation: kiwisolver 1.4.7+computecanada
    Not uninstalling kiwisolver at /cvmfs/soft.computecanada.ca/easybuild/software/2023/x86-64-v3/Compiler/gcccore/scipy-stack/2024b/lib/python3.11/site-packages, outside environment /local/b8armstr.26771955.0/env
    Can't uninstall 'kiwisolver'. No files were found to uninstall.
  Attempting uninstall: ipython
    Found existing installation: ipython 8.25.0+computecanada
    Not uninstalling ipython at /cvmfs/soft.computecanada.ca/easybuild/software/2023/x86-64-v3/Compiler/gcccore/ipykernel/2024b/lib/python3.11/site-packages, outside environment /local/b8armstr.26771955.0/env
    Can't uninstall 'ipython'. No files were found to uninstall.
  Attempting uninstall: fonttools
    Found existing installation: fonttools 4.53.1+computecanada
    Not uninstalling fonttools at /cvmfs/soft.computecanada.ca/easybuild/software/2023/x86-64-v3/Compiler/gcccore/scipy-stack/2024b/lib/python3.11/site-packages, outside environment /local/b8armstr.26771955.0/env
    Can't uninstall 'fonttools'. No files were found to uninstall.
  Attempting uninstall: executing
    Found existing installation: executing 2.0.1+computecanada
    Not uninstalling executing at /cvmfs/soft.computecanada.ca/easybuild/software/2023/x86-64-v3/Compiler/gcccore/ipykernel/2024b/lib/python3.11/site-packages, outside environment /local/b8armstr.26771955.0/env
    Can't uninstall 'executing'. No files were found to uninstall.
  Attempting uninstall: contourpy
    Found existing installation: contourpy 1.3.0+computecanada
    Not uninstalling contourpy at /cvmfs/soft.computecanada.ca/easybuild/software/2023/x86-64-v3/Compiler/gcccore/scipy-stack/2024b/lib/python3.11/site-packages, outside environment /local/b8armstr.26771955.0/env
    Can't uninstall 'contourpy'. No files were found to uninstall.
Successfully installed Markdown-3.6 MarkupSafe-2.1.5+computecanada abcvoting-2.10.0 absl-py-2.1.0+computecanada appnope-0.1.4 astunparse-1.6.3+computecanada attrs-24.2.0+computecanada backcall-0.2.0+computecanada beautifulsoup4-4.12.3+computecanada bleach-6.1.0+computecanada certifi-2024.6.2 cffi-1.15.1+computecanada charset-normalizer-3.3.2 contourpy-1.2.1+computecanada defusedxml-0.7.1+computecanada docopt-0.6.2+computecanada executing-2.1.0 fastjsonschema-2.20.0+computecanada filelock-3.14.0 flatbuffers-24.3.25+computecanada fonttools-4.53.0+computecanada fsspec-2024.6.0+computecanada gast-0.5.4+computecanada google-pasta-0.2.0+computecanada gurobipy-11.0.1 h5py-3.11.0+computecanada idna-3.7 immutabledict-4.2.0 ipython-8.12.3 jinja2-3.1.4+computecanada joblib-1.4.2+computecanada jsonschema-4.23.0+computecanada jsonschema-specifications-2023.12.1+computecanada jupyterlab-pygments-0.3.0+computecanada kiwisolver-1.4.5+computecanada llvmlite-0.41.1+computecanada markdown-it-py-3.0.0+computecanada matplotlib-3.9.0+computecanada mdurl-0.1.2+computecanada mip-1.15.0 mistune-3.0.2+computecanada ml-dtypes-0.3.2 namex-0.0.8+computecanada nashpy-0.0.40 nbclient-0.10.0+computecanada nbconvert-7.16.4+computecanada nbformat-5.10.4+computecanada networkx-3.3+computecanada numba-0.58.1+computecanada numpy-1.26.4+computecanada opt-einsum-3.3.0+computecanada optree-0.11.0+computecanada ortools-9.10.4067+computecanada packaging-24.0 pandocfilters-1.5.1+computecanada pickleshare-0.7.5+computecanada pillow-10.3.0+computecanada pipdeptree-2.23.1 pipreqs-0.5.0 platformdirs-4.3.3 pref-voting-1.13.18 preflibtools-2.0.22 prefsampling-0.1.20 protobuf-4.25.3+computecanada pure-eval-0.2.3+computecanada pycparser-2.22 pyparsing-3.1.2+computecanada pyrankvote-2.0.6 pytorch-ignite-0.5.1 pytz-2024.1+computecanada random2-1.0.2 referencing-0.35.1+computecanada requests-2.32.3 rich-13.7.1+computecanada ruamel.yaml-0.18.6+computecanada ruamel.yaml.clib-0.2.8+computecanada scikit-learn-1.5.0+computecanada scipy-1.13.1+computecanada seaborn-0.13.2+computecanada snakeviz-2.2.0 soupsieve-2.6+computecanada sympy-1.12.1+computecanada tabulate-0.9.0+computecanada termcolor-2.4.0+computecanada threadpoolctl-3.5.0+computecanada tinycss2-1.3.0+computecanada typing-extensions-4.12.1 urllib3-2.2.1 webencodings-0.5.1+computecanada werkzeug-3.0.3+computecanada yarg-0.1.9
Looking in links: /cvmfs/soft.computecanada.ca/custom/python/wheelhouse/gentoo2023/x86-64-v3, /cvmfs/soft.computecanada.ca/custom/python/wheelhouse/gentoo2023/generic, /cvmfs/soft.computecanada.ca/custom/python/wheelhouse/generic
Requirement already satisfied: scikit_learn in /local/b8armstr.26771955.0/env/lib/python3.11/site-packages (1.5.0+computecanada)
Processing /cvmfs/soft.computecanada.ca/custom/python/wheelhouse/gentoo2023/generic/scikit_learn-1.5.2+computecanada-cp311-cp311-linux_x86_64.whl
Requirement already satisfied: llvmlite in /local/b8armstr.26771955.0/env/lib/python3.11/site-packages (0.41.1+computecanada)
Processing /cvmfs/soft.computecanada.ca/custom/python/wheelhouse/gentoo2023/x86-64-v3/llvmlite-0.43.0+computecanada-cp311-cp311-linux_x86_64.whl
Requirement already satisfied: ortools in /local/b8armstr.26771955.0/env/lib/python3.11/site-packages (9.10.4067+computecanada)
Requirement already satisfied: numpy>=1.19.5 in /local/b8armstr.26771955.0/env/lib/python3.11/site-packages (from scikit_learn) (1.26.4+computecanada)
Requirement already satisfied: scipy>=1.6.0 in /local/b8armstr.26771955.0/env/lib/python3.11/site-packages (from scikit_learn) (1.13.1+computecanada)
Requirement already satisfied: joblib>=1.2.0 in /local/b8armstr.26771955.0/env/lib/python3.11/site-packages (from scikit_learn) (1.4.2+computecanada)
Requirement already satisfied: threadpoolctl>=3.1.0 in /local/b8armstr.26771955.0/env/lib/python3.11/site-packages (from scikit_learn) (3.5.0+computecanada)
Requirement already satisfied: absl-py>=2.0.0 in /local/b8armstr.26771955.0/env/lib/python3.11/site-packages (from ortools) (2.1.0+computecanada)
Requirement already satisfied: pandas>=2.0.0 in /cvmfs/soft.computecanada.ca/easybuild/software/2023/x86-64-v3/Compiler/gcccore/scipy-stack/2024b/lib/python3.11/site-packages (from ortools) (2.2.2+computecanada)
Processing /cvmfs/soft.computecanada.ca/custom/python/wheelhouse/gentoo2023/x86-64-v3/protobuf-5.28.0+computecanada-cp311-cp311-linux_x86_64.whl (from ortools)
Requirement already satisfied: immutabledict>=3.0.0 in /local/b8armstr.26771955.0/env/lib/python3.11/site-packages (from ortools) (4.2.0)
Requirement already satisfied: python-dateutil>=2.8.2 in /cvmfs/soft.computecanada.ca/easybuild/software/2023/x86-64-v3/Compiler/gcccore/scipy-stack/2024b/lib/python3.11/site-packages (from pandas>=2.0.0->ortools) (2.9.0.post0+computecanada)
Requirement already satisfied: pytz>=2020.1 in /local/b8armstr.26771955.0/env/lib/python3.11/site-packages (from pandas>=2.0.0->ortools) (2024.1+computecanada)
Requirement already satisfied: tzdata>=2022.7 in /cvmfs/soft.computecanada.ca/easybuild/software/2023/x86-64-v3/Compiler/gcccore/scipy-stack/2024b/lib/python3.11/site-packages (from pandas>=2.0.0->ortools) (2024.1+computecanada)
Requirement already satisfied: six>=1.5 in /cvmfs/soft.computecanada.ca/easybuild/software/2023/x86-64-v3/Compiler/gcccore/scipy-stack/2024b/lib/python3.11/site-packages (from python-dateutil>=2.8.2->pandas>=2.0.0->ortools) (1.16.0+computecanada)
Installing collected packages: protobuf, llvmlite, scikit_learn
  Attempting uninstall: protobuf
    Found existing installation: protobuf 4.25.3+computecanada
    Uninstalling protobuf-4.25.3+computecanada:
      Successfully uninstalled protobuf-4.25.3+computecanada
  Attempting uninstall: llvmlite
    Found existing installation: llvmlite 0.41.1+computecanada
    Uninstalling llvmlite-0.41.1+computecanada:
      Successfully uninstalled llvmlite-0.41.1+computecanada
  Attempting uninstall: scikit_learn
    Found existing installation: scikit_learn 1.5.0+computecanada
    Uninstalling scikit_learn-1.5.0+computecanada:
      Successfully uninstalled scikit_learn-1.5.0+computecanada
ERROR: pip's dependency resolver does not currently take into account all the packages that are installed. This behaviour is the source of the following dependency conflicts.
numba 0.58.1+computecanada requires llvmlite<0.42,>=0.41.0dev0, but you have llvmlite 0.43.0+computecanada which is incompatible.
Successfully installed llvmlite-0.43.0+computecanada protobuf-5.28.0+computecanada scikit_learn-1.5.2+computecanada
Looking in links: /cvmfs/soft.computecanada.ca/custom/python/wheelhouse/gentoo2023/x86-64-v3, /cvmfs/soft.computecanada.ca/custom/python/wheelhouse/gentoo2023/generic, /cvmfs/soft.computecanada.ca/custom/python/wheelhouse/generic
Processing /cvmfs/soft.computecanada.ca/custom/python/wheelhouse/gentoo2023/x86-64-v3/torch-2.5.1+computecanada-cp311-cp311-linux_x86_64.whl
Requirement already satisfied: filelock in /local/b8armstr.26771955.0/env/lib/python3.11/site-packages (from torch) (3.14.0)
Requirement already satisfied: typing-extensions>=4.8.0 in /local/b8armstr.26771955.0/env/lib/python3.11/site-packages (from torch) (4.12.1)
Requirement already satisfied: networkx in /local/b8armstr.26771955.0/env/lib/python3.11/site-packages (from torch) (3.3+computecanada)
Requirement already satisfied: jinja2 in /local/b8armstr.26771955.0/env/lib/python3.11/site-packages (from torch) (3.1.4+computecanada)
Requirement already satisfied: fsspec in /local/b8armstr.26771955.0/env/lib/python3.11/site-packages (from torch) (2024.6.0+computecanada)
Processing /cvmfs/soft.computecanada.ca/custom/python/wheelhouse/generic/sympy-1.13.1+computecanada-py3-none-any.whl (from torch)
Requirement already satisfied: mpmath<1.4,>=1.1.0 in /cvmfs/soft.computecanada.ca/easybuild/software/2023/x86-64-v3/Compiler/gcccore/scipy-stack/2024b/lib/python3.11/site-packages (from sympy==1.13.1->torch) (1.3.0+computecanada)
Requirement already satisfied: MarkupSafe>=2.0 in /local/b8armstr.26771955.0/env/lib/python3.11/site-packages (from jinja2->torch) (2.1.5+computecanada)
Installing collected packages: sympy, torch
  Attempting uninstall: sympy
    Found existing installation: sympy 1.12.1+computecanada
    Uninstalling sympy-1.12.1+computecanada:
      Successfully uninstalled sympy-1.12.1+computecanada
Successfully installed sympy-1.13.1+computecanada torch-2.5.1+computecanada
About to start experiments
/local/b8armstr.26771955.0/env/lib/python3.11/site-packages/ignite/handlers/checkpoint.py:16: DeprecationWarning: `TorchScript` support for functional optimizers is deprecated and will be removed in a future PyTorch release. Consider using the `torch.compile` optimizer instead.
  from torch.distributed.optim import ZeroRedundancyOptimizer

DATA LOADED

Network count: 1
Finished making config for num_voters=50-m=7-num_winners=4-pref_dist=IAC-axioms=all-features=bcr-loss=L1Loss()-idx=0
Beginning to train num_voters=50-m=7-num_winners=4-pref_dist=IAC-axioms=all-features=bcr-loss=L1Loss()-idx=0
LOAD MODEL PATH: /scratch/b8armstr/thesis_results/trained_networks/NN-num_voters=50-m=7-num_winners=4-pref_dist=IAC-axioms=all-features=bcr-loss=L1Loss()-idx=0-.pt
Saved network not found. Beginning training. Caught exception: [Errno 2] No such file or directory: '/scratch/b8armstr/thesis_results/trained_networks/NN-num_voters=50-m=7-num_winners=4-pref_dist=IAC-axioms=all-features=bcr-loss=L1Loss()-idx=0-.pt'
Epoch 1, Training loss: 0.3137, 
Epoch 2, Training loss: 0.2656, 
Epoch 3, Training loss: 0.2631, 
Epoch 4, Training loss: 0.2621, 
Epoch 5, Training loss: 0.2565, 
Epoch 6, Training loss: 0.2521, 
Epoch 7, Training loss: 0.2503, 
Epoch 8, Training loss: 0.2483, 
Epoch 9, Training loss: 0.2456, 
Epoch 10, Training loss: 0.2428, 
Epoch 11, Training loss: 0.2363, 
Epoch 12, Training loss: 0.2240, 
Epoch 13, Training loss: 0.2107, 
Epoch 14, Training loss: 0.2009, 
Epoch 15, Training loss: 0.1907, 
Epoch 16, Training loss: 0.1823, 
Epoch 17, Training loss: 0.1649, 
Epoch 18, Training loss: 0.1458, 
Epoch 19, Training loss: 0.1317, 
Epoch 20, Training loss: 0.1230, 
Epoch 21, Training loss: 0.1146, 
Epoch 22, Training loss: 0.1076, 
Epoch 23, Training loss: 0.1015, 
Epoch 24, Training loss: 0.0963, 
Epoch 25, Training loss: 0.0912, 
Epoch 26, Training loss: 0.0865, 
Epoch 27, Training loss: 0.0834, 
Epoch 28, Training loss: 0.0806, 
Epoch 29, Training loss: 0.0778, 
Epoch 30, Training loss: 0.0747, 
Epoch 31, Training loss: 0.0741, 
Epoch 32, Training loss: 0.0715, 
Epoch 33, Training loss: 0.0693, 
Epoch 34, Training loss: 0.0676, 
Epoch 35, Training loss: 0.0655, 
Epoch 36, Training loss: 0.0648, 
Epoch 37, Training loss: 0.0622, 
Epoch 38, Training loss: 0.0616, 
Epoch 39, Training loss: 0.0599, 
Epoch 40, Training loss: 0.0586, 
Epoch 41, Training loss: 0.0569, 
Epoch 42, Training loss: 0.0561, 
Epoch 43, Training loss: 0.0552, 
Epoch 44, Training loss: 0.0534, 
Epoch 45, Training loss: 0.0528, 
Epoch 46, Training loss: 0.0509, 
Epoch 47, Training loss: 0.0505, 
Epoch 48, Training loss: 0.0495, 
Epoch 49, Training loss: 0.0487, 
Epoch 50, Training loss: 0.0483, 
Network count: 2
Finished making config for num_voters=50-m=7-num_winners=4-pref_dist=IAC-axioms=all-features=bcr-loss=L1Loss()-idx=1
Beginning to train num_voters=50-m=7-num_winners=4-pref_dist=IAC-axioms=all-features=bcr-loss=L1Loss()-idx=1
LOAD MODEL PATH: /scratch/b8armstr/thesis_results/trained_networks/NN-num_voters=50-m=7-num_winners=4-pref_dist=IAC-axioms=all-features=bcr-loss=L1Loss()-idx=1-.pt
Saved network not found. Beginning training. Caught exception: [Errno 2] No such file or directory: '/scratch/b8armstr/thesis_results/trained_networks/NN-num_voters=50-m=7-num_winners=4-pref_dist=IAC-axioms=all-features=bcr-loss=L1Loss()-idx=1-.pt'
Epoch 1, Training loss: 0.3092, 
Epoch 2, Training loss: 0.2644, 
Epoch 3, Training loss: 0.2625, 
Epoch 4, Training loss: 0.2612, 
Epoch 5, Training loss: 0.2541, 
Epoch 6, Training loss: 0.2508, 
Epoch 7, Training loss: 0.2485, 
Epoch 8, Training loss: 0.2452, 
Epoch 9, Training loss: 0.2382, 
Epoch 10, Training loss: 0.2234, 
Epoch 11, Training loss: 0.1994, 
Epoch 12, Training loss: 0.1737, 
Epoch 13, Training loss: 0.1495, 
Epoch 14, Training loss: 0.1366, 
Epoch 15, Training loss: 0.1260, 
Epoch 16, Training loss: 0.1167, 
Epoch 17, Training loss: 0.1092, 
Epoch 18, Training loss: 0.1026, 
Epoch 19, Training loss: 0.0971, 
Epoch 20, Training loss: 0.0928, 
Epoch 21, Training loss: 0.0880, 
Epoch 22, Training loss: 0.0846, 
Epoch 23, Training loss: 0.0814, 
Epoch 24, Training loss: 0.0791, 
Epoch 25, Training loss: 0.0766, 
Epoch 26, Training loss: 0.0739, 
Epoch 27, Training loss: 0.0721, 
Epoch 28, Training loss: 0.0697, 
Epoch 29, Training loss: 0.0685, 
Epoch 30, Training loss: 0.0661, 
Epoch 31, Training loss: 0.0655, 
Epoch 32, Training loss: 0.0632, 
Epoch 33, Training loss: 0.0611, 
Epoch 34, Training loss: 0.0608, 
Epoch 35, Training loss: 0.0592, 
Epoch 36, Training loss: 0.0581, 
Epoch 37, Training loss: 0.0569, 
Epoch 38, Training loss: 0.0573, 
Epoch 39, Training loss: 0.0555, 
Epoch 40, Training loss: 0.0531, 
Epoch 41, Training loss: 0.0522, 
Epoch 42, Training loss: 0.0528, 
Epoch 43, Training loss: 0.0509, 
Epoch 44, Training loss: 0.0491, 
Epoch 45, Training loss: 0.0502, 
Epoch 46, Training loss: 0.0477, 
Epoch 47, Training loss: 0.0466, 
Epoch 48, Training loss: 0.0469, 
Epoch 49, Training loss: 0.0463, 
Epoch 50, Training loss: 0.0446, 
Network count: 3
Finished making config for num_voters=50-m=7-num_winners=4-pref_dist=IAC-axioms=all-features=bcr-loss=L1Loss()-idx=2
Beginning to train num_voters=50-m=7-num_winners=4-pref_dist=IAC-axioms=all-features=bcr-loss=L1Loss()-idx=2
LOAD MODEL PATH: /scratch/b8armstr/thesis_results/trained_networks/NN-num_voters=50-m=7-num_winners=4-pref_dist=IAC-axioms=all-features=bcr-loss=L1Loss()-idx=2-.pt
Saved network not found. Beginning training. Caught exception: [Errno 2] No such file or directory: '/scratch/b8armstr/thesis_results/trained_networks/NN-num_voters=50-m=7-num_winners=4-pref_dist=IAC-axioms=all-features=bcr-loss=L1Loss()-idx=2-.pt'
Epoch 1, Training loss: 0.3127, 
Epoch 2, Training loss: 0.2650, 
Epoch 3, Training loss: 0.2630, 
Epoch 4, Training loss: 0.2621, 
Epoch 5, Training loss: 0.2579, 
Epoch 6, Training loss: 0.2523, 
Epoch 7, Training loss: 0.2502, 
Epoch 8, Training loss: 0.2475, 
Epoch 9, Training loss: 0.2446, 
Epoch 10, Training loss: 0.2383, 
Epoch 11, Training loss: 0.2145, 
Epoch 12, Training loss: 0.1869, 
Epoch 13, Training loss: 0.1644, 
Epoch 14, Training loss: 0.1468, 
Epoch 15, Training loss: 0.1331, 
Epoch 16, Training loss: 0.1228, 
Epoch 17, Training loss: 0.1130, 
Epoch 18, Training loss: 0.1061, 
Epoch 19, Training loss: 0.0996, 
Epoch 20, Training loss: 0.0942, 
Epoch 21, Training loss: 0.0901, 
Epoch 22, Training loss: 0.0862, 
Epoch 23, Training loss: 0.0837, 
Epoch 24, Training loss: 0.0806, 
Epoch 25, Training loss: 0.0777, 
Epoch 26, Training loss: 0.0762, 
Epoch 27, Training loss: 0.0728, 
Epoch 28, Training loss: 0.0707, 
Epoch 29, Training loss: 0.0696, 
Epoch 30, Training loss: 0.0675, 
Epoch 31, Training loss: 0.0663, 
Epoch 32, Training loss: 0.0642, 
Epoch 33, Training loss: 0.0629, 
Epoch 34, Training loss: 0.0615, 
Epoch 35, Training loss: 0.0604, 
Epoch 36, Training loss: 0.0583, 
Epoch 37, Training loss: 0.0575, 
Epoch 38, Training loss: 0.0568, 
Epoch 39, Training loss: 0.0551, 
Epoch 40, Training loss: 0.0540, 
Epoch 41, Training loss: 0.0544, 
Epoch 42, Training loss: 0.0520, 
Epoch 43, Training loss: 0.0521, 
Epoch 44, Training loss: 0.0511, 
Epoch 45, Training loss: 0.0493, 
Epoch 46, Training loss: 0.0487, 
Epoch 47, Training loss: 0.0481, 
Epoch 48, Training loss: 0.0473, 
Epoch 49, Training loss: 0.0468, 
Epoch 50, Training loss: 0.0455, 
Network count: 4
Finished making config for num_voters=50-m=7-num_winners=4-pref_dist=IAC-axioms=all-features=bcr-loss=L1Loss()-idx=3
Beginning to train num_voters=50-m=7-num_winners=4-pref_dist=IAC-axioms=all-features=bcr-loss=L1Loss()-idx=3
LOAD MODEL PATH: /scratch/b8armstr/thesis_results/trained_networks/NN-num_voters=50-m=7-num_winners=4-pref_dist=IAC-axioms=all-features=bcr-loss=L1Loss()-idx=3-.pt
Saved network not found. Beginning training. Caught exception: [Errno 2] No such file or directory: '/scratch/b8armstr/thesis_results/trained_networks/NN-num_voters=50-m=7-num_winners=4-pref_dist=IAC-axioms=all-features=bcr-loss=L1Loss()-idx=3-.pt'
Epoch 1, Training loss: 0.3140, 
Epoch 2, Training loss: 0.2650, 
Epoch 3, Training loss: 0.2632, 
Epoch 4, Training loss: 0.2624, 
Epoch 5, Training loss: 0.2617, 
Epoch 6, Training loss: 0.2585, 
Epoch 7, Training loss: 0.2528, 
Epoch 8, Training loss: 0.2509, 
Epoch 9, Training loss: 0.2492, 
Epoch 10, Training loss: 0.2473, 
Epoch 11, Training loss: 0.2442, 
Epoch 12, Training loss: 0.2352, 
Epoch 13, Training loss: 0.2133, 
Epoch 14, Training loss: 0.1880, 
Epoch 15, Training loss: 0.1646, 
Epoch 16, Training loss: 0.1454, 
Epoch 17, Training loss: 0.1323, 
Epoch 18, Training loss: 0.1225, 
Epoch 19, Training loss: 0.1133, 
Epoch 20, Training loss: 0.1048, 
Epoch 21, Training loss: 0.0990, 
Epoch 22, Training loss: 0.0931, 
Epoch 23, Training loss: 0.0878, 
Epoch 24, Training loss: 0.0845, 
Epoch 25, Training loss: 0.0809, 
Epoch 26, Training loss: 0.0775, 
Epoch 27, Training loss: 0.0747, 
Epoch 28, Training loss: 0.0715, 
Epoch 29, Training loss: 0.0697, 
Epoch 30, Training loss: 0.0679, 
Epoch 31, Training loss: 0.0665, 
Epoch 32, Training loss: 0.0643, 
Epoch 33, Training loss: 0.0632, 
Epoch 34, Training loss: 0.0610, 
Epoch 35, Training loss: 0.0604, 
Epoch 36, Training loss: 0.0591, 
Epoch 37, Training loss: 0.0573, 
Epoch 38, Training loss: 0.0563, 
Epoch 39, Training loss: 0.0550, 
Epoch 40, Training loss: 0.0541, 
Epoch 41, Training loss: 0.0530, 
Epoch 42, Training loss: 0.0525, 
Epoch 43, Training loss: 0.0512, 
Epoch 44, Training loss: 0.0503, 
Epoch 45, Training loss: 0.0505, 
Epoch 46, Training loss: 0.0492, 
Epoch 47, Training loss: 0.0489, 
Epoch 48, Training loss: 0.0470, 
Epoch 49, Training loss: 0.0476, 
Epoch 50, Training loss: 0.0475, 
Network count: 5
Finished making config for num_voters=50-m=7-num_winners=4-pref_dist=IAC-axioms=all-features=bcr-loss=L1Loss()-idx=4
Beginning to train num_voters=50-m=7-num_winners=4-pref_dist=IAC-axioms=all-features=bcr-loss=L1Loss()-idx=4
LOAD MODEL PATH: /scratch/b8armstr/thesis_results/trained_networks/NN-num_voters=50-m=7-num_winners=4-pref_dist=IAC-axioms=all-features=bcr-loss=L1Loss()-idx=4-.pt
Saved network not found. Beginning training. Caught exception: [Errno 2] No such file or directory: '/scratch/b8armstr/thesis_results/trained_networks/NN-num_voters=50-m=7-num_winners=4-pref_dist=IAC-axioms=all-features=bcr-loss=L1Loss()-idx=4-.pt'
Epoch 1, Training loss: 0.3124, 
Epoch 2, Training loss: 0.2652, 
Epoch 3, Training loss: 0.2630, 
Epoch 4, Training loss: 0.2622, 
Epoch 5, Training loss: 0.2603, 
Epoch 6, Training loss: 0.2530, 
Epoch 7, Training loss: 0.2508, 
Epoch 8, Training loss: 0.2489, 
Epoch 9, Training loss: 0.2450, 
Epoch 10, Training loss: 0.2319, 
Epoch 11, Training loss: 0.2227, 
Epoch 12, Training loss: 0.2103, 
Epoch 13, Training loss: 0.2009, 
Epoch 14, Training loss: 0.1834, 
Epoch 15, Training loss: 0.1611, 
Epoch 16, Training loss: 0.1408, 
Epoch 17, Training loss: 0.1293, 
Epoch 18, Training loss: 0.1200, 
Epoch 19, Training loss: 0.1121, 
Epoch 20, Training loss: 0.1055, 
Epoch 21, Training loss: 0.0993, 
Epoch 22, Training loss: 0.0947, 
Epoch 23, Training loss: 0.0906, 
Epoch 24, Training loss: 0.0880, 
Epoch 25, Training loss: 0.0835, 
Epoch 26, Training loss: 0.0804, 
Epoch 27, Training loss: 0.0784, 
Epoch 28, Training loss: 0.0755, 
Epoch 29, Training loss: 0.0734, 
Epoch 30, Training loss: 0.0716, 
Epoch 31, Training loss: 0.0700, 
Epoch 32, Training loss: 0.0680, 
Epoch 33, Training loss: 0.0667, 
Epoch 34, Training loss: 0.0654, 
Epoch 35, Training loss: 0.0631, 
Epoch 36, Training loss: 0.0618, 
Epoch 37, Training loss: 0.0605, 
Epoch 38, Training loss: 0.0601, 
Epoch 39, Training loss: 0.0580, 
Epoch 40, Training loss: 0.0570, 
Epoch 41, Training loss: 0.0566, 
Epoch 42, Training loss: 0.0544, 
Epoch 43, Training loss: 0.0539, 
Epoch 44, Training loss: 0.0532, 
Epoch 45, Training loss: 0.0520, 
Epoch 46, Training loss: 0.0517, 
Epoch 47, Training loss: 0.0501, 
Epoch 48, Training loss: 0.0489, 
Epoch 49, Training loss: 0.0478, 
Epoch 50, Training loss: 0.0492, 
Network count: 6
Finished making config for num_voters=50-m=7-num_winners=4-pref_dist=IAC-axioms=all-features=bcr-loss=L1Loss()-idx=5
Beginning to train num_voters=50-m=7-num_winners=4-pref_dist=IAC-axioms=all-features=bcr-loss=L1Loss()-idx=5
LOAD MODEL PATH: /scratch/b8armstr/thesis_results/trained_networks/NN-num_voters=50-m=7-num_winners=4-pref_dist=IAC-axioms=all-features=bcr-loss=L1Loss()-idx=5-.pt
Saved network not found. Beginning training. Caught exception: [Errno 2] No such file or directory: '/scratch/b8armstr/thesis_results/trained_networks/NN-num_voters=50-m=7-num_winners=4-pref_dist=IAC-axioms=all-features=bcr-loss=L1Loss()-idx=5-.pt'
Epoch 1, Training loss: 0.3147, 
Epoch 2, Training loss: 0.2655, 
Epoch 3, Training loss: 0.2633, 
Epoch 4, Training loss: 0.2624, 
Epoch 5, Training loss: 0.2618, 
Epoch 6, Training loss: 0.2609, 
Epoch 7, Training loss: 0.2549, 
Epoch 8, Training loss: 0.2514, 
Epoch 9, Training loss: 0.2493, 
Epoch 10, Training loss: 0.2436, 
Epoch 11, Training loss: 0.2386, 
Epoch 12, Training loss: 0.2277, 
Epoch 13, Training loss: 0.2084, 
Epoch 14, Training loss: 0.1850, 
Epoch 15, Training loss: 0.1663, 
Epoch 16, Training loss: 0.1454, 
Epoch 17, Training loss: 0.1335, 
Epoch 18, Training loss: 0.1246, 
Epoch 19, Training loss: 0.1161, 
Epoch 20, Training loss: 0.1080, 
Epoch 21, Training loss: 0.1010, 
Epoch 22, Training loss: 0.0959, 
Epoch 23, Training loss: 0.0916, 
Epoch 24, Training loss: 0.0877, 
Epoch 25, Training loss: 0.0836, 
Epoch 26, Training loss: 0.0814, 
Epoch 27, Training loss: 0.0789, 
Epoch 28, Training loss: 0.0760, 
Epoch 29, Training loss: 0.0747, 
Epoch 30, Training loss: 0.0726, 
Epoch 31, Training loss: 0.0704, 
Epoch 32, Training loss: 0.0685, 
Epoch 33, Training loss: 0.0674, 
Epoch 34, Training loss: 0.0649, 
Epoch 35, Training loss: 0.0643, 
Epoch 36, Training loss: 0.0625, 
Epoch 37, Training loss: 0.0611, 
Epoch 38, Training loss: 0.0602, 
Epoch 39, Training loss: 0.0584, 
Epoch 40, Training loss: 0.0579, 
Epoch 41, Training loss: 0.0564, 
Epoch 42, Training loss: 0.0555, 
Epoch 43, Training loss: 0.0555, 
Epoch 44, Training loss: 0.0536, 
Epoch 45, Training loss: 0.0516, 
Epoch 46, Training loss: 0.0508, 
Epoch 47, Training loss: 0.0500, 
Epoch 48, Training loss: 0.0498, 
Epoch 49, Training loss: 0.0493, 
Epoch 50, Training loss: 0.0474, 
Network count: 7
Finished making config for num_voters=50-m=7-num_winners=4-pref_dist=IAC-axioms=all-features=bcr-loss=L1Loss()-idx=6
Beginning to train num_voters=50-m=7-num_winners=4-pref_dist=IAC-axioms=all-features=bcr-loss=L1Loss()-idx=6
LOAD MODEL PATH: /scratch/b8armstr/thesis_results/trained_networks/NN-num_voters=50-m=7-num_winners=4-pref_dist=IAC-axioms=all-features=bcr-loss=L1Loss()-idx=6-.pt
Saved network not found. Beginning training. Caught exception: [Errno 2] No such file or directory: '/scratch/b8armstr/thesis_results/trained_networks/NN-num_voters=50-m=7-num_winners=4-pref_dist=IAC-axioms=all-features=bcr-loss=L1Loss()-idx=6-.pt'
Epoch 1, Training loss: 0.3193, 
Epoch 2, Training loss: 0.2663, 
Epoch 3, Training loss: 0.2633, 
Epoch 4, Training loss: 0.2623, 
Epoch 5, Training loss: 0.2600, 
Epoch 6, Training loss: 0.2532, 
Epoch 7, Training loss: 0.2514, 
Epoch 8, Training loss: 0.2498, 
Epoch 9, Training loss: 0.2479, 
Epoch 10, Training loss: 0.2454, 
Epoch 11, Training loss: 0.2424, 
Epoch 12, Training loss: 0.2317, 
Epoch 13, Training loss: 0.2143, 
Epoch 14, Training loss: 0.2027, 
Epoch 15, Training loss: 0.1802, 
Epoch 16, Training loss: 0.1548, 
Epoch 17, Training loss: 0.1376, 
Epoch 18, Training loss: 0.1265, 
Epoch 19, Training loss: 0.1183, 
Epoch 20, Training loss: 0.1100, 
Epoch 21, Training loss: 0.1044, 
Epoch 22, Training loss: 0.0985, 
Epoch 23, Training loss: 0.0939, 
Epoch 24, Training loss: 0.0897, 
Epoch 25, Training loss: 0.0864, 
Epoch 26, Training loss: 0.0831, 
Epoch 27, Training loss: 0.0813, 
Epoch 28, Training loss: 0.0782, 
Epoch 29, Training loss: 0.0757, 
Epoch 30, Training loss: 0.0737, 
Epoch 31, Training loss: 0.0720, 
Epoch 32, Training loss: 0.0715, 
Epoch 33, Training loss: 0.0696, 
Epoch 34, Training loss: 0.0670, 
Epoch 35, Training loss: 0.0668, 
Epoch 36, Training loss: 0.0652, 
Epoch 37, Training loss: 0.0638, 
Epoch 38, Training loss: 0.0617, 
Epoch 39, Training loss: 0.0611, 
Epoch 40, Training loss: 0.0598, 
Epoch 41, Training loss: 0.0592, 
Epoch 42, Training loss: 0.0576, 
Epoch 43, Training loss: 0.0569, 
Epoch 44, Training loss: 0.0559, 
Epoch 45, Training loss: 0.0545, 
Epoch 46, Training loss: 0.0547, 
Epoch 47, Training loss: 0.0534, 
Epoch 48, Training loss: 0.0527, 
Epoch 49, Training loss: 0.0516, 
Epoch 50, Training loss: 0.0505, 
Network count: 8
Finished making config for num_voters=50-m=7-num_winners=4-pref_dist=IAC-axioms=all-features=bcr-loss=L1Loss()-idx=7
Beginning to train num_voters=50-m=7-num_winners=4-pref_dist=IAC-axioms=all-features=bcr-loss=L1Loss()-idx=7
LOAD MODEL PATH: /scratch/b8armstr/thesis_results/trained_networks/NN-num_voters=50-m=7-num_winners=4-pref_dist=IAC-axioms=all-features=bcr-loss=L1Loss()-idx=7-.pt
Saved network not found. Beginning training. Caught exception: [Errno 2] No such file or directory: '/scratch/b8armstr/thesis_results/trained_networks/NN-num_voters=50-m=7-num_winners=4-pref_dist=IAC-axioms=all-features=bcr-loss=L1Loss()-idx=7-.pt'
Epoch 1, Training loss: 0.3163, 
Epoch 2, Training loss: 0.2658, 
Epoch 3, Training loss: 0.2634, 
Epoch 4, Training loss: 0.2625, 
Epoch 5, Training loss: 0.2615, 
Epoch 6, Training loss: 0.2565, 
Epoch 7, Training loss: 0.2521, 
Epoch 8, Training loss: 0.2507, 
Epoch 9, Training loss: 0.2488, 
Epoch 10, Training loss: 0.2468, 
Epoch 11, Training loss: 0.2427, 
Epoch 12, Training loss: 0.2218, 
Epoch 13, Training loss: 0.1975, 
Epoch 14, Training loss: 0.1771, 
Epoch 15, Training loss: 0.1621, 
Epoch 16, Training loss: 0.1470, 
Epoch 17, Training loss: 0.1319, 
Epoch 18, Training loss: 0.1211, 
Epoch 19, Training loss: 0.1131, 
Epoch 20, Training loss: 0.1073, 
Epoch 21, Training loss: 0.1010, 
Epoch 22, Training loss: 0.0959, 
Epoch 23, Training loss: 0.0916, 
Epoch 24, Training loss: 0.0862, 
Epoch 25, Training loss: 0.0834, 
Epoch 26, Training loss: 0.0795, 
Epoch 27, Training loss: 0.0781, 
Epoch 28, Training loss: 0.0750, 
Epoch 29, Training loss: 0.0743, 
Epoch 30, Training loss: 0.0716, 
Epoch 31, Training loss: 0.0693, 
Epoch 32, Training loss: 0.0680, 
Epoch 33, Training loss: 0.0665, 
Epoch 34, Training loss: 0.0657, 
Epoch 35, Training loss: 0.0635, 
Epoch 36, Training loss: 0.0628, 
Epoch 37, Training loss: 0.0616, 
Epoch 38, Training loss: 0.0603, 
Epoch 39, Training loss: 0.0594, 
Epoch 40, Training loss: 0.0588, 
Epoch 41, Training loss: 0.0574, 
Epoch 42, Training loss: 0.0559, 
Epoch 43, Training loss: 0.0553, 
Epoch 44, Training loss: 0.0542, 
Epoch 45, Training loss: 0.0526, 
Epoch 46, Training loss: 0.0526, 
Epoch 47, Training loss: 0.0516, 
Epoch 48, Training loss: 0.0515, 
Epoch 49, Training loss: 0.0512, 
Epoch 50, Training loss: 0.0497, 
Network count: 9
Finished making config for num_voters=50-m=7-num_winners=4-pref_dist=IAC-axioms=all-features=bcr-loss=L1Loss()-idx=8
Beginning to train num_voters=50-m=7-num_winners=4-pref_dist=IAC-axioms=all-features=bcr-loss=L1Loss()-idx=8
LOAD MODEL PATH: /scratch/b8armstr/thesis_results/trained_networks/NN-num_voters=50-m=7-num_winners=4-pref_dist=IAC-axioms=all-features=bcr-loss=L1Loss()-idx=8-.pt
Saved network not found. Beginning training. Caught exception: [Errno 2] No such file or directory: '/scratch/b8armstr/thesis_results/trained_networks/NN-num_voters=50-m=7-num_winners=4-pref_dist=IAC-axioms=all-features=bcr-loss=L1Loss()-idx=8-.pt'
Epoch 1, Training loss: 0.3140, 
Epoch 2, Training loss: 0.2648, 
Epoch 3, Training loss: 0.2629, 
Epoch 4, Training loss: 0.2621, 
Epoch 5, Training loss: 0.2612, 
Epoch 6, Training loss: 0.2550, 
Epoch 7, Training loss: 0.2514, 
Epoch 8, Training loss: 0.2491, 
Epoch 9, Training loss: 0.2430, 
Epoch 10, Training loss: 0.2331, 
Epoch 11, Training loss: 0.2181, 
Epoch 12, Training loss: 0.1984, 
Epoch 13, Training loss: 0.1742, 
Epoch 14, Training loss: 0.1556, 
Epoch 15, Training loss: 0.1409, 
Epoch 16, Training loss: 0.1302, 
Epoch 17, Training loss: 0.1218, 
Epoch 18, Training loss: 0.1146, 
Epoch 19, Training loss: 0.1075, 
Epoch 20, Training loss: 0.1019, 
Epoch 21, Training loss: 0.0973, 
Epoch 22, Training loss: 0.0920, 
Epoch 23, Training loss: 0.0886, 
Epoch 24, Training loss: 0.0852, 
Epoch 25, Training loss: 0.0817, 
Epoch 26, Training loss: 0.0789, 
Epoch 27, Training loss: 0.0769, 
Epoch 28, Training loss: 0.0746, 
Epoch 29, Training loss: 0.0721, 
Epoch 30, Training loss: 0.0716, 
Epoch 31, Training loss: 0.0697, 
Epoch 32, Training loss: 0.0674, 
Epoch 33, Training loss: 0.0666, 
Epoch 34, Training loss: 0.0644, 
Epoch 35, Training loss: 0.0632, 
Epoch 36, Training loss: 0.0622, 
Epoch 37, Training loss: 0.0610, 
Epoch 38, Training loss: 0.0596, 
Epoch 39, Training loss: 0.0581, 
Epoch 40, Training loss: 0.0571, 
Epoch 41, Training loss: 0.0562, 
Epoch 42, Training loss: 0.0553, 
Epoch 43, Training loss: 0.0548, 
Epoch 44, Training loss: 0.0526, 
Epoch 45, Training loss: 0.0524, 
Epoch 46, Training loss: 0.0515, 
Epoch 47, Training loss: 0.0507, 
Epoch 48, Training loss: 0.0498, 
Epoch 49, Training loss: 0.0479, 
Epoch 50, Training loss: 0.0478, 
Network count: 10
Finished making config for num_voters=50-m=7-num_winners=4-pref_dist=IAC-axioms=all-features=bcr-loss=L1Loss()-idx=9
Beginning to train num_voters=50-m=7-num_winners=4-pref_dist=IAC-axioms=all-features=bcr-loss=L1Loss()-idx=9
LOAD MODEL PATH: /scratch/b8armstr/thesis_results/trained_networks/NN-num_voters=50-m=7-num_winners=4-pref_dist=IAC-axioms=all-features=bcr-loss=L1Loss()-idx=9-.pt
Saved network not found. Beginning training. Caught exception: [Errno 2] No such file or directory: '/scratch/b8armstr/thesis_results/trained_networks/NN-num_voters=50-m=7-num_winners=4-pref_dist=IAC-axioms=all-features=bcr-loss=L1Loss()-idx=9-.pt'
Epoch 1, Training loss: 0.3204, 
Epoch 2, Training loss: 0.2654, 
Epoch 3, Training loss: 0.2633, 
Epoch 4, Training loss: 0.2625, 
Epoch 5, Training loss: 0.2617, 
Epoch 6, Training loss: 0.2586, 
Epoch 7, Training loss: 0.2525, 
Epoch 8, Training loss: 0.2500, 
Epoch 9, Training loss: 0.2474, 
Epoch 10, Training loss: 0.2447, 
Epoch 11, Training loss: 0.2368, 
Epoch 12, Training loss: 0.2265, 
Epoch 13, Training loss: 0.2100, 
Epoch 14, Training loss: 0.1890, 
Epoch 15, Training loss: 0.1682, 
Epoch 16, Training loss: 0.1511, 
Epoch 17, Training loss: 0.1373, 
Epoch 18, Training loss: 0.1258, 
Epoch 19, Training loss: 0.1167, 
Epoch 20, Training loss: 0.1091, 
Epoch 21, Training loss: 0.1026, 
Epoch 22, Training loss: 0.0966, 
Epoch 23, Training loss: 0.0926, 
Epoch 24, Training loss: 0.0885, 
Epoch 25, Training loss: 0.0850, 
Epoch 26, Training loss: 0.0814, 
Epoch 27, Training loss: 0.0795, 
Epoch 28, Training loss: 0.0759, 
Epoch 29, Training loss: 0.0734, 
Epoch 30, Training loss: 0.0718, 
Epoch 31, Training loss: 0.0702, 
Epoch 32, Training loss: 0.0681, 
Epoch 33, Training loss: 0.0652, 
Epoch 34, Training loss: 0.0651, 
Epoch 35, Training loss: 0.0634, 
Epoch 36, Training loss: 0.0623, 
Epoch 37, Training loss: 0.0602, 
Epoch 38, Training loss: 0.0586, 
Epoch 39, Training loss: 0.0576, 
Epoch 40, Training loss: 0.0568, 
Epoch 41, Training loss: 0.0549, 
Epoch 42, Training loss: 0.0544, 
Epoch 43, Training loss: 0.0531, 
Epoch 44, Training loss: 0.0523, 
Epoch 45, Training loss: 0.0506, 
Epoch 46, Training loss: 0.0508, 
Epoch 47, Training loss: 0.0496, 
Epoch 48, Training loss: 0.0488, 
Epoch 49, Training loss: 0.0471, 
Epoch 50, Training loss: 0.0464, 
Network count: 11
Finished making config for num_voters=50-m=7-num_winners=4-pref_dist=IAC-axioms=all-features=bcr-loss=L1Loss()-idx=10
Beginning to train num_voters=50-m=7-num_winners=4-pref_dist=IAC-axioms=all-features=bcr-loss=L1Loss()-idx=10
LOAD MODEL PATH: /scratch/b8armstr/thesis_results/trained_networks/NN-num_voters=50-m=7-num_winners=4-pref_dist=IAC-axioms=all-features=bcr-loss=L1Loss()-idx=10-.pt
Saved network not found. Beginning training. Caught exception: [Errno 2] No such file or directory: '/scratch/b8armstr/thesis_results/trained_networks/NN-num_voters=50-m=7-num_winners=4-pref_dist=IAC-axioms=all-features=bcr-loss=L1Loss()-idx=10-.pt'
Epoch 1, Training loss: 0.3167, 
Epoch 2, Training loss: 0.2650, 
Epoch 3, Training loss: 0.2630, 
Epoch 4, Training loss: 0.2617, 
Epoch 5, Training loss: 0.2553, 
Epoch 6, Training loss: 0.2518, 
Epoch 7, Training loss: 0.2501, 
Epoch 8, Training loss: 0.2484, 
Epoch 9, Training loss: 0.2466, 
Epoch 10, Training loss: 0.2442, 
Epoch 11, Training loss: 0.2380, 
Epoch 12, Training loss: 0.2263, 
Epoch 13, Training loss: 0.2086, 
Epoch 14, Training loss: 0.1852, 
Epoch 15, Training loss: 0.1652, 
Epoch 16, Training loss: 0.1498, 
Epoch 17, Training loss: 0.1346, 
Epoch 18, Training loss: 0.1237, 
Epoch 19, Training loss: 0.1152, 
Epoch 20, Training loss: 0.1086, 
Epoch 21, Training loss: 0.1018, 
Epoch 22, Training loss: 0.0972, 
Epoch 23, Training loss: 0.0921, 
Epoch 24, Training loss: 0.0886, 
Epoch 25, Training loss: 0.0842, 
Epoch 26, Training loss: 0.0814, 
Epoch 27, Training loss: 0.0780, 
Epoch 28, Training loss: 0.0753, 
Epoch 29, Training loss: 0.0728, 
Epoch 30, Training loss: 0.0720, 
Epoch 31, Training loss: 0.0698, 
Epoch 32, Training loss: 0.0688, 
Epoch 33, Training loss: 0.0667, 
Epoch 34, Training loss: 0.0668, 
Epoch 35, Training loss: 0.0640, 
Epoch 36, Training loss: 0.0630, 
Epoch 37, Training loss: 0.0619, 
Epoch 38, Training loss: 0.0605, 
Epoch 39, Training loss: 0.0604, 
Epoch 40, Training loss: 0.0585, 
Epoch 41, Training loss: 0.0571, 
Epoch 42, Training loss: 0.0572, 
Epoch 43, Training loss: 0.0546, 
Epoch 44, Training loss: 0.0538, 
Epoch 45, Training loss: 0.0527, 
Epoch 46, Training loss: 0.0522, 
Epoch 47, Training loss: 0.0518, 
Epoch 48, Training loss: 0.0507, 
Epoch 49, Training loss: 0.0493, 
Epoch 50, Training loss: 0.0492, 
Network count: 12
Finished making config for num_voters=50-m=7-num_winners=4-pref_dist=IAC-axioms=all-features=bcr-loss=L1Loss()-idx=11
Beginning to train num_voters=50-m=7-num_winners=4-pref_dist=IAC-axioms=all-features=bcr-loss=L1Loss()-idx=11
LOAD MODEL PATH: /scratch/b8armstr/thesis_results/trained_networks/NN-num_voters=50-m=7-num_winners=4-pref_dist=IAC-axioms=all-features=bcr-loss=L1Loss()-idx=11-.pt
Saved network not found. Beginning training. Caught exception: [Errno 2] No such file or directory: '/scratch/b8armstr/thesis_results/trained_networks/NN-num_voters=50-m=7-num_winners=4-pref_dist=IAC-axioms=all-features=bcr-loss=L1Loss()-idx=11-.pt'
Epoch 1, Training loss: 0.3162, 
Epoch 2, Training loss: 0.2657, 
Epoch 3, Training loss: 0.2634, 
Epoch 4, Training loss: 0.2625, 
Epoch 5, Training loss: 0.2619, 
Epoch 6, Training loss: 0.2594, 
Epoch 7, Training loss: 0.2526, 
Epoch 8, Training loss: 0.2505, 
Epoch 9, Training loss: 0.2477, 
Epoch 10, Training loss: 0.2440, 
Epoch 11, Training loss: 0.2355, 
Epoch 12, Training loss: 0.2157, 
Epoch 13, Training loss: 0.1938, 
Epoch 14, Training loss: 0.1680, 
Epoch 15, Training loss: 0.1488, 
Epoch 16, Training loss: 0.1353, 
Epoch 17, Training loss: 0.1253, 
Epoch 18, Training loss: 0.1164, 
Epoch 19, Training loss: 0.1094, 
Epoch 20, Training loss: 0.1029, 
Epoch 21, Training loss: 0.0986, 
Epoch 22, Training loss: 0.0937, 
Epoch 23, Training loss: 0.0893, 
Epoch 24, Training loss: 0.0866, 
Epoch 25, Training loss: 0.0829, 
Epoch 26, Training loss: 0.0801, 
Epoch 27, Training loss: 0.0781, 
Epoch 28, Training loss: 0.0761, 
Epoch 29, Training loss: 0.0738, 
Epoch 30, Training loss: 0.0717, 
Epoch 31, Training loss: 0.0703, 
Epoch 32, Training loss: 0.0688, 
Epoch 33, Training loss: 0.0672, 
Epoch 34, Training loss: 0.0658, 
Epoch 35, Training loss: 0.0651, 
Epoch 36, Training loss: 0.0629, 
Epoch 37, Training loss: 0.0618, 
Epoch 38, Training loss: 0.0608, 
Epoch 39, Training loss: 0.0585, 
Epoch 40, Training loss: 0.0578, 
Epoch 41, Training loss: 0.0577, 
Epoch 42, Training loss: 0.0568, 
Epoch 43, Training loss: 0.0548, 
Epoch 44, Training loss: 0.0541, 
Epoch 45, Training loss: 0.0536, 
Epoch 46, Training loss: 0.0526, 
Epoch 47, Training loss: 0.0518, 
Epoch 48, Training loss: 0.0510, 
Epoch 49, Training loss: 0.0501, 
Epoch 50, Training loss: 0.0502, 
Network count: 13
Finished making config for num_voters=50-m=7-num_winners=4-pref_dist=IAC-axioms=all-features=bcr-loss=L1Loss()-idx=12
Beginning to train num_voters=50-m=7-num_winners=4-pref_dist=IAC-axioms=all-features=bcr-loss=L1Loss()-idx=12
LOAD MODEL PATH: /scratch/b8armstr/thesis_results/trained_networks/NN-num_voters=50-m=7-num_winners=4-pref_dist=IAC-axioms=all-features=bcr-loss=L1Loss()-idx=12-.pt
Saved network not found. Beginning training. Caught exception: [Errno 2] No such file or directory: '/scratch/b8armstr/thesis_results/trained_networks/NN-num_voters=50-m=7-num_winners=4-pref_dist=IAC-axioms=all-features=bcr-loss=L1Loss()-idx=12-.pt'
Epoch 1, Training loss: 0.3171, 
Epoch 2, Training loss: 0.2647, 
Epoch 3, Training loss: 0.2627, 
Epoch 4, Training loss: 0.2619, 
Epoch 5, Training loss: 0.2581, 
Epoch 6, Training loss: 0.2523, 
Epoch 7, Training loss: 0.2501, 
Epoch 8, Training loss: 0.2479, 
Epoch 9, Training loss: 0.2429, 
Epoch 10, Training loss: 0.2306, 
Epoch 11, Training loss: 0.2060, 
Epoch 12, Training loss: 0.1831, 
Epoch 13, Training loss: 0.1622, 
Epoch 14, Training loss: 0.1432, 
Epoch 15, Training loss: 0.1311, 
Epoch 16, Training loss: 0.1205, 
Epoch 17, Training loss: 0.1123, 
Epoch 18, Training loss: 0.1044, 
Epoch 19, Training loss: 0.0992, 
Epoch 20, Training loss: 0.0942, 
Epoch 21, Training loss: 0.0895, 
Epoch 22, Training loss: 0.0869, 
Epoch 23, Training loss: 0.0831, 
Epoch 24, Training loss: 0.0797, 
Epoch 25, Training loss: 0.0777, 
Epoch 26, Training loss: 0.0757, 
Epoch 27, Training loss: 0.0740, 
Epoch 28, Training loss: 0.0712, 
Epoch 29, Training loss: 0.0697, 
Epoch 30, Training loss: 0.0687, 
Epoch 31, Training loss: 0.0662, 
Epoch 32, Training loss: 0.0644, 
Epoch 33, Training loss: 0.0630, 
Epoch 34, Training loss: 0.0635, 
Epoch 35, Training loss: 0.0612, 
Epoch 36, Training loss: 0.0603, 
Epoch 37, Training loss: 0.0592, 
Epoch 38, Training loss: 0.0568, 
Epoch 39, Training loss: 0.0563, 
Epoch 40, Training loss: 0.0542, 
Epoch 41, Training loss: 0.0543, 
Epoch 42, Training loss: 0.0535, 
Epoch 43, Training loss: 0.0523, 
Epoch 44, Training loss: 0.0520, 
Epoch 45, Training loss: 0.0513, 
Epoch 46, Training loss: 0.0490, 
Epoch 47, Training loss: 0.0490, 
Epoch 48, Training loss: 0.0483, 
Epoch 49, Training loss: 0.0468, 
Epoch 50, Training loss: 0.0463, 
Network count: 14
Finished making config for num_voters=50-m=7-num_winners=4-pref_dist=IAC-axioms=all-features=bcr-loss=L1Loss()-idx=13
Beginning to train num_voters=50-m=7-num_winners=4-pref_dist=IAC-axioms=all-features=bcr-loss=L1Loss()-idx=13
LOAD MODEL PATH: /scratch/b8armstr/thesis_results/trained_networks/NN-num_voters=50-m=7-num_winners=4-pref_dist=IAC-axioms=all-features=bcr-loss=L1Loss()-idx=13-.pt
Saved network not found. Beginning training. Caught exception: [Errno 2] No such file or directory: '/scratch/b8armstr/thesis_results/trained_networks/NN-num_voters=50-m=7-num_winners=4-pref_dist=IAC-axioms=all-features=bcr-loss=L1Loss()-idx=13-.pt'
Epoch 1, Training loss: 0.3169, 
Epoch 2, Training loss: 0.2658, 
Epoch 3, Training loss: 0.2635, 
Epoch 4, Training loss: 0.2626, 
Epoch 5, Training loss: 0.2621, 
Epoch 6, Training loss: 0.2613, 
Epoch 7, Training loss: 0.2569, 
Epoch 8, Training loss: 0.2521, 
Epoch 9, Training loss: 0.2502, 
Epoch 10, Training loss: 0.2475, 
Epoch 11, Training loss: 0.2350, 
Epoch 12, Training loss: 0.2080, 
Epoch 13, Training loss: 0.1755, 
Epoch 14, Training loss: 0.1524, 
Epoch 15, Training loss: 0.1401, 
Epoch 16, Training loss: 0.1292, 
Epoch 17, Training loss: 0.1201, 
Epoch 18, Training loss: 0.1119, 
Epoch 19, Training loss: 0.1041, 
Epoch 20, Training loss: 0.0985, 
Epoch 21, Training loss: 0.0937, 
Epoch 22, Training loss: 0.0894, 
Epoch 23, Training loss: 0.0863, 
Epoch 24, Training loss: 0.0832, 
Epoch 25, Training loss: 0.0795, 
Epoch 26, Training loss: 0.0780, 
Epoch 27, Training loss: 0.0754, 
Epoch 28, Training loss: 0.0737, 
Epoch 29, Training loss: 0.0715, 
Epoch 30, Training loss: 0.0701, 
Epoch 31, Training loss: 0.0682, 
Epoch 32, Training loss: 0.0677, 
Epoch 33, Training loss: 0.0660, 
Epoch 34, Training loss: 0.0659, 
Epoch 35, Training loss: 0.0635, 
Epoch 36, Training loss: 0.0611, 
Epoch 37, Training loss: 0.0613, 
Epoch 38, Training loss: 0.0592, 
Epoch 39, Training loss: 0.0583, 
Epoch 40, Training loss: 0.0576, 
Epoch 41, Training loss: 0.0567, 
Epoch 42, Training loss: 0.0555, 
Epoch 43, Training loss: 0.0555, 
Epoch 44, Training loss: 0.0541, 
Epoch 45, Training loss: 0.0522, 
Epoch 46, Training loss: 0.0530, 
Epoch 47, Training loss: 0.0504, 
Epoch 48, Training loss: 0.0515, 
Epoch 49, Training loss: 0.0495, 
Epoch 50, Training loss: 0.0497, 
Network count: 15
Finished making config for num_voters=50-m=7-num_winners=4-pref_dist=IAC-axioms=all-features=bcr-loss=L1Loss()-idx=14
Beginning to train num_voters=50-m=7-num_winners=4-pref_dist=IAC-axioms=all-features=bcr-loss=L1Loss()-idx=14
LOAD MODEL PATH: /scratch/b8armstr/thesis_results/trained_networks/NN-num_voters=50-m=7-num_winners=4-pref_dist=IAC-axioms=all-features=bcr-loss=L1Loss()-idx=14-.pt
Saved network not found. Beginning training. Caught exception: [Errno 2] No such file or directory: '/scratch/b8armstr/thesis_results/trained_networks/NN-num_voters=50-m=7-num_winners=4-pref_dist=IAC-axioms=all-features=bcr-loss=L1Loss()-idx=14-.pt'
Epoch 1, Training loss: 0.3118, 
Epoch 2, Training loss: 0.2651, 
Epoch 3, Training loss: 0.2633, 
Epoch 4, Training loss: 0.2624, 
Epoch 5, Training loss: 0.2620, 
Epoch 6, Training loss: 0.2603, 
Epoch 7, Training loss: 0.2532, 
Epoch 8, Training loss: 0.2508, 
Epoch 9, Training loss: 0.2488, 
Epoch 10, Training loss: 0.2462, 
Epoch 11, Training loss: 0.2438, 
Epoch 12, Training loss: 0.2403, 
Epoch 13, Training loss: 0.2320, 
Epoch 14, Training loss: 0.2209, 
Epoch 15, Training loss: 0.2019, 
Epoch 16, Training loss: 0.1724, 
Epoch 17, Training loss: 0.1530, 
Epoch 18, Training loss: 0.1377, 
Epoch 19, Training loss: 0.1286, 
Epoch 20, Training loss: 0.1187, 
Epoch 21, Training loss: 0.1107, 
Epoch 22, Training loss: 0.1039, 
Epoch 23, Training loss: 0.0977, 
Epoch 24, Training loss: 0.0924, 
Epoch 25, Training loss: 0.0880, 
Epoch 26, Training loss: 0.0846, 
Epoch 27, Training loss: 0.0819, 
Epoch 28, Training loss: 0.0787, 
Epoch 29, Training loss: 0.0761, 
Epoch 30, Training loss: 0.0735, 
Epoch 31, Training loss: 0.0725, 
Epoch 32, Training loss: 0.0704, 
Epoch 33, Training loss: 0.0691, 
Epoch 34, Training loss: 0.0668, 
Epoch 35, Training loss: 0.0655, 
Epoch 36, Training loss: 0.0630, 
Epoch 37, Training loss: 0.0621, 
Epoch 38, Training loss: 0.0622, 
Epoch 39, Training loss: 0.0604, 
Epoch 40, Training loss: 0.0584, 
Epoch 41, Training loss: 0.0573, 
Epoch 42, Training loss: 0.0559, 
Epoch 43, Training loss: 0.0552, 
Epoch 44, Training loss: 0.0547, 
Epoch 45, Training loss: 0.0538, 
Epoch 46, Training loss: 0.0522, 
Epoch 47, Training loss: 0.0520, 
Epoch 48, Training loss: 0.0504, 
Epoch 49, Training loss: 0.0497, 
Epoch 50, Training loss: 0.0487, 
Network count: 16
Finished making config for num_voters=50-m=7-num_winners=4-pref_dist=IAC-axioms=all-features=bcr-loss=L1Loss()-idx=15
Beginning to train num_voters=50-m=7-num_winners=4-pref_dist=IAC-axioms=all-features=bcr-loss=L1Loss()-idx=15
LOAD MODEL PATH: /scratch/b8armstr/thesis_results/trained_networks/NN-num_voters=50-m=7-num_winners=4-pref_dist=IAC-axioms=all-features=bcr-loss=L1Loss()-idx=15-.pt
Saved network not found. Beginning training. Caught exception: [Errno 2] No such file or directory: '/scratch/b8armstr/thesis_results/trained_networks/NN-num_voters=50-m=7-num_winners=4-pref_dist=IAC-axioms=all-features=bcr-loss=L1Loss()-idx=15-.pt'
Epoch 1, Training loss: 0.3160, 
Epoch 2, Training loss: 0.2654, 
Epoch 3, Training loss: 0.2631, 
Epoch 4, Training loss: 0.2623, 
Epoch 5, Training loss: 0.2611, 
Epoch 6, Training loss: 0.2543, 
Epoch 7, Training loss: 0.2514, 
Epoch 8, Training loss: 0.2495, 
Epoch 9, Training loss: 0.2471, 
Epoch 10, Training loss: 0.2444, 
Epoch 11, Training loss: 0.2385, 
Epoch 12, Training loss: 0.2264, 
Epoch 13, Training loss: 0.2080, 
Epoch 14, Training loss: 0.1858, 
Epoch 15, Training loss: 0.1631, 
Epoch 16, Training loss: 0.1466, 
Epoch 17, Training loss: 0.1335, 
Epoch 18, Training loss: 0.1238, 
Epoch 19, Training loss: 0.1146, 
Epoch 20, Training loss: 0.1074, 
Epoch 21, Training loss: 0.1014, 
Epoch 22, Training loss: 0.0958, 
Epoch 23, Training loss: 0.0918, 
Epoch 24, Training loss: 0.0871, 
Epoch 25, Training loss: 0.0841, 
Epoch 26, Training loss: 0.0806, 
Epoch 27, Training loss: 0.0790, 
Epoch 28, Training loss: 0.0756, 
Epoch 29, Training loss: 0.0743, 
Epoch 30, Training loss: 0.0722, 
Epoch 31, Training loss: 0.0704, 
Epoch 32, Training loss: 0.0694, 
Epoch 33, Training loss: 0.0665, 
Epoch 34, Training loss: 0.0654, 
Epoch 35, Training loss: 0.0632, 
Epoch 36, Training loss: 0.0619, 
Epoch 37, Training loss: 0.0605, 
Epoch 38, Training loss: 0.0599, 
Epoch 39, Training loss: 0.0574, 
Epoch 40, Training loss: 0.0572, 
Epoch 41, Training loss: 0.0560, 
Epoch 42, Training loss: 0.0547, 
Epoch 43, Training loss: 0.0535, 
Epoch 44, Training loss: 0.0529, 
Epoch 45, Training loss: 0.0521, 
Epoch 46, Training loss: 0.0514, 
Epoch 47, Training loss: 0.0504, 
Epoch 48, Training loss: 0.0501, 
Epoch 49, Training loss: 0.0479, 
Epoch 50, Training loss: 0.0474, 
Network count: 17
Finished making config for num_voters=50-m=7-num_winners=4-pref_dist=IAC-axioms=all-features=bcr-loss=L1Loss()-idx=16
Beginning to train num_voters=50-m=7-num_winners=4-pref_dist=IAC-axioms=all-features=bcr-loss=L1Loss()-idx=16
LOAD MODEL PATH: /scratch/b8armstr/thesis_results/trained_networks/NN-num_voters=50-m=7-num_winners=4-pref_dist=IAC-axioms=all-features=bcr-loss=L1Loss()-idx=16-.pt
Saved network not found. Beginning training. Caught exception: [Errno 2] No such file or directory: '/scratch/b8armstr/thesis_results/trained_networks/NN-num_voters=50-m=7-num_winners=4-pref_dist=IAC-axioms=all-features=bcr-loss=L1Loss()-idx=16-.pt'
Epoch 1, Training loss: 0.3122, 
Epoch 2, Training loss: 0.2648, 
Epoch 3, Training loss: 0.2627, 
Epoch 4, Training loss: 0.2619, 
Epoch 5, Training loss: 0.2581, 
Epoch 6, Training loss: 0.2521, 
Epoch 7, Training loss: 0.2501, 
Epoch 8, Training loss: 0.2477, 
Epoch 9, Training loss: 0.2390, 
Epoch 10, Training loss: 0.2279, 
Epoch 11, Training loss: 0.2124, 
Epoch 12, Training loss: 0.1844, 
Epoch 13, Training loss: 0.1590, 
Epoch 14, Training loss: 0.1404, 
Epoch 15, Training loss: 0.1292, 
Epoch 16, Training loss: 0.1193, 
Epoch 17, Training loss: 0.1113, 
Epoch 18, Training loss: 0.1047, 
Epoch 19, Training loss: 0.0977, 
Epoch 20, Training loss: 0.0936, 
Epoch 21, Training loss: 0.0893, 
Epoch 22, Training loss: 0.0854, 
Epoch 23, Training loss: 0.0822, 
Epoch 24, Training loss: 0.0798, 
Epoch 25, Training loss: 0.0764, 
Epoch 26, Training loss: 0.0742, 
Epoch 27, Training loss: 0.0727, 
Epoch 28, Training loss: 0.0710, 
Epoch 29, Training loss: 0.0691, 
Epoch 30, Training loss: 0.0673, 
Epoch 31, Training loss: 0.0658, 
Epoch 32, Training loss: 0.0641, 
Epoch 33, Training loss: 0.0634, 
Epoch 34, Training loss: 0.0614, 
Epoch 35, Training loss: 0.0607, 
Epoch 36, Training loss: 0.0590, 
Epoch 37, Training loss: 0.0587, 
Epoch 38, Training loss: 0.0567, 
Epoch 39, Training loss: 0.0555, 
Epoch 40, Training loss: 0.0542, 
Epoch 41, Training loss: 0.0541, 
Epoch 42, Training loss: 0.0529, 
Epoch 43, Training loss: 0.0508, 
Epoch 44, Training loss: 0.0517, 
Epoch 45, Training loss: 0.0492, 
Epoch 46, Training loss: 0.0487, 
Epoch 47, Training loss: 0.0491, 
Epoch 48, Training loss: 0.0487, 
Epoch 49, Training loss: 0.0463, 
Epoch 50, Training loss: 0.0465, 
Network count: 18
Finished making config for num_voters=50-m=7-num_winners=4-pref_dist=IAC-axioms=all-features=bcr-loss=L1Loss()-idx=17
Beginning to train num_voters=50-m=7-num_winners=4-pref_dist=IAC-axioms=all-features=bcr-loss=L1Loss()-idx=17
LOAD MODEL PATH: /scratch/b8armstr/thesis_results/trained_networks/NN-num_voters=50-m=7-num_winners=4-pref_dist=IAC-axioms=all-features=bcr-loss=L1Loss()-idx=17-.pt
Saved network not found. Beginning training. Caught exception: [Errno 2] No such file or directory: '/scratch/b8armstr/thesis_results/trained_networks/NN-num_voters=50-m=7-num_winners=4-pref_dist=IAC-axioms=all-features=bcr-loss=L1Loss()-idx=17-.pt'
Epoch 1, Training loss: 0.3130, 
Epoch 2, Training loss: 0.2652, 
Epoch 3, Training loss: 0.2633, 
Epoch 4, Training loss: 0.2623, 
Epoch 5, Training loss: 0.2616, 
Epoch 6, Training loss: 0.2594, 
Epoch 7, Training loss: 0.2526, 
Epoch 8, Training loss: 0.2506, 
Epoch 9, Training loss: 0.2486, 
Epoch 10, Training loss: 0.2466, 
Epoch 11, Training loss: 0.2442, 
Epoch 12, Training loss: 0.2406, 
Epoch 13, Training loss: 0.2297, 
Epoch 14, Training loss: 0.2140, 
Epoch 15, Training loss: 0.1929, 
Epoch 16, Training loss: 0.1680, 
Epoch 17, Training loss: 0.1495, 
Epoch 18, Training loss: 0.1371, 
Epoch 19, Training loss: 0.1276, 
Epoch 20, Training loss: 0.1196, 
Epoch 21, Training loss: 0.1124, 
Epoch 22, Training loss: 0.1049, 
Epoch 23, Training loss: 0.0991, 
Epoch 24, Training loss: 0.0940, 
Epoch 25, Training loss: 0.0903, 
Epoch 26, Training loss: 0.0857, 
Epoch 27, Training loss: 0.0829, 
Epoch 28, Training loss: 0.0794, 
Epoch 29, Training loss: 0.0769, 
Epoch 30, Training loss: 0.0750, 
Epoch 31, Training loss: 0.0719, 
Epoch 32, Training loss: 0.0699, 
Epoch 33, Training loss: 0.0684, 
Epoch 34, Training loss: 0.0663, 
Epoch 35, Training loss: 0.0646, 
Epoch 36, Training loss: 0.0627, 
Epoch 37, Training loss: 0.0605, 
Epoch 38, Training loss: 0.0597, 
Epoch 39, Training loss: 0.0583, 
Epoch 40, Training loss: 0.0565, 
Epoch 41, Training loss: 0.0560, 
Epoch 42, Training loss: 0.0547, 
Epoch 43, Training loss: 0.0538, 
Epoch 44, Training loss: 0.0529, 
Epoch 45, Training loss: 0.0509, 
Epoch 46, Training loss: 0.0503, 
Epoch 47, Training loss: 0.0498, 
Epoch 48, Training loss: 0.0476, 
Epoch 49, Training loss: 0.0489, 
Epoch 50, Training loss: 0.0466, 
Network count: 19
Finished making config for num_voters=50-m=7-num_winners=4-pref_dist=IAC-axioms=all-features=bcr-loss=L1Loss()-idx=18
Beginning to train num_voters=50-m=7-num_winners=4-pref_dist=IAC-axioms=all-features=bcr-loss=L1Loss()-idx=18
LOAD MODEL PATH: /scratch/b8armstr/thesis_results/trained_networks/NN-num_voters=50-m=7-num_winners=4-pref_dist=IAC-axioms=all-features=bcr-loss=L1Loss()-idx=18-.pt
Saved network not found. Beginning training. Caught exception: [Errno 2] No such file or directory: '/scratch/b8armstr/thesis_results/trained_networks/NN-num_voters=50-m=7-num_winners=4-pref_dist=IAC-axioms=all-features=bcr-loss=L1Loss()-idx=18-.pt'
Epoch 1, Training loss: 0.3149, 
Epoch 2, Training loss: 0.2655, 
Epoch 3, Training loss: 0.2633, 
Epoch 4, Training loss: 0.2625, 
Epoch 5, Training loss: 0.2618, 
Epoch 6, Training loss: 0.2586, 
Epoch 7, Training loss: 0.2524, 
Epoch 8, Training loss: 0.2506, 
Epoch 9, Training loss: 0.2487, 
Epoch 10, Training loss: 0.2467, 
Epoch 11, Training loss: 0.2439, 
Epoch 12, Training loss: 0.2369, 
Epoch 13, Training loss: 0.2240, 
Epoch 14, Training loss: 0.2032, 
Epoch 15, Training loss: 0.1811, 
Epoch 16, Training loss: 0.1611, 
Epoch 17, Training loss: 0.1423, 
Epoch 18, Training loss: 0.1306, 
Epoch 19, Training loss: 0.1214, 
Epoch 20, Training loss: 0.1128, 
Epoch 21, Training loss: 0.1059, 
Epoch 22, Training loss: 0.0998, 
Epoch 23, Training loss: 0.0943, 
Epoch 24, Training loss: 0.0902, 
Epoch 25, Training loss: 0.0862, 
Epoch 26, Training loss: 0.0826, 
Epoch 27, Training loss: 0.0797, 
Epoch 28, Training loss: 0.0771, 
Epoch 29, Training loss: 0.0745, 
Epoch 30, Training loss: 0.0731, 
Epoch 31, Training loss: 0.0709, 
Epoch 32, Training loss: 0.0691, 
Epoch 33, Training loss: 0.0665, 
Epoch 34, Training loss: 0.0659, 
Epoch 35, Training loss: 0.0637, 
Epoch 36, Training loss: 0.0629, 
Epoch 37, Training loss: 0.0604, 
Epoch 38, Training loss: 0.0596, 
Epoch 39, Training loss: 0.0578, 
Epoch 40, Training loss: 0.0579, 
Epoch 41, Training loss: 0.0562, 
Epoch 42, Training loss: 0.0548, 
Epoch 43, Training loss: 0.0539, 
Epoch 44, Training loss: 0.0529, 
Epoch 45, Training loss: 0.0515, 
Epoch 46, Training loss: 0.0512, 
Epoch 47, Training loss: 0.0504, 
Epoch 48, Training loss: 0.0491, 
Epoch 49, Training loss: 0.0482, 
Epoch 50, Training loss: 0.0474, 
Network count: 20
Finished making config for num_voters=50-m=7-num_winners=4-pref_dist=IAC-axioms=all-features=bcr-loss=L1Loss()-idx=19
Beginning to train num_voters=50-m=7-num_winners=4-pref_dist=IAC-axioms=all-features=bcr-loss=L1Loss()-idx=19
LOAD MODEL PATH: /scratch/b8armstr/thesis_results/trained_networks/NN-num_voters=50-m=7-num_winners=4-pref_dist=IAC-axioms=all-features=bcr-loss=L1Loss()-idx=19-.pt
Saved network not found. Beginning training. Caught exception: [Errno 2] No such file or directory: '/scratch/b8armstr/thesis_results/trained_networks/NN-num_voters=50-m=7-num_winners=4-pref_dist=IAC-axioms=all-features=bcr-loss=L1Loss()-idx=19-.pt'
Epoch 1, Training loss: 0.3095, 
Epoch 2, Training loss: 0.2648, 
Epoch 3, Training loss: 0.2630, 
Epoch 4, Training loss: 0.2618, 
Epoch 5, Training loss: 0.2569, 
Epoch 6, Training loss: 0.2517, 
Epoch 7, Training loss: 0.2494, 
Epoch 8, Training loss: 0.2464, 
Epoch 9, Training loss: 0.2367, 
Epoch 10, Training loss: 0.2195, 
Epoch 11, Training loss: 0.1978, 
Epoch 12, Training loss: 0.1699, 
Epoch 13, Training loss: 0.1485, 
Epoch 14, Training loss: 0.1368, 
Epoch 15, Training loss: 0.1272, 
Epoch 16, Training loss: 0.1175, 
Epoch 17, Training loss: 0.1108, 
Epoch 18, Training loss: 0.1033, 
Epoch 19, Training loss: 0.0972, 
Epoch 20, Training loss: 0.0927, 
Epoch 21, Training loss: 0.0898, 
Epoch 22, Training loss: 0.0858, 
Epoch 23, Training loss: 0.0823, 
Epoch 24, Training loss: 0.0800, 
Epoch 25, Training loss: 0.0773, 
Epoch 26, Training loss: 0.0761, 
Epoch 27, Training loss: 0.0734, 
Epoch 28, Training loss: 0.0712, 
Epoch 29, Training loss: 0.0697, 
Epoch 30, Training loss: 0.0680, 
Epoch 31, Training loss: 0.0669, 
Epoch 32, Training loss: 0.0647, 
Epoch 33, Training loss: 0.0637, 
Epoch 34, Training loss: 0.0625, 
Epoch 35, Training loss: 0.0608, 
Epoch 36, Training loss: 0.0596, 
Epoch 37, Training loss: 0.0583, 
Epoch 38, Training loss: 0.0571, 
Epoch 39, Training loss: 0.0559, 
Epoch 40, Training loss: 0.0562, 
Epoch 41, Training loss: 0.0543, 
Epoch 42, Training loss: 0.0525, 
Epoch 43, Training loss: 0.0528, 
Epoch 44, Training loss: 0.0517, 
Epoch 45, Training loss: 0.0509, 
Epoch 46, Training loss: 0.0493, 
Epoch 47, Training loss: 0.0486, 
Epoch 48, Training loss: 0.0480, 
Epoch 49, Training loss: 0.0480, 
Epoch 50, Training loss: 0.0465, 
